2019-10-10T20:41:55.996605Z 0 [Warning] TIMESTAMP with implicit DEFAULT value is deprecated. Please use --explicit_defaults_for_timestamp server option (see documentation for more details).
2019-10-10T20:41:56.008814Z 0 [Note] /usr/sbin/mysqld (mysqld 5.7.23) starting as process 33 ...
2019-10-10T20:41:56.076299Z 0 [Note] InnoDB: PUNCH HOLE support available
2019-10-10T20:41:56.076375Z 0 [Note] InnoDB: Mutexes and rw_locks use GCC atomic builtins
2019-10-10T20:41:56.076387Z 0 [Note] InnoDB: Uses event mutexes
2019-10-10T20:41:56.076395Z 0 [Note] InnoDB: GCC builtin __atomic_thread_fence() is used for memory barrier
2019-10-10T20:41:56.076402Z 0 [Note] InnoDB: Compressed tables use zlib 1.2.3
2019-10-10T20:41:56.076408Z 0 [Note] InnoDB: Using Linux native AIO
2019-10-10T20:41:56.076881Z 0 [Note] InnoDB: Number of pools: 1
2019-10-10T20:41:56.077079Z 0 [Note] InnoDB: Using CPU crc32 instructions
2019-10-10T20:41:56.094261Z 0 [Note] InnoDB: Initializing buffer pool, total size = 32M, instances = 1, chunk size = 32M
2019-10-10T20:41:56.115625Z 0 [Note] InnoDB: Completed initialization of buffer pool
2019-10-10T20:41:56.135559Z 0 [Note] InnoDB: If the mysqld execution user is authorized, page cleaner thread priority can be changed. See the man page of setpriority().
2019-10-10T20:41:56.211161Z 0 [Note] InnoDB: Highest supported file format is Barracuda.
2019-10-10T20:41:56.215709Z 0 [Note] InnoDB: Log scan progressed past the checkpoint lsn 2588963
2019-10-10T20:41:56.215747Z 0 [Note] InnoDB: Doing recovery: scanned up to log sequence number 2591784
2019-10-10T20:41:56.220351Z 0 [Note] InnoDB: Database was not shutdown normally!
2019-10-10T20:41:56.220382Z 0 [Note] InnoDB: Starting crash recovery.
2019-10-10T20:41:57.163864Z 0 [Note] InnoDB: Starting an apply batch of log records to the database...
InnoDB: Progress in percent: 16 17 18 19 20 21 22 23 24 25 26 27 28 29 30 31 32 33 34 35 36 37 38 39 40 41 42 43 44 45 46 47 48 49 50 51 52 53 54 55 56 57 58 59 60 61 62 63 64 65 66 67 68 69 70 71 72 73 74 75 76 77 78 79 80 81 82 83 84 85 86 87 88 89 90 91 92 93 94 95 96 97 98 99 
2019-10-10T20:41:57.168654Z 0 [Note] InnoDB: Apply batch completed
2019-10-10T20:41:57.288326Z 0 [Note] InnoDB: Removed temporary tablespace data file: "ibtmp1"
2019-10-10T20:41:57.288371Z 0 [Note] InnoDB: Creating shared tablespace for temporary tables
2019-10-10T20:41:57.291282Z 0 [Note] InnoDB: Setting file './ibtmp1' size to 12 MB. Physically writing the file full; Please wait ...
2019-10-10T20:41:57.358809Z 0 [Note] InnoDB: File './ibtmp1' size is now 12 MB.
2019-10-10T20:41:57.360456Z 0 [Note] InnoDB: 96 redo rollback segment(s) found. 96 redo rollback segment(s) are active.
2019-10-10T20:41:57.360500Z 0 [Note] InnoDB: 32 non-redo rollback segment(s) are active.
2019-10-10T20:41:57.361204Z 0 [Note] InnoDB: Waiting for purge to start
2019-10-10T20:41:57.411619Z 0 [Note] InnoDB: 5.7.23 started; log sequence number 2591784
2019-10-10T20:41:57.416055Z 0 [Note] Plugin 'FEDERATED' is disabled.
2019-10-10T20:41:57.426074Z 0 [Warning] Failed to set up SSL because of the following SSL library error: SSL context is not usable without certificate and private key
2019-10-10T20:41:57.426103Z 0 [Note] Server hostname (bind-address): '*'; port: 3306
2019-10-10T20:41:57.426165Z 0 [Note] IPv6 is available.
2019-10-10T20:41:57.426183Z 0 [Note]   - '::' resolves to '::';
2019-10-10T20:41:57.426193Z 0 [Note] Server socket created on IP: '::'.
2019-10-10T20:41:57.435188Z 0 [Warning] Insecure configuration for --pid-file: Location '/var/run/mysqld' in the path is accessible to all OS users. Consider choosing a different directory.
2019-10-10T20:41:57.501407Z 0 [Note] InnoDB: Loading buffer pool(s) from /var/lib/mysql/ib_buffer_pool
2019-10-10T20:41:57.509667Z 0 [ERROR] /usr/sbin/mysqld: Table './mysql/user' is marked as crashed and should be repaired
2019-10-10T20:41:57.510150Z 0 [Warning] Checking table:   './mysql/user'
2019-10-10T20:41:57.510188Z 0 [ERROR] 1 client is using or hasn't closed the table properly
2019-10-10T20:41:57.515411Z 0 [Warning] 'user' entry 'root@localhost' ignored in --skip-name-resolve mode.
2019-10-10T20:41:57.515459Z 0 [Warning] 'user' entry 'mysql.session@localhost' ignored in --skip-name-resolve mode.
2019-10-10T20:41:57.515469Z 0 [Warning] 'user' entry 'mysql.sys@localhost' ignored in --skip-name-resolve mode.
2019-10-10T20:41:57.518547Z 0 [Warning] 'db' entry 'performance_schema mysql.session@localhost' ignored in --skip-name-resolve mode.
2019-10-10T20:41:57.518586Z 0 [Warning] 'db' entry 'sys mysql.sys@localhost' ignored in --skip-name-resolve mode.
2019-10-10T20:41:57.520427Z 0 [Warning] 'proxies_priv' entry '@ root@localhost' ignored in --skip-name-resolve mode.
2019-10-10T20:41:57.526906Z 0 [Note] InnoDB: Buffer pool(s) load completed at 191010 20:41:57
2019-10-10T20:41:57.548930Z 0 [Warning] 'tables_priv' entry 'user mysql.session@localhost' ignored in --skip-name-resolve mode.
2019-10-10T20:41:57.548965Z 0 [Warning] 'tables_priv' entry 'sys_config mysql.sys@localhost' ignored in --skip-name-resolve mode.
2019-10-10T20:41:57.771302Z 0 [Note] Event Scheduler: Loaded 0 events
2019-10-10T20:41:57.775388Z 0 [Note] /usr/sbin/mysqld: ready for connections.
Version: '5.7.23'  socket: '/var/run/mysqld/mysqld.sock'  port: 3306  MySQL Community Server (GPL)
2019-10-10T20:41:58.640259Z 4 [ERROR] /usr/sbin/mysqld: Table './mysql/proc' is marked as crashed and should be repaired
2019-10-10T20:41:58.655579Z 4 [Warning] Checking table:   './mysql/proc'
2019-10-10T20:41:58.760899Z 6 [Warning] 'user' entry 'root@localhost' ignored in --skip-name-resolve mode.
2019-10-10T20:41:58.760939Z 6 [Warning] 'user' entry 'mysql.session@localhost' ignored in --skip-name-resolve mode.
2019-10-10T20:41:58.760956Z 6 [Warning] 'user' entry 'mysql.sys@localhost' ignored in --skip-name-resolve mode.
2019-10-10T20:41:58.760991Z 6 [Warning] 'db' entry 'performance_schema mysql.session@localhost' ignored in --skip-name-resolve mode.
2019-10-10T20:41:58.761001Z 6 [Warning] 'db' entry 'sys mysql.sys@localhost' ignored in --skip-name-resolve mode.
2019-10-10T20:41:58.761019Z 6 [Warning] 'proxies_priv' entry '@ root@localhost' ignored in --skip-name-resolve mode.
2019-10-10T20:41:58.761342Z 6 [Warning] 'tables_priv' entry 'user mysql.session@localhost' ignored in --skip-name-resolve mode.
2019-10-10T20:41:58.761361Z 6 [Warning] 'tables_priv' entry 'sys_config mysql.sys@localhost' ignored in --skip-name-resolve mode.
2019-10-11T03:29:31.614906Z 0 [Note] InnoDB: page_cleaner: 1000ms intended loop took 18117347ms. The settings might not be optimal. (flushed=0 and evicted=0, during the time.)
2019-10-11T16:25:14.600922Z 0 [Note] InnoDB: page_cleaner: 1000ms intended loop took 46523973ms. The settings might not be optimal. (flushed=0 and evicted=0, during the time.)
2019-10-12T03:12:49.808455Z 0 [Note] InnoDB: page_cleaner: 1000ms intended loop took 34054968ms. The settings might not be optimal. (flushed=0 and evicted=0, during the time.)
2019-10-12T03:59:30.234422Z 0 [Note] InnoDB: page_cleaner: 1000ms intended loop took 2060720ms. The settings might not be optimal. (flushed=0 and evicted=0, during the time.)
2019-10-12T16:00:31.514589Z 0 [Note] InnoDB: page_cleaner: 1000ms intended loop took 37781462ms. The settings might not be optimal. (flushed=0 and evicted=0, during the time.)
2019-10-13T04:49:51.732801Z 0 [Note] InnoDB: page_cleaner: 1000ms intended loop took 39389627ms. The settings might not be optimal. (flushed=0 and evicted=0, during the time.)
2019-10-13T14:42:17.205462Z 0 [Note] InnoDB: page_cleaner: 1000ms intended loop took 25834892ms. The settings might not be optimal. (flushed=0 and evicted=0, during the time.)
2019-10-13T17:11:20.142141Z 0 [Note] InnoDB: page_cleaner: 1000ms intended loop took 8763446ms. The settings might not be optimal. (flushed=0 and evicted=0, during the time.)
2019-10-13T17:15:18.539267Z 0 [Note] Giving 2 client threads a chance to die gracefully
2019-10-13T17:15:18.540891Z 0 [Note] Shutting down slave threads
2019-10-13T17:15:20.542206Z 0 [Note] Forcefully disconnecting 0 remaining clients
2019-10-13T17:15:20.542279Z 0 [Note] Event Scheduler: Purging the queue. 0 events
2019-10-13T17:15:20.547129Z 0 [Note] Binlog end
2019-10-13T17:15:20.556492Z 0 [Note] Shutting down plugin 'ngram'
2019-10-13T17:15:20.556527Z 0 [Note] Shutting down plugin 'partition'
2019-10-13T17:15:20.556534Z 0 [Note] Shutting down plugin 'BLACKHOLE'
2019-10-13T17:15:20.556540Z 0 [Note] Shutting down plugin 'ARCHIVE'
2019-10-13T17:15:20.556545Z 0 [Note] Shutting down plugin 'PERFORMANCE_SCHEMA'
2019-10-13T17:15:20.556846Z 0 [Note] Shutting down plugin 'MRG_MYISAM'
2019-10-13T17:15:20.556869Z 0 [Note] Shutting down plugin 'MyISAM'
2019-10-13T17:15:20.556901Z 0 [Note] Shutting down plugin 'INNODB_SYS_VIRTUAL'
2019-10-13T17:15:20.556909Z 0 [Note] Shutting down plugin 'INNODB_SYS_DATAFILES'
2019-10-13T17:15:20.556913Z 0 [Note] Shutting down plugin 'INNODB_SYS_TABLESPACES'
2019-10-13T17:15:20.556917Z 0 [Note] Shutting down plugin 'INNODB_SYS_FOREIGN_COLS'
2019-10-13T17:15:20.556920Z 0 [Note] Shutting down plugin 'INNODB_SYS_FOREIGN'
2019-10-13T17:15:20.556924Z 0 [Note] Shutting down plugin 'INNODB_SYS_FIELDS'
2019-10-13T17:15:20.556928Z 0 [Note] Shutting down plugin 'INNODB_SYS_COLUMNS'
2019-10-13T17:15:20.556932Z 0 [Note] Shutting down plugin 'INNODB_SYS_INDEXES'
2019-10-13T17:15:20.556936Z 0 [Note] Shutting down plugin 'INNODB_SYS_TABLESTATS'
2019-10-13T17:15:20.556941Z 0 [Note] Shutting down plugin 'INNODB_SYS_TABLES'
2019-10-13T17:15:20.556945Z 0 [Note] Shutting down plugin 'INNODB_FT_INDEX_TABLE'
2019-10-13T17:15:20.556955Z 0 [Note] Shutting down plugin 'INNODB_FT_INDEX_CACHE'
2019-10-13T17:15:20.556960Z 0 [Note] Shutting down plugin 'INNODB_FT_CONFIG'
2019-10-13T17:15:20.556968Z 0 [Note] Shutting down plugin 'INNODB_FT_BEING_DELETED'
2019-10-13T17:15:20.556973Z 0 [Note] Shutting down plugin 'INNODB_FT_DELETED'
2019-10-13T17:15:20.556977Z 0 [Note] Shutting down plugin 'INNODB_FT_DEFAULT_STOPWORD'
2019-10-13T17:15:20.556982Z 0 [Note] Shutting down plugin 'INNODB_METRICS'
2019-10-13T17:15:20.556986Z 0 [Note] Shutting down plugin 'INNODB_TEMP_TABLE_INFO'
2019-10-13T17:15:20.556990Z 0 [Note] Shutting down plugin 'INNODB_BUFFER_POOL_STATS'
2019-10-13T17:15:20.556994Z 0 [Note] Shutting down plugin 'INNODB_BUFFER_PAGE_LRU'
2019-10-13T17:15:20.556999Z 0 [Note] Shutting down plugin 'INNODB_BUFFER_PAGE'
2019-10-13T17:15:20.557003Z 0 [Note] Shutting down plugin 'INNODB_CMP_PER_INDEX_RESET'
2019-10-13T17:15:20.557007Z 0 [Note] Shutting down plugin 'INNODB_CMP_PER_INDEX'
2019-10-13T17:15:20.557011Z 0 [Note] Shutting down plugin 'INNODB_CMPMEM_RESET'
2019-10-13T17:15:20.557015Z 0 [Note] Shutting down plugin 'INNODB_CMPMEM'
2019-10-13T17:15:20.557019Z 0 [Note] Shutting down plugin 'INNODB_CMP_RESET'
2019-10-13T17:15:20.557023Z 0 [Note] Shutting down plugin 'INNODB_CMP'
2019-10-13T17:15:20.557028Z 0 [Note] Shutting down plugin 'INNODB_LOCK_WAITS'
2019-10-13T17:15:20.557032Z 0 [Note] Shutting down plugin 'INNODB_LOCKS'
2019-10-13T17:15:20.557036Z 0 [Note] Shutting down plugin 'INNODB_TRX'
2019-10-13T17:15:20.557041Z 0 [Note] Shutting down plugin 'InnoDB'
2019-10-13T17:15:20.557229Z 0 [Note] InnoDB: FTS optimize thread exiting.
2019-10-13T17:15:20.558022Z 0 [Note] InnoDB: Starting shutdown...
2019-10-13T17:15:20.660808Z 0 [Note] InnoDB: Dumping buffer pool(s) to /var/lib/mysql/ib_buffer_pool
2019-10-13T17:15:20.663293Z 0 [Note] InnoDB: Buffer pool(s) dump completed at 191013 17:15:20
2019-10-13T17:28:09.941970Z 0 [Warning] TIMESTAMP with implicit DEFAULT value is deprecated. Please use --explicit_defaults_for_timestamp server option (see documentation for more details).
2019-10-13T17:28:09.942346Z 0 [Note] /usr/sbin/mysqld (mysqld 5.7.23) starting as process 80 ...
2019-10-13T17:28:09.955058Z 0 [Note] InnoDB: PUNCH HOLE support available
2019-10-13T17:28:09.955080Z 0 [Note] InnoDB: Mutexes and rw_locks use GCC atomic builtins
2019-10-13T17:28:09.955084Z 0 [Note] InnoDB: Uses event mutexes
2019-10-13T17:28:09.955088Z 0 [Note] InnoDB: GCC builtin __atomic_thread_fence() is used for memory barrier
2019-10-13T17:28:09.955091Z 0 [Note] InnoDB: Compressed tables use zlib 1.2.3
2019-10-13T17:28:09.955095Z 0 [Note] InnoDB: Using Linux native AIO
2019-10-13T17:28:09.955306Z 0 [Note] InnoDB: Number of pools: 1
2019-10-13T17:28:09.955409Z 0 [Note] InnoDB: Using CPU crc32 instructions
2019-10-13T17:28:09.956899Z 0 [Note] InnoDB: Initializing buffer pool, total size = 32M, instances = 1, chunk size = 32M
2019-10-13T17:28:09.958824Z 0 [Note] InnoDB: Completed initialization of buffer pool
2019-10-13T17:28:09.963560Z 0 [Note] InnoDB: If the mysqld execution user is authorized, page cleaner thread priority can be changed. See the man page of setpriority().
2019-10-13T17:28:09.980942Z 0 [Note] InnoDB: Highest supported file format is Barracuda.
2019-10-13T17:28:10.035432Z 0 [Note] InnoDB: Removed temporary tablespace data file: "ibtmp1"
2019-10-13T17:28:10.035463Z 0 [Note] InnoDB: Creating shared tablespace for temporary tables
2019-10-13T17:28:10.035517Z 0 [Note] InnoDB: Setting file './ibtmp1' size to 12 MB. Physically writing the file full; Please wait ...
2019-10-13T17:28:10.074003Z 0 [Note] InnoDB: File './ibtmp1' size is now 12 MB.
2019-10-13T17:28:10.074681Z 0 [Note] InnoDB: 96 redo rollback segment(s) found. 96 redo rollback segment(s) are active.
2019-10-13T17:28:10.074691Z 0 [Note] InnoDB: 32 non-redo rollback segment(s) are active.
2019-10-13T17:28:10.075196Z 0 [Note] InnoDB: Waiting for purge to start
2019-10-13T17:28:10.125873Z 0 [Note] InnoDB: 5.7.23 started; log sequence number 10465492
2019-10-13T17:28:10.126352Z 0 [Note] Plugin 'FEDERATED' is disabled.
2019-10-13T17:28:10.129945Z 0 [Note] InnoDB: Loading buffer pool(s) from /var/lib/mysql/ib_buffer_pool
2019-10-13T17:28:10.137844Z 0 [Warning] Failed to set up SSL because of the following SSL library error: SSL context is not usable without certificate and private key
2019-10-13T17:28:10.137874Z 0 [Note] Server hostname (bind-address): '*'; port: 3306
2019-10-13T17:28:10.137934Z 0 [Note] IPv6 is available.
2019-10-13T17:28:10.137949Z 0 [Note]   - '::' resolves to '::';
2019-10-13T17:28:10.137957Z 0 [Note] Server socket created on IP: '::'.
2019-10-13T17:28:10.156501Z 0 [Warning] 'user' entry 'root@localhost' ignored in --skip-name-resolve mode.
2019-10-13T17:28:10.156544Z 0 [Warning] 'user' entry 'mysql.session@localhost' ignored in --skip-name-resolve mode.
2019-10-13T17:28:10.156552Z 0 [Warning] 'user' entry 'mysql.sys@localhost' ignored in --skip-name-resolve mode.
2019-10-13T17:28:10.161215Z 0 [Warning] 'db' entry 'performance_schema mysql.session@localhost' ignored in --skip-name-resolve mode.
2019-10-13T17:28:10.161241Z 0 [Warning] 'db' entry 'sys mysql.sys@localhost' ignored in --skip-name-resolve mode.
2019-10-13T17:28:10.161827Z 0 [Warning] 'proxies_priv' entry '@ root@localhost' ignored in --skip-name-resolve mode.
2019-10-13T17:28:10.179537Z 0 [Note] InnoDB: Buffer pool(s) load completed at 191013 17:28:10
2019-10-13T17:28:10.185853Z 0 [Warning] 'tables_priv' entry 'user mysql.session@localhost' ignored in --skip-name-resolve mode.
2019-10-13T17:28:10.185888Z 0 [Warning] 'tables_priv' entry 'sys_config mysql.sys@localhost' ignored in --skip-name-resolve mode.
2019-10-13T17:28:10.253668Z 0 [Note] Event Scheduler: Loaded 0 events
2019-10-13T17:28:10.261588Z 0 [Note] /usr/sbin/mysqld: ready for connections.
Version: '5.7.23'  socket: '/var/run/mysqld/mysqld.sock'  port: 3306  MySQL Community Server (GPL)
2019-10-13T18:15:55.033103Z 0 [Note] Giving 0 client threads a chance to die gracefully
2019-10-13T18:15:55.039472Z 0 [Note] Shutting down slave threads
2019-10-13T18:15:55.039494Z 0 [Note] Forcefully disconnecting 0 remaining clients
2019-10-13T18:15:55.039503Z 0 [Note] Event Scheduler: Purging the queue. 0 events
2019-10-13T18:15:55.040480Z 0 [Note] Binlog end
2019-10-13T18:15:55.045632Z 0 [Note] Shutting down plugin 'ngram'
2019-10-13T18:15:55.045655Z 0 [Note] Shutting down plugin 'partition'
2019-10-13T18:15:55.045660Z 0 [Note] Shutting down plugin 'BLACKHOLE'
2019-10-13T18:15:55.045663Z 0 [Note] Shutting down plugin 'ARCHIVE'
2019-10-13T18:15:55.045666Z 0 [Note] Shutting down plugin 'PERFORMANCE_SCHEMA'
2019-10-13T18:15:55.045739Z 0 [Note] Shutting down plugin 'MRG_MYISAM'
2019-10-13T18:15:55.045757Z 0 [Note] Shutting down plugin 'MyISAM'
2019-10-13T18:15:55.045769Z 0 [Note] Shutting down plugin 'INNODB_SYS_VIRTUAL'
2019-10-13T18:15:55.045773Z 0 [Note] Shutting down plugin 'INNODB_SYS_DATAFILES'
2019-10-13T18:15:55.045776Z 0 [Note] Shutting down plugin 'INNODB_SYS_TABLESPACES'
2019-10-13T18:15:55.045778Z 0 [Note] Shutting down plugin 'INNODB_SYS_FOREIGN_COLS'
2019-10-13T18:15:55.045781Z 0 [Note] Shutting down plugin 'INNODB_SYS_FOREIGN'
2019-10-13T18:15:55.045784Z 0 [Note] Shutting down plugin 'INNODB_SYS_FIELDS'
2019-10-13T18:15:55.045786Z 0 [Note] Shutting down plugin 'INNODB_SYS_COLUMNS'
2019-10-13T18:15:55.045789Z 0 [Note] Shutting down plugin 'INNODB_SYS_INDEXES'
2019-10-13T18:15:55.045791Z 0 [Note] Shutting down plugin 'INNODB_SYS_TABLESTATS'
2019-10-13T18:15:55.045794Z 0 [Note] Shutting down plugin 'INNODB_SYS_TABLES'
2019-10-13T18:15:55.045796Z 0 [Note] Shutting down plugin 'INNODB_FT_INDEX_TABLE'
2019-10-13T18:15:55.045799Z 0 [Note] Shutting down plugin 'INNODB_FT_INDEX_CACHE'
2019-10-13T18:15:55.045801Z 0 [Note] Shutting down plugin 'INNODB_FT_CONFIG'
2019-10-13T18:15:55.045804Z 0 [Note] Shutting down plugin 'INNODB_FT_BEING_DELETED'
2019-10-13T18:15:55.045806Z 0 [Note] Shutting down plugin 'INNODB_FT_DELETED'
2019-10-13T18:15:55.045809Z 0 [Note] Shutting down plugin 'INNODB_FT_DEFAULT_STOPWORD'
2019-10-13T18:15:55.045811Z 0 [Note] Shutting down plugin 'INNODB_METRICS'
2019-10-13T18:15:55.045814Z 0 [Note] Shutting down plugin 'INNODB_TEMP_TABLE_INFO'
2019-10-13T18:15:55.045817Z 0 [Note] Shutting down plugin 'INNODB_BUFFER_POOL_STATS'
2019-10-13T18:15:55.045819Z 0 [Note] Shutting down plugin 'INNODB_BUFFER_PAGE_LRU'
2019-10-13T18:15:55.045822Z 0 [Note] Shutting down plugin 'INNODB_BUFFER_PAGE'
2019-10-13T18:15:55.045824Z 0 [Note] Shutting down plugin 'INNODB_CMP_PER_INDEX_RESET'
2019-10-13T18:15:55.045827Z 0 [Note] Shutting down plugin 'INNODB_CMP_PER_INDEX'
2019-10-13T18:15:55.045829Z 0 [Note] Shutting down plugin 'INNODB_CMPMEM_RESET'
2019-10-13T18:15:55.045832Z 0 [Note] Shutting down plugin 'INNODB_CMPMEM'
2019-10-13T18:15:55.045899Z 0 [Note] Shutting down plugin 'INNODB_CMP_RESET'
2019-10-13T18:15:55.045910Z 0 [Note] Shutting down plugin 'INNODB_CMP'
2019-10-13T18:15:55.045915Z 0 [Note] Shutting down plugin 'INNODB_LOCK_WAITS'
2019-10-13T18:15:55.045920Z 0 [Note] Shutting down plugin 'INNODB_LOCKS'
2019-10-13T18:15:55.045924Z 0 [Note] Shutting down plugin 'INNODB_TRX'
2019-10-13T18:15:55.045928Z 0 [Note] Shutting down plugin 'InnoDB'
2019-10-13T18:15:55.046003Z 0 [Note] InnoDB: FTS optimize thread exiting.
2019-10-13T18:15:55.047701Z 0 [Note] InnoDB: Starting shutdown...
2019-10-13T18:15:55.149018Z 0 [Note] InnoDB: Dumping buffer pool(s) to /var/lib/mysql/ib_buffer_pool
2019-10-13T18:15:55.149585Z 0 [Note] InnoDB: Buffer pool(s) dump completed at 191013 18:15:55
2019-10-13T18:15:56.096479Z 0 [Note] InnoDB: Shutdown completed; log sequence number 10666972
2019-10-13T18:15:56.153175Z 0 [Note] InnoDB: Removed temporary tablespace data file: "ibtmp1"
2019-10-13T18:15:56.153258Z 0 [Note] Shutting down plugin 'MEMORY'
2019-10-13T18:15:56.153267Z 0 [Note] Shutting down plugin 'CSV'
2019-10-13T18:15:56.153273Z 0 [Note] Shutting down plugin 'sha256_password'
2019-10-13T18:15:56.153277Z 0 [Note] Shutting down plugin 'mysql_native_password'
2019-10-13T18:15:56.153416Z 0 [Note] Shutting down plugin 'binlog'
2019-10-13T18:15:56.153983Z 0 [Note] /usr/sbin/mysqld: Shutdown complete

2019-10-17T21:58:01.829757Z 0 [Warning] TIMESTAMP with implicit DEFAULT value is deprecated. Please use --explicit_defaults_for_timestamp server option (see documentation for more details).
2019-10-17T21:58:01.830845Z 0 [Note] /usr/sbin/mysqld (mysqld 5.7.23) starting as process 47 ...
2019-10-17T21:58:01.842003Z 0 [Note] InnoDB: PUNCH HOLE support available
2019-10-17T21:58:01.842024Z 0 [Note] InnoDB: Mutexes and rw_locks use GCC atomic builtins
2019-10-17T21:58:01.842029Z 0 [Note] InnoDB: Uses event mutexes
2019-10-17T21:58:01.842033Z 0 [Note] InnoDB: GCC builtin __atomic_thread_fence() is used for memory barrier
2019-10-17T21:58:01.842041Z 0 [Note] InnoDB: Compressed tables use zlib 1.2.3
2019-10-17T21:58:01.842045Z 0 [Note] InnoDB: Using Linux native AIO
2019-10-17T21:58:01.842240Z 0 [Note] InnoDB: Number of pools: 1
2019-10-17T21:58:01.842332Z 0 [Note] InnoDB: Using CPU crc32 instructions
2019-10-17T21:58:01.844333Z 0 [Note] InnoDB: Initializing buffer pool, total size = 32M, instances = 1, chunk size = 32M
2019-10-17T21:58:01.846721Z 0 [Note] InnoDB: Completed initialization of buffer pool
2019-10-17T21:58:01.859595Z 0 [Note] InnoDB: If the mysqld execution user is authorized, page cleaner thread priority can be changed. See the man page of setpriority().
2019-10-17T21:58:01.886279Z 0 [Note] InnoDB: Highest supported file format is Barracuda.
2019-10-17T21:58:01.970465Z 0 [Note] InnoDB: Creating shared tablespace for temporary tables
2019-10-17T21:58:01.970617Z 0 [Note] InnoDB: Setting file './ibtmp1' size to 12 MB. Physically writing the file full; Please wait ...
2019-10-17T21:58:02.009235Z 0 [Note] InnoDB: File './ibtmp1' size is now 12 MB.
2019-10-17T21:58:02.009929Z 0 [Note] InnoDB: 96 redo rollback segment(s) found. 96 redo rollback segment(s) are active.
2019-10-17T21:58:02.009941Z 0 [Note] InnoDB: 32 non-redo rollback segment(s) are active.
2019-10-17T21:58:02.010449Z 0 [Note] InnoDB: Waiting for purge to start
2019-10-17T21:58:02.062809Z 0 [Note] InnoDB: 5.7.23 started; log sequence number 10666972
2019-10-17T21:58:02.063425Z 0 [Note] Plugin 'FEDERATED' is disabled.
2019-10-17T21:58:02.067840Z 0 [Warning] Failed to set up SSL because of the following SSL library error: SSL context is not usable without certificate and private key
2019-10-17T21:58:02.067863Z 0 [Note] Server hostname (bind-address): '*'; port: 3306
2019-10-17T21:58:02.067911Z 0 [Note] IPv6 is available.
2019-10-17T21:58:02.067923Z 0 [Note]   - '::' resolves to '::';
2019-10-17T21:58:02.067930Z 0 [Note] Server socket created on IP: '::'.
2019-10-17T21:58:02.069015Z 0 [Note] InnoDB: Loading buffer pool(s) from /var/lib/mysql/ib_buffer_pool
2019-10-17T21:58:02.073442Z 0 [Warning] 'user' entry 'root@localhost' ignored in --skip-name-resolve mode.
2019-10-17T21:58:02.073486Z 0 [Warning] 'user' entry 'mysql.session@localhost' ignored in --skip-name-resolve mode.
2019-10-17T21:58:02.073497Z 0 [Warning] 'user' entry 'mysql.sys@localhost' ignored in --skip-name-resolve mode.
2019-10-17T21:58:02.073522Z 0 [Warning] 'db' entry 'performance_schema mysql.session@localhost' ignored in --skip-name-resolve mode.
2019-10-17T21:58:02.073536Z 0 [Warning] 'db' entry 'sys mysql.sys@localhost' ignored in --skip-name-resolve mode.
2019-10-17T21:58:02.073547Z 0 [Warning] 'proxies_priv' entry '@ root@localhost' ignored in --skip-name-resolve mode.
2019-10-17T21:58:02.080724Z 0 [Warning] 'tables_priv' entry 'user mysql.session@localhost' ignored in --skip-name-resolve mode.
2019-10-17T21:58:02.080747Z 0 [Warning] 'tables_priv' entry 'sys_config mysql.sys@localhost' ignored in --skip-name-resolve mode.
2019-10-17T21:58:02.088037Z 0 [Note] Event Scheduler: Loaded 0 events
2019-10-17T21:58:02.104595Z 0 [Note] /usr/sbin/mysqld: ready for connections.
Version: '5.7.23'  socket: '/var/run/mysqld/mysqld.sock'  port: 3306  MySQL Community Server (GPL)
2019-10-17T21:58:02.125922Z 0 [Note] InnoDB: Buffer pool(s) load completed at 191017 21:58:02
2019-10-17T22:02:54.421753Z 0 [Note] Giving 0 client threads a chance to die gracefully
2019-10-17T22:02:54.423140Z 0 [Note] Shutting down slave threads
2019-10-17T22:02:54.423532Z 0 [Note] Forcefully disconnecting 0 remaining clients
2019-10-17T22:02:54.423549Z 0 [Note] Event Scheduler: Purging the queue. 0 events
2019-10-17T22:02:54.423624Z 0 [Note] Binlog end
2019-10-17T22:02:54.457311Z 0 [Note] Shutting down plugin 'ngram'
2019-10-17T22:02:54.457350Z 0 [Note] Shutting down plugin 'partition'
2019-10-17T22:02:54.457358Z 0 [Note] Shutting down plugin 'BLACKHOLE'
2019-10-17T22:02:54.457549Z 0 [Note] Shutting down plugin 'ARCHIVE'
2019-10-17T22:02:54.457561Z 0 [Note] Shutting down plugin 'PERFORMANCE_SCHEMA'
2019-10-17T22:02:54.457591Z 0 [Note] Shutting down plugin 'MRG_MYISAM'
2019-10-17T22:02:54.457612Z 0 [Note] Shutting down plugin 'MyISAM'
2019-10-17T22:02:54.457629Z 0 [Note] Shutting down plugin 'INNODB_SYS_VIRTUAL'
2019-10-17T22:02:54.457637Z 0 [Note] Shutting down plugin 'INNODB_SYS_DATAFILES'
2019-10-17T22:02:54.457642Z 0 [Note] Shutting down plugin 'INNODB_SYS_TABLESPACES'
2019-10-17T22:02:54.457646Z 0 [Note] Shutting down plugin 'INNODB_SYS_FOREIGN_COLS'
2019-10-17T22:02:54.457651Z 0 [Note] Shutting down plugin 'INNODB_SYS_FOREIGN'
2019-10-17T22:02:54.457656Z 0 [Note] Shutting down plugin 'INNODB_SYS_FIELDS'
2019-10-17T22:02:54.457660Z 0 [Note] Shutting down plugin 'INNODB_SYS_COLUMNS'
2019-10-17T22:02:54.457665Z 0 [Note] Shutting down plugin 'INNODB_SYS_INDEXES'
2019-10-17T22:02:54.457669Z 0 [Note] Shutting down plugin 'INNODB_SYS_TABLESTATS'
2019-10-17T22:02:54.457674Z 0 [Note] Shutting down plugin 'INNODB_SYS_TABLES'
2019-10-17T22:02:54.457678Z 0 [Note] Shutting down plugin 'INNODB_FT_INDEX_TABLE'
2019-10-17T22:02:54.457683Z 0 [Note] Shutting down plugin 'INNODB_FT_INDEX_CACHE'
2019-10-17T22:02:54.457687Z 0 [Note] Shutting down plugin 'INNODB_FT_CONFIG'
2019-10-17T22:02:54.457691Z 0 [Note] Shutting down plugin 'INNODB_FT_BEING_DELETED'
2019-10-17T22:02:54.457696Z 0 [Note] Shutting down plugin 'INNODB_FT_DELETED'
2019-10-17T22:02:54.457700Z 0 [Note] Shutting down plugin 'INNODB_FT_DEFAULT_STOPWORD'
2019-10-17T22:02:54.457705Z 0 [Note] Shutting down plugin 'INNODB_METRICS'
2019-10-17T22:02:54.457709Z 0 [Note] Shutting down plugin 'INNODB_TEMP_TABLE_INFO'
2019-10-17T22:02:54.457714Z 0 [Note] Shutting down plugin 'INNODB_BUFFER_POOL_STATS'
2019-10-17T22:02:54.457718Z 0 [Note] Shutting down plugin 'INNODB_BUFFER_PAGE_LRU'
2019-10-17T22:02:54.457723Z 0 [Note] Shutting down plugin 'INNODB_BUFFER_PAGE'
2019-10-17T22:02:54.457727Z 0 [Note] Shutting down plugin 'INNODB_CMP_PER_INDEX_RESET'
2019-10-17T22:02:54.457732Z 0 [Note] Shutting down plugin 'INNODB_CMP_PER_INDEX'
2019-10-17T22:02:54.457737Z 0 [Note] Shutting down plugin 'INNODB_CMPMEM_RESET'
2019-10-17T22:02:54.457741Z 0 [Note] Shutting down plugin 'INNODB_CMPMEM'
2019-10-17T22:02:54.457746Z 0 [Note] Shutting down plugin 'INNODB_CMP_RESET'
2019-10-17T22:02:54.457750Z 0 [Note] Shutting down plugin 'INNODB_CMP'
2019-10-17T22:02:54.457755Z 0 [Note] Shutting down plugin 'INNODB_LOCK_WAITS'
2019-10-17T22:02:54.457760Z 0 [Note] Shutting down plugin 'INNODB_LOCKS'
2019-10-17T22:02:54.457764Z 0 [Note] Shutting down plugin 'INNODB_TRX'
2019-10-17T22:02:54.457769Z 0 [Note] Shutting down plugin 'InnoDB'
2019-10-17T22:02:54.457965Z 0 [Note] InnoDB: FTS optimize thread exiting.
2019-10-17T22:02:54.482552Z 0 [Note] InnoDB: Starting shutdown...
2019-10-17T22:02:54.592583Z 0 [Note] InnoDB: Dumping buffer pool(s) to /var/lib/mysql/ib_buffer_pool
2019-10-17T22:02:54.593805Z 0 [Note] InnoDB: Buffer pool(s) dump completed at 191017 22:02:54
2019-10-17T22:02:55.877163Z 0 [Note] InnoDB: Shutdown completed; log sequence number 11678491
2019-10-17T22:02:55.878066Z 0 [Note] InnoDB: Removed temporary tablespace data file: "ibtmp1"
2019-10-17T22:02:55.878102Z 0 [Note] Shutting down plugin 'MEMORY'
2019-10-17T22:02:55.878112Z 0 [Note] Shutting down plugin 'CSV'
2019-10-17T22:02:55.878120Z 0 [Note] Shutting down plugin 'sha256_password'
2019-10-17T22:02:55.878125Z 0 [Note] Shutting down plugin 'mysql_native_password'
2019-10-17T22:02:55.878320Z 0 [Note] Shutting down plugin 'binlog'
2019-10-17T22:02:55.879510Z 0 [Note] /usr/sbin/mysqld: Shutdown complete

