2019-09-06T16:39:00.160272Z 0 [Warning] TIMESTAMP with implicit DEFAULT value is deprecated. Please use --explicit_defaults_for_timestamp server option (see documentation for more details).
2019-09-06T16:39:00.160814Z 0 [Note] /usr/sbin/mysqld (mysqld 5.7.23) starting as process 30 ...
2019-09-06T16:39:00.251133Z 0 [Note] InnoDB: PUNCH HOLE support available
2019-09-06T16:39:00.251164Z 0 [Note] InnoDB: Mutexes and rw_locks use GCC atomic builtins
2019-09-06T16:39:00.251169Z 0 [Note] InnoDB: Uses event mutexes
2019-09-06T16:39:00.251174Z 0 [Note] InnoDB: GCC builtin __atomic_thread_fence() is used for memory barrier
2019-09-06T16:39:00.251178Z 0 [Note] InnoDB: Compressed tables use zlib 1.2.3
2019-09-06T16:39:00.251182Z 0 [Note] InnoDB: Using Linux native AIO
2019-09-06T16:39:00.251462Z 0 [Note] InnoDB: Number of pools: 1
2019-09-06T16:39:00.251565Z 0 [Note] InnoDB: Using CPU crc32 instructions
2019-09-06T16:39:00.253133Z 0 [Note] InnoDB: Initializing buffer pool, total size = 32M, instances = 1, chunk size = 32M
2019-09-06T16:39:00.272034Z 0 [Note] InnoDB: Completed initialization of buffer pool
2019-09-06T16:39:00.274226Z 0 [Note] InnoDB: If the mysqld execution user is authorized, page cleaner thread priority can be changed. See the man page of setpriority().
2019-09-06T16:39:00.302425Z 0 [Note] InnoDB: Highest supported file format is Barracuda.
2019-09-06T16:39:00.302911Z 0 [Note] InnoDB: Log scan progressed past the checkpoint lsn 2588963
2019-09-06T16:39:00.302927Z 0 [Note] InnoDB: Doing recovery: scanned up to log sequence number 2591784
2019-09-06T16:39:00.303282Z 0 [Note] InnoDB: Database was not shutdown normally!
2019-09-06T16:39:00.303291Z 0 [Note] InnoDB: Starting crash recovery.
2019-09-06T16:39:01.049173Z 0 [Note] InnoDB: Starting an apply batch of log records to the database...
InnoDB: Progress in percent: 16 17 18 19 20 21 22 23 24 25 26 27 28 29 30 31 32 33 34 35 36 37 38 39 40 41 42 43 44 45 46 47 48 49 50 51 52 53 54 55 56 57 58 59 60 61 62 63 64 65 66 67 68 69 70 71 72 73 74 75 76 77 78 79 80 81 82 83 84 85 86 87 88 89 90 91 92 93 94 95 96 97 98 99 
2019-09-06T16:39:01.059717Z 0 [Note] InnoDB: Apply batch completed
2019-09-06T16:39:01.182705Z 0 [Note] InnoDB: Removed temporary tablespace data file: "ibtmp1"
2019-09-06T16:39:01.182728Z 0 [Note] InnoDB: Creating shared tablespace for temporary tables
2019-09-06T16:39:01.182791Z 0 [Note] InnoDB: Setting file './ibtmp1' size to 12 MB. Physically writing the file full; Please wait ...
2019-09-06T16:39:01.252274Z 0 [Note] InnoDB: File './ibtmp1' size is now 12 MB.
2019-09-06T16:39:01.252967Z 0 [Note] InnoDB: 96 redo rollback segment(s) found. 96 redo rollback segment(s) are active.
2019-09-06T16:39:01.252980Z 0 [Note] InnoDB: 32 non-redo rollback segment(s) are active.
2019-09-06T16:39:01.253498Z 0 [Note] InnoDB: Waiting for purge to start
2019-09-06T16:39:01.304170Z 0 [Note] InnoDB: 5.7.23 started; log sequence number 2591784
2019-09-06T16:39:01.304565Z 0 [Note] Plugin 'FEDERATED' is disabled.
2019-09-06T16:39:01.379205Z 0 [Note] InnoDB: Loading buffer pool(s) from /var/lib/mysql/ib_buffer_pool
2019-09-06T16:39:01.380788Z 0 [Warning] Failed to set up SSL because of the following SSL library error: SSL context is not usable without certificate and private key
2019-09-06T16:39:01.380806Z 0 [Note] Server hostname (bind-address): '*'; port: 3306
2019-09-06T16:39:01.380954Z 0 [Note] IPv6 is available.
2019-09-06T16:39:01.380973Z 0 [Note]   - '::' resolves to '::';
2019-09-06T16:39:01.380980Z 0 [Note] Server socket created on IP: '::'.
2019-09-06T16:39:01.549635Z 0 [Warning] Insecure configuration for --pid-file: Location '/var/run/mysqld' in the path is accessible to all OS users. Consider choosing a different directory.
2019-09-06T16:39:01.553898Z 0 [Note] InnoDB: Buffer pool(s) load completed at 190906 16:39:01
2019-09-06T16:39:01.566928Z 0 [ERROR] /usr/sbin/mysqld: Table './mysql/user' is marked as crashed and should be repaired
2019-09-06T16:39:01.567115Z 0 [Warning] Checking table:   './mysql/user'
2019-09-06T16:39:01.567132Z 0 [ERROR] 1 client is using or hasn't closed the table properly
2019-09-06T16:39:01.569624Z 0 [Warning] 'user' entry 'root@localhost' ignored in --skip-name-resolve mode.
2019-09-06T16:39:01.569659Z 0 [Warning] 'user' entry 'mysql.session@localhost' ignored in --skip-name-resolve mode.
2019-09-06T16:39:01.569668Z 0 [Warning] 'user' entry 'mysql.sys@localhost' ignored in --skip-name-resolve mode.
2019-09-06T16:39:01.570241Z 0 [Warning] 'db' entry 'performance_schema mysql.session@localhost' ignored in --skip-name-resolve mode.
2019-09-06T16:39:01.570255Z 0 [Warning] 'db' entry 'sys mysql.sys@localhost' ignored in --skip-name-resolve mode.
2019-09-06T16:39:01.570607Z 0 [Warning] 'proxies_priv' entry '@ root@localhost' ignored in --skip-name-resolve mode.
2019-09-06T16:39:01.578908Z 0 [Warning] 'tables_priv' entry 'user mysql.session@localhost' ignored in --skip-name-resolve mode.
2019-09-06T16:39:01.578937Z 0 [Warning] 'tables_priv' entry 'sys_config mysql.sys@localhost' ignored in --skip-name-resolve mode.
2019-09-06T16:39:01.641977Z 0 [Note] Event Scheduler: Loaded 0 events
2019-09-06T16:39:01.651660Z 0 [Note] /usr/sbin/mysqld: ready for connections.
Version: '5.7.23'  socket: '/var/run/mysqld/mysqld.sock'  port: 3306  MySQL Community Server (GPL)
2019-09-06T16:39:18.593423Z 4 [ERROR] /usr/sbin/mysqld: Table './mysql/proc' is marked as crashed and should be repaired
2019-09-06T16:39:18.594196Z 4 [Warning] Checking table:   './mysql/proc'
2019-09-06T16:39:18.624776Z 6 [Warning] 'user' entry 'root@localhost' ignored in --skip-name-resolve mode.
2019-09-06T16:39:18.624804Z 6 [Warning] 'user' entry 'mysql.session@localhost' ignored in --skip-name-resolve mode.
2019-09-06T16:39:18.624812Z 6 [Warning] 'user' entry 'mysql.sys@localhost' ignored in --skip-name-resolve mode.
2019-09-06T16:39:18.625923Z 6 [Warning] 'db' entry 'performance_schema mysql.session@localhost' ignored in --skip-name-resolve mode.
2019-09-06T16:39:18.625953Z 6 [Warning] 'db' entry 'sys mysql.sys@localhost' ignored in --skip-name-resolve mode.
2019-09-06T16:39:18.626634Z 6 [Warning] 'proxies_priv' entry '@ root@localhost' ignored in --skip-name-resolve mode.
2019-09-06T16:39:18.627800Z 6 [Warning] 'tables_priv' entry 'user mysql.session@localhost' ignored in --skip-name-resolve mode.
2019-09-06T16:39:18.627838Z 6 [Warning] 'tables_priv' entry 'sys_config mysql.sys@localhost' ignored in --skip-name-resolve mode.
2019-09-07T14:59:14.759263Z 0 [Note] InnoDB: page_cleaner: 1000ms intended loop took 78344001ms. The settings might not be optimal. (flushed=0 and evicted=0, during the time.)
2019-09-08T01:48:47.431303Z 0 [Note] InnoDB: page_cleaner: 1000ms intended loop took 33392593ms. The settings might not be optimal. (flushed=0 and evicted=0, during the time.)
2019-09-08T16:26:03.190832Z 0 [Note] InnoDB: page_cleaner: 1000ms intended loop took 52526594ms. The settings might not be optimal. (flushed=0 and evicted=0, during the time.)
2019-09-09T02:07:22.451648Z 0 [Note] InnoDB: page_cleaner: 1000ms intended loop took 24978078ms. The settings might not be optimal. (flushed=0 and evicted=0, during the time.)
2019-09-09T14:43:58.617444Z 0 [Note] InnoDB: page_cleaner: 1000ms intended loop took 45356567ms. The settings might not be optimal. (flushed=0 and evicted=0, during the time.)
2019-09-09T17:34:16.491757Z 0 [Note] InnoDB: page_cleaner: 1000ms intended loop took 1566936ms. The settings might not be optimal. (flushed=0 and evicted=0, during the time.)
2019-09-09T17:35:31.307260Z 0 [Note] InnoDB: page_cleaner: 1000ms intended loop took 8414ms. The settings might not be optimal. (flushed=0 and evicted=0, during the time.)
2019-09-09T17:36:47.302890Z 0 [Note] InnoDB: page_cleaner: 1000ms intended loop took 18471ms. The settings might not be optimal. (flushed=0 and evicted=0, during the time.)
2019-09-09T17:37:13.961023Z 0 [Note] InnoDB: page_cleaner: 1000ms intended loop took 10948ms. The settings might not be optimal. (flushed=0 and evicted=0, during the time.)
2019-09-09T17:37:25.952590Z 0 [Note] InnoDB: page_cleaner: 1000ms intended loop took 7195ms. The settings might not be optimal. (flushed=0 and evicted=0, during the time.)
2019-09-09T18:23:54.801145Z 0 [Note] InnoDB: page_cleaner: 1000ms intended loop took 264046ms. The settings might not be optimal. (flushed=0 and evicted=0, during the time.)
2019-09-09T19:08:07.370855Z 0 [Note] InnoDB: page_cleaner: 1000ms intended loop took 5111ms. The settings might not be optimal. (flushed=0 and evicted=0, during the time.)
2019-09-09T19:08:32.087905Z 0 [Note] InnoDB: page_cleaner: 1000ms intended loop took 5706ms. The settings might not be optimal. (flushed=0 and evicted=0, during the time.)
2019-09-09T19:09:09.380323Z 0 [Note] InnoDB: page_cleaner: 1000ms intended loop took 13789ms. The settings might not be optimal. (flushed=0 and evicted=0, during the time.)
2019-09-09T19:12:02.758540Z 0 [Note] InnoDB: page_cleaner: 1000ms intended loop took 9128ms. The settings might not be optimal. (flushed=0 and evicted=0, during the time.)
2019-09-09T20:41:19.998823Z 0 [Note] InnoDB: page_cleaner: 1000ms intended loop took 5007758ms. The settings might not be optimal. (flushed=0 and evicted=0, during the time.)
2019-09-10T15:39:59.590429Z 0 [Note] InnoDB: page_cleaner: 1000ms intended loop took 64649722ms. The settings might not be optimal. (flushed=0 and evicted=0, during the time.)
2019-09-10T16:31:31.405350Z 0 [Note] InnoDB: page_cleaner: 1000ms intended loop took 2952432ms. The settings might not be optimal. (flushed=0 and evicted=0, during the time.)
2019-09-10T16:39:46.417377Z 0 [Note] InnoDB: page_cleaner: 1000ms intended loop took 12072ms. The settings might not be optimal. (flushed=0 and evicted=0, during the time.)
2019-09-10T16:40:17.018398Z 0 [Note] InnoDB: page_cleaner: 1000ms intended loop took 13274ms. The settings might not be optimal. (flushed=0 and evicted=0, during the time.)
2019-09-10T16:40:50.686114Z 0 [Note] InnoDB: page_cleaner: 1000ms intended loop took 21633ms. The settings might not be optimal. (flushed=0 and evicted=0, during the time.)
2019-09-10T16:41:32.515586Z 0 [Note] InnoDB: page_cleaner: 1000ms intended loop took 23833ms. The settings might not be optimal. (flushed=0 and evicted=0, during the time.)
2019-10-01T17:59:49.152323Z 0 [Warning] TIMESTAMP with implicit DEFAULT value is deprecated. Please use --explicit_defaults_for_timestamp server option (see documentation for more details).
2019-10-01T17:59:49.159639Z 0 [Note] /usr/sbin/mysqld (mysqld 5.7.23) starting as process 46 ...
2019-10-01T17:59:49.196420Z 0 [Note] InnoDB: PUNCH HOLE support available
2019-10-01T17:59:49.196461Z 0 [Note] InnoDB: Mutexes and rw_locks use GCC atomic builtins
2019-10-01T17:59:49.196468Z 0 [Note] InnoDB: Uses event mutexes
2019-10-01T17:59:49.196473Z 0 [Note] InnoDB: GCC builtin __atomic_thread_fence() is used for memory barrier
2019-10-01T17:59:49.196477Z 0 [Note] InnoDB: Compressed tables use zlib 1.2.3
2019-10-01T17:59:49.196483Z 0 [Note] InnoDB: Using Linux native AIO
2019-10-01T17:59:49.201042Z 0 [Note] InnoDB: Number of pools: 1
2019-10-01T17:59:49.207860Z 0 [Note] InnoDB: Using CPU crc32 instructions
2019-10-01T17:59:49.212960Z 0 [Note] InnoDB: Initializing buffer pool, total size = 32M, instances = 1, chunk size = 32M
2019-10-01T17:59:49.220022Z 0 [Note] InnoDB: Completed initialization of buffer pool
2019-10-01T17:59:49.257285Z 0 [Note] InnoDB: If the mysqld execution user is authorized, page cleaner thread priority can be changed. See the man page of setpriority().
2019-10-01T17:59:49.307067Z 0 [Note] InnoDB: Highest supported file format is Barracuda.
2019-10-01T17:59:49.326642Z 0 [Note] InnoDB: Log scan progressed past the checkpoint lsn 5849884
2019-10-01T17:59:49.326675Z 0 [Note] InnoDB: Doing recovery: scanned up to log sequence number 5849893
2019-10-01T17:59:49.326684Z 0 [Note] InnoDB: Database was not shutdown normally!
2019-10-01T17:59:49.326691Z 0 [Note] InnoDB: Starting crash recovery.
2019-10-01T17:59:50.423011Z 0 [Note] InnoDB: Removed temporary tablespace data file: "ibtmp1"
2019-10-01T17:59:50.423076Z 0 [Note] InnoDB: Creating shared tablespace for temporary tables
2019-10-01T17:59:50.423327Z 0 [Note] InnoDB: Setting file './ibtmp1' size to 12 MB. Physically writing the file full; Please wait ...
2019-10-01T17:59:50.717444Z 0 [Note] InnoDB: File './ibtmp1' size is now 12 MB.
2019-10-01T17:59:50.750715Z 0 [Note] InnoDB: 96 redo rollback segment(s) found. 96 redo rollback segment(s) are active.
2019-10-01T17:59:50.750762Z 0 [Note] InnoDB: 32 non-redo rollback segment(s) are active.
2019-10-01T17:59:50.755272Z 0 [Note] InnoDB: Waiting for purge to start
2019-10-01T17:59:50.898175Z 0 [Note] InnoDB: 5.7.23 started; log sequence number 5849893
2019-10-01T17:59:50.909339Z 0 [Note] InnoDB: Loading buffer pool(s) from /var/lib/mysql/ib_buffer_pool
2019-10-01T17:59:50.914127Z 0 [Note] Plugin 'FEDERATED' is disabled.
2019-10-01T17:59:50.999648Z 0 [Note] InnoDB: Buffer pool(s) load completed at 191001 17:59:50
2019-10-01T17:59:51.075058Z 0 [Warning] Failed to set up SSL because of the following SSL library error: SSL context is not usable without certificate and private key
2019-10-01T17:59:51.075101Z 0 [Note] Server hostname (bind-address): '*'; port: 3306
2019-10-01T17:59:51.075690Z 0 [Note] IPv6 is available.
2019-10-01T17:59:51.075730Z 0 [Note]   - '::' resolves to '::';
2019-10-01T17:59:51.075749Z 0 [Note] Server socket created on IP: '::'.
2019-10-01T17:59:51.085767Z 0 [ERROR] /usr/sbin/mysqld: Table './mysql/user' is marked as crashed and should be repaired
2019-10-01T17:59:51.086151Z 0 [Warning] Checking table:   './mysql/user'
2019-10-01T17:59:51.086178Z 0 [ERROR] 1 client is using or hasn't closed the table properly
2019-10-01T17:59:51.113446Z 0 [Warning] 'user' entry 'root@localhost' ignored in --skip-name-resolve mode.
2019-10-01T17:59:51.113502Z 0 [Warning] 'user' entry 'mysql.session@localhost' ignored in --skip-name-resolve mode.
2019-10-01T17:59:51.113524Z 0 [Warning] 'user' entry 'mysql.sys@localhost' ignored in --skip-name-resolve mode.
2019-10-01T17:59:51.115616Z 0 [Warning] 'db' entry 'performance_schema mysql.session@localhost' ignored in --skip-name-resolve mode.
2019-10-01T17:59:51.115648Z 0 [Warning] 'db' entry 'sys mysql.sys@localhost' ignored in --skip-name-resolve mode.
2019-10-01T17:59:51.117679Z 0 [Warning] 'proxies_priv' entry '@ root@localhost' ignored in --skip-name-resolve mode.
2019-10-01T17:59:51.166698Z 0 [Warning] 'tables_priv' entry 'user mysql.session@localhost' ignored in --skip-name-resolve mode.
2019-10-01T17:59:51.166756Z 0 [Warning] 'tables_priv' entry 'sys_config mysql.sys@localhost' ignored in --skip-name-resolve mode.
2019-10-01T17:59:51.833434Z 0 [Note] Event Scheduler: Loaded 0 events
2019-10-01T17:59:51.834561Z 0 [Note] /usr/sbin/mysqld: ready for connections.
Version: '5.7.23'  socket: '/var/run/mysqld/mysqld.sock'  port: 3306  MySQL Community Server (GPL)
2019-10-01T18:00:13.062537Z 0 [Note] Giving 0 client threads a chance to die gracefully
2019-10-01T18:00:13.063308Z 0 [Note] Shutting down slave threads
2019-10-01T18:00:13.063323Z 0 [Note] Forcefully disconnecting 0 remaining clients
2019-10-01T18:00:13.063337Z 0 [Note] Event Scheduler: Purging the queue. 0 events
2019-10-01T18:00:13.063404Z 0 [Note] Binlog end
2019-10-01T18:00:13.065734Z 0 [Note] Shutting down plugin 'ngram'
2019-10-01T18:00:13.065756Z 0 [Note] Shutting down plugin 'partition'
2019-10-01T18:00:13.065760Z 0 [Note] Shutting down plugin 'BLACKHOLE'
2019-10-01T18:00:13.065764Z 0 [Note] Shutting down plugin 'ARCHIVE'
2019-10-01T18:00:13.065767Z 0 [Note] Shutting down plugin 'PERFORMANCE_SCHEMA'
2019-10-01T18:00:13.065789Z 0 [Note] Shutting down plugin 'MRG_MYISAM'
2019-10-01T18:00:13.065792Z 0 [Note] Shutting down plugin 'MyISAM'
2019-10-01T18:00:13.065802Z 0 [Note] Shutting down plugin 'INNODB_SYS_VIRTUAL'
2019-10-01T18:00:13.065805Z 0 [Note] Shutting down plugin 'INNODB_SYS_DATAFILES'
2019-10-01T18:00:13.065808Z 0 [Note] Shutting down plugin 'INNODB_SYS_TABLESPACES'
2019-10-01T18:00:13.065811Z 0 [Note] Shutting down plugin 'INNODB_SYS_FOREIGN_COLS'
2019-10-01T18:00:13.065814Z 0 [Note] Shutting down plugin 'INNODB_SYS_FOREIGN'
2019-10-01T18:00:13.065816Z 0 [Note] Shutting down plugin 'INNODB_SYS_FIELDS'
2019-10-01T18:00:13.065819Z 0 [Note] Shutting down plugin 'INNODB_SYS_COLUMNS'
2019-10-01T18:00:13.065828Z 0 [Note] Shutting down plugin 'INNODB_SYS_INDEXES'
2019-10-01T18:00:13.065831Z 0 [Note] Shutting down plugin 'INNODB_SYS_TABLESTATS'
2019-10-01T18:00:13.065834Z 0 [Note] Shutting down plugin 'INNODB_SYS_TABLES'
2019-10-01T18:00:13.065837Z 0 [Note] Shutting down plugin 'INNODB_FT_INDEX_TABLE'
2019-10-01T18:00:13.065839Z 0 [Note] Shutting down plugin 'INNODB_FT_INDEX_CACHE'
2019-10-01T18:00:13.065842Z 0 [Note] Shutting down plugin 'INNODB_FT_CONFIG'
2019-10-01T18:00:13.065845Z 0 [Note] Shutting down plugin 'INNODB_FT_BEING_DELETED'
2019-10-01T18:00:13.065848Z 0 [Note] Shutting down plugin 'INNODB_FT_DELETED'
2019-10-01T18:00:13.065850Z 0 [Note] Shutting down plugin 'INNODB_FT_DEFAULT_STOPWORD'
2019-10-01T18:00:13.065853Z 0 [Note] Shutting down plugin 'INNODB_METRICS'
2019-10-01T18:00:13.065856Z 0 [Note] Shutting down plugin 'INNODB_TEMP_TABLE_INFO'
2019-10-01T18:00:13.065859Z 0 [Note] Shutting down plugin 'INNODB_BUFFER_POOL_STATS'
2019-10-01T18:00:13.065862Z 0 [Note] Shutting down plugin 'INNODB_BUFFER_PAGE_LRU'
2019-10-01T18:00:13.065864Z 0 [Note] Shutting down plugin 'INNODB_BUFFER_PAGE'
2019-10-01T18:00:13.065867Z 0 [Note] Shutting down plugin 'INNODB_CMP_PER_INDEX_RESET'
2019-10-01T18:00:13.065870Z 0 [Note] Shutting down plugin 'INNODB_CMP_PER_INDEX'
2019-10-01T18:00:13.065872Z 0 [Note] Shutting down plugin 'INNODB_CMPMEM_RESET'
2019-10-01T18:00:13.065875Z 0 [Note] Shutting down plugin 'INNODB_CMPMEM'
2019-10-01T18:00:13.065878Z 0 [Note] Shutting down plugin 'INNODB_CMP_RESET'
2019-10-01T18:00:13.065880Z 0 [Note] Shutting down plugin 'INNODB_CMP'
2019-10-01T18:00:13.065883Z 0 [Note] Shutting down plugin 'INNODB_LOCK_WAITS'
2019-10-01T18:00:13.065886Z 0 [Note] Shutting down plugin 'INNODB_LOCKS'
2019-10-01T18:00:13.065888Z 0 [Note] Shutting down plugin 'INNODB_TRX'
2019-10-01T18:00:13.065891Z 0 [Note] Shutting down plugin 'InnoDB'
2019-10-01T18:00:13.065949Z 0 [Note] InnoDB: FTS optimize thread exiting.
2019-10-01T18:00:13.066149Z 0 [Note] InnoDB: Starting shutdown...
2019-10-01T18:00:13.166580Z 0 [Note] InnoDB: Dumping buffer pool(s) to /var/lib/mysql/ib_buffer_pool
2019-10-01T18:00:13.166836Z 0 [Note] InnoDB: Buffer pool(s) dump completed at 191001 18:00:13
2019-10-01T18:00:14.721990Z 0 [Note] InnoDB: Shutdown completed; log sequence number 5851714
2019-10-01T18:00:14.728209Z 0 [Note] InnoDB: Removed temporary tablespace data file: "ibtmp1"
2019-10-01T18:00:14.728253Z 0 [Note] Shutting down plugin 'MEMORY'
2019-10-01T18:00:14.728263Z 0 [Note] Shutting down plugin 'CSV'
2019-10-01T18:00:14.728270Z 0 [Note] Shutting down plugin 'sha256_password'
2019-10-01T18:00:14.728275Z 0 [Note] Shutting down plugin 'mysql_native_password'
2019-10-01T18:00:14.728574Z 0 [Note] Shutting down plugin 'binlog'
2019-10-01T18:00:14.730669Z 0 [Note] /usr/sbin/mysqld: Shutdown complete

2019-10-01T18:02:43.111579Z 0 [Warning] TIMESTAMP with implicit DEFAULT value is deprecated. Please use --explicit_defaults_for_timestamp server option (see documentation for more details).
2019-10-01T18:02:43.111881Z 0 [Note] /usr/sbin/mysqld (mysqld 5.7.23) starting as process 45 ...
2019-10-01T18:02:43.116957Z 0 [Note] InnoDB: PUNCH HOLE support available
2019-10-01T18:02:43.117010Z 0 [Note] InnoDB: Mutexes and rw_locks use GCC atomic builtins
2019-10-01T18:02:43.117018Z 0 [Note] InnoDB: Uses event mutexes
2019-10-01T18:02:43.117023Z 0 [Note] InnoDB: GCC builtin __atomic_thread_fence() is used for memory barrier
2019-10-01T18:02:43.117027Z 0 [Note] InnoDB: Compressed tables use zlib 1.2.3
2019-10-01T18:02:43.117031Z 0 [Note] InnoDB: Using Linux native AIO
2019-10-01T18:02:43.117251Z 0 [Note] InnoDB: Number of pools: 1
2019-10-01T18:02:43.117378Z 0 [Note] InnoDB: Using CPU crc32 instructions
2019-10-01T18:02:43.119071Z 0 [Note] InnoDB: Initializing buffer pool, total size = 32M, instances = 1, chunk size = 32M
2019-10-01T18:02:43.121038Z 0 [Note] InnoDB: Completed initialization of buffer pool
2019-10-01T18:02:43.131457Z 0 [Note] InnoDB: If the mysqld execution user is authorized, page cleaner thread priority can be changed. See the man page of setpriority().
2019-10-01T18:02:43.134371Z 0 [Note] InnoDB: Highest supported file format is Barracuda.
2019-10-01T18:02:43.155539Z 0 [Note] InnoDB: Creating shared tablespace for temporary tables
2019-10-01T18:02:43.155659Z 0 [Note] InnoDB: Setting file './ibtmp1' size to 12 MB. Physically writing the file full; Please wait ...
2019-10-01T18:02:43.205487Z 0 [Note] InnoDB: File './ibtmp1' size is now 12 MB.
2019-10-01T18:02:43.206243Z 0 [Note] InnoDB: 96 redo rollback segment(s) found. 96 redo rollback segment(s) are active.
2019-10-01T18:02:43.206255Z 0 [Note] InnoDB: 32 non-redo rollback segment(s) are active.
2019-10-01T18:02:43.206766Z 0 [Note] InnoDB: Waiting for purge to start
2019-10-01T18:02:43.257030Z 0 [Note] InnoDB: 5.7.23 started; log sequence number 5851714
2019-10-01T18:02:43.257658Z 0 [Note] Plugin 'FEDERATED' is disabled.
2019-10-01T18:02:43.259241Z 0 [Warning] Failed to set up SSL because of the following SSL library error: SSL context is not usable without certificate and private key
2019-10-01T18:02:43.259264Z 0 [Note] Server hostname (bind-address): '*'; port: 3306
2019-10-01T18:02:43.259317Z 0 [Note] IPv6 is available.
2019-10-01T18:02:43.259328Z 0 [Note]   - '::' resolves to '::';
2019-10-01T18:02:43.259335Z 0 [Note] Server socket created on IP: '::'.
2019-10-01T18:02:43.264387Z 0 [Note] InnoDB: Loading buffer pool(s) from /var/lib/mysql/ib_buffer_pool
2019-10-01T18:02:43.266322Z 0 [Warning] 'user' entry 'root@localhost' ignored in --skip-name-resolve mode.
2019-10-01T18:02:43.266357Z 0 [Warning] 'user' entry 'mysql.session@localhost' ignored in --skip-name-resolve mode.
2019-10-01T18:02:43.266365Z 0 [Warning] 'user' entry 'mysql.sys@localhost' ignored in --skip-name-resolve mode.
2019-10-01T18:02:43.266384Z 0 [Warning] 'db' entry 'performance_schema mysql.session@localhost' ignored in --skip-name-resolve mode.
2019-10-01T18:02:43.266389Z 0 [Warning] 'db' entry 'sys mysql.sys@localhost' ignored in --skip-name-resolve mode.
2019-10-01T18:02:43.266398Z 0 [Warning] 'proxies_priv' entry '@ root@localhost' ignored in --skip-name-resolve mode.
2019-10-01T18:02:43.267664Z 0 [Warning] 'tables_priv' entry 'user mysql.session@localhost' ignored in --skip-name-resolve mode.
2019-10-01T18:02:43.267680Z 0 [Warning] 'tables_priv' entry 'sys_config mysql.sys@localhost' ignored in --skip-name-resolve mode.
2019-10-01T18:02:43.273405Z 0 [Note] InnoDB: Buffer pool(s) load completed at 191001 18:02:43
2019-10-01T18:02:43.284651Z 0 [Note] Event Scheduler: Loaded 0 events
2019-10-01T18:02:43.291188Z 0 [Note] /usr/sbin/mysqld: ready for connections.
Version: '5.7.23'  socket: '/var/run/mysqld/mysqld.sock'  port: 3306  MySQL Community Server (GPL)
2019-10-01T21:12:39.896432Z 0 [Note] InnoDB: page_cleaner: 1000ms intended loop took 10519524ms. The settings might not be optimal. (flushed=0 and evicted=0, during the time.)
2019-10-01T22:59:24.382686Z 0 [Note] InnoDB: page_cleaner: 1000ms intended loop took 378529ms. The settings might not be optimal. (flushed=0 and evicted=0, during the time.)
2019-10-02T01:24:09.286422Z 0 [Note] InnoDB: page_cleaner: 1000ms intended loop took 7570035ms. The settings might not be optimal. (flushed=0 and evicted=0, during the time.)
2019-10-02T03:16:37.583609Z 0 [Note] InnoDB: page_cleaner: 1000ms intended loop took 3116437ms. The settings might not be optimal. (flushed=0 and evicted=0, during the time.)
2019-10-02T04:26:24.328946Z 0 [Note] Giving 0 client threads a chance to die gracefully
2019-10-02T04:26:24.329938Z 0 [Note] Shutting down slave threads
2019-10-02T04:26:24.329958Z 0 [Note] Forcefully disconnecting 0 remaining clients
2019-10-02T04:26:24.329970Z 0 [Note] Event Scheduler: Purging the queue. 0 events
2019-10-02T04:26:24.330058Z 0 [Note] Binlog end
2019-10-02T04:26:24.338591Z 0 [Note] Shutting down plugin 'ngram'
2019-10-02T04:26:24.338613Z 0 [Note] Shutting down plugin 'partition'
2019-10-02T04:26:24.338617Z 0 [Note] Shutting down plugin 'BLACKHOLE'
2019-10-02T04:26:24.338621Z 0 [Note] Shutting down plugin 'ARCHIVE'
2019-10-02T04:26:24.338624Z 0 [Note] Shutting down plugin 'PERFORMANCE_SCHEMA'
2019-10-02T04:26:24.338653Z 0 [Note] Shutting down plugin 'MRG_MYISAM'
2019-10-02T04:26:24.338657Z 0 [Note] Shutting down plugin 'MyISAM'
2019-10-02T04:26:24.338669Z 0 [Note] Shutting down plugin 'INNODB_SYS_VIRTUAL'
2019-10-02T04:26:24.338672Z 0 [Note] Shutting down plugin 'INNODB_SYS_DATAFILES'
2019-10-02T04:26:24.338675Z 0 [Note] Shutting down plugin 'INNODB_SYS_TABLESPACES'
2019-10-02T04:26:24.338678Z 0 [Note] Shutting down plugin 'INNODB_SYS_FOREIGN_COLS'
2019-10-02T04:26:24.338680Z 0 [Note] Shutting down plugin 'INNODB_SYS_FOREIGN'
2019-10-02T04:26:24.338683Z 0 [Note] Shutting down plugin 'INNODB_SYS_FIELDS'
2019-10-02T04:26:24.338685Z 0 [Note] Shutting down plugin 'INNODB_SYS_COLUMNS'
2019-10-02T04:26:24.338688Z 0 [Note] Shutting down plugin 'INNODB_SYS_INDEXES'
2019-10-02T04:26:24.338690Z 0 [Note] Shutting down plugin 'INNODB_SYS_TABLESTATS'
2019-10-02T04:26:24.338693Z 0 [Note] Shutting down plugin 'INNODB_SYS_TABLES'
2019-10-02T04:26:24.338695Z 0 [Note] Shutting down plugin 'INNODB_FT_INDEX_TABLE'
2019-10-02T04:26:24.338698Z 0 [Note] Shutting down plugin 'INNODB_FT_INDEX_CACHE'
2019-10-02T04:26:24.338700Z 0 [Note] Shutting down plugin 'INNODB_FT_CONFIG'
2019-10-02T04:26:24.338703Z 0 [Note] Shutting down plugin 'INNODB_FT_BEING_DELETED'
2019-10-02T04:26:24.338705Z 0 [Note] Shutting down plugin 'INNODB_FT_DELETED'
2019-10-02T04:26:24.338707Z 0 [Note] Shutting down plugin 'INNODB_FT_DEFAULT_STOPWORD'
2019-10-02T04:26:24.338710Z 0 [Note] Shutting down plugin 'INNODB_METRICS'
2019-10-02T04:26:24.338712Z 0 [Note] Shutting down plugin 'INNODB_TEMP_TABLE_INFO'
2019-10-02T04:26:24.338715Z 0 [Note] Shutting down plugin 'INNODB_BUFFER_POOL_STATS'
2019-10-02T04:26:24.338717Z 0 [Note] Shutting down plugin 'INNODB_BUFFER_PAGE_LRU'
2019-10-02T04:26:24.338720Z 0 [Note] Shutting down plugin 'INNODB_BUFFER_PAGE'
2019-10-02T04:26:24.338722Z 0 [Note] Shutting down plugin 'INNODB_CMP_PER_INDEX_RESET'
2019-10-02T04:26:24.338725Z 0 [Note] Shutting down plugin 'INNODB_CMP_PER_INDEX'
2019-10-02T04:26:24.338727Z 0 [Note] Shutting down plugin 'INNODB_CMPMEM_RESET'
2019-10-02T04:26:24.338730Z 0 [Note] Shutting down plugin 'INNODB_CMPMEM'
2019-10-02T04:26:24.338732Z 0 [Note] Shutting down plugin 'INNODB_CMP_RESET'
2019-10-02T04:26:24.338735Z 0 [Note] Shutting down plugin 'INNODB_CMP'
2019-10-02T04:26:24.338737Z 0 [Note] Shutting down plugin 'INNODB_LOCK_WAITS'
2019-10-02T04:26:24.338740Z 0 [Note] Shutting down plugin 'INNODB_LOCKS'
2019-10-02T04:26:24.338742Z 0 [Note] Shutting down plugin 'INNODB_TRX'
2019-10-02T04:26:24.338745Z 0 [Note] Shutting down plugin 'InnoDB'
2019-10-02T04:26:24.338809Z 0 [Note] InnoDB: FTS optimize thread exiting.
2019-10-02T04:26:24.339022Z 0 [Note] InnoDB: Starting shutdown...
2019-10-02T04:26:24.439737Z 0 [Note] InnoDB: Dumping buffer pool(s) to /var/lib/mysql/ib_buffer_pool
2019-10-02T04:26:24.444674Z 0 [Note] InnoDB: Buffer pool(s) dump completed at 191002  4:26:24
2019-10-02T04:26:26.180005Z 0 [Note] InnoDB: Shutdown completed; log sequence number 13195547
2019-10-02T04:26:26.180495Z 0 [Note] InnoDB: Removed temporary tablespace data file: "ibtmp1"
2019-10-02T04:26:26.180522Z 0 [Note] Shutting down plugin 'MEMORY'
2019-10-02T04:26:26.180531Z 0 [Note] Shutting down plugin 'CSV'
2019-10-02T04:26:26.180538Z 0 [Note] Shutting down plugin 'sha256_password'
2019-10-02T04:26:26.180544Z 0 [Note] Shutting down plugin 'mysql_native_password'
2019-10-02T04:26:26.180729Z 0 [Note] Shutting down plugin 'binlog'
2019-10-02T04:26:26.181407Z 0 [Note] /usr/sbin/mysqld: Shutdown complete

2019-10-02T18:25:47.808154Z 0 [Warning] TIMESTAMP with implicit DEFAULT value is deprecated. Please use --explicit_defaults_for_timestamp server option (see documentation for more details).
2019-10-02T18:25:47.815240Z 0 [Note] /usr/sbin/mysqld (mysqld 5.7.23) starting as process 81 ...
2019-10-02T18:25:47.866947Z 0 [Note] InnoDB: PUNCH HOLE support available
2019-10-02T18:25:47.866980Z 0 [Note] InnoDB: Mutexes and rw_locks use GCC atomic builtins
2019-10-02T18:25:47.866984Z 0 [Note] InnoDB: Uses event mutexes
2019-10-02T18:25:47.866992Z 0 [Note] InnoDB: GCC builtin __atomic_thread_fence() is used for memory barrier
2019-10-02T18:25:47.866996Z 0 [Note] InnoDB: Compressed tables use zlib 1.2.3
2019-10-02T18:25:47.866999Z 0 [Note] InnoDB: Using Linux native AIO
2019-10-02T18:25:47.870306Z 0 [Note] InnoDB: Number of pools: 1
2019-10-02T18:25:47.875728Z 0 [Note] InnoDB: Using CPU crc32 instructions
2019-10-02T18:25:47.879678Z 0 [Note] InnoDB: Initializing buffer pool, total size = 32M, instances = 1, chunk size = 32M
2019-10-02T18:25:47.884396Z 0 [Note] InnoDB: Completed initialization of buffer pool
2019-10-02T18:25:47.892500Z 0 [Note] InnoDB: If the mysqld execution user is authorized, page cleaner thread priority can be changed. See the man page of setpriority().
2019-10-02T18:25:47.929589Z 0 [Note] InnoDB: Highest supported file format is Barracuda.
2019-10-02T18:25:48.015870Z 0 [Note] InnoDB: Creating shared tablespace for temporary tables
2019-10-02T18:25:48.015977Z 0 [Note] InnoDB: Setting file './ibtmp1' size to 12 MB. Physically writing the file full; Please wait ...
2019-10-02T18:25:48.075408Z 0 [Note] InnoDB: File './ibtmp1' size is now 12 MB.
2019-10-02T18:25:48.076193Z 0 [Note] InnoDB: 96 redo rollback segment(s) found. 96 redo rollback segment(s) are active.
2019-10-02T18:25:48.076210Z 0 [Note] InnoDB: 32 non-redo rollback segment(s) are active.
2019-10-02T18:25:48.076691Z 0 [Note] InnoDB: Waiting for purge to start
2019-10-02T18:25:48.126962Z 0 [Note] InnoDB: 5.7.23 started; log sequence number 13195547
2019-10-02T18:25:48.128242Z 0 [Note] Plugin 'FEDERATED' is disabled.
2019-10-02T18:25:48.138579Z 0 [Note] InnoDB: Loading buffer pool(s) from /var/lib/mysql/ib_buffer_pool
2019-10-02T18:25:48.165703Z 0 [Warning] Failed to set up SSL because of the following SSL library error: SSL context is not usable without certificate and private key
2019-10-02T18:25:48.165732Z 0 [Note] Server hostname (bind-address): '*'; port: 3306
2019-10-02T18:25:48.166048Z 0 [Note] IPv6 is available.
2019-10-02T18:25:48.166605Z 0 [Note]   - '::' resolves to '::';
2019-10-02T18:25:48.166625Z 0 [Note] Server socket created on IP: '::'.
2019-10-02T18:25:48.214618Z 0 [Warning] 'user' entry 'root@localhost' ignored in --skip-name-resolve mode.
2019-10-02T18:25:48.214669Z 0 [Warning] 'user' entry 'mysql.session@localhost' ignored in --skip-name-resolve mode.
2019-10-02T18:25:48.214689Z 0 [Warning] 'user' entry 'mysql.sys@localhost' ignored in --skip-name-resolve mode.
2019-10-02T18:25:48.218644Z 0 [Warning] 'db' entry 'performance_schema mysql.session@localhost' ignored in --skip-name-resolve mode.
2019-10-02T18:25:48.218683Z 0 [Warning] 'db' entry 'sys mysql.sys@localhost' ignored in --skip-name-resolve mode.
2019-10-02T18:25:48.219152Z 0 [Warning] 'proxies_priv' entry '@ root@localhost' ignored in --skip-name-resolve mode.
2019-10-02T18:25:48.234303Z 0 [Note] InnoDB: Buffer pool(s) load completed at 191002 18:25:48
2019-10-02T18:25:48.260089Z 0 [Warning] 'tables_priv' entry 'user mysql.session@localhost' ignored in --skip-name-resolve mode.
2019-10-02T18:25:48.260116Z 0 [Warning] 'tables_priv' entry 'sys_config mysql.sys@localhost' ignored in --skip-name-resolve mode.
2019-10-02T18:25:48.338448Z 0 [Note] Event Scheduler: Loaded 0 events
2019-10-02T18:25:48.342844Z 0 [Note] /usr/sbin/mysqld: ready for connections.
Version: '5.7.23'  socket: '/var/run/mysqld/mysqld.sock'  port: 3306  MySQL Community Server (GPL)
2019-10-02T21:13:52.991314Z 0 [Note] InnoDB: page_cleaner: 1000ms intended loop took 6828057ms. The settings might not be optimal. (flushed=0 and evicted=0, during the time.)
