2019-10-18T06:34:38.103480Z 0 [Warning] TIMESTAMP with implicit DEFAULT value is deprecated. Please use --explicit_defaults_for_timestamp server option (see documentation for more details).
2019-10-18T06:34:38.104473Z 0 [Note] /usr/sbin/mysqld (mysqld 5.7.23) starting as process 29 ...
2019-10-18T06:34:38.270703Z 0 [Note] InnoDB: PUNCH HOLE support available
2019-10-18T06:34:38.270745Z 0 [Note] InnoDB: Mutexes and rw_locks use GCC atomic builtins
2019-10-18T06:34:38.270752Z 0 [Note] InnoDB: Uses event mutexes
2019-10-18T06:34:38.270758Z 0 [Note] InnoDB: GCC builtin __atomic_thread_fence() is used for memory barrier
2019-10-18T06:34:38.270764Z 0 [Note] InnoDB: Compressed tables use zlib 1.2.3
2019-10-18T06:34:38.270770Z 0 [Note] InnoDB: Using Linux native AIO
2019-10-18T06:34:38.271100Z 0 [Note] InnoDB: Number of pools: 1
2019-10-18T06:34:38.271244Z 0 [Note] InnoDB: Using CPU crc32 instructions
2019-10-18T06:34:38.304332Z 0 [Note] InnoDB: Initializing buffer pool, total size = 32M, instances = 1, chunk size = 32M
2019-10-18T06:34:38.384027Z 0 [Note] InnoDB: Completed initialization of buffer pool
2019-10-18T06:34:38.423043Z 0 [Note] InnoDB: If the mysqld execution user is authorized, page cleaner thread priority can be changed. See the man page of setpriority().
2019-10-18T06:34:38.537783Z 0 [Note] InnoDB: Highest supported file format is Barracuda.
2019-10-18T06:34:38.616393Z 0 [Note] InnoDB: Log scan progressed past the checkpoint lsn 2588963
2019-10-18T06:34:38.616439Z 0 [Note] InnoDB: Doing recovery: scanned up to log sequence number 2591784
2019-10-18T06:34:38.626882Z 0 [Note] InnoDB: Database was not shutdown normally!
2019-10-18T06:34:38.626918Z 0 [Note] InnoDB: Starting crash recovery.
2019-10-18T06:34:42.285206Z 0 [Note] InnoDB: Starting an apply batch of log records to the database...
InnoDB: Progress in percent: 16 17 18 19 20 21 22 23 24 25 26 27 28 29 30 31 32 33 34 35 36 37 38 39 40 41 42 43 44 45 46 47 48 49 50 51 52 53 54 55 56 57 58 59 60 61 62 63 64 65 66 67 68 69 70 71 72 73 74 75 76 77 78 79 80 81 82 83 84 85 86 87 88 89 90 91 92 93 94 95 96 97 98 99 
2019-10-18T06:34:42.874328Z 0 [Note] InnoDB: Apply batch completed
2019-10-18T06:34:42.980061Z 0 [Note] InnoDB: Removed temporary tablespace data file: "ibtmp1"
2019-10-18T06:34:42.980101Z 0 [Note] InnoDB: Creating shared tablespace for temporary tables
2019-10-18T06:34:42.980192Z 0 [Note] InnoDB: Setting file './ibtmp1' size to 12 MB. Physically writing the file full; Please wait ...
2019-10-18T06:34:43.107587Z 0 [Note] InnoDB: File './ibtmp1' size is now 12 MB.
2019-10-18T06:34:43.195909Z 0 [Note] InnoDB: 96 redo rollback segment(s) found. 96 redo rollback segment(s) are active.
2019-10-18T06:34:43.195949Z 0 [Note] InnoDB: 32 non-redo rollback segment(s) are active.
2019-10-18T06:34:43.196433Z 0 [Note] InnoDB: Waiting for purge to start
2019-10-18T06:34:43.247095Z 0 [Note] InnoDB: 5.7.23 started; log sequence number 2591784
2019-10-18T06:34:43.262991Z 0 [Note] Plugin 'FEDERATED' is disabled.
2019-10-18T06:34:43.264627Z 0 [Warning] Failed to set up SSL because of the following SSL library error: SSL context is not usable without certificate and private key
2019-10-18T06:34:43.264654Z 0 [Note] Server hostname (bind-address): '*'; port: 3306
2019-10-18T06:34:43.264715Z 0 [Note] IPv6 is available.
2019-10-18T06:34:43.264730Z 0 [Note]   - '::' resolves to '::';
2019-10-18T06:34:43.264740Z 0 [Note] Server socket created on IP: '::'.
2019-10-18T06:34:43.248041Z 0 [Note] InnoDB: page_cleaner: 1000ms intended loop took 4826ms. The settings might not be optimal. (flushed=0 and evicted=0, during the time.)
2019-10-18T06:34:43.314818Z 0 [Note] InnoDB: Loading buffer pool(s) from /var/lib/mysql/ib_buffer_pool
2019-10-18T06:34:43.366857Z 0 [Note] InnoDB: Buffer pool(s) load completed at 191018  6:34:43
2019-10-18T06:34:43.386805Z 0 [Warning] Insecure configuration for --pid-file: Location '/var/run/mysqld' in the path is accessible to all OS users. Consider choosing a different directory.
2019-10-18T06:34:43.415953Z 0 [ERROR] /usr/sbin/mysqld: Table './mysql/user' is marked as crashed and should be repaired
2019-10-18T06:34:43.416495Z 0 [Warning] Checking table:   './mysql/user'
2019-10-18T06:34:43.416524Z 0 [ERROR] 1 client is using or hasn't closed the table properly
2019-10-18T06:34:43.420285Z 0 [Warning] 'user' entry 'root@localhost' ignored in --skip-name-resolve mode.
2019-10-18T06:34:43.420346Z 0 [Warning] 'user' entry 'mysql.session@localhost' ignored in --skip-name-resolve mode.
2019-10-18T06:34:43.420368Z 0 [Warning] 'user' entry 'mysql.sys@localhost' ignored in --skip-name-resolve mode.
2019-10-18T06:34:43.420407Z 0 [Warning] 'db' entry 'performance_schema mysql.session@localhost' ignored in --skip-name-resolve mode.
2019-10-18T06:34:43.420419Z 0 [Warning] 'db' entry 'sys mysql.sys@localhost' ignored in --skip-name-resolve mode.
2019-10-18T06:34:43.420438Z 0 [Warning] 'proxies_priv' entry '@ root@localhost' ignored in --skip-name-resolve mode.
2019-10-18T06:34:43.434991Z 0 [Warning] 'tables_priv' entry 'user mysql.session@localhost' ignored in --skip-name-resolve mode.
2019-10-18T06:34:43.435024Z 0 [Warning] 'tables_priv' entry 'sys_config mysql.sys@localhost' ignored in --skip-name-resolve mode.
2019-10-18T06:34:43.599034Z 0 [Note] Event Scheduler: Loaded 0 events
2019-10-18T06:34:43.599487Z 0 [Note] /usr/sbin/mysqld: ready for connections.
Version: '5.7.23'  socket: '/var/run/mysqld/mysqld.sock'  port: 3306  MySQL Community Server (GPL)
2019-10-18T06:35:01.591109Z 4 [ERROR] /usr/sbin/mysqld: Table './mysql/proc' is marked as crashed and should be repaired
2019-10-18T06:35:01.601449Z 4 [Warning] Checking table:   './mysql/proc'
2019-10-18T06:35:01.653448Z 6 [Warning] 'user' entry 'root@localhost' ignored in --skip-name-resolve mode.
2019-10-18T06:35:01.653480Z 6 [Warning] 'user' entry 'mysql.session@localhost' ignored in --skip-name-resolve mode.
2019-10-18T06:35:01.653489Z 6 [Warning] 'user' entry 'mysql.sys@localhost' ignored in --skip-name-resolve mode.
2019-10-18T06:35:01.653509Z 6 [Warning] 'db' entry 'performance_schema mysql.session@localhost' ignored in --skip-name-resolve mode.
2019-10-18T06:35:01.653514Z 6 [Warning] 'db' entry 'sys mysql.sys@localhost' ignored in --skip-name-resolve mode.
2019-10-18T06:35:01.653524Z 6 [Warning] 'proxies_priv' entry '@ root@localhost' ignored in --skip-name-resolve mode.
2019-10-18T06:35:01.653677Z 6 [Warning] 'tables_priv' entry 'user mysql.session@localhost' ignored in --skip-name-resolve mode.
2019-10-18T06:35:01.653688Z 6 [Warning] 'tables_priv' entry 'sys_config mysql.sys@localhost' ignored in --skip-name-resolve mode.
2019-10-18T14:13:32.129573Z 0 [Note] InnoDB: page_cleaner: 1000ms intended loop took 25338844ms. The settings might not be optimal. (flushed=0 and evicted=0, during the time.)
2019-10-18T16:21:45.065909Z 0 [Note] InnoDB: page_cleaner: 1000ms intended loop took 7573323ms. The settings might not be optimal. (flushed=0 and evicted=0, during the time.)
2019-10-19T15:32:00.504079Z 0 [Note] InnoDB: page_cleaner: 1000ms intended loop took 78554906ms. The settings might not be optimal. (flushed=0 and evicted=0, during the time.)
2019-10-20T04:26:07.152444Z 0 [Note] InnoDB: page_cleaner: 1000ms intended loop took 38905420ms. The settings might not be optimal. (flushed=0 and evicted=0, during the time.)
2019-10-20T14:53:13.899391Z 0 [Note] InnoDB: page_cleaner: 1000ms intended loop took 35956895ms. The settings might not be optimal. (flushed=0 and evicted=0, during the time.)
2019-10-21T00:58:57.914471Z 0 [Note] InnoDB: page_cleaner: 1000ms intended loop took 33653832ms. The settings might not be optimal. (flushed=0 and evicted=0, during the time.)
2019-10-21T20:44:20.991897Z 0 [Note] InnoDB: page_cleaner: 1000ms intended loop took 49650411ms. The settings might not be optimal. (flushed=0 and evicted=0, during the time.)
2019-10-22T03:34:12.748558Z 0 [Note] InnoDB: page_cleaner: 1000ms intended loop took 20041268ms. The settings might not be optimal. (flushed=0 and evicted=0, during the time.)
2019-10-22T05:06:17.913119Z 0 [Warning] TIMESTAMP with implicit DEFAULT value is deprecated. Please use --explicit_defaults_for_timestamp server option (see documentation for more details).
2019-10-22T05:06:17.929340Z 0 [Note] /usr/sbin/mysqld (mysqld 5.7.23) starting as process 115 ...
2019-10-22T05:06:18.077106Z 0 [Note] InnoDB: PUNCH HOLE support available
2019-10-22T05:06:18.077165Z 0 [Note] InnoDB: Mutexes and rw_locks use GCC atomic builtins
2019-10-22T05:06:18.077172Z 0 [Note] InnoDB: Uses event mutexes
2019-10-22T05:06:18.077177Z 0 [Note] InnoDB: GCC builtin __atomic_thread_fence() is used for memory barrier
2019-10-22T05:06:18.077181Z 0 [Note] InnoDB: Compressed tables use zlib 1.2.3
2019-10-22T05:06:18.077186Z 0 [Note] InnoDB: Using Linux native AIO
2019-10-22T05:06:18.082042Z 0 [Note] InnoDB: Number of pools: 1
2019-10-22T05:06:18.094056Z 0 [Note] InnoDB: Using CPU crc32 instructions
2019-10-22T05:06:18.123855Z 0 [Note] InnoDB: Initializing buffer pool, total size = 32M, instances = 1, chunk size = 32M
2019-10-22T05:06:18.152036Z 0 [Note] InnoDB: Completed initialization of buffer pool
2019-10-22T05:06:18.168767Z 0 [Note] InnoDB: If the mysqld execution user is authorized, page cleaner thread priority can be changed. See the man page of setpriority().
2019-10-22T05:06:18.227509Z 0 [Note] InnoDB: Highest supported file format is Barracuda.
2019-10-22T05:06:18.247253Z 0 [Note] InnoDB: Log scan progressed past the checkpoint lsn 9122081
2019-10-22T05:06:18.247306Z 0 [Note] InnoDB: Doing recovery: scanned up to log sequence number 9122090
2019-10-22T05:06:18.247318Z 0 [Note] InnoDB: Database was not shutdown normally!
2019-10-22T05:06:18.250350Z 0 [Note] InnoDB: Starting crash recovery.
2019-10-22T05:06:19.676975Z 0 [Note] InnoDB: Removed temporary tablespace data file: "ibtmp1"
2019-10-22T05:06:19.677043Z 0 [Note] InnoDB: Creating shared tablespace for temporary tables
2019-10-22T05:06:19.677172Z 0 [Note] InnoDB: Setting file './ibtmp1' size to 12 MB. Physically writing the file full; Please wait ...
2019-10-22T05:06:19.903688Z 0 [Note] InnoDB: File './ibtmp1' size is now 12 MB.
2019-10-22T05:06:19.927511Z 0 [Note] InnoDB: 96 redo rollback segment(s) found. 96 redo rollback segment(s) are active.
2019-10-22T05:06:19.927544Z 0 [Note] InnoDB: 32 non-redo rollback segment(s) are active.
2019-10-22T05:06:19.930365Z 0 [Note] InnoDB: Waiting for purge to start
2019-10-22T05:06:19.980579Z 0 [Note] InnoDB: 5.7.23 started; log sequence number 9122090
2019-10-22T05:06:19.995015Z 0 [Note] Plugin 'FEDERATED' is disabled.
2019-10-22T05:06:20.057459Z 0 [Note] InnoDB: Loading buffer pool(s) from /var/lib/mysql/ib_buffer_pool
2019-10-22T05:06:20.132481Z 0 [Warning] Failed to set up SSL because of the following SSL library error: SSL context is not usable without certificate and private key
2019-10-22T05:06:20.132518Z 0 [Note] Server hostname (bind-address): '*'; port: 3306
2019-10-22T05:06:20.135054Z 0 [Note] IPv6 is available.
2019-10-22T05:06:20.138399Z 0 [Note]   - '::' resolves to '::';
2019-10-22T05:06:20.139265Z 0 [Note] Server socket created on IP: '::'.
2019-10-22T05:06:20.323818Z 0 [Note] InnoDB: Buffer pool(s) load completed at 191022  5:06:20
2019-10-22T05:06:20.329034Z 0 [ERROR] /usr/sbin/mysqld: Table './mysql/user' is marked as crashed and should be repaired
2019-10-22T05:06:20.329439Z 0 [Warning] Checking table:   './mysql/user'
2019-10-22T05:06:20.329471Z 0 [ERROR] 1 client is using or hasn't closed the table properly
2019-10-22T05:06:20.418945Z 0 [Warning] 'user' entry 'root@localhost' ignored in --skip-name-resolve mode.
2019-10-22T05:06:20.419199Z 0 [Warning] 'user' entry 'mysql.session@localhost' ignored in --skip-name-resolve mode.
2019-10-22T05:06:20.419226Z 0 [Warning] 'user' entry 'mysql.sys@localhost' ignored in --skip-name-resolve mode.
2019-10-22T05:06:20.420039Z 0 [Warning] 'db' entry 'performance_schema mysql.session@localhost' ignored in --skip-name-resolve mode.
2019-10-22T05:06:20.420259Z 0 [Warning] 'db' entry 'sys mysql.sys@localhost' ignored in --skip-name-resolve mode.
2019-10-22T05:06:20.421019Z 0 [Warning] 'proxies_priv' entry '@ root@localhost' ignored in --skip-name-resolve mode.
2019-10-22T05:06:20.432675Z 0 [Warning] 'tables_priv' entry 'user mysql.session@localhost' ignored in --skip-name-resolve mode.
2019-10-22T05:06:20.432728Z 0 [Warning] 'tables_priv' entry 'sys_config mysql.sys@localhost' ignored in --skip-name-resolve mode.
2019-10-22T05:06:21.115893Z 0 [Note] Event Scheduler: Loaded 0 events
2019-10-22T05:06:21.126805Z 0 [Note] /usr/sbin/mysqld: ready for connections.
Version: '5.7.23'  socket: '/var/run/mysqld/mysqld.sock'  port: 3306  MySQL Community Server (GPL)
2019-10-22T16:13:49.848652Z 0 [Note] InnoDB: page_cleaner: 1000ms intended loop took 30624708ms. The settings might not be optimal. (flushed=0 and evicted=0, during the time.)
2019-10-22T16:51:36.454709Z 0 [Note] InnoDB: page_cleaner: 1000ms intended loop took 668111ms. The settings might not be optimal. (flushed=0 and evicted=0, during the time.)
2019-10-22T20:34:22.621617Z 0 [Note] InnoDB: page_cleaner: 1000ms intended loop took 6934646ms. The settings might not be optimal. (flushed=0 and evicted=0, during the time.)
2019-10-22T22:27:27.578071Z 0 [Note] InnoDB: page_cleaner: 1000ms intended loop took 6205341ms. The settings might not be optimal. (flushed=0 and evicted=0, during the time.)
2019-10-22T22:51:10.212814Z 0 [Note] InnoDB: page_cleaner: 1000ms intended loop took 9351ms. The settings might not be optimal. (flushed=0 and evicted=0, during the time.)
2019-10-23T04:42:02.670301Z 0 [Note] InnoDB: page_cleaner: 1000ms intended loop took 20725919ms. The settings might not be optimal. (flushed=0 and evicted=0, during the time.)
2019-10-23T12:57:24.816370Z 0 [Note] InnoDB: page_cleaner: 1000ms intended loop took 21981532ms. The settings might not be optimal. (flushed=0 and evicted=0, during the time.)
2019-10-23T16:10:17.956242Z 0 [Note] InnoDB: page_cleaner: 1000ms intended loop took 11173528ms. The settings might not be optimal. (flushed=0 and evicted=0, during the time.)
2019-10-23T19:54:04.869500Z 0 [Note] InnoDB: page_cleaner: 1000ms intended loop took 10687284ms. The settings might not be optimal. (flushed=0 and evicted=0, during the time.)
2019-10-23T20:04:05.667989Z 0 [Note] InnoDB: page_cleaner: 1000ms intended loop took 6763ms. The settings might not be optimal. (flushed=0 and evicted=0, during the time.)
2019-10-23T20:40:13.033894Z 0 [Note] InnoDB: page_cleaner: 1000ms intended loop took 4029ms. The settings might not be optimal. (flushed=40 and evicted=0, during the time.)
2019-10-24T18:02:36.712502Z 0 [Note] InnoDB: page_cleaner: 1000ms intended loop took 72420599ms. The settings might not be optimal. (flushed=0 and evicted=0, during the time.)
2019-10-25T03:45:50.708435Z 0 [Note] InnoDB: page_cleaner: 1000ms intended loop took 32584474ms. The settings might not be optimal. (flushed=0 and evicted=0, during the time.)
2019-10-25T03:47:51.616386Z 0 [Note] Giving 0 client threads a chance to die gracefully
2019-10-25T03:47:51.618380Z 0 [Note] Shutting down slave threads
2019-10-25T03:47:51.618398Z 0 [Note] Forcefully disconnecting 0 remaining clients
2019-10-25T03:47:51.618464Z 0 [Note] Event Scheduler: Purging the queue. 0 events
2019-10-25T03:47:51.618513Z 0 [Note] Binlog end
2019-10-25T03:47:51.622374Z 0 [Note] Shutting down plugin 'ngram'
2019-10-25T03:47:51.622632Z 0 [Note] Shutting down plugin 'partition'
2019-10-25T03:47:51.622641Z 0 [Note] Shutting down plugin 'BLACKHOLE'
2019-10-25T03:47:51.622648Z 0 [Note] Shutting down plugin 'ARCHIVE'
2019-10-25T03:47:51.622653Z 0 [Note] Shutting down plugin 'PERFORMANCE_SCHEMA'
2019-10-25T03:47:51.622683Z 0 [Note] Shutting down plugin 'MRG_MYISAM'
2019-10-25T03:47:51.622692Z 0 [Note] Shutting down plugin 'MyISAM'
2019-10-25T03:47:51.622709Z 0 [Note] Shutting down plugin 'INNODB_SYS_VIRTUAL'
2019-10-25T03:47:51.622715Z 0 [Note] Shutting down plugin 'INNODB_SYS_DATAFILES'
2019-10-25T03:47:51.622720Z 0 [Note] Shutting down plugin 'INNODB_SYS_TABLESPACES'
2019-10-25T03:47:51.622724Z 0 [Note] Shutting down plugin 'INNODB_SYS_FOREIGN_COLS'
2019-10-25T03:47:51.622728Z 0 [Note] Shutting down plugin 'INNODB_SYS_FOREIGN'
2019-10-25T03:47:51.622732Z 0 [Note] Shutting down plugin 'INNODB_SYS_FIELDS'
2019-10-25T03:47:51.622736Z 0 [Note] Shutting down plugin 'INNODB_SYS_COLUMNS'
2019-10-25T03:47:51.622751Z 0 [Note] Shutting down plugin 'INNODB_SYS_INDEXES'
2019-10-25T03:47:51.622757Z 0 [Note] Shutting down plugin 'INNODB_SYS_TABLESTATS'
2019-10-25T03:47:51.622761Z 0 [Note] Shutting down plugin 'INNODB_SYS_TABLES'
2019-10-25T03:47:51.622765Z 0 [Note] Shutting down plugin 'INNODB_FT_INDEX_TABLE'
2019-10-25T03:47:51.622769Z 0 [Note] Shutting down plugin 'INNODB_FT_INDEX_CACHE'
2019-10-25T03:47:51.622774Z 0 [Note] Shutting down plugin 'INNODB_FT_CONFIG'
2019-10-25T03:47:51.622778Z 0 [Note] Shutting down plugin 'INNODB_FT_BEING_DELETED'
2019-10-25T03:47:51.622782Z 0 [Note] Shutting down plugin 'INNODB_FT_DELETED'
2019-10-25T03:47:51.622786Z 0 [Note] Shutting down plugin 'INNODB_FT_DEFAULT_STOPWORD'
2019-10-25T03:47:51.622789Z 0 [Note] Shutting down plugin 'INNODB_METRICS'
2019-10-25T03:47:51.622793Z 0 [Note] Shutting down plugin 'INNODB_TEMP_TABLE_INFO'
2019-10-25T03:47:51.622798Z 0 [Note] Shutting down plugin 'INNODB_BUFFER_POOL_STATS'
2019-10-25T03:47:51.622802Z 0 [Note] Shutting down plugin 'INNODB_BUFFER_PAGE_LRU'
2019-10-25T03:47:51.622806Z 0 [Note] Shutting down plugin 'INNODB_BUFFER_PAGE'
2019-10-25T03:47:51.622809Z 0 [Note] Shutting down plugin 'INNODB_CMP_PER_INDEX_RESET'
2019-10-25T03:47:51.622813Z 0 [Note] Shutting down plugin 'INNODB_CMP_PER_INDEX'
2019-10-25T03:47:51.622817Z 0 [Note] Shutting down plugin 'INNODB_CMPMEM_RESET'
2019-10-25T03:47:51.622821Z 0 [Note] Shutting down plugin 'INNODB_CMPMEM'
2019-10-25T03:47:51.622825Z 0 [Note] Shutting down plugin 'INNODB_CMP_RESET'
2019-10-25T03:47:51.622829Z 0 [Note] Shutting down plugin 'INNODB_CMP'
2019-10-25T03:47:51.622833Z 0 [Note] Shutting down plugin 'INNODB_LOCK_WAITS'
2019-10-25T03:47:51.622837Z 0 [Note] Shutting down plugin 'INNODB_LOCKS'
2019-10-25T03:47:51.622840Z 0 [Note] Shutting down plugin 'INNODB_TRX'
2019-10-25T03:47:51.622844Z 0 [Note] Shutting down plugin 'InnoDB'
2019-10-25T03:47:51.623715Z 0 [Note] InnoDB: FTS optimize thread exiting.
2019-10-25T03:47:51.625263Z 0 [Note] InnoDB: Starting shutdown...
2019-10-25T03:47:51.821583Z 0 [Note] InnoDB: Dumping buffer pool(s) to /var/lib/mysql/ib_buffer_pool
2019-10-25T03:47:51.821935Z 0 [Note] InnoDB: Buffer pool(s) dump completed at 191025  3:47:51
2019-10-25T03:47:53.045617Z 0 [Note] InnoDB: Shutdown completed; log sequence number 15708416
2019-10-25T03:47:53.046520Z 0 [Note] InnoDB: Removed temporary tablespace data file: "ibtmp1"
2019-10-25T03:47:53.046544Z 0 [Note] Shutting down plugin 'MEMORY'
2019-10-25T03:47:53.046550Z 0 [Note] Shutting down plugin 'CSV'
2019-10-25T03:47:53.046554Z 0 [Note] Shutting down plugin 'sha256_password'
2019-10-25T03:47:53.046680Z 0 [Note] Shutting down plugin 'mysql_native_password'
2019-10-25T03:47:53.046963Z 0 [Note] Shutting down plugin 'binlog'
2019-10-25T03:47:53.048068Z 0 [Note] /usr/sbin/mysqld: Shutdown complete

2019-10-26T04:25:32.131630Z 0 [Warning] TIMESTAMP with implicit DEFAULT value is deprecated. Please use --explicit_defaults_for_timestamp server option (see documentation for more details).
2019-10-26T04:25:32.142734Z 0 [Note] /usr/sbin/mysqld (mysqld 5.7.23) starting as process 85 ...
2019-10-26T04:25:32.213190Z 0 [Note] InnoDB: PUNCH HOLE support available
2019-10-26T04:25:32.213281Z 0 [Note] InnoDB: Mutexes and rw_locks use GCC atomic builtins
2019-10-26T04:25:32.213289Z 0 [Note] InnoDB: Uses event mutexes
2019-10-26T04:25:32.213294Z 0 [Note] InnoDB: GCC builtin __atomic_thread_fence() is used for memory barrier
2019-10-26T04:25:32.213298Z 0 [Note] InnoDB: Compressed tables use zlib 1.2.3
2019-10-26T04:25:32.213303Z 0 [Note] InnoDB: Using Linux native AIO
2019-10-26T04:25:32.224926Z 0 [Note] InnoDB: Number of pools: 1
2019-10-26T04:25:32.231620Z 0 [Note] InnoDB: Using CPU crc32 instructions
2019-10-26T04:25:32.236189Z 0 [Note] InnoDB: Initializing buffer pool, total size = 32M, instances = 1, chunk size = 32M
2019-10-26T04:25:32.251197Z 0 [Note] InnoDB: Completed initialization of buffer pool
2019-10-26T04:25:32.261660Z 0 [Note] InnoDB: If the mysqld execution user is authorized, page cleaner thread priority can be changed. See the man page of setpriority().
2019-10-26T04:25:32.313550Z 0 [Note] InnoDB: Highest supported file format is Barracuda.
2019-10-26T04:25:32.458960Z 0 [Note] InnoDB: Creating shared tablespace for temporary tables
2019-10-26T04:25:32.459082Z 0 [Note] InnoDB: Setting file './ibtmp1' size to 12 MB. Physically writing the file full; Please wait ...
2019-10-26T04:25:32.535979Z 0 [Note] InnoDB: File './ibtmp1' size is now 12 MB.
2019-10-26T04:25:32.574565Z 0 [Note] InnoDB: 96 redo rollback segment(s) found. 96 redo rollback segment(s) are active.
2019-10-26T04:25:32.574602Z 0 [Note] InnoDB: 32 non-redo rollback segment(s) are active.
2019-10-26T04:25:32.578374Z 0 [Note] InnoDB: Waiting for purge to start
2019-10-26T04:25:32.628716Z 0 [Note] InnoDB: 5.7.23 started; log sequence number 15708416
2019-10-26T04:25:32.631066Z 0 [Note] Plugin 'FEDERATED' is disabled.
2019-10-26T04:25:32.633672Z 0 [Note] InnoDB: Loading buffer pool(s) from /var/lib/mysql/ib_buffer_pool
2019-10-26T04:25:32.711372Z 0 [Warning] Failed to set up SSL because of the following SSL library error: SSL context is not usable without certificate and private key
2019-10-26T04:25:32.711408Z 0 [Note] Server hostname (bind-address): '*'; port: 3306
2019-10-26T04:25:32.712914Z 0 [Note] IPv6 is available.
2019-10-26T04:25:32.714548Z 0 [Note]   - '::' resolves to '::';
2019-10-26T04:25:32.714603Z 0 [Note] Server socket created on IP: '::'.
2019-10-26T04:25:32.765475Z 0 [Warning] 'user' entry 'root@localhost' ignored in --skip-name-resolve mode.
2019-10-26T04:25:32.765553Z 0 [Warning] 'user' entry 'mysql.session@localhost' ignored in --skip-name-resolve mode.
2019-10-26T04:25:32.765568Z 0 [Warning] 'user' entry 'mysql.sys@localhost' ignored in --skip-name-resolve mode.
2019-10-26T04:25:32.766597Z 0 [Warning] 'db' entry 'performance_schema mysql.session@localhost' ignored in --skip-name-resolve mode.
2019-10-26T04:25:32.766620Z 0 [Warning] 'db' entry 'sys mysql.sys@localhost' ignored in --skip-name-resolve mode.
2019-10-26T04:25:32.770095Z 0 [Warning] 'proxies_priv' entry '@ root@localhost' ignored in --skip-name-resolve mode.
2019-10-26T04:25:32.818128Z 0 [Note] InnoDB: Buffer pool(s) load completed at 191026  4:25:32
2019-10-26T04:25:32.857688Z 0 [Warning] 'tables_priv' entry 'user mysql.session@localhost' ignored in --skip-name-resolve mode.
2019-10-26T04:25:32.857744Z 0 [Warning] 'tables_priv' entry 'sys_config mysql.sys@localhost' ignored in --skip-name-resolve mode.
2019-10-26T04:25:32.953964Z 0 [Note] Event Scheduler: Loaded 0 events
2019-10-26T04:25:32.971295Z 0 [Note] /usr/sbin/mysqld: ready for connections.
Version: '5.7.23'  socket: '/var/run/mysqld/mysqld.sock'  port: 3306  MySQL Community Server (GPL)
2019-10-26T05:28:06.382090Z 0 [Note] Giving 0 client threads a chance to die gracefully
2019-10-26T05:28:06.383438Z 0 [Note] Shutting down slave threads
2019-10-26T05:28:06.383462Z 0 [Note] Forcefully disconnecting 0 remaining clients
2019-10-26T05:28:06.383714Z 0 [Note] Event Scheduler: Purging the queue. 0 events
2019-10-26T05:28:06.384875Z 0 [Note] Binlog end
2019-10-26T05:28:06.386806Z 0 [Note] Shutting down plugin 'ngram'
2019-10-26T05:28:06.386836Z 0 [Note] Shutting down plugin 'partition'
2019-10-26T05:28:06.386845Z 0 [Note] Shutting down plugin 'BLACKHOLE'
2019-10-26T05:28:06.386852Z 0 [Note] Shutting down plugin 'ARCHIVE'
2019-10-26T05:28:06.386857Z 0 [Note] Shutting down plugin 'PERFORMANCE_SCHEMA'
2019-10-26T05:28:06.386885Z 0 [Note] Shutting down plugin 'MRG_MYISAM'
2019-10-26T05:28:06.386892Z 0 [Note] Shutting down plugin 'MyISAM'
2019-10-26T05:28:06.387663Z 0 [Note] Shutting down plugin 'INNODB_SYS_VIRTUAL'
2019-10-26T05:28:06.387680Z 0 [Note] Shutting down plugin 'INNODB_SYS_DATAFILES'
2019-10-26T05:28:06.387684Z 0 [Note] Shutting down plugin 'INNODB_SYS_TABLESPACES'
2019-10-26T05:28:06.387687Z 0 [Note] Shutting down plugin 'INNODB_SYS_FOREIGN_COLS'
2019-10-26T05:28:06.387690Z 0 [Note] Shutting down plugin 'INNODB_SYS_FOREIGN'
2019-10-26T05:28:06.387693Z 0 [Note] Shutting down plugin 'INNODB_SYS_FIELDS'
2019-10-26T05:28:06.387705Z 0 [Note] Shutting down plugin 'INNODB_SYS_COLUMNS'
2019-10-26T05:28:06.387708Z 0 [Note] Shutting down plugin 'INNODB_SYS_INDEXES'
2019-10-26T05:28:06.387711Z 0 [Note] Shutting down plugin 'INNODB_SYS_TABLESTATS'
2019-10-26T05:28:06.387714Z 0 [Note] Shutting down plugin 'INNODB_SYS_TABLES'
2019-10-26T05:28:06.387717Z 0 [Note] Shutting down plugin 'INNODB_FT_INDEX_TABLE'
2019-10-26T05:28:06.387720Z 0 [Note] Shutting down plugin 'INNODB_FT_INDEX_CACHE'
2019-10-26T05:28:06.387723Z 0 [Note] Shutting down plugin 'INNODB_FT_CONFIG'
2019-10-26T05:28:06.387726Z 0 [Note] Shutting down plugin 'INNODB_FT_BEING_DELETED'
2019-10-26T05:28:06.387729Z 0 [Note] Shutting down plugin 'INNODB_FT_DELETED'
2019-10-26T05:28:06.387732Z 0 [Note] Shutting down plugin 'INNODB_FT_DEFAULT_STOPWORD'
2019-10-26T05:28:06.387735Z 0 [Note] Shutting down plugin 'INNODB_METRICS'
2019-10-26T05:28:06.387738Z 0 [Note] Shutting down plugin 'INNODB_TEMP_TABLE_INFO'
2019-10-26T05:28:06.387741Z 0 [Note] Shutting down plugin 'INNODB_BUFFER_POOL_STATS'
2019-10-26T05:28:06.387744Z 0 [Note] Shutting down plugin 'INNODB_BUFFER_PAGE_LRU'
2019-10-26T05:28:06.387746Z 0 [Note] Shutting down plugin 'INNODB_BUFFER_PAGE'
2019-10-26T05:28:06.387750Z 0 [Note] Shutting down plugin 'INNODB_CMP_PER_INDEX_RESET'
2019-10-26T05:28:06.387753Z 0 [Note] Shutting down plugin 'INNODB_CMP_PER_INDEX'
2019-10-26T05:28:06.387756Z 0 [Note] Shutting down plugin 'INNODB_CMPMEM_RESET'
2019-10-26T05:28:06.387759Z 0 [Note] Shutting down plugin 'INNODB_CMPMEM'
2019-10-26T05:28:06.387762Z 0 [Note] Shutting down plugin 'INNODB_CMP_RESET'
2019-10-26T05:28:06.387764Z 0 [Note] Shutting down plugin 'INNODB_CMP'
2019-10-26T05:28:06.387768Z 0 [Note] Shutting down plugin 'INNODB_LOCK_WAITS'
2019-10-26T05:28:06.387771Z 0 [Note] Shutting down plugin 'INNODB_LOCKS'
2019-10-26T05:28:06.387774Z 0 [Note] Shutting down plugin 'INNODB_TRX'
2019-10-26T05:28:06.387777Z 0 [Note] Shutting down plugin 'InnoDB'
2019-10-26T05:28:06.387916Z 0 [Note] InnoDB: FTS optimize thread exiting.
2019-10-26T05:28:06.388367Z 0 [Note] InnoDB: Starting shutdown...
2019-10-26T05:28:06.488738Z 0 [Note] InnoDB: Dumping buffer pool(s) to /var/lib/mysql/ib_buffer_pool
2019-10-26T05:28:06.489041Z 0 [Note] InnoDB: Buffer pool(s) dump completed at 191026  5:28:06
2019-10-26T05:28:08.027838Z 0 [Note] InnoDB: Shutdown completed; log sequence number 16797559
2019-10-26T05:28:08.035371Z 0 [Note] InnoDB: Removed temporary tablespace data file: "ibtmp1"
2019-10-26T05:28:08.035409Z 0 [Note] Shutting down plugin 'MEMORY'
2019-10-26T05:28:08.035416Z 0 [Note] Shutting down plugin 'CSV'
2019-10-26T05:28:08.035421Z 0 [Note] Shutting down plugin 'sha256_password'
2019-10-26T05:28:08.035425Z 0 [Note] Shutting down plugin 'mysql_native_password'
2019-10-26T05:28:08.035565Z 0 [Note] Shutting down plugin 'binlog'
2019-10-26T05:28:08.036194Z 0 [Note] /usr/sbin/mysqld: Shutdown complete

2019-10-27T04:38:21.817118Z 0 [Warning] TIMESTAMP with implicit DEFAULT value is deprecated. Please use --explicit_defaults_for_timestamp server option (see documentation for more details).
2019-10-27T04:38:21.825241Z 0 [Note] /usr/sbin/mysqld (mysqld 5.7.23) starting as process 78 ...
2019-10-27T04:38:21.878869Z 0 [Note] InnoDB: PUNCH HOLE support available
2019-10-27T04:38:21.879292Z 0 [Note] InnoDB: Mutexes and rw_locks use GCC atomic builtins
2019-10-27T04:38:21.879306Z 0 [Note] InnoDB: Uses event mutexes
2019-10-27T04:38:21.879314Z 0 [Note] InnoDB: GCC builtin __atomic_thread_fence() is used for memory barrier
2019-10-27T04:38:21.879320Z 0 [Note] InnoDB: Compressed tables use zlib 1.2.3
2019-10-27T04:38:21.879326Z 0 [Note] InnoDB: Using Linux native AIO
2019-10-27T04:38:21.883353Z 0 [Note] InnoDB: Number of pools: 1
2019-10-27T04:38:21.888787Z 0 [Note] InnoDB: Using CPU crc32 instructions
2019-10-27T04:38:21.894000Z 0 [Note] InnoDB: Initializing buffer pool, total size = 32M, instances = 1, chunk size = 32M
2019-10-27T04:38:21.911540Z 0 [Note] InnoDB: Completed initialization of buffer pool
2019-10-27T04:38:21.913664Z 0 [Note] InnoDB: If the mysqld execution user is authorized, page cleaner thread priority can be changed. See the man page of setpriority().
2019-10-27T04:38:21.951043Z 0 [Note] InnoDB: Highest supported file format is Barracuda.
2019-10-27T04:38:22.075154Z 0 [Note] InnoDB: Creating shared tablespace for temporary tables
2019-10-27T04:38:22.075281Z 0 [Note] InnoDB: Setting file './ibtmp1' size to 12 MB. Physically writing the file full; Please wait ...
2019-10-27T04:38:22.145969Z 0 [Note] InnoDB: File './ibtmp1' size is now 12 MB.
2019-10-27T04:38:22.146798Z 0 [Note] InnoDB: 96 redo rollback segment(s) found. 96 redo rollback segment(s) are active.
2019-10-27T04:38:22.146822Z 0 [Note] InnoDB: 32 non-redo rollback segment(s) are active.
2019-10-27T04:38:22.147333Z 0 [Note] InnoDB: Waiting for purge to start
2019-10-27T04:38:22.197745Z 0 [Note] InnoDB: 5.7.23 started; log sequence number 16797559
2019-10-27T04:38:22.211060Z 0 [Note] Plugin 'FEDERATED' is disabled.
2019-10-27T04:38:22.215723Z 0 [Note] InnoDB: Loading buffer pool(s) from /var/lib/mysql/ib_buffer_pool
2019-10-27T04:38:22.238826Z 0 [Warning] Failed to set up SSL because of the following SSL library error: SSL context is not usable without certificate and private key
2019-10-27T04:38:22.238851Z 0 [Note] Server hostname (bind-address): '*'; port: 3306
2019-10-27T04:38:22.239370Z 0 [Note] IPv6 is available.
2019-10-27T04:38:22.241084Z 0 [Note]   - '::' resolves to '::';
2019-10-27T04:38:22.241117Z 0 [Note] Server socket created on IP: '::'.
2019-10-27T04:38:22.270996Z 0 [Warning] 'user' entry 'root@localhost' ignored in --skip-name-resolve mode.
2019-10-27T04:38:22.271151Z 0 [Warning] 'user' entry 'mysql.session@localhost' ignored in --skip-name-resolve mode.
2019-10-27T04:38:22.271176Z 0 [Warning] 'user' entry 'mysql.sys@localhost' ignored in --skip-name-resolve mode.
2019-10-27T04:38:22.271925Z 0 [Warning] 'db' entry 'performance_schema mysql.session@localhost' ignored in --skip-name-resolve mode.
2019-10-27T04:38:22.271943Z 0 [Warning] 'db' entry 'sys mysql.sys@localhost' ignored in --skip-name-resolve mode.
2019-10-27T04:38:22.273164Z 0 [Warning] 'proxies_priv' entry '@ root@localhost' ignored in --skip-name-resolve mode.
2019-10-27T04:38:22.337426Z 0 [Warning] 'tables_priv' entry 'user mysql.session@localhost' ignored in --skip-name-resolve mode.
2019-10-27T04:38:22.337463Z 0 [Warning] 'tables_priv' entry 'sys_config mysql.sys@localhost' ignored in --skip-name-resolve mode.
2019-10-27T04:38:22.345135Z 0 [Note] InnoDB: Buffer pool(s) load completed at 191027  4:38:22
2019-10-27T04:38:22.570742Z 0 [Note] Event Scheduler: Loaded 0 events
2019-10-27T04:38:22.580865Z 0 [Note] /usr/sbin/mysqld: ready for connections.
Version: '5.7.23'  socket: '/var/run/mysqld/mysqld.sock'  port: 3306  MySQL Community Server (GPL)
2019-10-27T05:29:00.011503Z 0 [Note] InnoDB: page_cleaner: 1000ms intended loop took 1309030ms. The settings might not be optimal. (flushed=0 and evicted=0, during the time.)
2019-10-27T15:08:56.079340Z 0 [Note] InnoDB: page_cleaner: 1000ms intended loop took 32974895ms. The settings might not be optimal. (flushed=0 and evicted=0, during the time.)
2019-10-28T04:51:56.705437Z 0 [Note] InnoDB: page_cleaner: 1000ms intended loop took 47101056ms. The settings might not be optimal. (flushed=0 and evicted=0, during the time.)
2019-10-28T17:16:13.235591Z 0 [Note] InnoDB: page_cleaner: 1000ms intended loop took 41586288ms. The settings might not be optimal. (flushed=0 and evicted=0, during the time.)
