2019-07-25 20:53:07,853 CRIT Supervisor running as root (no user in config file)
2019-07-25 20:53:07,856 INFO Included extra file "/etc/supervisor/conf.d/supervisord.conf" during parsing
2019-07-25 20:53:08,002 INFO RPC interface 'supervisor' initialized
2019-07-25 20:53:08,002 CRIT Server 'unix_http_server' running without any HTTP authentication checking
2019-07-25 20:53:08,003 INFO supervisord started with pid 1
2019-07-25 20:53:09,010 INFO spawned: 'varnishd' with pid 15
2019-07-25 20:53:09,022 INFO spawned: 'php-fpm' with pid 16
2019-07-25 20:53:09,086 INFO spawned: 'varnish-plugins-watcher' with pid 17
2019-07-25 20:53:09,117 INFO spawned: 'nginx' with pid 18
2019-07-25 20:53:09,148 INFO spawned: 'MailHog' with pid 19
2019-07-25 20:53:09,486 INFO spawned: 'mysql' with pid 20
2019-07-25 20:53:09,519 INFO spawned: 'varnish-themes-watcher' with pid 21
2019-07-25 20:53:10,053 INFO success: varnishd entered RUNNING state, process has stayed up for > than 1 seconds (startsecs)
2019-07-25 20:53:10,054 INFO success: php-fpm entered RUNNING state, process has stayed up for > than 1 seconds (startsecs)
2019-07-25 20:53:10,064 INFO success: varnish-plugins-watcher entered RUNNING state, process has stayed up for > than 1 seconds (startsecs)
2019-07-25 20:53:10,123 INFO success: nginx entered RUNNING state, process has stayed up for > than 1 seconds (startsecs)
2019-07-25 20:53:10,146 INFO success: MailHog entered RUNNING state, process has stayed up for > than 1 seconds (startsecs)
2019-07-25 20:53:11,148 INFO success: mysql entered RUNNING state, process has stayed up for > than 1 seconds (startsecs)
2019-07-25 20:53:11,150 INFO success: varnish-themes-watcher entered RUNNING state, process has stayed up for > than 1 seconds (startsecs)
2019-07-26 18:03:48,759 CRIT Supervisor running as root (no user in config file)
2019-07-26 18:03:48,760 INFO Included extra file "/etc/supervisor/conf.d/supervisord.conf" during parsing
2019-07-26 18:03:49,236 INFO RPC interface 'supervisor' initialized
2019-07-26 18:03:49,238 CRIT Server 'unix_http_server' running without any HTTP authentication checking
2019-07-26 18:03:49,239 INFO supervisord started with pid 1
2019-07-26 18:03:50,246 INFO spawned: 'varnishd' with pid 58
2019-07-26 18:03:50,267 INFO spawned: 'php-fpm' with pid 60
2019-07-26 18:03:50,294 INFO spawned: 'varnish-plugins-watcher' with pid 61
2019-07-26 18:03:50,373 INFO spawned: 'nginx' with pid 62
2019-07-26 18:03:50,495 INFO spawned: 'MailHog' with pid 63
2019-07-26 18:03:50,544 INFO spawned: 'mysql' with pid 65
2019-07-26 18:03:50,601 INFO spawned: 'varnish-themes-watcher' with pid 66
2019-07-26 18:03:51,432 INFO success: varnishd entered RUNNING state, process has stayed up for > than 1 seconds (startsecs)
2019-07-26 18:03:51,434 INFO success: php-fpm entered RUNNING state, process has stayed up for > than 1 seconds (startsecs)
2019-07-26 18:03:51,434 INFO success: varnish-plugins-watcher entered RUNNING state, process has stayed up for > than 1 seconds (startsecs)
2019-07-26 18:03:51,435 INFO success: nginx entered RUNNING state, process has stayed up for > than 1 seconds (startsecs)
2019-07-26 18:03:51,438 INFO success: MailHog entered RUNNING state, process has stayed up for > than 1 seconds (startsecs)
2019-07-26 18:03:52,477 INFO success: mysql entered RUNNING state, process has stayed up for > than 1 seconds (startsecs)
2019-07-26 18:03:52,478 INFO success: varnish-themes-watcher entered RUNNING state, process has stayed up for > than 1 seconds (startsecs)
2019-10-18 06:30:45,647 CRIT Supervisor running as root (no user in config file)
2019-10-18 06:30:45,648 INFO Included extra file "/etc/supervisor/conf.d/supervisord.conf" during parsing
2019-10-18 06:30:46,118 INFO RPC interface 'supervisor' initialized
2019-10-18 06:30:46,120 CRIT Server 'unix_http_server' running without any HTTP authentication checking
2019-10-18 06:30:46,122 INFO supervisord started with pid 1
2019-10-18 06:30:47,171 INFO spawned: 'varnishd' with pid 30
2019-10-18 06:30:47,265 INFO spawned: 'php-fpm' with pid 31
2019-10-18 06:30:47,304 INFO spawned: 'varnish-plugins-watcher' with pid 32
2019-10-18 06:30:47,389 INFO spawned: 'nginx' with pid 33
2019-10-18 06:30:47,503 INFO spawned: 'MailHog' with pid 34
2019-10-18 06:30:47,628 INFO spawned: 'mysql' with pid 35
2019-10-18 06:30:47,786 INFO spawned: 'varnish-themes-watcher' with pid 36
2019-10-18 06:30:48,257 INFO success: varnishd entered RUNNING state, process has stayed up for > than 1 seconds (startsecs)
2019-10-18 06:30:48,260 INFO success: php-fpm entered RUNNING state, process has stayed up for > than 1 seconds (startsecs)
2019-10-18 06:30:48,348 INFO success: varnish-plugins-watcher entered RUNNING state, process has stayed up for > than 1 seconds (startsecs)
2019-10-18 06:30:48,349 INFO success: nginx entered RUNNING state, process has stayed up for > than 1 seconds (startsecs)
2019-10-18 06:30:48,557 INFO success: MailHog entered RUNNING state, process has stayed up for > than 1 seconds (startsecs)
2019-10-18 06:30:48,560 INFO success: mysql entered RUNNING state, process has stayed up for > than 1 seconds (startsecs)
2019-10-18 06:30:49,627 INFO success: varnish-themes-watcher entered RUNNING state, process has stayed up for > than 1 seconds (startsecs)
2019-10-18 06:32:00,383 WARN received SIGTERM indicating exit request
2019-10-18 06:32:00,431 INFO waiting for varnishd, php-fpm, varnish-plugins-watcher, nginx, MailHog, mysql, varnish-themes-watcher to die
2019-10-18 06:32:00,433 INFO stopped: varnish-themes-watcher (terminated by SIGTERM)
2019-10-18 06:32:00,479 INFO stopped: mysql (exit status 0)
2019-10-18 06:32:00,481 INFO stopped: MailHog (terminated by SIGTERM)
2019-10-18 06:32:00,493 INFO stopped: nginx (exit status 0)
2019-10-18 06:32:01,505 INFO stopped: varnish-plugins-watcher (terminated by SIGTERM)
2019-10-18 06:32:01,590 INFO stopped: php-fpm (exit status 0)
2019-10-18 06:32:02,230 INFO reaped unknown pid 54
2019-10-18 06:32:03,226 INFO stopped: varnishd (exit status 0)
2019-10-18 06:32:33,825 CRIT Supervisor running as root (no user in config file)
2019-10-18 06:32:33,828 INFO Included extra file "/etc/supervisor/conf.d/supervisord.conf" during parsing
2019-10-18 06:32:33,931 INFO RPC interface 'supervisor' initialized
2019-10-18 06:32:33,934 CRIT Server 'unix_http_server' running without any HTTP authentication checking
2019-10-18 06:32:33,943 INFO supervisord started with pid 1
2019-10-18 06:32:34,952 INFO spawned: 'varnishd' with pid 26
2019-10-18 06:32:34,957 INFO spawned: 'php-fpm' with pid 27
2019-10-18 06:32:34,962 INFO spawned: 'varnish-plugins-watcher' with pid 28
2019-10-18 06:32:34,973 INFO spawned: 'nginx' with pid 29
2019-10-18 06:32:34,999 INFO spawned: 'MailHog' with pid 30
2019-10-18 06:32:35,011 INFO spawned: 'mysql' with pid 31
2019-10-18 06:32:35,057 INFO spawned: 'varnish-themes-watcher' with pid 32
2019-10-18 06:32:36,209 INFO success: varnishd entered RUNNING state, process has stayed up for > than 1 seconds (startsecs)
2019-10-18 06:32:36,210 INFO success: php-fpm entered RUNNING state, process has stayed up for > than 1 seconds (startsecs)
2019-10-18 06:32:36,210 INFO success: varnish-plugins-watcher entered RUNNING state, process has stayed up for > than 1 seconds (startsecs)
2019-10-18 06:32:36,211 INFO success: nginx entered RUNNING state, process has stayed up for > than 1 seconds (startsecs)
2019-10-18 06:32:36,211 INFO success: MailHog entered RUNNING state, process has stayed up for > than 1 seconds (startsecs)
2019-10-18 06:32:36,212 INFO success: mysql entered RUNNING state, process has stayed up for > than 1 seconds (startsecs)
2019-10-18 06:32:36,212 INFO success: varnish-themes-watcher entered RUNNING state, process has stayed up for > than 1 seconds (startsecs)
2019-10-21 20:45:14,586 WARN received SIGTERM indicating exit request
2019-10-21 20:45:14,677 INFO waiting for varnishd, php-fpm, varnish-plugins-watcher, nginx, MailHog, mysql, varnish-themes-watcher to die
2019-10-21 20:45:15,126 INFO stopped: varnish-themes-watcher (terminated by SIGTERM)
2019-10-21 20:45:15,128 INFO reaped unknown pid 573
2019-10-21 20:45:15,400 INFO stopped: mysql (exit status 0)
2019-10-21 20:45:15,428 INFO stopped: MailHog (terminated by SIGTERM)
2019-10-21 20:45:15,492 INFO stopped: nginx (exit status 0)
2019-10-21 20:45:16,543 INFO stopped: varnish-plugins-watcher (terminated by SIGTERM)
2019-10-21 20:45:16,713 INFO stopped: php-fpm (exit status 0)
2019-10-21 20:45:17,726 INFO waiting for varnishd to die
2019-10-21 20:45:18,062 INFO stopped: varnishd (exit status 0)
