2019-07-25T20:53:14.437276Z 0 [Warning] TIMESTAMP with implicit DEFAULT value is deprecated. Please use --explicit_defaults_for_timestamp server option (see documentation for more details).
2019-07-25T20:53:14.449506Z 0 [Note] /usr/sbin/mysqld (mysqld 5.7.23) starting as process 33 ...
2019-07-25T20:53:14.568161Z 0 [Note] InnoDB: PUNCH HOLE support available
2019-07-25T20:53:14.568235Z 0 [Note] InnoDB: Mutexes and rw_locks use GCC atomic builtins
2019-07-25T20:53:14.568247Z 0 [Note] InnoDB: Uses event mutexes
2019-07-25T20:53:14.568256Z 0 [Note] InnoDB: GCC builtin __atomic_thread_fence() is used for memory barrier
2019-07-25T20:53:14.568264Z 0 [Note] InnoDB: Compressed tables use zlib 1.2.3
2019-07-25T20:53:14.568271Z 0 [Note] InnoDB: Using Linux native AIO
2019-07-25T20:53:14.571763Z 0 [Note] InnoDB: Number of pools: 1
2019-07-25T20:53:14.583586Z 0 [Note] InnoDB: Using CPU crc32 instructions
2019-07-25T20:53:14.589650Z 0 [Note] InnoDB: Initializing buffer pool, total size = 32M, instances = 1, chunk size = 32M
2019-07-25T20:53:14.615561Z 0 [Note] InnoDB: Completed initialization of buffer pool
2019-07-25T20:53:14.640208Z 0 [Note] InnoDB: If the mysqld execution user is authorized, page cleaner thread priority can be changed. See the man page of setpriority().
2019-07-25T20:53:14.735812Z 0 [Note] InnoDB: Highest supported file format is Barracuda.
2019-07-25T20:53:14.746170Z 0 [Note] InnoDB: Log scan progressed past the checkpoint lsn 2588963
2019-07-25T20:53:14.746229Z 0 [Note] InnoDB: Doing recovery: scanned up to log sequence number 2591784
2019-07-25T20:53:14.756479Z 0 [Note] InnoDB: Database was not shutdown normally!
2019-07-25T20:53:14.756512Z 0 [Note] InnoDB: Starting crash recovery.
2019-07-25T20:53:16.506969Z 0 [Note] InnoDB: Starting an apply batch of log records to the database...
InnoDB: Progress in percent: 16 17 18 19 20 21 22 23 24 25 26 27 28 29 30 31 32 33 34 35 36 37 38 39 40 41 42 43 44 45 46 47 48 49 50 51 52 53 54 55 56 57 58 59 60 61 62 63 64 65 66 67 68 69 70 71 72 73 74 75 76 77 78 79 80 81 82 83 84 85 86 87 88 89 90 91 92 93 94 95 96 97 98 99 
2019-07-25T20:53:16.518013Z 0 [Note] InnoDB: Apply batch completed
2019-07-25T20:53:16.780308Z 0 [Note] InnoDB: Removed temporary tablespace data file: "ibtmp1"
2019-07-25T20:53:16.780360Z 0 [Note] InnoDB: Creating shared tablespace for temporary tables
2019-07-25T20:53:16.780506Z 0 [Note] InnoDB: Setting file './ibtmp1' size to 12 MB. Physically writing the file full; Please wait ...
2019-07-25T20:53:17.034678Z 0 [Note] InnoDB: File './ibtmp1' size is now 12 MB.
2019-07-25T20:53:17.050527Z 0 [Note] InnoDB: 96 redo rollback segment(s) found. 96 redo rollback segment(s) are active.
2019-07-25T20:53:17.050576Z 0 [Note] InnoDB: 32 non-redo rollback segment(s) are active.
2019-07-25T20:53:17.054636Z 0 [Note] InnoDB: Waiting for purge to start
2019-07-25T20:53:17.106027Z 0 [Note] InnoDB: 5.7.23 started; log sequence number 2591784
2019-07-25T20:53:17.119473Z 0 [Note] Plugin 'FEDERATED' is disabled.
2019-07-25T20:53:17.122281Z 0 [Note] InnoDB: Loading buffer pool(s) from /var/lib/mysql/ib_buffer_pool
2019-07-25T20:53:17.199538Z 0 [Warning] Failed to set up SSL because of the following SSL library error: SSL context is not usable without certificate and private key
2019-07-25T20:53:17.199586Z 0 [Note] Server hostname (bind-address): '*'; port: 3306
2019-07-25T20:53:17.201692Z 0 [Note] IPv6 is available.
2019-07-25T20:53:17.204025Z 0 [Note]   - '::' resolves to '::';
2019-07-25T20:53:17.204086Z 0 [Note] Server socket created on IP: '::'.
2019-07-25T20:53:17.256905Z 0 [Warning] Insecure configuration for --pid-file: Location '/var/run/mysqld' in the path is accessible to all OS users. Consider choosing a different directory.
2019-07-25T20:53:17.328131Z 0 [Note] InnoDB: Buffer pool(s) load completed at 190725 20:53:17
2019-07-25T20:53:17.587713Z 0 [ERROR] /usr/sbin/mysqld: Table './mysql/user' is marked as crashed and should be repaired
2019-07-25T20:53:17.588115Z 0 [Warning] Checking table:   './mysql/user'
2019-07-25T20:53:17.588142Z 0 [ERROR] 1 client is using or hasn't closed the table properly
2019-07-25T20:53:17.639839Z 0 [Warning] 'user' entry 'root@localhost' ignored in --skip-name-resolve mode.
2019-07-25T20:53:17.639907Z 0 [Warning] 'user' entry 'mysql.session@localhost' ignored in --skip-name-resolve mode.
2019-07-25T20:53:17.639931Z 0 [Warning] 'user' entry 'mysql.sys@localhost' ignored in --skip-name-resolve mode.
2019-07-25T20:53:17.642738Z 0 [Warning] 'db' entry 'performance_schema mysql.session@localhost' ignored in --skip-name-resolve mode.
2019-07-25T20:53:17.642797Z 0 [Warning] 'db' entry 'sys mysql.sys@localhost' ignored in --skip-name-resolve mode.
2019-07-25T20:53:17.647749Z 0 [Warning] 'proxies_priv' entry '@ root@localhost' ignored in --skip-name-resolve mode.
2019-07-25T20:53:17.718178Z 0 [Warning] 'tables_priv' entry 'user mysql.session@localhost' ignored in --skip-name-resolve mode.
2019-07-25T20:53:17.718224Z 0 [Warning] 'tables_priv' entry 'sys_config mysql.sys@localhost' ignored in --skip-name-resolve mode.
2019-07-25T20:53:17.950937Z 0 [Note] Event Scheduler: Loaded 0 events
2019-07-25T20:53:17.955912Z 0 [Note] /usr/sbin/mysqld: ready for connections.
Version: '5.7.23'  socket: '/var/run/mysqld/mysqld.sock'  port: 3306  MySQL Community Server (GPL)
2019-07-25T20:53:18.563116Z 4 [ERROR] /usr/sbin/mysqld: Table './mysql/proc' is marked as crashed and should be repaired
2019-07-25T20:53:18.563381Z 4 [Warning] Checking table:   './mysql/proc'
2019-07-25T20:53:18.620184Z 6 [Warning] 'user' entry 'root@localhost' ignored in --skip-name-resolve mode.
2019-07-25T20:53:18.620220Z 6 [Warning] 'user' entry 'mysql.session@localhost' ignored in --skip-name-resolve mode.
2019-07-25T20:53:18.620230Z 6 [Warning] 'user' entry 'mysql.sys@localhost' ignored in --skip-name-resolve mode.
2019-07-25T20:53:18.620250Z 6 [Warning] 'db' entry 'performance_schema mysql.session@localhost' ignored in --skip-name-resolve mode.
2019-07-25T20:53:18.620254Z 6 [Warning] 'db' entry 'sys mysql.sys@localhost' ignored in --skip-name-resolve mode.
2019-07-25T20:53:18.620265Z 6 [Warning] 'proxies_priv' entry '@ root@localhost' ignored in --skip-name-resolve mode.
2019-07-25T20:53:18.620514Z 6 [Warning] 'tables_priv' entry 'user mysql.session@localhost' ignored in --skip-name-resolve mode.
2019-07-25T20:53:18.620531Z 6 [Warning] 'tables_priv' entry 'sys_config mysql.sys@localhost' ignored in --skip-name-resolve mode.
2019-07-25T22:55:27.234379Z 0 [Note] InnoDB: page_cleaner: 1000ms intended loop took 1637103ms. The settings might not be optimal. (flushed=0 and evicted=0, during the time.)
2019-07-26T04:50:58.654947Z 0 [Note] InnoDB: page_cleaner: 1000ms intended loop took 21302312ms. The settings might not be optimal. (flushed=0 and evicted=0, during the time.)
2019-07-26T14:04:40.648314Z 0 [Note] InnoDB: page_cleaner: 1000ms intended loop took 29082049ms. The settings might not be optimal. (flushed=0 and evicted=0, during the time.)
2019-07-26T18:03:52.491317Z 0 [Warning] TIMESTAMP with implicit DEFAULT value is deprecated. Please use --explicit_defaults_for_timestamp server option (see documentation for more details).
2019-07-26T18:03:52.500386Z 0 [Note] /usr/sbin/mysqld (mysqld 5.7.23) starting as process 84 ...
2019-07-26T18:03:52.559700Z 0 [Note] InnoDB: PUNCH HOLE support available
2019-07-26T18:03:52.559742Z 0 [Note] InnoDB: Mutexes and rw_locks use GCC atomic builtins
2019-07-26T18:03:52.559747Z 0 [Note] InnoDB: Uses event mutexes
2019-07-26T18:03:52.559752Z 0 [Note] InnoDB: GCC builtin __atomic_thread_fence() is used for memory barrier
2019-07-26T18:03:52.559756Z 0 [Note] InnoDB: Compressed tables use zlib 1.2.3
2019-07-26T18:03:52.559760Z 0 [Note] InnoDB: Using Linux native AIO
2019-07-26T18:03:52.563122Z 0 [Note] InnoDB: Number of pools: 1
2019-07-26T18:03:52.569841Z 0 [Note] InnoDB: Using CPU crc32 instructions
2019-07-26T18:03:52.576356Z 0 [Note] InnoDB: Initializing buffer pool, total size = 32M, instances = 1, chunk size = 32M
2019-07-26T18:03:52.587724Z 0 [Note] InnoDB: Completed initialization of buffer pool
2019-07-26T18:03:52.592381Z 0 [Note] InnoDB: If the mysqld execution user is authorized, page cleaner thread priority can be changed. See the man page of setpriority().
2019-07-26T18:03:52.633045Z 0 [Note] InnoDB: Highest supported file format is Barracuda.
2019-07-26T18:03:52.637973Z 0 [Note] InnoDB: Log scan progressed past the checkpoint lsn 4111265
2019-07-26T18:03:52.638017Z 0 [Note] InnoDB: Doing recovery: scanned up to log sequence number 4111274
2019-07-26T18:03:52.638025Z 0 [Note] InnoDB: Database was not shutdown normally!
2019-07-26T18:03:52.638030Z 0 [Note] InnoDB: Starting crash recovery.
2019-07-26T18:03:52.895387Z 0 [Note] InnoDB: Removed temporary tablespace data file: "ibtmp1"
2019-07-26T18:03:52.895431Z 0 [Note] InnoDB: Creating shared tablespace for temporary tables
2019-07-26T18:03:52.895526Z 0 [Note] InnoDB: Setting file './ibtmp1' size to 12 MB. Physically writing the file full; Please wait ...
2019-07-26T18:03:52.948606Z 0 [Note] InnoDB: File './ibtmp1' size is now 12 MB.
2019-07-26T18:03:52.950634Z 0 [Note] InnoDB: 96 redo rollback segment(s) found. 96 redo rollback segment(s) are active.
2019-07-26T18:03:52.950688Z 0 [Note] InnoDB: 32 non-redo rollback segment(s) are active.
2019-07-26T18:03:52.952653Z 0 [Note] InnoDB: Waiting for purge to start
2019-07-26T18:03:53.003145Z 0 [Note] InnoDB: 5.7.23 started; log sequence number 4111274
2019-07-26T18:03:53.005458Z 0 [Note] Plugin 'FEDERATED' is disabled.
2019-07-26T18:03:53.008811Z 0 [Note] InnoDB: Loading buffer pool(s) from /var/lib/mysql/ib_buffer_pool
2019-07-26T18:03:53.026863Z 0 [Warning] Failed to set up SSL because of the following SSL library error: SSL context is not usable without certificate and private key
2019-07-26T18:03:53.026889Z 0 [Note] Server hostname (bind-address): '*'; port: 3306
2019-07-26T18:03:53.027205Z 0 [Note] IPv6 is available.
2019-07-26T18:03:53.027756Z 0 [Note]   - '::' resolves to '::';
2019-07-26T18:03:53.027778Z 0 [Note] Server socket created on IP: '::'.
2019-07-26T18:03:53.055441Z 0 [Note] InnoDB: Buffer pool(s) load completed at 190726 18:03:53
2019-07-26T18:03:53.058034Z 0 [ERROR] /usr/sbin/mysqld: Table './mysql/user' is marked as crashed and should be repaired
2019-07-26T18:03:53.058330Z 0 [Warning] Checking table:   './mysql/user'
2019-07-26T18:03:53.058348Z 0 [ERROR] 1 client is using or hasn't closed the table properly
2019-07-26T18:03:53.061499Z 0 [Warning] 'user' entry 'root@localhost' ignored in --skip-name-resolve mode.
2019-07-26T18:03:53.061542Z 0 [Warning] 'user' entry 'mysql.session@localhost' ignored in --skip-name-resolve mode.
2019-07-26T18:03:53.061552Z 0 [Warning] 'user' entry 'mysql.sys@localhost' ignored in --skip-name-resolve mode.
2019-07-26T18:03:53.062214Z 0 [Warning] 'db' entry 'performance_schema mysql.session@localhost' ignored in --skip-name-resolve mode.
2019-07-26T18:03:53.062229Z 0 [Warning] 'db' entry 'sys mysql.sys@localhost' ignored in --skip-name-resolve mode.
2019-07-26T18:03:53.062623Z 0 [Warning] 'proxies_priv' entry '@ root@localhost' ignored in --skip-name-resolve mode.
2019-07-26T18:03:53.076906Z 0 [Warning] 'tables_priv' entry 'user mysql.session@localhost' ignored in --skip-name-resolve mode.
2019-07-26T18:03:53.076938Z 0 [Warning] 'tables_priv' entry 'sys_config mysql.sys@localhost' ignored in --skip-name-resolve mode.
2019-07-26T18:03:53.143573Z 0 [Note] Event Scheduler: Loaded 0 events
2019-07-26T18:03:53.149778Z 0 [Note] /usr/sbin/mysqld: ready for connections.
Version: '5.7.23'  socket: '/var/run/mysqld/mysqld.sock'  port: 3306  MySQL Community Server (GPL)
2019-07-27T05:35:52.201692Z 0 [Note] InnoDB: page_cleaner: 1000ms intended loop took 24986681ms. The settings might not be optimal. (flushed=0 and evicted=0, during the time.)
2019-07-27T15:29:27.927291Z 0 [Note] InnoDB: page_cleaner: 1000ms intended loop took 32256313ms. The settings might not be optimal. (flushed=0 and evicted=0, during the time.)
2019-10-18T06:30:50.271726Z 0 [Warning] TIMESTAMP with implicit DEFAULT value is deprecated. Please use --explicit_defaults_for_timestamp server option (see documentation for more details).
2019-10-18T06:30:50.310540Z 0 [Note] /usr/sbin/mysqld (mysqld 5.7.23) starting as process 54 ...
2019-10-18T06:30:50.441409Z 0 [Note] InnoDB: PUNCH HOLE support available
2019-10-18T06:30:50.441439Z 0 [Note] InnoDB: Mutexes and rw_locks use GCC atomic builtins
2019-10-18T06:30:50.441443Z 0 [Note] InnoDB: Uses event mutexes
2019-10-18T06:30:50.441447Z 0 [Note] InnoDB: GCC builtin __atomic_thread_fence() is used for memory barrier
2019-10-18T06:30:50.441451Z 0 [Note] InnoDB: Compressed tables use zlib 1.2.3
2019-10-18T06:30:50.441454Z 0 [Note] InnoDB: Using Linux native AIO
2019-10-18T06:30:50.441780Z 0 [Note] InnoDB: Number of pools: 1
2019-10-18T06:30:50.443490Z 0 [Note] InnoDB: Using CPU crc32 instructions
2019-10-18T06:30:50.468081Z 0 [Note] InnoDB: Initializing buffer pool, total size = 32M, instances = 1, chunk size = 32M
2019-10-18T06:30:50.513880Z 0 [Note] InnoDB: Completed initialization of buffer pool
2019-10-18T06:30:50.539152Z 0 [Note] InnoDB: If the mysqld execution user is authorized, page cleaner thread priority can be changed. See the man page of setpriority().
2019-10-18T06:30:50.604637Z 0 [Note] InnoDB: Highest supported file format is Barracuda.
2019-10-18T06:30:50.636593Z 0 [Note] InnoDB: Log scan progressed past the checkpoint lsn 4795872
2019-10-18T06:30:50.636636Z 0 [Note] InnoDB: Doing recovery: scanned up to log sequence number 4795881
2019-10-18T06:30:50.636648Z 0 [Note] InnoDB: Database was not shutdown normally!
2019-10-18T06:30:50.636655Z 0 [Note] InnoDB: Starting crash recovery.
2019-10-18T06:30:51.188837Z 0 [Note] InnoDB: Removed temporary tablespace data file: "ibtmp1"
2019-10-18T06:30:51.188876Z 0 [Note] InnoDB: Creating shared tablespace for temporary tables
2019-10-18T06:30:51.189038Z 0 [Note] InnoDB: Setting file './ibtmp1' size to 12 MB. Physically writing the file full; Please wait ...
2019-10-18T06:30:51.478957Z 0 [Note] InnoDB: File './ibtmp1' size is now 12 MB.
2019-10-18T06:30:51.504681Z 0 [Note] InnoDB: 96 redo rollback segment(s) found. 96 redo rollback segment(s) are active.
2019-10-18T06:30:51.504726Z 0 [Note] InnoDB: 32 non-redo rollback segment(s) are active.
2019-10-18T06:30:51.506449Z 0 [Note] InnoDB: Waiting for purge to start
2019-10-18T06:30:51.562429Z 0 [Note] InnoDB: 5.7.23 started; log sequence number 4795881
2019-10-18T06:30:51.562882Z 0 [Note] Plugin 'FEDERATED' is disabled.
2019-10-18T06:30:51.574162Z 0 [Warning] Failed to set up SSL because of the following SSL library error: SSL context is not usable without certificate and private key
2019-10-18T06:30:51.574197Z 0 [Note] Server hostname (bind-address): '*'; port: 3306
2019-10-18T06:30:51.574271Z 0 [Note] IPv6 is available.
2019-10-18T06:30:51.574296Z 0 [Note]   - '::' resolves to '::';
2019-10-18T06:30:51.574311Z 0 [Note] Server socket created on IP: '::'.
2019-10-18T06:30:51.591711Z 0 [Note] InnoDB: Loading buffer pool(s) from /var/lib/mysql/ib_buffer_pool
2019-10-18T06:30:51.700312Z 0 [Warning] 'user' entry 'root@localhost' ignored in --skip-name-resolve mode.
2019-10-18T06:30:51.700398Z 0 [Warning] 'user' entry 'mysql.session@localhost' ignored in --skip-name-resolve mode.
2019-10-18T06:30:51.700422Z 0 [Warning] 'user' entry 'mysql.sys@localhost' ignored in --skip-name-resolve mode.
2019-10-18T06:30:51.701951Z 0 [Warning] 'db' entry 'performance_schema mysql.session@localhost' ignored in --skip-name-resolve mode.
2019-10-18T06:30:51.701996Z 0 [Warning] 'db' entry 'sys mysql.sys@localhost' ignored in --skip-name-resolve mode.
2019-10-18T06:30:51.702712Z 0 [Warning] 'proxies_priv' entry '@ root@localhost' ignored in --skip-name-resolve mode.
2019-10-18T06:30:51.846199Z 0 [Warning] 'tables_priv' entry 'user mysql.session@localhost' ignored in --skip-name-resolve mode.
2019-10-18T06:30:51.846500Z 0 [Warning] 'tables_priv' entry 'sys_config mysql.sys@localhost' ignored in --skip-name-resolve mode.
2019-10-18T06:30:51.943907Z 0 [Note] InnoDB: Buffer pool(s) load completed at 191018  6:30:51
2019-10-18T06:30:52.591223Z 0 [Note] Event Scheduler: Loaded 0 events
2019-10-18T06:30:52.591422Z 0 [Note] /usr/sbin/mysqld: ready for connections.
Version: '5.7.23'  socket: '/var/run/mysqld/mysqld.sock'  port: 3306  MySQL Community Server (GPL)
2019-10-18T06:32:00.437609Z 0 [Note] Giving 0 client threads a chance to die gracefully
2019-10-18T06:32:00.438931Z 0 [Note] Shutting down slave threads
2019-10-18T06:32:00.438954Z 0 [Note] Forcefully disconnecting 0 remaining clients
2019-10-18T06:32:00.438964Z 0 [Note] Event Scheduler: Purging the queue. 0 events
2019-10-18T06:32:00.439069Z 0 [Note] Binlog end
2019-10-18T06:32:00.441794Z 0 [Note] Shutting down plugin 'ngram'
2019-10-18T06:32:00.441830Z 0 [Note] Shutting down plugin 'partition'
2019-10-18T06:32:00.441839Z 0 [Note] Shutting down plugin 'BLACKHOLE'
2019-10-18T06:32:00.441845Z 0 [Note] Shutting down plugin 'ARCHIVE'
2019-10-18T06:32:00.441851Z 0 [Note] Shutting down plugin 'PERFORMANCE_SCHEMA'
2019-10-18T06:32:00.442572Z 0 [Note] Shutting down plugin 'MRG_MYISAM'
2019-10-18T06:32:00.442582Z 0 [Note] Shutting down plugin 'MyISAM'
2019-10-18T06:32:00.442599Z 0 [Note] Shutting down plugin 'INNODB_SYS_VIRTUAL'
2019-10-18T06:32:00.442606Z 0 [Note] Shutting down plugin 'INNODB_SYS_DATAFILES'
2019-10-18T06:32:00.442611Z 0 [Note] Shutting down plugin 'INNODB_SYS_TABLESPACES'
2019-10-18T06:32:00.442615Z 0 [Note] Shutting down plugin 'INNODB_SYS_FOREIGN_COLS'
2019-10-18T06:32:00.442621Z 0 [Note] Shutting down plugin 'INNODB_SYS_FOREIGN'
2019-10-18T06:32:00.442625Z 0 [Note] Shutting down plugin 'INNODB_SYS_FIELDS'
2019-10-18T06:32:00.442629Z 0 [Note] Shutting down plugin 'INNODB_SYS_COLUMNS'
2019-10-18T06:32:00.442634Z 0 [Note] Shutting down plugin 'INNODB_SYS_INDEXES'
2019-10-18T06:32:00.442638Z 0 [Note] Shutting down plugin 'INNODB_SYS_TABLESTATS'
2019-10-18T06:32:00.442643Z 0 [Note] Shutting down plugin 'INNODB_SYS_TABLES'
2019-10-18T06:32:00.442647Z 0 [Note] Shutting down plugin 'INNODB_FT_INDEX_TABLE'
2019-10-18T06:32:00.442653Z 0 [Note] Shutting down plugin 'INNODB_FT_INDEX_CACHE'
2019-10-18T06:32:00.442657Z 0 [Note] Shutting down plugin 'INNODB_FT_CONFIG'
2019-10-18T06:32:00.442661Z 0 [Note] Shutting down plugin 'INNODB_FT_BEING_DELETED'
2019-10-18T06:32:00.442666Z 0 [Note] Shutting down plugin 'INNODB_FT_DELETED'
2019-10-18T06:32:00.442671Z 0 [Note] Shutting down plugin 'INNODB_FT_DEFAULT_STOPWORD'
2019-10-18T06:32:00.442675Z 0 [Note] Shutting down plugin 'INNODB_METRICS'
2019-10-18T06:32:00.442679Z 0 [Note] Shutting down plugin 'INNODB_TEMP_TABLE_INFO'
2019-10-18T06:32:00.442684Z 0 [Note] Shutting down plugin 'INNODB_BUFFER_POOL_STATS'
2019-10-18T06:32:00.442689Z 0 [Note] Shutting down plugin 'INNODB_BUFFER_PAGE_LRU'
2019-10-18T06:32:00.442694Z 0 [Note] Shutting down plugin 'INNODB_BUFFER_PAGE'
2019-10-18T06:32:00.442699Z 0 [Note] Shutting down plugin 'INNODB_CMP_PER_INDEX_RESET'
2019-10-18T06:32:00.442704Z 0 [Note] Shutting down plugin 'INNODB_CMP_PER_INDEX'
2019-10-18T06:32:00.442708Z 0 [Note] Shutting down plugin 'INNODB_CMPMEM_RESET'
2019-10-18T06:32:00.442712Z 0 [Note] Shutting down plugin 'INNODB_CMPMEM'
2019-10-18T06:32:00.442715Z 0 [Note] Shutting down plugin 'INNODB_CMP_RESET'
2019-10-18T06:32:00.442719Z 0 [Note] Shutting down plugin 'INNODB_CMP'
2019-10-18T06:32:00.442723Z 0 [Note] Shutting down plugin 'INNODB_LOCK_WAITS'
2019-10-18T06:32:00.442729Z 0 [Note] Shutting down plugin 'INNODB_LOCKS'
2019-10-18T06:32:00.442733Z 0 [Note] Shutting down plugin 'INNODB_TRX'
2019-10-18T06:32:00.442737Z 0 [Note] Shutting down plugin 'InnoDB'
2019-10-18T06:32:00.442894Z 0 [Note] InnoDB: FTS optimize thread exiting.
2019-10-18T06:32:00.443403Z 0 [Note] InnoDB: Starting shutdown...
2019-10-18T06:32:00.544388Z 0 [Note] InnoDB: Dumping buffer pool(s) to /var/lib/mysql/ib_buffer_pool
2019-10-18T06:32:00.544832Z 0 [Note] InnoDB: Buffer pool(s) dump completed at 191018  6:32:00
2019-10-18T06:32:02.097850Z 0 [Note] InnoDB: Shutdown completed; log sequence number 4798024
2019-10-18T06:32:02.132719Z 0 [Note] InnoDB: Removed temporary tablespace data file: "ibtmp1"
2019-10-18T06:32:02.132761Z 0 [Note] Shutting down plugin 'MEMORY'
2019-10-18T06:32:02.132769Z 0 [Note] Shutting down plugin 'CSV'
2019-10-18T06:32:02.132776Z 0 [Note] Shutting down plugin 'sha256_password'
2019-10-18T06:32:02.132789Z 0 [Note] Shutting down plugin 'mysql_native_password'
2019-10-18T06:32:02.132958Z 0 [Note] Shutting down plugin 'binlog'
2019-10-18T06:32:02.137264Z 0 [Note] /usr/sbin/mysqld: Shutdown complete

2019-10-18T06:32:35.972687Z 0 [Warning] TIMESTAMP with implicit DEFAULT value is deprecated. Please use --explicit_defaults_for_timestamp server option (see documentation for more details).
2019-10-18T06:32:35.972969Z 0 [Note] /usr/sbin/mysqld (mysqld 5.7.23) starting as process 47 ...
2019-10-18T06:32:35.996251Z 0 [Note] InnoDB: PUNCH HOLE support available
2019-10-18T06:32:35.996283Z 0 [Note] InnoDB: Mutexes and rw_locks use GCC atomic builtins
2019-10-18T06:32:35.996288Z 0 [Note] InnoDB: Uses event mutexes
2019-10-18T06:32:35.996293Z 0 [Note] InnoDB: GCC builtin __atomic_thread_fence() is used for memory barrier
2019-10-18T06:32:35.996297Z 0 [Note] InnoDB: Compressed tables use zlib 1.2.3
2019-10-18T06:32:35.996301Z 0 [Note] InnoDB: Using Linux native AIO
2019-10-18T06:32:35.996521Z 0 [Note] InnoDB: Number of pools: 1
2019-10-18T06:32:35.996636Z 0 [Note] InnoDB: Using CPU crc32 instructions
2019-10-18T06:32:35.998396Z 0 [Note] InnoDB: Initializing buffer pool, total size = 32M, instances = 1, chunk size = 32M
2019-10-18T06:32:36.000122Z 0 [Note] InnoDB: Completed initialization of buffer pool
2019-10-18T06:32:36.011839Z 0 [Note] InnoDB: If the mysqld execution user is authorized, page cleaner thread priority can be changed. See the man page of setpriority().
2019-10-18T06:32:36.026324Z 0 [Note] InnoDB: Highest supported file format is Barracuda.
2019-10-18T06:32:36.050638Z 0 [Note] InnoDB: Creating shared tablespace for temporary tables
2019-10-18T06:32:36.050845Z 0 [Note] InnoDB: Setting file './ibtmp1' size to 12 MB. Physically writing the file full; Please wait ...
2019-10-18T06:32:36.124651Z 0 [Note] InnoDB: File './ibtmp1' size is now 12 MB.
2019-10-18T06:32:36.125924Z 0 [Note] InnoDB: 96 redo rollback segment(s) found. 96 redo rollback segment(s) are active.
2019-10-18T06:32:36.125959Z 0 [Note] InnoDB: 32 non-redo rollback segment(s) are active.
2019-10-18T06:32:36.126930Z 0 [Note] InnoDB: Waiting for purge to start
2019-10-18T06:32:36.180177Z 0 [Note] InnoDB: 5.7.23 started; log sequence number 4798024
2019-10-18T06:32:36.180893Z 0 [Note] Plugin 'FEDERATED' is disabled.
2019-10-18T06:32:36.198659Z 0 [Warning] Failed to set up SSL because of the following SSL library error: SSL context is not usable without certificate and private key
2019-10-18T06:32:36.198690Z 0 [Note] Server hostname (bind-address): '*'; port: 3306
2019-10-18T06:32:36.198752Z 0 [Note] IPv6 is available.
2019-10-18T06:32:36.198772Z 0 [Note]   - '::' resolves to '::';
2019-10-18T06:32:36.198783Z 0 [Note] Server socket created on IP: '::'.
2019-10-18T06:32:36.199238Z 0 [Note] InnoDB: Loading buffer pool(s) from /var/lib/mysql/ib_buffer_pool
2019-10-18T06:32:36.202911Z 0 [Note] InnoDB: Buffer pool(s) load completed at 191018  6:32:36
2019-10-18T06:32:36.206684Z 0 [Warning] 'user' entry 'root@localhost' ignored in --skip-name-resolve mode.
2019-10-18T06:32:36.206735Z 0 [Warning] 'user' entry 'mysql.session@localhost' ignored in --skip-name-resolve mode.
2019-10-18T06:32:36.206754Z 0 [Warning] 'user' entry 'mysql.sys@localhost' ignored in --skip-name-resolve mode.
2019-10-18T06:32:36.206790Z 0 [Warning] 'db' entry 'performance_schema mysql.session@localhost' ignored in --skip-name-resolve mode.
2019-10-18T06:32:36.206801Z 0 [Warning] 'db' entry 'sys mysql.sys@localhost' ignored in --skip-name-resolve mode.
2019-10-18T06:32:36.206824Z 0 [Warning] 'proxies_priv' entry '@ root@localhost' ignored in --skip-name-resolve mode.
2019-10-18T06:32:36.209161Z 0 [Warning] 'tables_priv' entry 'user mysql.session@localhost' ignored in --skip-name-resolve mode.
2019-10-18T06:32:36.209194Z 0 [Warning] 'tables_priv' entry 'sys_config mysql.sys@localhost' ignored in --skip-name-resolve mode.
2019-10-18T06:32:36.228935Z 0 [Note] Event Scheduler: Loaded 0 events
2019-10-18T06:32:36.234156Z 0 [Note] /usr/sbin/mysqld: ready for connections.
Version: '5.7.23'  socket: '/var/run/mysqld/mysqld.sock'  port: 3306  MySQL Community Server (GPL)
2019-10-18T14:13:32.130141Z 0 [Note] InnoDB: page_cleaner: 1000ms intended loop took 25338863ms. The settings might not be optimal. (flushed=0 and evicted=0, during the time.)
2019-10-18T16:21:45.061963Z 0 [Note] InnoDB: page_cleaner: 1000ms intended loop took 7573318ms. The settings might not be optimal. (flushed=0 and evicted=0, during the time.)
2019-10-19T15:32:00.503362Z 0 [Note] InnoDB: page_cleaner: 1000ms intended loop took 78554904ms. The settings might not be optimal. (flushed=0 and evicted=0, during the time.)
2019-10-20T04:26:07.096444Z 0 [Note] InnoDB: page_cleaner: 1000ms intended loop took 38905354ms. The settings might not be optimal. (flushed=0 and evicted=0, during the time.)
2019-10-20T14:53:13.898494Z 0 [Note] InnoDB: page_cleaner: 1000ms intended loop took 35956912ms. The settings might not be optimal. (flushed=0 and evicted=0, during the time.)
2019-10-21T00:58:57.914713Z 0 [Note] InnoDB: page_cleaner: 1000ms intended loop took 33653905ms. The settings might not be optimal. (flushed=0 and evicted=0, during the time.)
2019-10-21T20:45:15.196956Z 0 [Note] Giving 2 client threads a chance to die gracefully
2019-10-21T20:45:15.197539Z 0 [Note] Shutting down slave threads
2019-10-21T20:45:17.199045Z 0 [Note] Forcefully disconnecting 0 remaining clients
2019-10-21T20:45:17.199088Z 0 [Note] Event Scheduler: Purging the queue. 0 events
2019-10-21T20:45:17.199344Z 0 [Note] Binlog end
2019-10-21T20:45:17.207493Z 0 [Note] Shutting down plugin 'ngram'
2019-10-21T20:45:17.207950Z 0 [Note] Shutting down plugin 'partition'
2019-10-21T20:45:17.207969Z 0 [Note] Shutting down plugin 'BLACKHOLE'
2019-10-21T20:45:17.207974Z 0 [Note] Shutting down plugin 'ARCHIVE'
2019-10-21T20:45:17.207976Z 0 [Note] Shutting down plugin 'PERFORMANCE_SCHEMA'
2019-10-21T20:45:17.209197Z 0 [Note] Shutting down plugin 'MRG_MYISAM'
2019-10-21T20:45:17.209220Z 0 [Note] Shutting down plugin 'MyISAM'
2019-10-21T20:45:17.209854Z 0 [Note] Shutting down plugin 'INNODB_SYS_VIRTUAL'
2019-10-21T20:45:17.211719Z 0 [Note] Shutting down plugin 'INNODB_SYS_DATAFILES'
2019-10-21T20:45:17.211750Z 0 [Note] Shutting down plugin 'INNODB_SYS_TABLESPACES'
2019-10-21T20:45:17.211754Z 0 [Note] Shutting down plugin 'INNODB_SYS_FOREIGN_COLS'
2019-10-21T20:45:17.211756Z 0 [Note] Shutting down plugin 'INNODB_SYS_FOREIGN'
2019-10-21T20:45:17.211759Z 0 [Note] Shutting down plugin 'INNODB_SYS_FIELDS'
2019-10-21T20:45:17.211762Z 0 [Note] Shutting down plugin 'INNODB_SYS_COLUMNS'
2019-10-21T20:45:17.211764Z 0 [Note] Shutting down plugin 'INNODB_SYS_INDEXES'
2019-10-21T20:45:17.211766Z 0 [Note] Shutting down plugin 'INNODB_SYS_TABLESTATS'
2019-10-21T20:45:17.211769Z 0 [Note] Shutting down plugin 'INNODB_SYS_TABLES'
2019-10-21T20:45:17.211771Z 0 [Note] Shutting down plugin 'INNODB_FT_INDEX_TABLE'
2019-10-21T20:45:17.211773Z 0 [Note] Shutting down plugin 'INNODB_FT_INDEX_CACHE'
2019-10-21T20:45:17.211776Z 0 [Note] Shutting down plugin 'INNODB_FT_CONFIG'
2019-10-21T20:45:17.211779Z 0 [Note] Shutting down plugin 'INNODB_FT_BEING_DELETED'
2019-10-21T20:45:17.211781Z 0 [Note] Shutting down plugin 'INNODB_FT_DELETED'
2019-10-21T20:45:17.211784Z 0 [Note] Shutting down plugin 'INNODB_FT_DEFAULT_STOPWORD'
2019-10-21T20:45:17.211786Z 0 [Note] Shutting down plugin 'INNODB_METRICS'
2019-10-21T20:45:17.211789Z 0 [Note] Shutting down plugin 'INNODB_TEMP_TABLE_INFO'
2019-10-21T20:45:17.211803Z 0 [Note] Shutting down plugin 'INNODB_BUFFER_POOL_STATS'
2019-10-21T20:45:17.211805Z 0 [Note] Shutting down plugin 'INNODB_BUFFER_PAGE_LRU'
2019-10-21T20:45:17.211808Z 0 [Note] Shutting down plugin 'INNODB_BUFFER_PAGE'
2019-10-21T20:45:17.211811Z 0 [Note] Shutting down plugin 'INNODB_CMP_PER_INDEX_RESET'
2019-10-21T20:45:17.211814Z 0 [Note] Shutting down plugin 'INNODB_CMP_PER_INDEX'
2019-10-21T20:45:17.211817Z 0 [Note] Shutting down plugin 'INNODB_CMPMEM_RESET'
2019-10-21T20:45:17.211820Z 0 [Note] Shutting down plugin 'INNODB_CMPMEM'
2019-10-21T20:45:17.211823Z 0 [Note] Shutting down plugin 'INNODB_CMP_RESET'
2019-10-21T20:45:17.211832Z 0 [Note] Shutting down plugin 'INNODB_CMP'
2019-10-21T20:45:17.211836Z 0 [Note] Shutting down plugin 'INNODB_LOCK_WAITS'
2019-10-21T20:45:17.211839Z 0 [Note] Shutting down plugin 'INNODB_LOCKS'
2019-10-21T20:45:17.211841Z 0 [Note] Shutting down plugin 'INNODB_TRX'
2019-10-21T20:45:17.211844Z 0 [Note] Shutting down plugin 'InnoDB'
2019-10-21T20:45:17.221075Z 0 [Note] InnoDB: FTS optimize thread exiting.
2019-10-21T20:45:17.224111Z 0 [Note] InnoDB: Starting shutdown...
2019-10-21T20:45:17.326628Z 0 [Note] InnoDB: Dumping buffer pool(s) to /var/lib/mysql/ib_buffer_pool
2019-10-21T20:45:17.327053Z 0 [Note] InnoDB: Buffer pool(s) dump completed at 191021 20:45:17
