[23-Jul-2019 19:05:33] NOTICE: fpm is running, pid 17
[23-Jul-2019 19:05:33] NOTICE: ready to handle connections
[23-Jul-2019 20:33:09] NOTICE: Terminating ...
[23-Jul-2019 20:33:09] NOTICE: exiting, bye-bye!
[23-Jul-2019 20:37:03] NOTICE: fpm is running, pid 56
[23-Jul-2019 20:37:03] NOTICE: ready to handle connections
[23-Jul-2019 20:37:14] NOTICE: Terminating ...
[23-Jul-2019 20:37:14] NOTICE: exiting, bye-bye!
[23-Jul-2019 20:37:38] NOTICE: fpm is running, pid 57
[23-Jul-2019 20:37:38] NOTICE: ready to handle connections
[08-Aug-2019 19:57:08] NOTICE: fpm is running, pid 56
[08-Aug-2019 19:57:08] NOTICE: ready to handle connections
[08-Aug-2019 19:59:20] NOTICE: Terminating ...
[08-Aug-2019 19:59:20] NOTICE: exiting, bye-bye!
[07-Oct-2019 20:13:50] NOTICE: fpm is running, pid 26
[07-Oct-2019 20:13:50] NOTICE: ready to handle connections
[07-Oct-2019 20:14:29] NOTICE: Terminating ...
[07-Oct-2019 20:14:29] NOTICE: exiting, bye-bye!
[17-Oct-2019 20:07:35] NOTICE: fpm is running, pid 26
[17-Oct-2019 20:07:35] NOTICE: ready to handle connections
[17-Oct-2019 21:57:58] NOTICE: Terminating ...
[17-Oct-2019 21:57:58] NOTICE: exiting, bye-bye!
[18-Oct-2019 06:26:27] NOTICE: fpm is running, pid 39
[18-Oct-2019 06:26:27] NOTICE: ready to handle connections
[18-Oct-2019 06:30:21] NOTICE: Terminating ...
[18-Oct-2019 06:30:21] NOTICE: exiting, bye-bye!
