2019-07-23 19:05:31,725 CRIT Supervisor running as root (no user in config file)
2019-07-23 19:05:31,725 INFO Included extra file "/etc/supervisor/conf.d/supervisord.conf" during parsing
2019-07-23 19:05:31,771 INFO RPC interface 'supervisor' initialized
2019-07-23 19:05:31,771 CRIT Server 'unix_http_server' running without any HTTP authentication checking
2019-07-23 19:05:31,772 INFO supervisord started with pid 1
2019-07-23 19:05:32,781 INFO spawned: 'varnishd' with pid 16
2019-07-23 19:05:32,818 INFO spawned: 'php-fpm' with pid 17
2019-07-23 19:05:32,829 INFO spawned: 'varnish-plugins-watcher' with pid 18
2019-07-23 19:05:32,847 INFO spawned: 'nginx' with pid 19
2019-07-23 19:05:32,911 INFO spawned: 'MailHog' with pid 20
2019-07-23 19:05:32,944 INFO spawned: 'mysql' with pid 21
2019-07-23 19:05:33,240 INFO spawned: 'varnish-themes-watcher' with pid 24
2019-07-23 19:05:33,855 INFO success: varnishd entered RUNNING state, process has stayed up for > than 1 seconds (startsecs)
2019-07-23 19:05:33,856 INFO success: php-fpm entered RUNNING state, process has stayed up for > than 1 seconds (startsecs)
2019-07-23 19:05:33,856 INFO success: varnish-plugins-watcher entered RUNNING state, process has stayed up for > than 1 seconds (startsecs)
2019-07-23 19:05:33,857 INFO success: nginx entered RUNNING state, process has stayed up for > than 1 seconds (startsecs)
2019-07-23 19:05:33,857 INFO success: MailHog entered RUNNING state, process has stayed up for > than 1 seconds (startsecs)
2019-07-23 19:05:34,011 INFO success: mysql entered RUNNING state, process has stayed up for > than 1 seconds (startsecs)
2019-07-23 19:05:35,018 INFO success: varnish-themes-watcher entered RUNNING state, process has stayed up for > than 1 seconds (startsecs)
2019-07-23 20:33:07,528 WARN received SIGTERM indicating exit request
2019-07-23 20:33:07,532 INFO waiting for varnishd, php-fpm, varnish-plugins-watcher, nginx, MailHog, mysql, varnish-themes-watcher to die
2019-07-23 20:33:08,533 INFO stopped: varnish-themes-watcher (terminated by SIGTERM)
2019-07-23 20:33:08,579 INFO stopped: mysql (exit status 0)
2019-07-23 20:33:08,580 INFO stopped: MailHog (terminated by SIGTERM)
2019-07-23 20:33:08,585 INFO stopped: nginx (exit status 0)
2019-07-23 20:33:09,588 INFO stopped: varnish-plugins-watcher (terminated by SIGTERM)
2019-07-23 20:33:09,634 INFO stopped: php-fpm (exit status 0)
2019-07-23 20:33:09,736 INFO reaped unknown pid 4688
2019-07-23 20:33:10,144 INFO reaped unknown pid 4697
2019-07-23 20:33:10,643 INFO waiting for varnishd to die
2019-07-23 20:33:10,952 INFO stopped: varnishd (exit status 0)
2019-07-23 20:37:01,792 CRIT Supervisor running as root (no user in config file)
2019-07-23 20:37:01,793 INFO Included extra file "/etc/supervisor/conf.d/supervisord.conf" during parsing
2019-07-23 20:37:01,897 INFO RPC interface 'supervisor' initialized
2019-07-23 20:37:01,901 CRIT Server 'unix_http_server' running without any HTTP authentication checking
2019-07-23 20:37:01,903 INFO supervisord started with pid 1
2019-07-23 20:37:02,912 INFO spawned: 'varnishd' with pid 55
2019-07-23 20:37:02,917 INFO spawned: 'php-fpm' with pid 56
2019-07-23 20:37:02,933 INFO spawned: 'varnish-plugins-watcher' with pid 57
2019-07-23 20:37:02,974 INFO spawned: 'nginx' with pid 58
2019-07-23 20:37:02,992 INFO spawned: 'MailHog' with pid 60
2019-07-23 20:37:03,025 INFO spawned: 'mysql' with pid 61
2019-07-23 20:37:03,057 INFO spawned: 'varnish-themes-watcher' with pid 66
2019-07-23 20:37:04,200 INFO success: varnishd entered RUNNING state, process has stayed up for > than 1 seconds (startsecs)
2019-07-23 20:37:04,210 INFO success: php-fpm entered RUNNING state, process has stayed up for > than 1 seconds (startsecs)
2019-07-23 20:37:04,229 INFO success: varnish-plugins-watcher entered RUNNING state, process has stayed up for > than 1 seconds (startsecs)
2019-07-23 20:37:04,280 INFO success: nginx entered RUNNING state, process has stayed up for > than 1 seconds (startsecs)
2019-07-23 20:37:04,280 INFO success: MailHog entered RUNNING state, process has stayed up for > than 1 seconds (startsecs)
2019-07-23 20:37:04,281 INFO success: mysql entered RUNNING state, process has stayed up for > than 1 seconds (startsecs)
2019-07-23 20:37:04,281 INFO success: varnish-themes-watcher entered RUNNING state, process has stayed up for > than 1 seconds (startsecs)
2019-07-23 20:37:12,199 WARN received SIGTERM indicating exit request
2019-07-23 20:37:12,201 INFO waiting for varnishd, php-fpm, varnish-plugins-watcher, nginx, MailHog, mysql, varnish-themes-watcher to die
2019-07-23 20:37:13,203 INFO stopped: varnish-themes-watcher (terminated by SIGTERM)
2019-07-23 20:37:13,240 INFO reaped unknown pid 146
2019-07-23 20:37:13,242 INFO stopped: mysql (exit status 0)
2019-07-23 20:37:13,247 INFO stopped: MailHog (terminated by SIGTERM)
2019-07-23 20:37:13,257 INFO stopped: nginx (exit status 0)
2019-07-23 20:37:14,262 INFO stopped: varnish-plugins-watcher (terminated by SIGTERM)
2019-07-23 20:37:14,296 INFO stopped: php-fpm (exit status 0)
2019-07-23 20:37:14,779 INFO reaped unknown pid 77
2019-07-23 20:37:15,303 INFO waiting for varnishd to die
2019-07-23 20:37:15,678 INFO stopped: varnishd (exit status 0)
2019-07-23 20:37:36,469 CRIT Supervisor running as root (no user in config file)
2019-07-23 20:37:36,471 INFO Included extra file "/etc/supervisor/conf.d/supervisord.conf" during parsing
2019-07-23 20:37:36,651 INFO RPC interface 'supervisor' initialized
2019-07-23 20:37:36,659 CRIT Server 'unix_http_server' running without any HTTP authentication checking
2019-07-23 20:37:36,934 INFO supervisord started with pid 1
2019-07-23 20:37:37,978 INFO spawned: 'varnishd' with pid 56
2019-07-23 20:37:38,011 INFO spawned: 'php-fpm' with pid 57
2019-07-23 20:37:38,025 INFO spawned: 'varnish-plugins-watcher' with pid 58
2019-07-23 20:37:38,066 INFO spawned: 'nginx' with pid 59
2019-07-23 20:37:38,175 INFO spawned: 'MailHog' with pid 60
2019-07-23 20:37:38,218 INFO spawned: 'mysql' with pid 62
2019-07-23 20:37:38,670 INFO spawned: 'varnish-themes-watcher' with pid 66
2019-07-23 20:37:38,968 INFO success: varnishd entered RUNNING state, process has stayed up for > than 1 seconds (startsecs)
2019-07-23 20:37:38,988 INFO success: php-fpm entered RUNNING state, process has stayed up for > than 1 seconds (startsecs)
2019-07-23 20:37:39,105 INFO success: varnish-plugins-watcher entered RUNNING state, process has stayed up for > than 1 seconds (startsecs)
2019-07-23 20:37:39,105 INFO success: nginx entered RUNNING state, process has stayed up for > than 1 seconds (startsecs)
2019-07-23 20:37:39,106 INFO success: MailHog entered RUNNING state, process has stayed up for > than 1 seconds (startsecs)
2019-07-23 20:37:40,107 INFO success: mysql entered RUNNING state, process has stayed up for > than 1 seconds (startsecs)
2019-07-23 20:37:40,127 INFO success: varnish-themes-watcher entered RUNNING state, process has stayed up for > than 1 seconds (startsecs)
2019-08-08 19:57:06,584 CRIT Supervisor running as root (no user in config file)
2019-08-08 19:57:06,584 INFO Included extra file "/etc/supervisor/conf.d/supervisord.conf" during parsing
2019-08-08 19:57:07,027 INFO RPC interface 'supervisor' initialized
2019-08-08 19:57:07,038 CRIT Server 'unix_http_server' running without any HTTP authentication checking
2019-08-08 19:57:07,040 INFO supervisord started with pid 1
2019-08-08 19:57:08,052 INFO spawned: 'varnishd' with pid 55
2019-08-08 19:57:08,087 INFO spawned: 'php-fpm' with pid 56
2019-08-08 19:57:08,104 INFO spawned: 'varnish-plugins-watcher' with pid 57
2019-08-08 19:57:08,156 INFO spawned: 'nginx' with pid 59
2019-08-08 19:57:08,291 INFO spawned: 'MailHog' with pid 62
2019-08-08 19:57:08,307 INFO spawned: 'mysql' with pid 63
2019-08-08 19:57:08,341 INFO spawned: 'varnish-themes-watcher' with pid 64
2019-08-08 19:57:09,644 INFO success: varnishd entered RUNNING state, process has stayed up for > than 1 seconds (startsecs)
2019-08-08 19:57:09,646 INFO success: php-fpm entered RUNNING state, process has stayed up for > than 1 seconds (startsecs)
2019-08-08 19:57:09,647 INFO success: varnish-plugins-watcher entered RUNNING state, process has stayed up for > than 1 seconds (startsecs)
2019-08-08 19:57:09,647 INFO success: nginx entered RUNNING state, process has stayed up for > than 1 seconds (startsecs)
2019-08-08 19:57:09,648 INFO success: MailHog entered RUNNING state, process has stayed up for > than 1 seconds (startsecs)
2019-08-08 19:57:09,649 INFO success: mysql entered RUNNING state, process has stayed up for > than 1 seconds (startsecs)
2019-08-08 19:57:09,650 INFO success: varnish-themes-watcher entered RUNNING state, process has stayed up for > than 1 seconds (startsecs)
2019-08-08 19:59:17,931 WARN received SIGTERM indicating exit request
2019-08-08 19:59:17,936 INFO waiting for varnishd, php-fpm, varnish-plugins-watcher, nginx, MailHog, mysql, varnish-themes-watcher to die
2019-08-08 19:59:18,734 INFO stopped: varnish-themes-watcher (terminated by SIGTERM)
2019-08-08 19:59:18,747 INFO reaped unknown pid 471
2019-08-08 19:59:19,025 INFO stopped: mysql (exit status 0)
2019-08-08 19:59:19,035 INFO stopped: MailHog (terminated by SIGTERM)
2019-08-08 19:59:19,049 INFO stopped: nginx (exit status 0)
2019-08-08 19:59:20,056 INFO stopped: varnish-plugins-watcher (terminated by SIGTERM)
2019-08-08 19:59:20,076 INFO stopped: php-fpm (exit status 0)
2019-08-08 19:59:21,084 INFO waiting for varnishd to die
2019-08-08 19:59:21,307 INFO stopped: varnishd (exit status 0)
2019-10-07 20:13:48,840 CRIT Supervisor running as root (no user in config file)
2019-10-07 20:13:48,841 INFO Included extra file "/etc/supervisor/conf.d/supervisord.conf" during parsing
2019-10-07 20:13:48,892 INFO RPC interface 'supervisor' initialized
2019-10-07 20:13:48,898 CRIT Server 'unix_http_server' running without any HTTP authentication checking
2019-10-07 20:13:48,899 INFO supervisord started with pid 1
2019-10-07 20:13:49,909 INFO spawned: 'varnishd' with pid 25
2019-10-07 20:13:49,992 INFO spawned: 'php-fpm' with pid 26
2019-10-07 20:13:50,080 INFO spawned: 'varnish-plugins-watcher' with pid 27
2019-10-07 20:13:50,232 INFO spawned: 'nginx' with pid 28
2019-10-07 20:13:50,302 INFO spawned: 'MailHog' with pid 29
2019-10-07 20:13:50,371 INFO spawned: 'mysql' with pid 30
2019-10-07 20:13:50,440 INFO spawned: 'varnish-themes-watcher' with pid 34
2019-10-07 20:13:51,834 INFO success: varnishd entered RUNNING state, process has stayed up for > than 1 seconds (startsecs)
2019-10-07 20:13:51,835 INFO success: php-fpm entered RUNNING state, process has stayed up for > than 1 seconds (startsecs)
2019-10-07 20:13:51,837 INFO success: varnish-plugins-watcher entered RUNNING state, process has stayed up for > than 1 seconds (startsecs)
2019-10-07 20:13:51,838 INFO success: nginx entered RUNNING state, process has stayed up for > than 1 seconds (startsecs)
2019-10-07 20:13:51,838 INFO success: MailHog entered RUNNING state, process has stayed up for > than 1 seconds (startsecs)
2019-10-07 20:13:51,841 INFO success: mysql entered RUNNING state, process has stayed up for > than 1 seconds (startsecs)
2019-10-07 20:13:51,865 INFO success: varnish-themes-watcher entered RUNNING state, process has stayed up for > than 1 seconds (startsecs)
2019-10-07 20:14:27,309 WARN received SIGTERM indicating exit request
2019-10-07 20:14:27,312 INFO waiting for varnishd, php-fpm, varnish-plugins-watcher, nginx, MailHog, mysql, varnish-themes-watcher to die
2019-10-07 20:14:28,316 INFO stopped: varnish-themes-watcher (terminated by SIGTERM)
2019-10-07 20:14:28,346 INFO stopped: mysql (exit status 0)
2019-10-07 20:14:28,348 INFO stopped: MailHog (terminated by SIGTERM)
2019-10-07 20:14:28,356 INFO stopped: nginx (exit status 0)
2019-10-07 20:14:29,362 INFO stopped: varnish-plugins-watcher (terminated by SIGTERM)
2019-10-07 20:14:29,466 INFO stopped: php-fpm (exit status 0)
2019-10-07 20:14:30,009 INFO reaped unknown pid 45
2019-10-07 20:14:30,527 INFO waiting for varnishd to die
2019-10-07 20:14:30,731 INFO reaped unknown pid 349
2019-10-07 20:14:30,732 INFO reaped unknown pid 350
2019-10-07 20:14:30,791 INFO stopped: varnishd (exit status 0)
2019-10-17 20:07:34,655 CRIT Supervisor running as root (no user in config file)
2019-10-17 20:07:34,655 INFO Included extra file "/etc/supervisor/conf.d/supervisord.conf" during parsing
2019-10-17 20:07:34,715 INFO RPC interface 'supervisor' initialized
2019-10-17 20:07:34,719 CRIT Server 'unix_http_server' running without any HTTP authentication checking
2019-10-17 20:07:34,719 INFO supervisord started with pid 1
2019-10-17 20:07:35,725 INFO spawned: 'varnishd' with pid 25
2019-10-17 20:07:35,734 INFO spawned: 'php-fpm' with pid 26
2019-10-17 20:07:35,745 INFO spawned: 'varnish-plugins-watcher' with pid 27
2019-10-17 20:07:35,760 INFO spawned: 'nginx' with pid 28
2019-10-17 20:07:35,782 INFO spawned: 'MailHog' with pid 29
2019-10-17 20:07:35,807 INFO spawned: 'mysql' with pid 33
2019-10-17 20:07:35,837 INFO spawned: 'varnish-themes-watcher' with pid 36
2019-10-17 20:07:36,944 INFO success: varnishd entered RUNNING state, process has stayed up for > than 1 seconds (startsecs)
2019-10-17 20:07:36,948 INFO success: php-fpm entered RUNNING state, process has stayed up for > than 1 seconds (startsecs)
2019-10-17 20:07:36,950 INFO success: varnish-plugins-watcher entered RUNNING state, process has stayed up for > than 1 seconds (startsecs)
2019-10-17 20:07:36,951 INFO success: nginx entered RUNNING state, process has stayed up for > than 1 seconds (startsecs)
2019-10-17 20:07:36,951 INFO success: MailHog entered RUNNING state, process has stayed up for > than 1 seconds (startsecs)
2019-10-17 20:07:36,951 INFO success: mysql entered RUNNING state, process has stayed up for > than 1 seconds (startsecs)
2019-10-17 20:07:36,952 INFO success: varnish-themes-watcher entered RUNNING state, process has stayed up for > than 1 seconds (startsecs)
2019-10-17 21:57:56,087 WARN received SIGTERM indicating exit request
2019-10-17 21:57:56,091 INFO waiting for varnishd, php-fpm, varnish-plugins-watcher, nginx, MailHog, mysql, varnish-themes-watcher to die
2019-10-17 21:57:57,094 INFO stopped: varnish-themes-watcher (terminated by SIGTERM)
2019-10-17 21:57:57,257 INFO stopped: mysql (exit status 0)
2019-10-17 21:57:57,259 INFO stopped: MailHog (terminated by SIGTERM)
2019-10-17 21:57:57,264 INFO stopped: nginx (exit status 0)
2019-10-17 21:57:58,267 INFO stopped: varnish-plugins-watcher (terminated by SIGTERM)
2019-10-17 21:57:58,301 INFO stopped: php-fpm (exit status 0)
2019-10-17 21:57:58,784 INFO reaped unknown pid 5672
2019-10-17 21:57:58,785 INFO reaped unknown pid 5673
2019-10-17 21:57:59,313 INFO waiting for varnishd to die
2019-10-17 21:57:59,679 INFO stopped: varnishd (exit status 0)
2019-10-18 06:26:23,489 CRIT Supervisor running as root (no user in config file)
2019-10-18 06:26:23,489 INFO Included extra file "/etc/supervisor/conf.d/supervisord.conf" during parsing
2019-10-18 06:26:23,658 INFO RPC interface 'supervisor' initialized
2019-10-18 06:26:23,659 CRIT Server 'unix_http_server' running without any HTTP authentication checking
2019-10-18 06:26:23,661 INFO supervisord started with pid 1
2019-10-18 06:26:25,058 INFO spawned: 'varnishd' with pid 38
2019-10-18 06:26:25,138 INFO spawned: 'php-fpm' with pid 39
2019-10-18 06:26:25,643 INFO spawned: 'varnish-plugins-watcher' with pid 42
2019-10-18 06:26:25,730 INFO spawned: 'nginx' with pid 48
2019-10-18 06:26:25,962 INFO spawned: 'MailHog' with pid 49
2019-10-18 06:26:26,406 INFO spawned: 'mysql' with pid 52
2019-10-18 06:26:27,714 INFO spawned: 'varnish-themes-watcher' with pid 69
2019-10-18 06:26:27,735 INFO success: varnishd entered RUNNING state, process has stayed up for > than 1 seconds (startsecs)
2019-10-18 06:26:27,743 INFO success: php-fpm entered RUNNING state, process has stayed up for > than 1 seconds (startsecs)
2019-10-18 06:26:27,744 INFO success: varnish-plugins-watcher entered RUNNING state, process has stayed up for > than 1 seconds (startsecs)
2019-10-18 06:26:27,745 INFO success: nginx entered RUNNING state, process has stayed up for > than 1 seconds (startsecs)
2019-10-18 06:26:27,746 INFO success: MailHog entered RUNNING state, process has stayed up for > than 1 seconds (startsecs)
2019-10-18 06:26:27,747 INFO success: mysql entered RUNNING state, process has stayed up for > than 1 seconds (startsecs)
2019-10-18 06:26:27,747 INFO success: varnish-themes-watcher entered RUNNING state, process has stayed up for > than 1 seconds (startsecs)
2019-10-18 06:30:19,764 WARN received SIGTERM indicating exit request
2019-10-18 06:30:19,961 INFO waiting for varnishd, php-fpm, varnish-plugins-watcher, nginx, MailHog, mysql, varnish-themes-watcher to die
2019-10-18 06:30:21,025 INFO stopped: varnish-themes-watcher (terminated by SIGTERM)
2019-10-18 06:30:21,591 INFO stopped: mysql (exit status 0)
2019-10-18 06:30:21,645 INFO stopped: MailHog (terminated by SIGTERM)
2019-10-18 06:30:21,745 INFO stopped: nginx (exit status 0)
2019-10-18 06:30:21,747 INFO stopped: varnish-plugins-watcher (terminated by SIGTERM)
2019-10-18 06:30:21,932 INFO stopped: php-fpm (exit status 0)
2019-10-18 06:30:22,824 INFO reaped unknown pid 567
2019-10-18 06:30:23,013 INFO waiting for varnishd to die
2019-10-18 06:30:23,899 INFO reaped unknown pid 569
2019-10-18 06:30:24,138 INFO reaped unknown pid 77
2019-10-18 06:30:25,206 INFO stopped: varnishd (exit status 0)
