2019-10-05T05:01:15.965741Z 0 [Warning] TIMESTAMP with implicit DEFAULT value is deprecated. Please use --explicit_defaults_for_timestamp server option (see documentation for more details).
2019-10-05T05:01:15.981665Z 0 [Note] /usr/sbin/mysqld (mysqld 5.7.23) starting as process 33 ...
2019-10-05T05:01:16.203049Z 0 [Note] InnoDB: PUNCH HOLE support available
2019-10-05T05:01:16.203103Z 0 [Note] InnoDB: Mutexes and rw_locks use GCC atomic builtins
2019-10-05T05:01:16.203111Z 0 [Note] InnoDB: Uses event mutexes
2019-10-05T05:01:16.203118Z 0 [Note] InnoDB: GCC builtin __atomic_thread_fence() is used for memory barrier
2019-10-05T05:01:16.203125Z 0 [Note] InnoDB: Compressed tables use zlib 1.2.3
2019-10-05T05:01:16.203131Z 0 [Note] InnoDB: Using Linux native AIO
2019-10-05T05:01:16.207662Z 0 [Note] InnoDB: Number of pools: 1
2019-10-05T05:01:16.254897Z 0 [Note] InnoDB: Using CPU crc32 instructions
2019-10-05T05:01:16.264517Z 0 [Note] InnoDB: Initializing buffer pool, total size = 32M, instances = 1, chunk size = 32M
2019-10-05T05:01:16.283902Z 0 [Note] InnoDB: Completed initialization of buffer pool
2019-10-05T05:01:16.288284Z 0 [Note] InnoDB: If the mysqld execution user is authorized, page cleaner thread priority can be changed. See the man page of setpriority().
2019-10-05T05:01:16.340353Z 0 [Note] InnoDB: Highest supported file format is Barracuda.
2019-10-05T05:01:16.354391Z 0 [Note] InnoDB: Log scan progressed past the checkpoint lsn 2588963
2019-10-05T05:01:16.354434Z 0 [Note] InnoDB: Doing recovery: scanned up to log sequence number 2591784
2019-10-05T05:01:16.365114Z 0 [Note] InnoDB: Database was not shutdown normally!
2019-10-05T05:01:16.365147Z 0 [Note] InnoDB: Starting crash recovery.
2019-10-05T05:01:17.834022Z 0 [Note] InnoDB: Starting an apply batch of log records to the database...
InnoDB: Progress in percent: 27 28 29 30 31 32 33 34 35 36 37 38 39 40 41 42 43 44 45 46 47 48 49 50 51 52 53 54 55 56 57 58 59 60 61 62 63 64 65 66 67 68 69 70 71 72 73 74 75 76 77 78 79 80 81 82 83 84 85 86 87 88 89 90 91 92 93 94 95 96 97 98 99 
2019-10-05T05:01:17.841823Z 0 [Note] InnoDB: Apply batch completed
2019-10-05T05:01:18.033271Z 0 [Note] InnoDB: Removed temporary tablespace data file: "ibtmp1"
2019-10-05T05:01:18.033305Z 0 [Note] InnoDB: Creating shared tablespace for temporary tables
2019-10-05T05:01:18.033542Z 0 [Note] InnoDB: Setting file './ibtmp1' size to 12 MB. Physically writing the file full; Please wait ...
2019-10-05T05:01:18.168412Z 0 [Note] InnoDB: File './ibtmp1' size is now 12 MB.
2019-10-05T05:01:18.169534Z 0 [Note] InnoDB: 96 redo rollback segment(s) found. 96 redo rollback segment(s) are active.
2019-10-05T05:01:18.169569Z 0 [Note] InnoDB: 32 non-redo rollback segment(s) are active.
2019-10-05T05:01:18.173092Z 0 [Note] InnoDB: Waiting for purge to start
2019-10-05T05:01:18.223730Z 0 [Note] InnoDB: 5.7.23 started; log sequence number 2591784
2019-10-05T05:01:18.284356Z 0 [Note] Plugin 'FEDERATED' is disabled.
2019-10-05T05:01:18.398549Z 0 [Note] InnoDB: Loading buffer pool(s) from /var/lib/mysql/ib_buffer_pool
2019-10-05T05:01:18.495629Z 0 [Warning] Failed to set up SSL because of the following SSL library error: SSL context is not usable without certificate and private key
2019-10-05T05:01:18.495666Z 0 [Note] Server hostname (bind-address): '*'; port: 3306
2019-10-05T05:01:18.501509Z 0 [Note] IPv6 is available.
2019-10-05T05:01:18.503360Z 0 [Note]   - '::' resolves to '::';
2019-10-05T05:01:18.503405Z 0 [Note] Server socket created on IP: '::'.
2019-10-05T05:01:18.513365Z 0 [Note] InnoDB: Buffer pool(s) load completed at 191005  5:01:18
2019-10-05T05:01:18.514059Z 0 [Warning] Insecure configuration for --pid-file: Location '/var/run/mysqld' in the path is accessible to all OS users. Consider choosing a different directory.
2019-10-05T05:01:18.530093Z 0 [ERROR] /usr/sbin/mysqld: Table './mysql/user' is marked as crashed and should be repaired
2019-10-05T05:01:18.530450Z 0 [Warning] Checking table:   './mysql/user'
2019-10-05T05:01:18.530475Z 0 [ERROR] 1 client is using or hasn't closed the table properly
2019-10-05T05:01:18.533078Z 0 [Warning] 'user' entry 'root@localhost' ignored in --skip-name-resolve mode.
2019-10-05T05:01:18.533133Z 0 [Warning] 'user' entry 'mysql.session@localhost' ignored in --skip-name-resolve mode.
2019-10-05T05:01:18.533155Z 0 [Warning] 'user' entry 'mysql.sys@localhost' ignored in --skip-name-resolve mode.
2019-10-05T05:01:18.533691Z 0 [Warning] 'db' entry 'performance_schema mysql.session@localhost' ignored in --skip-name-resolve mode.
2019-10-05T05:01:18.533709Z 0 [Warning] 'db' entry 'sys mysql.sys@localhost' ignored in --skip-name-resolve mode.
2019-10-05T05:01:18.534100Z 0 [Warning] 'proxies_priv' entry '@ root@localhost' ignored in --skip-name-resolve mode.
2019-10-05T05:01:18.548144Z 0 [Warning] 'tables_priv' entry 'user mysql.session@localhost' ignored in --skip-name-resolve mode.
2019-10-05T05:01:18.548183Z 0 [Warning] 'tables_priv' entry 'sys_config mysql.sys@localhost' ignored in --skip-name-resolve mode.
2019-10-05T05:01:18.688994Z 0 [Note] Event Scheduler: Loaded 0 events
2019-10-05T05:01:18.691291Z 0 [Note] /usr/sbin/mysqld: ready for connections.
Version: '5.7.23'  socket: '/var/run/mysqld/mysqld.sock'  port: 3306  MySQL Community Server (GPL)
2019-10-05T05:01:19.240915Z 4 [ERROR] /usr/sbin/mysqld: Table './mysql/proc' is marked as crashed and should be repaired
2019-10-05T05:01:19.241517Z 4 [Warning] Checking table:   './mysql/proc'
2019-10-05T05:01:19.383960Z 6 [Warning] 'user' entry 'root@localhost' ignored in --skip-name-resolve mode.
2019-10-05T05:01:19.383998Z 6 [Warning] 'user' entry 'mysql.session@localhost' ignored in --skip-name-resolve mode.
2019-10-05T05:01:19.384011Z 6 [Warning] 'user' entry 'mysql.sys@localhost' ignored in --skip-name-resolve mode.
2019-10-05T05:01:19.384041Z 6 [Warning] 'db' entry 'performance_schema mysql.session@localhost' ignored in --skip-name-resolve mode.
2019-10-05T05:01:19.384048Z 6 [Warning] 'db' entry 'sys mysql.sys@localhost' ignored in --skip-name-resolve mode.
2019-10-05T05:01:19.384063Z 6 [Warning] 'proxies_priv' entry '@ root@localhost' ignored in --skip-name-resolve mode.
2019-10-05T05:01:19.384270Z 6 [Warning] 'tables_priv' entry 'user mysql.session@localhost' ignored in --skip-name-resolve mode.
2019-10-05T05:01:19.384284Z 6 [Warning] 'tables_priv' entry 'sys_config mysql.sys@localhost' ignored in --skip-name-resolve mode.
2019-10-05T14:44:30.761471Z 0 [Note] InnoDB: page_cleaner: 1000ms intended loop took 19461744ms. The settings might not be optimal. (flushed=0 and evicted=0, during the time.)
2019-10-06T05:14:18.804332Z 0 [Note] InnoDB: page_cleaner: 1000ms intended loop took 50917449ms. The settings might not be optimal. (flushed=0 and evicted=0, during the time.)
2019-10-06T05:16:52.156589Z 0 [Note] InnoDB: page_cleaner: 1000ms intended loop took 5761ms. The settings might not be optimal. (flushed=0 and evicted=0, during the time.)
2019-10-06T05:17:52.751367Z 0 [Note] InnoDB: page_cleaner: 1000ms intended loop took 4623ms. The settings might not be optimal. (flushed=0 and evicted=0, during the time.)
2019-10-06T05:44:27.992161Z 0 [Warning] TIMESTAMP with implicit DEFAULT value is deprecated. Please use --explicit_defaults_for_timestamp server option (see documentation for more details).
2019-10-06T05:44:28.000061Z 0 [Note] /usr/sbin/mysqld (mysqld 5.7.23) starting as process 90 ...
2019-10-06T05:44:28.428074Z 0 [Note] InnoDB: PUNCH HOLE support available
2019-10-06T05:44:28.428128Z 0 [Note] InnoDB: Mutexes and rw_locks use GCC atomic builtins
2019-10-06T05:44:28.428137Z 0 [Note] InnoDB: Uses event mutexes
2019-10-06T05:44:28.428145Z 0 [Note] InnoDB: GCC builtin __atomic_thread_fence() is used for memory barrier
2019-10-06T05:44:28.428152Z 0 [Note] InnoDB: Compressed tables use zlib 1.2.3
2019-10-06T05:44:28.428159Z 0 [Note] InnoDB: Using Linux native AIO
2019-10-06T05:44:28.431646Z 0 [Note] InnoDB: Number of pools: 1
2019-10-06T05:44:28.438660Z 0 [Note] InnoDB: Using CPU crc32 instructions
2019-10-06T05:44:28.445142Z 0 [Note] InnoDB: Initializing buffer pool, total size = 32M, instances = 1, chunk size = 32M
2019-10-06T05:44:28.497531Z 0 [Note] InnoDB: Completed initialization of buffer pool
2019-10-06T05:44:28.646177Z 0 [Note] InnoDB: If the mysqld execution user is authorized, page cleaner thread priority can be changed. See the man page of setpriority().
2019-10-06T05:44:28.726549Z 0 [Note] InnoDB: Highest supported file format is Barracuda.
2019-10-06T05:44:28.902203Z 0 [Note] InnoDB: Log scan progressed past the checkpoint lsn 4829777
2019-10-06T05:44:28.902265Z 0 [Note] InnoDB: Doing recovery: scanned up to log sequence number 4829786
2019-10-06T05:44:28.902278Z 0 [Note] InnoDB: Database was not shutdown normally!
2019-10-06T05:44:28.902285Z 0 [Note] InnoDB: Starting crash recovery.
2019-10-06T05:44:29.448748Z 0 [Note] InnoDB: Removed temporary tablespace data file: "ibtmp1"
2019-10-06T05:44:29.448801Z 0 [Note] InnoDB: Creating shared tablespace for temporary tables
2019-10-06T05:44:29.448902Z 0 [Note] InnoDB: Setting file './ibtmp1' size to 12 MB. Physically writing the file full; Please wait ...
2019-10-06T05:44:29.629014Z 0 [Note] InnoDB: File './ibtmp1' size is now 12 MB.
2019-10-06T05:44:29.630109Z 0 [Note] InnoDB: 96 redo rollback segment(s) found. 96 redo rollback segment(s) are active.
2019-10-06T05:44:29.630258Z 0 [Note] InnoDB: 32 non-redo rollback segment(s) are active.
2019-10-06T05:44:29.687959Z 0 [Note] InnoDB: Waiting for purge to start
2019-10-06T05:44:29.769782Z 0 [Note] InnoDB: 5.7.23 started; log sequence number 4829786
2019-10-06T05:44:29.778051Z 0 [Note] Plugin 'FEDERATED' is disabled.
2019-10-06T05:44:29.778419Z 0 [Note] InnoDB: Loading buffer pool(s) from /var/lib/mysql/ib_buffer_pool
2019-10-06T05:44:29.831823Z 0 [Warning] Failed to set up SSL because of the following SSL library error: SSL context is not usable without certificate and private key
2019-10-06T05:44:29.831860Z 0 [Note] Server hostname (bind-address): '*'; port: 3306
2019-10-06T05:44:29.832245Z 0 [Note] IPv6 is available.
2019-10-06T05:44:29.845398Z 0 [Note]   - '::' resolves to '::';
2019-10-06T05:44:29.845769Z 0 [Note] Server socket created on IP: '::'.
2019-10-06T05:44:29.848301Z 0 [Note] InnoDB: Buffer pool(s) load completed at 191006  5:44:29
2019-10-06T05:44:29.865533Z 0 [ERROR] /usr/sbin/mysqld: Table './mysql/user' is marked as crashed and should be repaired
2019-10-06T05:44:29.866222Z 0 [Warning] Checking table:   './mysql/user'
2019-10-06T05:44:29.866258Z 0 [ERROR] 1 client is using or hasn't closed the table properly
2019-10-06T05:44:29.899484Z 0 [Warning] 'user' entry 'root@localhost' ignored in --skip-name-resolve mode.
2019-10-06T05:44:29.899560Z 0 [Warning] 'user' entry 'mysql.session@localhost' ignored in --skip-name-resolve mode.
2019-10-06T05:44:29.899583Z 0 [Warning] 'user' entry 'mysql.sys@localhost' ignored in --skip-name-resolve mode.
2019-10-06T05:44:29.900357Z 0 [Warning] 'db' entry 'performance_schema mysql.session@localhost' ignored in --skip-name-resolve mode.
2019-10-06T05:44:29.900381Z 0 [Warning] 'db' entry 'sys mysql.sys@localhost' ignored in --skip-name-resolve mode.
2019-10-06T05:44:29.901392Z 0 [Warning] 'proxies_priv' entry '@ root@localhost' ignored in --skip-name-resolve mode.
2019-10-06T05:44:29.925845Z 0 [Warning] 'tables_priv' entry 'user mysql.session@localhost' ignored in --skip-name-resolve mode.
2019-10-06T05:44:29.925881Z 0 [Warning] 'tables_priv' entry 'sys_config mysql.sys@localhost' ignored in --skip-name-resolve mode.
2019-10-06T05:44:30.132099Z 0 [Note] Event Scheduler: Loaded 0 events
2019-10-06T05:44:30.135919Z 0 [Note] /usr/sbin/mysqld: ready for connections.
Version: '5.7.23'  socket: '/var/run/mysqld/mysqld.sock'  port: 3306  MySQL Community Server (GPL)
2019-10-06T05:48:44.172192Z 0 [Note] Giving 0 client threads a chance to die gracefully
2019-10-06T05:48:44.173929Z 0 [Note] Shutting down slave threads
2019-10-06T05:48:44.173947Z 0 [Note] Forcefully disconnecting 0 remaining clients
2019-10-06T05:48:44.173957Z 0 [Note] Event Scheduler: Purging the queue. 0 events
2019-10-06T05:48:44.174006Z 0 [Note] Binlog end
2019-10-06T05:48:44.175424Z 0 [Note] Shutting down plugin 'ngram'
2019-10-06T05:48:44.175441Z 0 [Note] Shutting down plugin 'partition'
2019-10-06T05:48:44.175453Z 0 [Note] Shutting down plugin 'BLACKHOLE'
2019-10-06T05:48:44.175459Z 0 [Note] Shutting down plugin 'ARCHIVE'
2019-10-06T05:48:44.175464Z 0 [Note] Shutting down plugin 'PERFORMANCE_SCHEMA'
2019-10-06T05:48:44.175489Z 0 [Note] Shutting down plugin 'MRG_MYISAM'
2019-10-06T05:48:44.175494Z 0 [Note] Shutting down plugin 'MyISAM'
2019-10-06T05:48:44.175507Z 0 [Note] Shutting down plugin 'INNODB_SYS_VIRTUAL'
2019-10-06T05:48:44.175511Z 0 [Note] Shutting down plugin 'INNODB_SYS_DATAFILES'
2019-10-06T05:48:44.175516Z 0 [Note] Shutting down plugin 'INNODB_SYS_TABLESPACES'
2019-10-06T05:48:44.175520Z 0 [Note] Shutting down plugin 'INNODB_SYS_FOREIGN_COLS'
2019-10-06T05:48:44.175524Z 0 [Note] Shutting down plugin 'INNODB_SYS_FOREIGN'
2019-10-06T05:48:44.175528Z 0 [Note] Shutting down plugin 'INNODB_SYS_FIELDS'
2019-10-06T05:48:44.175532Z 0 [Note] Shutting down plugin 'INNODB_SYS_COLUMNS'
2019-10-06T05:48:44.175537Z 0 [Note] Shutting down plugin 'INNODB_SYS_INDEXES'
2019-10-06T05:48:44.175541Z 0 [Note] Shutting down plugin 'INNODB_SYS_TABLESTATS'
2019-10-06T05:48:44.175545Z 0 [Note] Shutting down plugin 'INNODB_SYS_TABLES'
2019-10-06T05:48:44.175549Z 0 [Note] Shutting down plugin 'INNODB_FT_INDEX_TABLE'
2019-10-06T05:48:44.175553Z 0 [Note] Shutting down plugin 'INNODB_FT_INDEX_CACHE'
2019-10-06T05:48:44.175557Z 0 [Note] Shutting down plugin 'INNODB_FT_CONFIG'
2019-10-06T05:48:44.175561Z 0 [Note] Shutting down plugin 'INNODB_FT_BEING_DELETED'
2019-10-06T05:48:44.175565Z 0 [Note] Shutting down plugin 'INNODB_FT_DELETED'
2019-10-06T05:48:44.175569Z 0 [Note] Shutting down plugin 'INNODB_FT_DEFAULT_STOPWORD'
2019-10-06T05:48:44.175573Z 0 [Note] Shutting down plugin 'INNODB_METRICS'
2019-10-06T05:48:44.175578Z 0 [Note] Shutting down plugin 'INNODB_TEMP_TABLE_INFO'
2019-10-06T05:48:44.175582Z 0 [Note] Shutting down plugin 'INNODB_BUFFER_POOL_STATS'
2019-10-06T05:48:44.175586Z 0 [Note] Shutting down plugin 'INNODB_BUFFER_PAGE_LRU'
2019-10-06T05:48:44.175590Z 0 [Note] Shutting down plugin 'INNODB_BUFFER_PAGE'
2019-10-06T05:48:44.175594Z 0 [Note] Shutting down plugin 'INNODB_CMP_PER_INDEX_RESET'
2019-10-06T05:48:44.175598Z 0 [Note] Shutting down plugin 'INNODB_CMP_PER_INDEX'
2019-10-06T05:48:44.175602Z 0 [Note] Shutting down plugin 'INNODB_CMPMEM_RESET'
2019-10-06T05:48:44.175607Z 0 [Note] Shutting down plugin 'INNODB_CMPMEM'
2019-10-06T05:48:44.175611Z 0 [Note] Shutting down plugin 'INNODB_CMP_RESET'
2019-10-06T05:48:44.175615Z 0 [Note] Shutting down plugin 'INNODB_CMP'
2019-10-06T05:48:44.175619Z 0 [Note] Shutting down plugin 'INNODB_LOCK_WAITS'
2019-10-06T05:48:44.175623Z 0 [Note] Shutting down plugin 'INNODB_LOCKS'
2019-10-06T05:48:44.175627Z 0 [Note] Shutting down plugin 'INNODB_TRX'
2019-10-06T05:48:44.175632Z 0 [Note] Shutting down plugin 'InnoDB'
2019-10-06T05:48:44.175700Z 0 [Note] InnoDB: FTS optimize thread exiting.
2019-10-06T05:48:44.175896Z 0 [Note] InnoDB: Starting shutdown...
2019-10-06T05:48:44.277683Z 0 [Note] InnoDB: Dumping buffer pool(s) to /var/lib/mysql/ib_buffer_pool
2019-10-06T05:48:44.278051Z 0 [Note] InnoDB: Buffer pool(s) dump completed at 191006  5:48:44
2019-10-06T05:48:45.591466Z 0 [Note] InnoDB: Shutdown completed; log sequence number 5233266
2019-10-06T05:48:45.595178Z 0 [Note] InnoDB: Removed temporary tablespace data file: "ibtmp1"
2019-10-06T05:48:45.595210Z 0 [Note] Shutting down plugin 'MEMORY'
2019-10-06T05:48:45.595219Z 0 [Note] Shutting down plugin 'CSV'
2019-10-06T05:48:45.595226Z 0 [Note] Shutting down plugin 'sha256_password'
2019-10-06T05:48:45.595231Z 0 [Note] Shutting down plugin 'mysql_native_password'
2019-10-06T05:48:45.595407Z 0 [Note] Shutting down plugin 'binlog'
2019-10-06T05:48:45.596064Z 0 [Note] /usr/sbin/mysqld: Shutdown complete

2019-10-06T14:25:44.116598Z 0 [Warning] TIMESTAMP with implicit DEFAULT value is deprecated. Please use --explicit_defaults_for_timestamp server option (see documentation for more details).
2019-10-06T14:25:44.117759Z 0 [Note] /usr/sbin/mysqld (mysqld 5.7.23) starting as process 75 ...
2019-10-06T14:25:44.221427Z 0 [Note] InnoDB: PUNCH HOLE support available
2019-10-06T14:25:44.221473Z 0 [Note] InnoDB: Mutexes and rw_locks use GCC atomic builtins
2019-10-06T14:25:44.221481Z 0 [Note] InnoDB: Uses event mutexes
2019-10-06T14:25:44.221487Z 0 [Note] InnoDB: GCC builtin __atomic_thread_fence() is used for memory barrier
2019-10-06T14:25:44.221493Z 0 [Note] InnoDB: Compressed tables use zlib 1.2.3
2019-10-06T14:25:44.221500Z 0 [Note] InnoDB: Using Linux native AIO
2019-10-06T14:25:44.221815Z 0 [Note] InnoDB: Number of pools: 1
2019-10-06T14:25:44.221964Z 0 [Note] InnoDB: Using CPU crc32 instructions
2019-10-06T14:25:44.224776Z 0 [Note] InnoDB: Initializing buffer pool, total size = 32M, instances = 1, chunk size = 32M
2019-10-06T14:25:44.228407Z 0 [Note] InnoDB: Completed initialization of buffer pool
2019-10-06T14:25:44.229863Z 0 [Note] InnoDB: If the mysqld execution user is authorized, page cleaner thread priority can be changed. See the man page of setpriority().
2019-10-06T14:25:44.259339Z 0 [Note] InnoDB: Highest supported file format is Barracuda.
2019-10-06T14:25:44.304021Z 0 [Note] InnoDB: Creating shared tablespace for temporary tables
2019-10-06T14:25:44.304297Z 0 [Note] InnoDB: Setting file './ibtmp1' size to 12 MB. Physically writing the file full; Please wait ...
2019-10-06T14:25:44.409755Z 0 [Note] InnoDB: File './ibtmp1' size is now 12 MB.
2019-10-06T14:25:44.411037Z 0 [Note] InnoDB: 96 redo rollback segment(s) found. 96 redo rollback segment(s) are active.
2019-10-06T14:25:44.411075Z 0 [Note] InnoDB: 32 non-redo rollback segment(s) are active.
2019-10-06T14:25:44.411735Z 0 [Note] InnoDB: Waiting for purge to start
2019-10-06T14:25:44.462113Z 0 [Note] InnoDB: 5.7.23 started; log sequence number 5233266
2019-10-06T14:25:44.462579Z 0 [Note] Plugin 'FEDERATED' is disabled.
2019-10-06T14:25:44.465620Z 0 [Warning] Failed to set up SSL because of the following SSL library error: SSL context is not usable without certificate and private key
2019-10-06T14:25:44.465646Z 0 [Note] Server hostname (bind-address): '*'; port: 3306
2019-10-06T14:25:44.465703Z 0 [Note] IPv6 is available.
2019-10-06T14:25:44.465718Z 0 [Note]   - '::' resolves to '::';
2019-10-06T14:25:44.465728Z 0 [Note] Server socket created on IP: '::'.
2019-10-06T14:25:44.469425Z 0 [Note] InnoDB: Loading buffer pool(s) from /var/lib/mysql/ib_buffer_pool
2019-10-06T14:25:44.472706Z 0 [Warning] 'user' entry 'root@localhost' ignored in --skip-name-resolve mode.
2019-10-06T14:25:44.472861Z 0 [Warning] 'user' entry 'mysql.session@localhost' ignored in --skip-name-resolve mode.
2019-10-06T14:25:44.472905Z 0 [Warning] 'user' entry 'mysql.sys@localhost' ignored in --skip-name-resolve mode.
2019-10-06T14:25:44.472947Z 0 [Warning] 'db' entry 'performance_schema mysql.session@localhost' ignored in --skip-name-resolve mode.
2019-10-06T14:25:44.472956Z 0 [Warning] 'db' entry 'sys mysql.sys@localhost' ignored in --skip-name-resolve mode.
2019-10-06T14:25:44.472974Z 0 [Warning] 'proxies_priv' entry '@ root@localhost' ignored in --skip-name-resolve mode.
2019-10-06T14:25:44.475895Z 0 [Warning] 'tables_priv' entry 'user mysql.session@localhost' ignored in --skip-name-resolve mode.
2019-10-06T14:25:44.475926Z 0 [Warning] 'tables_priv' entry 'sys_config mysql.sys@localhost' ignored in --skip-name-resolve mode.
2019-10-06T14:25:44.500113Z 0 [Note] InnoDB: Buffer pool(s) load completed at 191006 14:25:44
2019-10-06T14:25:44.549865Z 0 [Note] Event Scheduler: Loaded 0 events
2019-10-06T14:25:44.550127Z 0 [Note] /usr/sbin/mysqld: ready for connections.
Version: '5.7.23'  socket: '/var/run/mysqld/mysqld.sock'  port: 3306  MySQL Community Server (GPL)
2019-10-06T16:06:58.437555Z 0 [Note] InnoDB: page_cleaner: 1000ms intended loop took 2296259ms. The settings might not be optimal. (flushed=0 and evicted=0, during the time.)
2019-10-07T04:14:46.629357Z 0 [Note] InnoDB: page_cleaner: 1000ms intended loop took 41748799ms. The settings might not be optimal. (flushed=0 and evicted=0, during the time.)
2019-10-07T11:36:25.908440Z 0 [Note] InnoDB: page_cleaner: 1000ms intended loop took 25459469ms. The settings might not be optimal. (flushed=0 and evicted=0, during the time.)
2019-10-07T16:08:42.390366Z 0 [Note] InnoDB: page_cleaner: 1000ms intended loop took 10226729ms. The settings might not be optimal. (flushed=0 and evicted=0, during the time.)
2019-10-07T20:09:30.489492Z 0 [Note] Giving 0 client threads a chance to die gracefully
2019-10-07T20:09:30.496137Z 0 [Note] Shutting down slave threads
2019-10-07T20:09:30.496169Z 0 [Note] Forcefully disconnecting 0 remaining clients
2019-10-07T20:09:30.497219Z 0 [Note] Event Scheduler: Purging the queue. 0 events
2019-10-07T20:09:30.497446Z 0 [Note] Binlog end
2019-10-07T20:09:30.499895Z 0 [Note] Shutting down plugin 'ngram'
2019-10-07T20:09:30.499919Z 0 [Note] Shutting down plugin 'partition'
2019-10-07T20:09:30.499924Z 0 [Note] Shutting down plugin 'BLACKHOLE'
2019-10-07T20:09:30.499927Z 0 [Note] Shutting down plugin 'ARCHIVE'
2019-10-07T20:09:30.499930Z 0 [Note] Shutting down plugin 'PERFORMANCE_SCHEMA'
2019-10-07T20:09:30.499953Z 0 [Note] Shutting down plugin 'MRG_MYISAM'
2019-10-07T20:09:30.499958Z 0 [Note] Shutting down plugin 'MyISAM'
2019-10-07T20:09:30.499971Z 0 [Note] Shutting down plugin 'INNODB_SYS_VIRTUAL'
2019-10-07T20:09:30.499975Z 0 [Note] Shutting down plugin 'INNODB_SYS_DATAFILES'
2019-10-07T20:09:30.499978Z 0 [Note] Shutting down plugin 'INNODB_SYS_TABLESPACES'
2019-10-07T20:09:30.499981Z 0 [Note] Shutting down plugin 'INNODB_SYS_FOREIGN_COLS'
2019-10-07T20:09:30.499983Z 0 [Note] Shutting down plugin 'INNODB_SYS_FOREIGN'
2019-10-07T20:09:30.499986Z 0 [Note] Shutting down plugin 'INNODB_SYS_FIELDS'
2019-10-07T20:09:30.499989Z 0 [Note] Shutting down plugin 'INNODB_SYS_COLUMNS'
2019-10-07T20:09:30.499991Z 0 [Note] Shutting down plugin 'INNODB_SYS_INDEXES'
2019-10-07T20:09:30.499994Z 0 [Note] Shutting down plugin 'INNODB_SYS_TABLESTATS'
2019-10-07T20:09:30.499997Z 0 [Note] Shutting down plugin 'INNODB_SYS_TABLES'
2019-10-07T20:09:30.499999Z 0 [Note] Shutting down plugin 'INNODB_FT_INDEX_TABLE'
2019-10-07T20:09:30.500002Z 0 [Note] Shutting down plugin 'INNODB_FT_INDEX_CACHE'
2019-10-07T20:09:30.500004Z 0 [Note] Shutting down plugin 'INNODB_FT_CONFIG'
2019-10-07T20:09:30.500007Z 0 [Note] Shutting down plugin 'INNODB_FT_BEING_DELETED'
2019-10-07T20:09:30.500010Z 0 [Note] Shutting down plugin 'INNODB_FT_DELETED'
2019-10-07T20:09:30.500012Z 0 [Note] Shutting down plugin 'INNODB_FT_DEFAULT_STOPWORD'
2019-10-07T20:09:30.500015Z 0 [Note] Shutting down plugin 'INNODB_METRICS'
2019-10-07T20:09:30.500018Z 0 [Note] Shutting down plugin 'INNODB_TEMP_TABLE_INFO'
2019-10-07T20:09:30.500020Z 0 [Note] Shutting down plugin 'INNODB_BUFFER_POOL_STATS'
2019-10-07T20:09:30.500023Z 0 [Note] Shutting down plugin 'INNODB_BUFFER_PAGE_LRU'
2019-10-07T20:09:30.500026Z 0 [Note] Shutting down plugin 'INNODB_BUFFER_PAGE'
2019-10-07T20:09:30.500028Z 0 [Note] Shutting down plugin 'INNODB_CMP_PER_INDEX_RESET'
2019-10-07T20:09:30.500031Z 0 [Note] Shutting down plugin 'INNODB_CMP_PER_INDEX'
2019-10-07T20:09:30.500035Z 0 [Note] Shutting down plugin 'INNODB_CMPMEM_RESET'
2019-10-07T20:09:30.500039Z 0 [Note] Shutting down plugin 'INNODB_CMPMEM'
2019-10-07T20:09:30.500042Z 0 [Note] Shutting down plugin 'INNODB_CMP_RESET'
2019-10-07T20:09:30.500045Z 0 [Note] Shutting down plugin 'INNODB_CMP'
2019-10-07T20:09:30.500047Z 0 [Note] Shutting down plugin 'INNODB_LOCK_WAITS'
2019-10-07T20:09:30.500050Z 0 [Note] Shutting down plugin 'INNODB_LOCKS'
2019-10-07T20:09:30.500052Z 0 [Note] Shutting down plugin 'INNODB_TRX'
2019-10-07T20:09:30.500055Z 0 [Note] Shutting down plugin 'InnoDB'
2019-10-07T20:09:30.500185Z 0 [Note] InnoDB: FTS optimize thread exiting.
2019-10-07T20:09:30.500589Z 0 [Note] InnoDB: Starting shutdown...
2019-10-07T20:09:30.603299Z 0 [Note] InnoDB: Dumping buffer pool(s) to /var/lib/mysql/ib_buffer_pool
2019-10-07T20:09:30.608838Z 0 [Note] InnoDB: Buffer pool(s) dump completed at 191007 20:09:30
2019-10-07T20:09:32.025589Z 0 [Note] InnoDB: Shutdown completed; log sequence number 9036462
2019-10-07T20:09:32.025939Z 0 [Note] InnoDB: Removed temporary tablespace data file: "ibtmp1"
2019-10-07T20:09:32.025962Z 0 [Note] Shutting down plugin 'MEMORY'
2019-10-07T20:09:32.025968Z 0 [Note] Shutting down plugin 'CSV'
2019-10-07T20:09:32.025973Z 0 [Note] Shutting down plugin 'sha256_password'
2019-10-07T20:09:32.025977Z 0 [Note] Shutting down plugin 'mysql_native_password'
2019-10-07T20:09:32.026330Z 0 [Note] Shutting down plugin 'binlog'
2019-10-07T20:09:32.026892Z 0 [Note] /usr/sbin/mysqld: Shutdown complete

2019-10-07T20:11:06.605331Z 0 [Warning] TIMESTAMP with implicit DEFAULT value is deprecated. Please use --explicit_defaults_for_timestamp server option (see documentation for more details).
2019-10-07T20:11:06.605725Z 0 [Note] /usr/sbin/mysqld (mysqld 5.7.23) starting as process 84 ...
2019-10-07T20:11:06.613830Z 0 [Note] InnoDB: PUNCH HOLE support available
2019-10-07T20:11:06.613865Z 0 [Note] InnoDB: Mutexes and rw_locks use GCC atomic builtins
2019-10-07T20:11:06.613870Z 0 [Note] InnoDB: Uses event mutexes
2019-10-07T20:11:06.613875Z 0 [Note] InnoDB: GCC builtin __atomic_thread_fence() is used for memory barrier
2019-10-07T20:11:06.613879Z 0 [Note] InnoDB: Compressed tables use zlib 1.2.3
2019-10-07T20:11:06.613883Z 0 [Note] InnoDB: Using Linux native AIO
2019-10-07T20:11:06.614096Z 0 [Note] InnoDB: Number of pools: 1
2019-10-07T20:11:06.614202Z 0 [Note] InnoDB: Using CPU crc32 instructions
2019-10-07T20:11:06.625270Z 0 [Note] InnoDB: Initializing buffer pool, total size = 32M, instances = 1, chunk size = 32M
2019-10-07T20:11:06.631640Z 0 [Note] InnoDB: Completed initialization of buffer pool
2019-10-07T20:11:06.643147Z 0 [Note] InnoDB: If the mysqld execution user is authorized, page cleaner thread priority can be changed. See the man page of setpriority().
2019-10-07T20:11:06.675922Z 0 [Note] InnoDB: Highest supported file format is Barracuda.
2019-10-07T20:11:06.717639Z 0 [Note] InnoDB: Creating shared tablespace for temporary tables
2019-10-07T20:11:06.717731Z 0 [Note] InnoDB: Setting file './ibtmp1' size to 12 MB. Physically writing the file full; Please wait ...
2019-10-07T20:11:06.792833Z 0 [Note] InnoDB: File './ibtmp1' size is now 12 MB.
2019-10-07T20:11:06.793576Z 0 [Note] InnoDB: 96 redo rollback segment(s) found. 96 redo rollback segment(s) are active.
2019-10-07T20:11:06.793594Z 0 [Note] InnoDB: 32 non-redo rollback segment(s) are active.
2019-10-07T20:11:06.794122Z 0 [Note] InnoDB: Waiting for purge to start
2019-10-07T20:11:06.844474Z 0 [Note] InnoDB: 5.7.23 started; log sequence number 9036462
2019-10-07T20:11:06.845492Z 0 [Note] Plugin 'FEDERATED' is disabled.
2019-10-07T20:11:06.848458Z 0 [Warning] Failed to set up SSL because of the following SSL library error: SSL context is not usable without certificate and private key
2019-10-07T20:11:06.848482Z 0 [Note] Server hostname (bind-address): '*'; port: 3306
2019-10-07T20:11:06.848523Z 0 [Note] IPv6 is available.
2019-10-07T20:11:06.848534Z 0 [Note]   - '::' resolves to '::';
2019-10-07T20:11:06.848540Z 0 [Note] Server socket created on IP: '::'.
2019-10-07T20:11:06.859561Z 0 [Note] InnoDB: Loading buffer pool(s) from /var/lib/mysql/ib_buffer_pool
2019-10-07T20:11:06.864822Z 0 [Warning] 'user' entry 'root@localhost' ignored in --skip-name-resolve mode.
2019-10-07T20:11:06.864859Z 0 [Warning] 'user' entry 'mysql.session@localhost' ignored in --skip-name-resolve mode.
2019-10-07T20:11:06.864868Z 0 [Warning] 'user' entry 'mysql.sys@localhost' ignored in --skip-name-resolve mode.
2019-10-07T20:11:06.864887Z 0 [Warning] 'db' entry 'performance_schema mysql.session@localhost' ignored in --skip-name-resolve mode.
2019-10-07T20:11:06.864892Z 0 [Warning] 'db' entry 'sys mysql.sys@localhost' ignored in --skip-name-resolve mode.
2019-10-07T20:11:06.864901Z 0 [Warning] 'proxies_priv' entry '@ root@localhost' ignored in --skip-name-resolve mode.
2019-10-07T20:11:06.866087Z 0 [Warning] 'tables_priv' entry 'user mysql.session@localhost' ignored in --skip-name-resolve mode.
2019-10-07T20:11:06.866103Z 0 [Warning] 'tables_priv' entry 'sys_config mysql.sys@localhost' ignored in --skip-name-resolve mode.
2019-10-07T20:11:06.873431Z 0 [Note] Event Scheduler: Loaded 0 events
2019-10-07T20:11:06.879703Z 0 [Note] /usr/sbin/mysqld: ready for connections.
Version: '5.7.23'  socket: '/var/run/mysqld/mysqld.sock'  port: 3306  MySQL Community Server (GPL)
2019-10-07T20:11:06.889048Z 0 [Note] InnoDB: Buffer pool(s) load completed at 191007 20:11:06
2019-10-07T20:11:53.257812Z 0 [Note] Giving 1 client threads a chance to die gracefully
2019-10-07T20:11:53.258447Z 0 [Note] Shutting down slave threads
