2019-10-18 06:34:30,487 CRIT Supervisor running as root (no user in config file)
2019-10-18 06:34:30,487 INFO Included extra file "/etc/supervisor/conf.d/supervisord.conf" during parsing
2019-10-18 06:34:30,567 INFO RPC interface 'supervisor' initialized
2019-10-18 06:34:30,569 CRIT Server 'unix_http_server' running without any HTTP authentication checking
2019-10-18 06:34:30,569 INFO supervisord started with pid 1
2019-10-18 06:34:31,681 INFO spawned: 'varnishd' with pid 15
2019-10-18 06:34:31,745 INFO spawned: 'php-fpm' with pid 16
2019-10-18 06:34:31,785 INFO spawned: 'varnish-plugins-watcher' with pid 17
2019-10-18 06:34:32,237 INFO spawned: 'nginx' with pid 19
2019-10-18 06:34:32,372 INFO spawned: 'MailHog' with pid 20
2019-10-18 06:34:32,435 INFO spawned: 'mysql' with pid 21
2019-10-18 06:34:32,495 INFO spawned: 'varnish-themes-watcher' with pid 22
2019-10-18 06:34:32,598 INFO success: varnishd entered RUNNING state, process has stayed up for > than 1 seconds (startsecs)
2019-10-18 06:34:32,872 INFO success: php-fpm entered RUNNING state, process has stayed up for > than 1 seconds (startsecs)
2019-10-18 06:34:32,897 INFO success: varnish-plugins-watcher entered RUNNING state, process has stayed up for > than 1 seconds (startsecs)
2019-10-18 06:34:34,147 INFO success: nginx entered RUNNING state, process has stayed up for > than 1 seconds (startsecs)
2019-10-18 06:34:34,148 INFO success: MailHog entered RUNNING state, process has stayed up for > than 1 seconds (startsecs)
2019-10-18 06:34:34,148 INFO success: mysql entered RUNNING state, process has stayed up for > than 1 seconds (startsecs)
2019-10-18 06:34:34,149 INFO success: varnish-themes-watcher entered RUNNING state, process has stayed up for > than 1 seconds (startsecs)
2019-10-22 05:06:08,120 CRIT Supervisor running as root (no user in config file)
2019-10-22 05:06:08,120 INFO Included extra file "/etc/supervisor/conf.d/supervisord.conf" during parsing
2019-10-22 05:06:09,049 INFO RPC interface 'supervisor' initialized
2019-10-22 05:06:09,049 CRIT Server 'unix_http_server' running without any HTTP authentication checking
2019-10-22 05:06:09,051 INFO supervisord started with pid 1
2019-10-22 05:06:10,068 INFO spawned: 'varnishd' with pid 71
2019-10-22 05:06:10,149 INFO spawned: 'php-fpm' with pid 72
2019-10-22 05:06:10,217 INFO spawned: 'varnish-plugins-watcher' with pid 73
2019-10-22 05:06:10,294 INFO spawned: 'nginx' with pid 74
2019-10-22 05:06:10,721 INFO spawned: 'MailHog' with pid 75
2019-10-22 05:06:11,050 INFO spawned: 'mysql' with pid 79
2019-10-22 05:06:11,227 INFO spawned: 'varnish-themes-watcher' with pid 85
2019-10-22 05:06:11,233 INFO success: varnishd entered RUNNING state, process has stayed up for > than 1 seconds (startsecs)
2019-10-22 05:06:11,251 INFO success: php-fpm entered RUNNING state, process has stayed up for > than 1 seconds (startsecs)
2019-10-22 05:06:11,260 INFO success: varnish-plugins-watcher entered RUNNING state, process has stayed up for > than 1 seconds (startsecs)
2019-10-22 05:06:11,297 INFO success: nginx entered RUNNING state, process has stayed up for > than 1 seconds (startsecs)
2019-10-22 05:06:11,806 INFO success: MailHog entered RUNNING state, process has stayed up for > than 1 seconds (startsecs)
2019-10-22 05:06:11,807 INFO success: mysql entered RUNNING state, process has stayed up for > than 1 seconds (startsecs)
2019-10-22 05:06:12,658 INFO success: varnish-themes-watcher entered RUNNING state, process has stayed up for > than 1 seconds (startsecs)
2019-10-25 03:47:50,584 WARN received SIGTERM indicating exit request
2019-10-25 03:47:50,594 INFO waiting for varnishd, php-fpm, varnish-plugins-watcher, nginx, MailHog, mysql, varnish-themes-watcher to die
2019-10-25 03:47:51,598 INFO stopped: varnish-themes-watcher (terminated by SIGTERM)
2019-10-25 03:47:51,667 INFO stopped: mysql (exit status 0)
2019-10-25 03:47:51,672 INFO stopped: MailHog (terminated by SIGTERM)
2019-10-25 03:47:51,690 INFO stopped: nginx (exit status 0)
2019-10-25 03:47:52,702 INFO stopped: varnish-plugins-watcher (terminated by SIGTERM)
2019-10-25 03:47:52,797 INFO stopped: php-fpm (exit status 0)
2019-10-25 03:47:53,105 INFO reaped unknown pid 115
2019-10-25 03:47:53,802 INFO waiting for varnishd to die
2019-10-25 03:47:54,787 INFO stopped: varnishd (exit status 0)
2019-10-26 04:25:28,285 CRIT Supervisor running as root (no user in config file)
2019-10-26 04:25:28,286 INFO Included extra file "/etc/supervisor/conf.d/supervisord.conf" during parsing
2019-10-26 04:25:28,376 INFO RPC interface 'supervisor' initialized
2019-10-26 04:25:28,381 CRIT Server 'unix_http_server' running without any HTTP authentication checking
2019-10-26 04:25:28,381 INFO supervisord started with pid 1
2019-10-26 04:25:29,435 INFO spawned: 'varnishd' with pid 59
2019-10-26 04:25:29,467 INFO spawned: 'php-fpm' with pid 60
2019-10-26 04:25:29,514 INFO spawned: 'varnish-plugins-watcher' with pid 61
2019-10-26 04:25:29,876 INFO spawned: 'nginx' with pid 64
2019-10-26 04:25:30,294 INFO spawned: 'MailHog' with pid 68
2019-10-26 04:25:30,333 INFO spawned: 'mysql' with pid 70
2019-10-26 04:25:30,534 INFO spawned: 'varnish-themes-watcher' with pid 72
2019-10-26 04:25:30,555 INFO success: varnishd entered RUNNING state, process has stayed up for > than 1 seconds (startsecs)
2019-10-26 04:25:30,564 INFO success: php-fpm entered RUNNING state, process has stayed up for > than 1 seconds (startsecs)
2019-10-26 04:25:30,567 INFO success: varnish-plugins-watcher entered RUNNING state, process has stayed up for > than 1 seconds (startsecs)
2019-10-26 04:25:30,568 INFO success: nginx entered RUNNING state, process has stayed up for > than 1 seconds (startsecs)
2019-10-26 04:25:30,885 INFO success: MailHog entered RUNNING state, process has stayed up for > than 1 seconds (startsecs)
2019-10-26 04:25:31,886 INFO success: mysql entered RUNNING state, process has stayed up for > than 1 seconds (startsecs)
2019-10-26 04:25:31,888 INFO success: varnish-themes-watcher entered RUNNING state, process has stayed up for > than 1 seconds (startsecs)
2019-10-26 05:28:05,370 WARN received SIGTERM indicating exit request
2019-10-26 05:28:05,372 INFO waiting for varnishd, php-fpm, varnish-plugins-watcher, nginx, MailHog, mysql, varnish-themes-watcher to die
2019-10-26 05:28:06,374 INFO stopped: varnish-themes-watcher (terminated by SIGTERM)
2019-10-26 05:28:06,426 INFO stopped: mysql (exit status 0)
2019-10-26 05:28:06,441 INFO stopped: MailHog (terminated by SIGTERM)
2019-10-26 05:28:06,450 INFO stopped: nginx (exit status 0)
2019-10-26 05:28:07,453 INFO stopped: varnish-plugins-watcher (terminated by SIGTERM)
2019-10-26 05:28:07,501 INFO stopped: php-fpm (exit status 0)
2019-10-26 05:28:08,091 INFO reaped unknown pid 85
2019-10-26 05:28:08,508 INFO waiting for varnishd to die
2019-10-26 05:28:08,858 INFO stopped: varnishd (exit status 0)
2019-10-27 04:38:19,450 CRIT Supervisor running as root (no user in config file)
2019-10-27 04:38:19,451 INFO Included extra file "/etc/supervisor/conf.d/supervisord.conf" during parsing
2019-10-27 04:38:19,529 INFO RPC interface 'supervisor' initialized
2019-10-27 04:38:19,537 CRIT Server 'unix_http_server' running without any HTTP authentication checking
2019-10-27 04:38:19,537 INFO supervisord started with pid 1
2019-10-27 04:38:20,545 INFO spawned: 'varnishd' with pid 56
2019-10-27 04:38:20,553 INFO spawned: 'php-fpm' with pid 57
2019-10-27 04:38:20,569 INFO spawned: 'varnish-plugins-watcher' with pid 58
2019-10-27 04:38:20,647 INFO spawned: 'nginx' with pid 59
2019-10-27 04:38:20,737 INFO spawned: 'MailHog' with pid 60
2019-10-27 04:38:20,763 INFO spawned: 'mysql' with pid 61
2019-10-27 04:38:20,788 INFO spawned: 'varnish-themes-watcher' with pid 63
2019-10-27 04:38:22,080 INFO success: varnishd entered RUNNING state, process has stayed up for > than 1 seconds (startsecs)
2019-10-27 04:38:22,081 INFO success: php-fpm entered RUNNING state, process has stayed up for > than 1 seconds (startsecs)
2019-10-27 04:38:22,081 INFO success: varnish-plugins-watcher entered RUNNING state, process has stayed up for > than 1 seconds (startsecs)
2019-10-27 04:38:22,082 INFO success: nginx entered RUNNING state, process has stayed up for > than 1 seconds (startsecs)
2019-10-27 04:38:22,082 INFO success: MailHog entered RUNNING state, process has stayed up for > than 1 seconds (startsecs)
2019-10-27 04:38:22,082 INFO success: mysql entered RUNNING state, process has stayed up for > than 1 seconds (startsecs)
2019-10-27 04:38:22,083 INFO success: varnish-themes-watcher entered RUNNING state, process has stayed up for > than 1 seconds (startsecs)
