[HTTP] Binding to address: :1080
Creating API v1 with WebPath: 
Creating API v2 with WebPath: 
[APIv1] KEEPALIVE /api/v1/events
[APIv1] KEEPALIVE /api/v1/events
[APIv1] KEEPALIVE /api/v1/events
Got message in APIv2 websocket channel
[APIv2] BROADCAST /api/v2/websocket
Got message in APIv1 event stream
Sending content: {
  "ID": "66vpSHwxmpHfIvT3fEivoj2uIyU34D9Y_EDxAWE-Sz4=@mailhog.example",
  "From": {
    "Relays": null,
    "Mailbox": "www-data",
    "Domain": "f78fcedf1163",
    "Params": ""
  },
  "To": [
    {
      "Relays": null,
      "Mailbox": "mailhog",
      "Domain": "flywheel.local",
      "Params": ""
    }
  ],
  "Content": {
    "Headers": {
      "Content-Type": [
        "text/plain; charset=UTF-8"
      ],
      "Date": [
        "Thu, 17 Oct 2019 22:01:42 +0000"
      ],
      "From": [
        "WordPress \u003cwordpress@portifolio.local\u003e"
      ],
      "MIME-Version": [
        "1.0"
      ],
      "Message-ID": [
        "\u003ce855a8eddd4fdb52510fc7ff41e45380@portifolio.local\u003e"
      ],
      "Received": [
        "from localhost by mailhog.example (MailHog)\r\n          id 66vpSHwxmpHfIvT3fEivoj2uIyU34D9Y_EDxAWE-Sz4=@mailhog.example; Thu, 17 Oct 2019 22:01:42 +0000"
      ],
      "Return-Path": [
        "\u003cwww-data@f78fcedf1163\u003e"
      ],
      "Subject": [
        "[PORTIFOLIO] Your site has updated to WordPress 5.2.4"
      ],
      "To": [
        "elosiel@gmail.com"
      ],
      "X-Mailer": [
        "PHPMailer 5.2.22 (https://github.com/PHPMailer/PHPMailer)"
      ],
      "X-PHP-Originating-Script": [
        "1000:class-phpmailer.php"
      ]
    },
    "Body": "Howdy! Your site at http://portifolio.local has been updated automatically to WordPress 5.2.4.\r\n\r\nNo further action is needed on your part. For more on version 5.2.4, see the About WordPress screen:\r\nhttp://portifolio.local/wp-admin/about.php\r\n\r\nIf you experience any issues or need support, the volunteers in the WordPress.org support forums may be able to help.\r\nhttps://wordpress.org/support/\r\n\r\nYou also have some plugins or themes with updates available. Update them now:\r\nhttp://portifolio.local/wp-admin/\r\n\r\nThe WordPress Team\r\n",
    "Size": 955,
    "MIME": null
  },
  "Created": "2019-10-17T22:01:42.54989395Z",
  "MIME": null,
  "Raw": {
    "From": "www-data@f78fcedf1163",
    "To": [
      "mailhog@flywheel.local"
    ],
    "Data": "To: elosiel@gmail.com\r\nSubject: [PORTIFOLIO] Your site has updated to WordPress 5.2.4\r\nX-PHP-Originating-Script: 1000:class-phpmailer.php\r\nDate: Thu, 17 Oct 2019 22:01:42 +0000\r\nFrom: WordPress \u003cwordpress@portifolio.local\u003e\r\nMessage-ID: \u003ce855a8eddd4fdb52510fc7ff41e45380@portifolio.local\u003e\r\nX-Mailer: PHPMailer 5.2.22 (https://github.com/PHPMailer/PHPMailer)\r\nMIME-Version: 1.0\r\nContent-Type: text/plain; charset=UTF-8\r\n\r\nHowdy! Your site at http://portifolio.local has been updated automatically to WordPress 5.2.4.\r\n\r\nNo further action is needed on your part. For more on version 5.2.4, see the About WordPress screen:\r\nhttp://portifolio.local/wp-admin/about.php\r\n\r\nIf you experience any issues or need support, the volunteers in the WordPress.org support forums may be able to help.\r\nhttps://wordpress.org/support/\r\n\r\nYou also have some plugins or themes with updates available. Update them now:\r\nhttp://portifolio.local/wp-admin/\r\n\r\nThe WordPress Team\r\n",
    "Helo": "localhost"
  }
}

[APIv1] BROADCAST /api/v1/events
[APIv1] KEEPALIVE /api/v1/events
