2019-10-10 20:41:52,195 CRIT Supervisor running as root (no user in config file)
2019-10-10 20:41:52,196 INFO Included extra file "/etc/supervisor/conf.d/supervisord.conf" during parsing
2019-10-10 20:41:52,343 INFO RPC interface 'supervisor' initialized
2019-10-10 20:41:52,348 CRIT Server 'unix_http_server' running without any HTTP authentication checking
2019-10-10 20:41:52,351 INFO supervisord started with pid 1
2019-10-10 20:41:53,364 INFO spawned: 'varnishd' with pid 15
2019-10-10 20:41:53,397 INFO spawned: 'php-fpm' with pid 16
2019-10-10 20:41:53,445 INFO spawned: 'varnish-plugins-watcher' with pid 17
2019-10-10 20:41:53,479 INFO spawned: 'nginx' with pid 18
2019-10-10 20:41:53,661 INFO spawned: 'MailHog' with pid 19
2019-10-10 20:41:53,728 INFO spawned: 'mysql' with pid 20
2019-10-10 20:41:53,771 INFO spawned: 'varnish-themes-watcher' with pid 22
2019-10-10 20:41:55,251 INFO success: varnishd entered RUNNING state, process has stayed up for > than 1 seconds (startsecs)
2019-10-10 20:41:55,252 INFO success: php-fpm entered RUNNING state, process has stayed up for > than 1 seconds (startsecs)
2019-10-10 20:41:55,252 INFO success: varnish-plugins-watcher entered RUNNING state, process has stayed up for > than 1 seconds (startsecs)
2019-10-10 20:41:55,253 INFO success: nginx entered RUNNING state, process has stayed up for > than 1 seconds (startsecs)
2019-10-10 20:41:55,253 INFO success: MailHog entered RUNNING state, process has stayed up for > than 1 seconds (startsecs)
2019-10-10 20:41:55,254 INFO success: mysql entered RUNNING state, process has stayed up for > than 1 seconds (startsecs)
2019-10-10 20:41:55,258 INFO success: varnish-themes-watcher entered RUNNING state, process has stayed up for > than 1 seconds (startsecs)
2019-10-13 17:15:17,401 WARN received SIGTERM indicating exit request
2019-10-13 17:15:17,427 INFO waiting for varnishd, php-fpm, varnish-plugins-watcher, nginx, MailHog, mysql, varnish-themes-watcher to die
2019-10-13 17:15:18,456 INFO stopped: varnish-themes-watcher (terminated by SIGTERM)
2019-10-13 17:15:18,500 INFO reaped unknown pid 28092
2019-10-13 17:15:19,133 INFO stopped: mysql (exit status 0)
2019-10-13 17:15:19,174 INFO stopped: MailHog (terminated by SIGTERM)
2019-10-13 17:15:19,216 INFO stopped: nginx (exit status 0)
2019-10-13 17:15:20,219 INFO stopped: varnish-plugins-watcher (terminated by SIGTERM)
2019-10-13 17:15:20,289 INFO stopped: php-fpm (exit status 0)
2019-10-13 17:15:21,294 INFO waiting for varnishd to die
2019-10-13 17:15:22,013 INFO stopped: varnishd (exit status 0)
2019-10-13 17:28:06,837 CRIT Supervisor running as root (no user in config file)
2019-10-13 17:28:06,839 INFO Included extra file "/etc/supervisor/conf.d/supervisord.conf" during parsing
2019-10-13 17:28:06,928 INFO RPC interface 'supervisor' initialized
2019-10-13 17:28:06,938 CRIT Server 'unix_http_server' running without any HTTP authentication checking
2019-10-13 17:28:06,938 INFO supervisord started with pid 1
2019-10-13 17:28:07,944 INFO spawned: 'varnishd' with pid 56
2019-10-13 17:28:07,950 INFO spawned: 'php-fpm' with pid 57
2019-10-13 17:28:07,960 INFO spawned: 'varnish-plugins-watcher' with pid 58
2019-10-13 17:28:08,001 INFO spawned: 'nginx' with pid 59
2019-10-13 17:28:08,009 INFO spawned: 'MailHog' with pid 60
2019-10-13 17:28:08,025 INFO spawned: 'mysql' with pid 61
2019-10-13 17:28:08,064 INFO spawned: 'varnish-themes-watcher' with pid 63
2019-10-13 17:28:09,361 INFO success: varnishd entered RUNNING state, process has stayed up for > than 1 seconds (startsecs)
2019-10-13 17:28:09,361 INFO success: php-fpm entered RUNNING state, process has stayed up for > than 1 seconds (startsecs)
2019-10-13 17:28:09,362 INFO success: varnish-plugins-watcher entered RUNNING state, process has stayed up for > than 1 seconds (startsecs)
2019-10-13 17:28:09,362 INFO success: nginx entered RUNNING state, process has stayed up for > than 1 seconds (startsecs)
2019-10-13 17:28:09,362 INFO success: MailHog entered RUNNING state, process has stayed up for > than 1 seconds (startsecs)
2019-10-13 17:28:09,362 INFO success: mysql entered RUNNING state, process has stayed up for > than 1 seconds (startsecs)
2019-10-13 17:28:09,362 INFO success: varnish-themes-watcher entered RUNNING state, process has stayed up for > than 1 seconds (startsecs)
2019-10-13 18:15:54,010 WARN received SIGTERM indicating exit request
2019-10-13 18:15:54,013 INFO waiting for varnishd, php-fpm, varnish-plugins-watcher, nginx, MailHog, mysql, varnish-themes-watcher to die
2019-10-13 18:15:55,027 INFO stopped: varnish-themes-watcher (terminated by SIGTERM)
2019-10-13 18:15:55,060 INFO stopped: mysql (exit status 0)
2019-10-13 18:15:55,062 INFO stopped: MailHog (terminated by SIGTERM)
2019-10-13 18:15:55,072 INFO stopped: nginx (exit status 0)
2019-10-13 18:15:56,075 INFO stopped: varnish-plugins-watcher (terminated by SIGTERM)
2019-10-13 18:15:56,169 INFO stopped: php-fpm (exit status 0)
2019-10-13 18:15:56,203 INFO reaped unknown pid 80
2019-10-13 18:15:57,075 INFO reaped unknown pid 2650
2019-10-13 18:15:57,076 INFO waiting for varnishd to die
2019-10-13 18:15:57,385 INFO reaped unknown pid 2652
2019-10-13 18:15:57,456 INFO stopped: varnishd (exit status 0)
2019-10-17 21:57:59,225 CRIT Supervisor running as root (no user in config file)
2019-10-17 21:57:59,226 INFO Included extra file "/etc/supervisor/conf.d/supervisord.conf" during parsing
2019-10-17 21:57:59,280 INFO RPC interface 'supervisor' initialized
2019-10-17 21:57:59,280 CRIT Server 'unix_http_server' running without any HTTP authentication checking
2019-10-17 21:57:59,281 INFO supervisord started with pid 1
2019-10-17 21:58:00,289 INFO spawned: 'varnishd' with pid 26
2019-10-17 21:58:00,351 INFO spawned: 'php-fpm' with pid 27
2019-10-17 21:58:00,394 INFO spawned: 'varnish-plugins-watcher' with pid 28
2019-10-17 21:58:00,476 INFO spawned: 'nginx' with pid 29
2019-10-17 21:58:00,492 INFO spawned: 'MailHog' with pid 30
2019-10-17 21:58:00,533 INFO spawned: 'mysql' with pid 31
2019-10-17 21:58:00,580 INFO spawned: 'varnish-themes-watcher' with pid 33
2019-10-17 21:58:02,096 INFO success: varnishd entered RUNNING state, process has stayed up for > than 1 seconds (startsecs)
2019-10-17 21:58:02,096 INFO success: php-fpm entered RUNNING state, process has stayed up for > than 1 seconds (startsecs)
2019-10-17 21:58:02,098 INFO success: varnish-plugins-watcher entered RUNNING state, process has stayed up for > than 1 seconds (startsecs)
2019-10-17 21:58:02,100 INFO success: nginx entered RUNNING state, process has stayed up for > than 1 seconds (startsecs)
2019-10-17 21:58:02,101 INFO success: MailHog entered RUNNING state, process has stayed up for > than 1 seconds (startsecs)
2019-10-17 21:58:02,101 INFO success: mysql entered RUNNING state, process has stayed up for > than 1 seconds (startsecs)
2019-10-17 21:58:02,101 INFO success: varnish-themes-watcher entered RUNNING state, process has stayed up for > than 1 seconds (startsecs)
2019-10-17 22:02:53,412 WARN received SIGTERM indicating exit request
2019-10-17 22:02:53,414 INFO waiting for varnishd, php-fpm, varnish-plugins-watcher, nginx, MailHog, mysql, varnish-themes-watcher to die
2019-10-17 22:02:54,416 INFO stopped: varnish-themes-watcher (terminated by SIGTERM)
2019-10-17 22:02:54,512 INFO stopped: mysql (exit status 0)
2019-10-17 22:02:54,518 INFO stopped: MailHog (terminated by SIGTERM)
2019-10-17 22:02:54,526 INFO stopped: nginx (exit status 0)
2019-10-17 22:02:55,530 INFO stopped: varnish-plugins-watcher (terminated by SIGTERM)
2019-10-17 22:02:55,656 INFO stopped: php-fpm (exit status 0)
2019-10-17 22:02:55,936 INFO reaped unknown pid 47
2019-10-17 22:02:56,626 INFO reaped unknown pid 582
2019-10-17 22:02:56,626 INFO waiting for varnishd to die
2019-10-17 22:02:57,103 INFO reaped unknown pid 591
2019-10-17 22:02:57,655 INFO stopped: varnishd (exit status 0)
