[23-Jun-2019 21:43:56] NOTICE: fpm is running, pid 16
[23-Jun-2019 21:43:56] NOTICE: ready to handle connections
[25-Jun-2019 18:12:38] NOTICE: fpm is running, pid 60
[25-Jun-2019 18:12:38] NOTICE: ready to handle connections
[26-Jun-2019 15:03:36] NOTICE: fpm is running, pid 52
[26-Jun-2019 15:03:36] NOTICE: ready to handle connections
[29-Jun-2019 05:24:46] NOTICE: Terminating ...
[29-Jun-2019 05:24:46] NOTICE: exiting, bye-bye!
[02-Jul-2019 14:38:30] NOTICE: fpm is running, pid 57
[02-Jul-2019 14:38:30] NOTICE: ready to handle connections
[05-Jul-2019 14:36:10] NOTICE: Terminating ...
[05-Jul-2019 14:36:10] NOTICE: exiting, bye-bye!
[08-Jul-2019 17:49:59] NOTICE: fpm is running, pid 60
[08-Jul-2019 17:49:59] NOTICE: ready to handle connections
[10-Jul-2019 05:02:25] NOTICE: Terminating ...
[10-Jul-2019 05:02:25] NOTICE: exiting, bye-bye!
[10-Jul-2019 17:37:32] NOTICE: fpm is running, pid 56
[10-Jul-2019 17:37:32] NOTICE: ready to handle connections
[10-Jul-2019 17:47:59] NOTICE: Terminating ...
[10-Jul-2019 17:47:59] NOTICE: exiting, bye-bye!
[17-Jul-2019 16:52:48] NOTICE: fpm is running, pid 56
[17-Jul-2019 16:52:48] NOTICE: ready to handle connections
[21-Jul-2019 21:30:30] NOTICE: Terminating ...
[21-Jul-2019 21:30:30] NOTICE: exiting, bye-bye!
[21-Jul-2019 21:35:28] NOTICE: fpm is running, pid 26
[21-Jul-2019 21:35:28] NOTICE: ready to handle connections
[21-Jul-2019 21:50:17] NOTICE: Terminating ...
[21-Jul-2019 21:50:17] NOTICE: exiting, bye-bye!
[21-Jul-2019 21:50:24] NOTICE: fpm is running, pid 26
[21-Jul-2019 21:50:24] NOTICE: ready to handle connections
[21-Jul-2019 21:54:45] NOTICE: Terminating ...
[21-Jul-2019 21:54:45] NOTICE: exiting, bye-bye!
[21-Jul-2019 22:03:09] NOTICE: fpm is running, pid 26
[21-Jul-2019 22:03:09] NOTICE: ready to handle connections
[23-Jul-2019 17:11:43] NOTICE: Terminating ...
[23-Jul-2019 17:11:43] NOTICE: exiting, bye-bye!
[23-Jul-2019 20:33:18] NOTICE: fpm is running, pid 27
[23-Jul-2019 20:33:18] NOTICE: ready to handle connections
[23-Jul-2019 20:36:50] NOTICE: Terminating ...
[23-Jul-2019 20:36:50] NOTICE: exiting, bye-bye!
[08-Aug-2019 19:59:33] NOTICE: fpm is running, pid 27
[08-Aug-2019 19:59:33] NOTICE: ready to handle connections
[08-Aug-2019 19:59:53] NOTICE: Terminating ...
[08-Aug-2019 19:59:53] NOTICE: exiting, bye-bye!
[07-Oct-2019 20:12:08] NOTICE: fpm is running, pid 26
[07-Oct-2019 20:12:08] NOTICE: ready to handle connections
[07-Oct-2019 20:12:56] NOTICE: Terminating ...
[07-Oct-2019 20:12:56] NOTICE: exiting, bye-bye!
[08-Oct-2019 20:51:15] NOTICE: fpm is running, pid 26
[08-Oct-2019 20:51:15] NOTICE: ready to handle connections
[08-Oct-2019 20:51:32] NOTICE: Terminating ...
[08-Oct-2019 20:51:32] NOTICE: exiting, bye-bye!
