2019-09-06 16:38:56,286 CRIT Supervisor running as root (no user in config file)
2019-09-06 16:38:56,292 INFO Included extra file "/etc/supervisor/conf.d/supervisord.conf" during parsing
2019-09-06 16:38:56,382 INFO RPC interface 'supervisor' initialized
2019-09-06 16:38:56,394 CRIT Server 'unix_http_server' running without any HTTP authentication checking
2019-09-06 16:38:56,399 INFO supervisord started with pid 1
2019-09-06 16:38:57,409 INFO spawned: 'varnishd' with pid 16
2019-09-06 16:38:57,420 INFO spawned: 'php-fpm' with pid 17
2019-09-06 16:38:57,478 INFO spawned: 'varnish-plugins-watcher' with pid 18
2019-09-06 16:38:57,512 INFO spawned: 'nginx' with pid 19
2019-09-06 16:38:57,548 INFO spawned: 'MailHog' with pid 20
2019-09-06 16:38:57,884 INFO spawned: 'mysql' with pid 23
2019-09-06 16:38:58,013 INFO spawned: 'varnish-themes-watcher' with pid 24
2019-09-06 16:38:58,549 INFO success: varnishd entered RUNNING state, process has stayed up for > than 1 seconds (startsecs)
2019-09-06 16:38:58,564 INFO success: php-fpm entered RUNNING state, process has stayed up for > than 1 seconds (startsecs)
2019-09-06 16:38:58,564 INFO success: varnish-plugins-watcher entered RUNNING state, process has stayed up for > than 1 seconds (startsecs)
2019-09-06 16:38:58,565 INFO success: nginx entered RUNNING state, process has stayed up for > than 1 seconds (startsecs)
2019-09-06 16:38:58,565 INFO success: MailHog entered RUNNING state, process has stayed up for > than 1 seconds (startsecs)
2019-09-06 16:38:58,566 INFO success: mysql entered RUNNING state, process has stayed up for > than 1 seconds (startsecs)
2019-09-06 16:38:59,838 INFO success: varnish-themes-watcher entered RUNNING state, process has stayed up for > than 1 seconds (startsecs)
2019-10-01 17:59:46,581 CRIT Supervisor running as root (no user in config file)
2019-10-01 17:59:46,582 INFO Included extra file "/etc/supervisor/conf.d/supervisord.conf" during parsing
2019-10-01 17:59:47,159 INFO RPC interface 'supervisor' initialized
2019-10-01 17:59:47,163 CRIT Server 'unix_http_server' running without any HTTP authentication checking
2019-10-01 17:59:47,165 INFO supervisord started with pid 1
2019-10-01 17:59:48,180 INFO spawned: 'varnishd' with pid 26
2019-10-01 17:59:48,198 INFO spawned: 'php-fpm' with pid 28
2019-10-01 17:59:48,214 INFO spawned: 'varnish-plugins-watcher' with pid 29
2019-10-01 17:59:48,244 INFO spawned: 'nginx' with pid 31
2019-10-01 17:59:48,259 INFO spawned: 'MailHog' with pid 32
2019-10-01 17:59:48,284 INFO spawned: 'mysql' with pid 33
2019-10-01 17:59:48,318 INFO spawned: 'varnish-themes-watcher' with pid 34
2019-10-01 17:59:49,481 INFO success: varnishd entered RUNNING state, process has stayed up for > than 1 seconds (startsecs)
2019-10-01 17:59:49,498 INFO success: php-fpm entered RUNNING state, process has stayed up for > than 1 seconds (startsecs)
2019-10-01 17:59:49,498 INFO success: varnish-plugins-watcher entered RUNNING state, process has stayed up for > than 1 seconds (startsecs)
2019-10-01 17:59:49,499 INFO success: nginx entered RUNNING state, process has stayed up for > than 1 seconds (startsecs)
2019-10-01 17:59:49,499 INFO success: MailHog entered RUNNING state, process has stayed up for > than 1 seconds (startsecs)
2019-10-01 17:59:49,500 INFO success: mysql entered RUNNING state, process has stayed up for > than 1 seconds (startsecs)
2019-10-01 17:59:49,500 INFO success: varnish-themes-watcher entered RUNNING state, process has stayed up for > than 1 seconds (startsecs)
2019-10-01 18:00:12,045 WARN received SIGTERM indicating exit request
2019-10-01 18:00:12,047 INFO waiting for varnishd, php-fpm, varnish-plugins-watcher, nginx, MailHog, mysql, varnish-themes-watcher to die
2019-10-01 18:00:13,050 INFO stopped: varnish-themes-watcher (terminated by SIGTERM)
2019-10-01 18:00:13,080 INFO stopped: mysql (exit status 0)
2019-10-01 18:00:13,081 INFO stopped: MailHog (terminated by SIGTERM)
2019-10-01 18:00:13,085 INFO stopped: nginx (exit status 0)
2019-10-01 18:00:13,562 INFO stopped: varnish-plugins-watcher (terminated by SIGTERM)
2019-10-01 18:00:13,563 INFO reaped unknown pid 340
2019-10-01 18:00:13,563 INFO reaped unknown pid 341
2019-10-01 18:00:13,583 INFO stopped: php-fpm (exit status 0)
2019-10-01 18:00:14,810 INFO reaped unknown pid 46
2019-10-01 18:00:14,952 INFO stopped: varnishd (exit status 0)
2019-10-01 18:02:41,022 CRIT Supervisor running as root (no user in config file)
2019-10-01 18:02:41,023 INFO Included extra file "/etc/supervisor/conf.d/supervisord.conf" during parsing
2019-10-01 18:02:41,107 INFO RPC interface 'supervisor' initialized
2019-10-01 18:02:41,113 CRIT Server 'unix_http_server' running without any HTTP authentication checking
2019-10-01 18:02:41,114 INFO supervisord started with pid 1
2019-10-01 18:02:42,119 INFO spawned: 'varnishd' with pid 25
2019-10-01 18:02:42,125 INFO spawned: 'php-fpm' with pid 26
2019-10-01 18:02:42,142 INFO spawned: 'varnish-plugins-watcher' with pid 27
2019-10-01 18:02:42,172 INFO spawned: 'nginx' with pid 28
2019-10-01 18:02:42,190 INFO spawned: 'MailHog' with pid 29
2019-10-01 18:02:42,212 INFO spawned: 'mysql' with pid 32
2019-10-01 18:02:42,247 INFO spawned: 'varnish-themes-watcher' with pid 35
2019-10-01 18:02:43,376 INFO success: varnishd entered RUNNING state, process has stayed up for > than 1 seconds (startsecs)
2019-10-01 18:02:43,376 INFO success: php-fpm entered RUNNING state, process has stayed up for > than 1 seconds (startsecs)
2019-10-01 18:02:43,377 INFO success: varnish-plugins-watcher entered RUNNING state, process has stayed up for > than 1 seconds (startsecs)
2019-10-01 18:02:43,377 INFO success: nginx entered RUNNING state, process has stayed up for > than 1 seconds (startsecs)
2019-10-01 18:02:43,377 INFO success: MailHog entered RUNNING state, process has stayed up for > than 1 seconds (startsecs)
2019-10-01 18:02:43,377 INFO success: mysql entered RUNNING state, process has stayed up for > than 1 seconds (startsecs)
2019-10-01 18:02:43,378 INFO success: varnish-themes-watcher entered RUNNING state, process has stayed up for > than 1 seconds (startsecs)
2019-10-02 04:26:23,318 WARN received SIGTERM indicating exit request
2019-10-02 04:26:23,320 INFO waiting for varnishd, php-fpm, varnish-plugins-watcher, nginx, MailHog, mysql, varnish-themes-watcher to die
2019-10-02 04:26:24,323 INFO stopped: varnish-themes-watcher (terminated by SIGTERM)
2019-10-02 04:26:24,352 INFO stopped: mysql (exit status 0)
2019-10-02 04:26:24,353 INFO stopped: MailHog (terminated by SIGTERM)
2019-10-02 04:26:24,358 INFO stopped: nginx (exit status 0)
2019-10-02 04:26:25,365 INFO stopped: varnish-plugins-watcher (terminated by SIGTERM)
2019-10-02 04:26:25,421 INFO stopped: php-fpm (exit status 0)
2019-10-02 04:26:26,233 INFO reaped unknown pid 45
2019-10-02 04:26:26,432 INFO waiting for varnishd to die
2019-10-02 04:26:26,852 INFO stopped: varnishd (exit status 0)
2019-10-02 18:25:44,621 CRIT Supervisor running as root (no user in config file)
2019-10-02 18:25:44,622 INFO Included extra file "/etc/supervisor/conf.d/supervisord.conf" during parsing
2019-10-02 18:25:44,697 INFO RPC interface 'supervisor' initialized
2019-10-02 18:25:44,698 CRIT Server 'unix_http_server' running without any HTTP authentication checking
2019-10-02 18:25:44,698 INFO supervisord started with pid 1
2019-10-02 18:25:45,708 INFO spawned: 'varnishd' with pid 55
2019-10-02 18:25:45,746 INFO spawned: 'php-fpm' with pid 56
2019-10-02 18:25:45,767 INFO spawned: 'varnish-plugins-watcher' with pid 57
2019-10-02 18:25:45,830 INFO spawned: 'nginx' with pid 58
2019-10-02 18:25:45,893 INFO spawned: 'MailHog' with pid 59
2019-10-02 18:25:45,978 INFO spawned: 'mysql' with pid 60
2019-10-02 18:25:46,059 INFO spawned: 'varnish-themes-watcher' with pid 62
2019-10-02 18:25:47,487 INFO success: varnishd entered RUNNING state, process has stayed up for > than 1 seconds (startsecs)
2019-10-02 18:25:47,488 INFO success: php-fpm entered RUNNING state, process has stayed up for > than 1 seconds (startsecs)
2019-10-02 18:25:47,488 INFO success: varnish-plugins-watcher entered RUNNING state, process has stayed up for > than 1 seconds (startsecs)
2019-10-02 18:25:47,488 INFO success: nginx entered RUNNING state, process has stayed up for > than 1 seconds (startsecs)
2019-10-02 18:25:47,489 INFO success: MailHog entered RUNNING state, process has stayed up for > than 1 seconds (startsecs)
2019-10-02 18:25:47,489 INFO success: mysql entered RUNNING state, process has stayed up for > than 1 seconds (startsecs)
2019-10-02 18:25:47,489 INFO success: varnish-themes-watcher entered RUNNING state, process has stayed up for > than 1 seconds (startsecs)
