2019-10-08T20:55:15.442823Z 0 [Warning] TIMESTAMP with implicit DEFAULT value is deprecated. Please use --explicit_defaults_for_timestamp server option (see documentation for more details).
2019-10-08T20:55:15.443407Z 0 [Note] /usr/sbin/mysqld (mysqld 5.7.23) starting as process 30 ...
2019-10-08T20:55:15.483703Z 0 [Note] InnoDB: PUNCH HOLE support available
2019-10-08T20:55:15.483747Z 0 [Note] InnoDB: Mutexes and rw_locks use GCC atomic builtins
2019-10-08T20:55:15.483756Z 0 [Note] InnoDB: Uses event mutexes
2019-10-08T20:55:15.483762Z 0 [Note] InnoDB: GCC builtin __atomic_thread_fence() is used for memory barrier
2019-10-08T20:55:15.483768Z 0 [Note] InnoDB: Compressed tables use zlib 1.2.3
2019-10-08T20:55:15.483773Z 0 [Note] InnoDB: Using Linux native AIO
2019-10-08T20:55:15.484445Z 0 [Note] InnoDB: Number of pools: 1
2019-10-08T20:55:15.484599Z 0 [Note] InnoDB: Using CPU crc32 instructions
2019-10-08T20:55:15.487180Z 0 [Note] InnoDB: Initializing buffer pool, total size = 32M, instances = 1, chunk size = 32M
2019-10-08T20:55:15.510184Z 0 [Note] InnoDB: Completed initialization of buffer pool
2019-10-08T20:55:15.521701Z 0 [Note] InnoDB: If the mysqld execution user is authorized, page cleaner thread priority can be changed. See the man page of setpriority().
2019-10-08T20:55:15.552038Z 0 [Note] InnoDB: Highest supported file format is Barracuda.
2019-10-08T20:55:15.553022Z 0 [Note] InnoDB: Log scan progressed past the checkpoint lsn 2588963
2019-10-08T20:55:15.553055Z 0 [Note] InnoDB: Doing recovery: scanned up to log sequence number 2591784
2019-10-08T20:55:15.553837Z 0 [Note] InnoDB: Database was not shutdown normally!
2019-10-08T20:55:15.553860Z 0 [Note] InnoDB: Starting crash recovery.
2019-10-08T20:55:16.636019Z 0 [Note] InnoDB: Starting an apply batch of log records to the database...
InnoDB: Progress in percent: 16 17 18 19 20 21 22 23 24 25 26 27 28 29 30 31 32 33 34 35 36 37 38 39 40 41 42 43 44 45 46 47 48 49 50 51 52 53 54 55 56 57 58 59 60 61 62 63 64 65 66 67 68 69 70 71 72 73 74 75 76 77 78 79 80 81 82 83 84 85 86 87 88 89 90 91 92 93 94 95 96 97 98 99 
2019-10-08T20:55:16.658292Z 0 [Note] InnoDB: Apply batch completed
2019-10-08T20:55:16.793653Z 0 [Note] InnoDB: Removed temporary tablespace data file: "ibtmp1"
2019-10-08T20:55:16.793697Z 0 [Note] InnoDB: Creating shared tablespace for temporary tables
2019-10-08T20:55:16.793810Z 0 [Note] InnoDB: Setting file './ibtmp1' size to 12 MB. Physically writing the file full; Please wait ...
2019-10-08T20:55:16.969724Z 0 [Note] InnoDB: File './ibtmp1' size is now 12 MB.
2019-10-08T20:55:17.002388Z 0 [Note] InnoDB: 96 redo rollback segment(s) found. 96 redo rollback segment(s) are active.
2019-10-08T20:55:17.002441Z 0 [Note] InnoDB: 32 non-redo rollback segment(s) are active.
2019-10-08T20:55:17.003212Z 0 [Note] InnoDB: Waiting for purge to start
2019-10-08T20:55:17.053534Z 0 [Note] InnoDB: 5.7.23 started; log sequence number 2591784
2019-10-08T20:55:17.054648Z 0 [Note] Plugin 'FEDERATED' is disabled.
2019-10-08T20:55:17.058810Z 0 [Warning] Failed to set up SSL because of the following SSL library error: SSL context is not usable without certificate and private key
2019-10-08T20:55:17.058840Z 0 [Note] Server hostname (bind-address): '*'; port: 3306
2019-10-08T20:55:17.058899Z 0 [Note] IPv6 is available.
2019-10-08T20:55:17.058917Z 0 [Note]   - '::' resolves to '::';
2019-10-08T20:55:17.058928Z 0 [Note] Server socket created on IP: '::'.
2019-10-08T20:55:17.467688Z 0 [Note] InnoDB: Loading buffer pool(s) from /var/lib/mysql/ib_buffer_pool
2019-10-08T20:55:17.499847Z 0 [Warning] Insecure configuration for --pid-file: Location '/var/run/mysqld' in the path is accessible to all OS users. Consider choosing a different directory.
2019-10-08T20:55:17.544565Z 0 [Note] InnoDB: Buffer pool(s) load completed at 191008 20:55:17
2019-10-08T20:55:17.644226Z 0 [ERROR] /usr/sbin/mysqld: Table './mysql/user' is marked as crashed and should be repaired
2019-10-08T20:55:17.644414Z 0 [Warning] Checking table:   './mysql/user'
2019-10-08T20:55:17.644431Z 0 [ERROR] 1 client is using or hasn't closed the table properly
2019-10-08T20:55:17.655699Z 0 [Warning] 'user' entry 'root@localhost' ignored in --skip-name-resolve mode.
2019-10-08T20:55:17.655755Z 0 [Warning] 'user' entry 'mysql.session@localhost' ignored in --skip-name-resolve mode.
2019-10-08T20:55:17.655771Z 0 [Warning] 'user' entry 'mysql.sys@localhost' ignored in --skip-name-resolve mode.
2019-10-08T20:55:17.655806Z 0 [Warning] 'db' entry 'performance_schema mysql.session@localhost' ignored in --skip-name-resolve mode.
2019-10-08T20:55:17.655815Z 0 [Warning] 'db' entry 'sys mysql.sys@localhost' ignored in --skip-name-resolve mode.
2019-10-08T20:55:17.655832Z 0 [Warning] 'proxies_priv' entry '@ root@localhost' ignored in --skip-name-resolve mode.
2019-10-08T20:55:17.677351Z 0 [Warning] 'tables_priv' entry 'user mysql.session@localhost' ignored in --skip-name-resolve mode.
2019-10-08T20:55:17.677386Z 0 [Warning] 'tables_priv' entry 'sys_config mysql.sys@localhost' ignored in --skip-name-resolve mode.
2019-10-08T20:55:17.748500Z 0 [Note] Event Scheduler: Loaded 0 events
2019-10-08T20:55:17.771688Z 0 [Note] /usr/sbin/mysqld: ready for connections.
Version: '5.7.23'  socket: '/var/run/mysqld/mysqld.sock'  port: 3306  MySQL Community Server (GPL)
2019-10-08T20:55:19.749047Z 4 [ERROR] /usr/sbin/mysqld: Table './mysql/proc' is marked as crashed and should be repaired
2019-10-08T20:55:19.749213Z 4 [Warning] Checking table:   './mysql/proc'
2019-10-08T20:55:19.782681Z 6 [Warning] 'user' entry 'root@localhost' ignored in --skip-name-resolve mode.
2019-10-08T20:55:19.782716Z 6 [Warning] 'user' entry 'mysql.session@localhost' ignored in --skip-name-resolve mode.
2019-10-08T20:55:19.782726Z 6 [Warning] 'user' entry 'mysql.sys@localhost' ignored in --skip-name-resolve mode.
2019-10-08T20:55:19.782747Z 6 [Warning] 'db' entry 'performance_schema mysql.session@localhost' ignored in --skip-name-resolve mode.
2019-10-08T20:55:19.782752Z 6 [Warning] 'db' entry 'sys mysql.sys@localhost' ignored in --skip-name-resolve mode.
2019-10-08T20:55:19.782763Z 6 [Warning] 'proxies_priv' entry '@ root@localhost' ignored in --skip-name-resolve mode.
2019-10-08T20:55:19.782921Z 6 [Warning] 'tables_priv' entry 'user mysql.session@localhost' ignored in --skip-name-resolve mode.
2019-10-08T20:55:19.782933Z 6 [Warning] 'tables_priv' entry 'sys_config mysql.sys@localhost' ignored in --skip-name-resolve mode.
2019-10-09T16:27:26.641469Z 0 [Note] InnoDB: page_cleaner: 1000ms intended loop took 67345037ms. The settings might not be optimal. (flushed=0 and evicted=0, during the time.)
2019-10-09T22:20:32.297545Z 0 [Note] InnoDB: page_cleaner: 1000ms intended loop took 16455368ms. The settings might not be optimal. (flushed=0 and evicted=0, during the time.)
2019-10-09T23:12:59.679853Z 0 [Note] Giving 0 client threads a chance to die gracefully
2019-10-09T23:12:59.691882Z 0 [Note] Shutting down slave threads
2019-10-09T23:12:59.691904Z 0 [Note] Forcefully disconnecting 0 remaining clients
2019-10-09T23:12:59.691915Z 0 [Note] Event Scheduler: Purging the queue. 0 events
2019-10-09T23:12:59.692087Z 0 [Note] Binlog end
2019-10-09T23:12:59.699970Z 0 [Note] Shutting down plugin 'ngram'
2019-10-09T23:12:59.700087Z 0 [Note] Shutting down plugin 'partition'
2019-10-09T23:12:59.700096Z 0 [Note] Shutting down plugin 'BLACKHOLE'
2019-10-09T23:12:59.700103Z 0 [Note] Shutting down plugin 'ARCHIVE'
2019-10-09T23:12:59.700108Z 0 [Note] Shutting down plugin 'PERFORMANCE_SCHEMA'
2019-10-09T23:12:59.700142Z 0 [Note] Shutting down plugin 'MRG_MYISAM'
2019-10-09T23:12:59.700149Z 0 [Note] Shutting down plugin 'MyISAM'
2019-10-09T23:12:59.700247Z 0 [Note] Shutting down plugin 'INNODB_SYS_VIRTUAL'
2019-10-09T23:12:59.700269Z 0 [Note] Shutting down plugin 'INNODB_SYS_DATAFILES'
2019-10-09T23:12:59.700275Z 0 [Note] Shutting down plugin 'INNODB_SYS_TABLESPACES'
2019-10-09T23:12:59.700279Z 0 [Note] Shutting down plugin 'INNODB_SYS_FOREIGN_COLS'
2019-10-09T23:12:59.700283Z 0 [Note] Shutting down plugin 'INNODB_SYS_FOREIGN'
2019-10-09T23:12:59.700288Z 0 [Note] Shutting down plugin 'INNODB_SYS_FIELDS'
2019-10-09T23:12:59.700292Z 0 [Note] Shutting down plugin 'INNODB_SYS_COLUMNS'
2019-10-09T23:12:59.700310Z 0 [Note] Shutting down plugin 'INNODB_SYS_INDEXES'
2019-10-09T23:12:59.700315Z 0 [Note] Shutting down plugin 'INNODB_SYS_TABLESTATS'
2019-10-09T23:12:59.700319Z 0 [Note] Shutting down plugin 'INNODB_SYS_TABLES'
2019-10-09T23:12:59.700323Z 0 [Note] Shutting down plugin 'INNODB_FT_INDEX_TABLE'
2019-10-09T23:12:59.700327Z 0 [Note] Shutting down plugin 'INNODB_FT_INDEX_CACHE'
2019-10-09T23:12:59.700331Z 0 [Note] Shutting down plugin 'INNODB_FT_CONFIG'
2019-10-09T23:12:59.700335Z 0 [Note] Shutting down plugin 'INNODB_FT_BEING_DELETED'
2019-10-09T23:12:59.700339Z 0 [Note] Shutting down plugin 'INNODB_FT_DELETED'
2019-10-09T23:12:59.700343Z 0 [Note] Shutting down plugin 'INNODB_FT_DEFAULT_STOPWORD'
2019-10-09T23:12:59.700348Z 0 [Note] Shutting down plugin 'INNODB_METRICS'
2019-10-09T23:12:59.700351Z 0 [Note] Shutting down plugin 'INNODB_TEMP_TABLE_INFO'
2019-10-09T23:12:59.700355Z 0 [Note] Shutting down plugin 'INNODB_BUFFER_POOL_STATS'
2019-10-09T23:12:59.700359Z 0 [Note] Shutting down plugin 'INNODB_BUFFER_PAGE_LRU'
2019-10-09T23:12:59.700363Z 0 [Note] Shutting down plugin 'INNODB_BUFFER_PAGE'
2019-10-09T23:12:59.700367Z 0 [Note] Shutting down plugin 'INNODB_CMP_PER_INDEX_RESET'
2019-10-09T23:12:59.700371Z 0 [Note] Shutting down plugin 'INNODB_CMP_PER_INDEX'
2019-10-09T23:12:59.700375Z 0 [Note] Shutting down plugin 'INNODB_CMPMEM_RESET'
2019-10-09T23:12:59.700379Z 0 [Note] Shutting down plugin 'INNODB_CMPMEM'
2019-10-09T23:12:59.700383Z 0 [Note] Shutting down plugin 'INNODB_CMP_RESET'
2019-10-09T23:12:59.700387Z 0 [Note] Shutting down plugin 'INNODB_CMP'
2019-10-09T23:12:59.700391Z 0 [Note] Shutting down plugin 'INNODB_LOCK_WAITS'
2019-10-09T23:12:59.700395Z 0 [Note] Shutting down plugin 'INNODB_LOCKS'
2019-10-09T23:12:59.700399Z 0 [Note] Shutting down plugin 'INNODB_TRX'
2019-10-09T23:12:59.700403Z 0 [Note] Shutting down plugin 'InnoDB'
2019-10-09T23:12:59.700483Z 0 [Note] InnoDB: FTS optimize thread exiting.
2019-10-09T23:12:59.703228Z 0 [Note] InnoDB: Starting shutdown...
2019-10-09T23:12:59.804878Z 0 [Note] InnoDB: Dumping buffer pool(s) to /var/lib/mysql/ib_buffer_pool
2019-10-09T23:12:59.805898Z 0 [Note] InnoDB: Buffer pool(s) dump completed at 191009 23:12:59
2019-10-09T23:13:01.096196Z 0 [Note] InnoDB: Shutdown completed; log sequence number 5136310
2019-10-09T23:13:01.096591Z 0 [Note] InnoDB: Removed temporary tablespace data file: "ibtmp1"
2019-10-09T23:13:01.096613Z 0 [Note] Shutting down plugin 'MEMORY'
2019-10-09T23:13:01.096619Z 0 [Note] Shutting down plugin 'CSV'
2019-10-09T23:13:01.096624Z 0 [Note] Shutting down plugin 'sha256_password'
2019-10-09T23:13:01.096627Z 0 [Note] Shutting down plugin 'mysql_native_password'
2019-10-09T23:13:01.096781Z 0 [Note] Shutting down plugin 'binlog'
2019-10-09T23:13:01.097649Z 0 [Note] /usr/sbin/mysqld: Shutdown complete

2019-10-09T23:59:57.819799Z 0 [Warning] TIMESTAMP with implicit DEFAULT value is deprecated. Please use --explicit_defaults_for_timestamp server option (see documentation for more details).
2019-10-09T23:59:57.826422Z 0 [Note] /usr/sbin/mysqld (mysqld 5.7.23) starting as process 81 ...
2019-10-09T23:59:57.886028Z 0 [Note] InnoDB: PUNCH HOLE support available
2019-10-09T23:59:57.886076Z 0 [Note] InnoDB: Mutexes and rw_locks use GCC atomic builtins
2019-10-09T23:59:57.886083Z 0 [Note] InnoDB: Uses event mutexes
2019-10-09T23:59:57.886089Z 0 [Note] InnoDB: GCC builtin __atomic_thread_fence() is used for memory barrier
2019-10-09T23:59:57.886094Z 0 [Note] InnoDB: Compressed tables use zlib 1.2.3
2019-10-09T23:59:57.886098Z 0 [Note] InnoDB: Using Linux native AIO
2019-10-09T23:59:57.894169Z 0 [Note] InnoDB: Number of pools: 1
2019-10-09T23:59:57.914551Z 0 [Note] InnoDB: Using CPU crc32 instructions
2019-10-09T23:59:57.922482Z 0 [Note] InnoDB: Initializing buffer pool, total size = 32M, instances = 1, chunk size = 32M
2019-10-09T23:59:57.942755Z 0 [Note] InnoDB: Completed initialization of buffer pool
2019-10-09T23:59:57.960052Z 0 [Note] InnoDB: If the mysqld execution user is authorized, page cleaner thread priority can be changed. See the man page of setpriority().
2019-10-09T23:59:58.015806Z 0 [Note] InnoDB: Highest supported file format is Barracuda.
2019-10-09T23:59:58.153910Z 0 [Note] InnoDB: Creating shared tablespace for temporary tables
2019-10-09T23:59:58.154072Z 0 [Note] InnoDB: Setting file './ibtmp1' size to 12 MB. Physically writing the file full; Please wait ...
2019-10-09T23:59:58.242168Z 0 [Note] InnoDB: File './ibtmp1' size is now 12 MB.
2019-10-09T23:59:58.254105Z 0 [Note] InnoDB: 96 redo rollback segment(s) found. 96 redo rollback segment(s) are active.
2019-10-09T23:59:58.254152Z 0 [Note] InnoDB: 32 non-redo rollback segment(s) are active.
2019-10-09T23:59:58.259433Z 0 [Note] InnoDB: Waiting for purge to start
2019-10-09T23:59:58.309951Z 0 [Note] InnoDB: 5.7.23 started; log sequence number 5136310
2019-10-09T23:59:58.315100Z 0 [Note] Plugin 'FEDERATED' is disabled.
2019-10-09T23:59:58.319931Z 0 [Note] InnoDB: Loading buffer pool(s) from /var/lib/mysql/ib_buffer_pool
2019-10-09T23:59:58.353146Z 0 [Note] InnoDB: Buffer pool(s) load completed at 191009 23:59:58
2019-10-09T23:59:58.354063Z 0 [Warning] Failed to set up SSL because of the following SSL library error: SSL context is not usable without certificate and private key
2019-10-09T23:59:58.354084Z 0 [Note] Server hostname (bind-address): '*'; port: 3306
2019-10-09T23:59:58.354400Z 0 [Note] IPv6 is available.
2019-10-09T23:59:58.357532Z 0 [Note]   - '::' resolves to '::';
2019-10-09T23:59:58.357563Z 0 [Note] Server socket created on IP: '::'.
2019-10-09T23:59:58.372268Z 0 [Warning] 'user' entry 'root@localhost' ignored in --skip-name-resolve mode.
2019-10-09T23:59:58.372315Z 0 [Warning] 'user' entry 'mysql.session@localhost' ignored in --skip-name-resolve mode.
2019-10-09T23:59:58.372325Z 0 [Warning] 'user' entry 'mysql.sys@localhost' ignored in --skip-name-resolve mode.
2019-10-09T23:59:58.372918Z 0 [Warning] 'db' entry 'performance_schema mysql.session@localhost' ignored in --skip-name-resolve mode.
2019-10-09T23:59:58.372936Z 0 [Warning] 'db' entry 'sys mysql.sys@localhost' ignored in --skip-name-resolve mode.
2019-10-09T23:59:58.373370Z 0 [Warning] 'proxies_priv' entry '@ root@localhost' ignored in --skip-name-resolve mode.
2019-10-09T23:59:58.391322Z 0 [Warning] 'tables_priv' entry 'user mysql.session@localhost' ignored in --skip-name-resolve mode.
2019-10-09T23:59:58.391356Z 0 [Warning] 'tables_priv' entry 'sys_config mysql.sys@localhost' ignored in --skip-name-resolve mode.
2019-10-09T23:59:58.477141Z 0 [Note] Event Scheduler: Loaded 0 events
2019-10-09T23:59:58.492309Z 0 [Note] /usr/sbin/mysqld: ready for connections.
Version: '5.7.23'  socket: '/var/run/mysqld/mysqld.sock'  port: 3306  MySQL Community Server (GPL)
2019-10-10T05:54:22.425282Z 0 [Note] Giving 3 client threads a chance to die gracefully
2019-10-10T05:54:22.429862Z 0 [Note] Shutting down slave threads
2019-10-10T05:54:24.429992Z 0 [Note] Forcefully disconnecting 0 remaining clients
2019-10-10T05:54:24.430049Z 0 [Note] Event Scheduler: Purging the queue. 0 events
2019-10-10T05:54:24.430150Z 0 [Note] Binlog end
2019-10-10T05:54:24.445172Z 0 [Note] Shutting down plugin 'ngram'
2019-10-10T05:54:24.445286Z 0 [Note] Shutting down plugin 'partition'
2019-10-10T05:54:24.445305Z 0 [Note] Shutting down plugin 'BLACKHOLE'
2019-10-10T05:54:24.445313Z 0 [Note] Shutting down plugin 'ARCHIVE'
2019-10-10T05:54:24.445318Z 0 [Note] Shutting down plugin 'PERFORMANCE_SCHEMA'
2019-10-10T05:54:24.445353Z 0 [Note] Shutting down plugin 'MRG_MYISAM'
2019-10-10T05:54:24.445363Z 0 [Note] Shutting down plugin 'MyISAM'
2019-10-10T05:54:24.445388Z 0 [Note] Shutting down plugin 'INNODB_SYS_VIRTUAL'
2019-10-10T05:54:24.445395Z 0 [Note] Shutting down plugin 'INNODB_SYS_DATAFILES'
2019-10-10T05:54:24.445401Z 0 [Note] Shutting down plugin 'INNODB_SYS_TABLESPACES'
2019-10-10T05:54:24.445406Z 0 [Note] Shutting down plugin 'INNODB_SYS_FOREIGN_COLS'
2019-10-10T05:54:24.445410Z 0 [Note] Shutting down plugin 'INNODB_SYS_FOREIGN'
2019-10-10T05:54:24.445414Z 0 [Note] Shutting down plugin 'INNODB_SYS_FIELDS'
2019-10-10T05:54:24.445432Z 0 [Note] Shutting down plugin 'INNODB_SYS_COLUMNS'
2019-10-10T05:54:24.445438Z 0 [Note] Shutting down plugin 'INNODB_SYS_INDEXES'
2019-10-10T05:54:24.445443Z 0 [Note] Shutting down plugin 'INNODB_SYS_TABLESTATS'
2019-10-10T05:54:24.445447Z 0 [Note] Shutting down plugin 'INNODB_SYS_TABLES'
2019-10-10T05:54:24.445452Z 0 [Note] Shutting down plugin 'INNODB_FT_INDEX_TABLE'
2019-10-10T05:54:24.445456Z 0 [Note] Shutting down plugin 'INNODB_FT_INDEX_CACHE'
2019-10-10T05:54:24.445460Z 0 [Note] Shutting down plugin 'INNODB_FT_CONFIG'
2019-10-10T05:54:24.445464Z 0 [Note] Shutting down plugin 'INNODB_FT_BEING_DELETED'
2019-10-10T05:54:24.445468Z 0 [Note] Shutting down plugin 'INNODB_FT_DELETED'
2019-10-10T05:54:24.445473Z 0 [Note] Shutting down plugin 'INNODB_FT_DEFAULT_STOPWORD'
2019-10-10T05:54:24.445477Z 0 [Note] Shutting down plugin 'INNODB_METRICS'
2019-10-10T05:54:24.445481Z 0 [Note] Shutting down plugin 'INNODB_TEMP_TABLE_INFO'
2019-10-10T05:54:24.445486Z 0 [Note] Shutting down plugin 'INNODB_BUFFER_POOL_STATS'
2019-10-10T05:54:24.445491Z 0 [Note] Shutting down plugin 'INNODB_BUFFER_PAGE_LRU'
2019-10-10T05:54:24.445495Z 0 [Note] Shutting down plugin 'INNODB_BUFFER_PAGE'
2019-10-10T05:54:24.445500Z 0 [Note] Shutting down plugin 'INNODB_CMP_PER_INDEX_RESET'
2019-10-10T05:54:24.445504Z 0 [Note] Shutting down plugin 'INNODB_CMP_PER_INDEX'
2019-10-10T05:54:24.445509Z 0 [Note] Shutting down plugin 'INNODB_CMPMEM_RESET'
2019-10-10T05:54:24.445513Z 0 [Note] Shutting down plugin 'INNODB_CMPMEM'
2019-10-10T05:54:24.445517Z 0 [Note] Shutting down plugin 'INNODB_CMP_RESET'
2019-10-10T05:54:24.445522Z 0 [Note] Shutting down plugin 'INNODB_CMP'
2019-10-10T05:54:24.445527Z 0 [Note] Shutting down plugin 'INNODB_LOCK_WAITS'
2019-10-10T05:54:24.445531Z 0 [Note] Shutting down plugin 'INNODB_LOCKS'
2019-10-10T05:54:24.445536Z 0 [Note] Shutting down plugin 'INNODB_TRX'
2019-10-10T05:54:24.445540Z 0 [Note] Shutting down plugin 'InnoDB'
2019-10-10T05:54:24.445729Z 0 [Note] InnoDB: FTS optimize thread exiting.
2019-10-10T05:54:24.446037Z 0 [Note] InnoDB: Starting shutdown...
2019-10-10T05:54:24.546758Z 0 [Note] InnoDB: Dumping buffer pool(s) to /var/lib/mysql/ib_buffer_pool
2019-10-10T05:54:24.547346Z 0 [Note] InnoDB: Buffer pool(s) dump completed at 191010  5:54:24
2019-10-10T14:38:18.658067Z 0 [Warning] TIMESTAMP with implicit DEFAULT value is deprecated. Please use --explicit_defaults_for_timestamp server option (see documentation for more details).
2019-10-10T14:38:18.837992Z 0 [Note] /usr/sbin/mysqld (mysqld 5.7.23) starting as process 89 ...
2019-10-10T14:38:18.900801Z 0 [Note] InnoDB: PUNCH HOLE support available
2019-10-10T14:38:18.900834Z 0 [Note] InnoDB: Mutexes and rw_locks use GCC atomic builtins
2019-10-10T14:38:18.900839Z 0 [Note] InnoDB: Uses event mutexes
2019-10-10T14:38:18.900843Z 0 [Note] InnoDB: GCC builtin __atomic_thread_fence() is used for memory barrier
2019-10-10T14:38:18.900847Z 0 [Note] InnoDB: Compressed tables use zlib 1.2.3
2019-10-10T14:38:18.900851Z 0 [Note] InnoDB: Using Linux native AIO
2019-10-10T14:38:18.901053Z 0 [Note] InnoDB: Number of pools: 1
2019-10-10T14:38:18.901148Z 0 [Note] InnoDB: Using CPU crc32 instructions
2019-10-10T14:38:18.905268Z 0 [Note] InnoDB: Initializing buffer pool, total size = 32M, instances = 1, chunk size = 32M
2019-10-10T14:38:18.907197Z 0 [Note] InnoDB: Completed initialization of buffer pool
2019-10-10T14:38:18.908343Z 0 [Note] InnoDB: If the mysqld execution user is authorized, page cleaner thread priority can be changed. See the man page of setpriority().
2019-10-10T14:38:18.968191Z 0 [Note] InnoDB: Highest supported file format is Barracuda.
2019-10-10T14:38:18.970939Z 0 [Note] InnoDB: Log scan progressed past the checkpoint lsn 9985301
2019-10-10T14:38:18.970963Z 0 [Note] InnoDB: Doing recovery: scanned up to log sequence number 9987888
2019-10-10T14:38:18.971016Z 0 [Note] InnoDB: Database was not shutdown normally!
2019-10-10T14:38:18.971020Z 0 [Note] InnoDB: Starting crash recovery.
2019-10-10T14:38:19.067063Z 0 [Note] InnoDB: Starting an apply batch of log records to the database...
InnoDB: Progress in percent: 5 6 7 8 9 10 11 12 13 14 15 16 17 18 19 20 21 22 23 24 25 26 27 28 29 30 31 32 33 34 35 36 37 38 39 40 41 42 43 44 45 46 47 48 49 50 51 52 53 54 55 56 57 58 59 60 61 62 63 64 65 66 67 68 69 70 71 72 73 74 75 76 77 78 79 80 81 82 83 84 85 86 87 88 89 90 91 92 93 94 95 96 97 98 99 
2019-10-10T14:38:19.070748Z 0 [Note] InnoDB: Apply batch completed
2019-10-10T14:38:19.232326Z 0 [Note] InnoDB: Removed temporary tablespace data file: "ibtmp1"
2019-10-10T14:38:19.232433Z 0 [Note] InnoDB: Creating shared tablespace for temporary tables
2019-10-10T14:38:19.232726Z 0 [Note] InnoDB: Setting file './ibtmp1' size to 12 MB. Physically writing the file full; Please wait ...
2019-10-10T14:38:19.317657Z 0 [Note] InnoDB: File './ibtmp1' size is now 12 MB.
2019-10-10T14:38:19.318289Z 0 [Note] InnoDB: 96 redo rollback segment(s) found. 96 redo rollback segment(s) are active.
2019-10-10T14:38:19.318301Z 0 [Note] InnoDB: 32 non-redo rollback segment(s) are active.
2019-10-10T14:38:19.318893Z 0 [Note] InnoDB: Waiting for purge to start
2019-10-10T14:38:19.369325Z 0 [Note] InnoDB: 5.7.23 started; log sequence number 9987888
2019-10-10T14:38:19.370163Z 0 [Note] Plugin 'FEDERATED' is disabled.
2019-10-10T14:38:19.374323Z 0 [Warning] Failed to set up SSL because of the following SSL library error: SSL context is not usable without certificate and private key
2019-10-10T14:38:19.374349Z 0 [Note] Server hostname (bind-address): '*'; port: 3306
2019-10-10T14:38:19.374402Z 0 [Note] IPv6 is available.
2019-10-10T14:38:19.374415Z 0 [Note]   - '::' resolves to '::';
2019-10-10T14:38:19.374424Z 0 [Note] Server socket created on IP: '::'.
2019-10-10T14:38:19.376874Z 0 [Note] InnoDB: Loading buffer pool(s) from /var/lib/mysql/ib_buffer_pool
2019-10-10T14:38:19.420664Z 0 [Warning] 'user' entry 'root@localhost' ignored in --skip-name-resolve mode.
2019-10-10T14:38:19.420716Z 0 [Warning] 'user' entry 'mysql.session@localhost' ignored in --skip-name-resolve mode.
2019-10-10T14:38:19.420728Z 0 [Warning] 'user' entry 'mysql.sys@localhost' ignored in --skip-name-resolve mode.
2019-10-10T14:38:19.423148Z 0 [Warning] 'db' entry 'performance_schema mysql.session@localhost' ignored in --skip-name-resolve mode.
2019-10-10T14:38:19.423171Z 0 [Warning] 'db' entry 'sys mysql.sys@localhost' ignored in --skip-name-resolve mode.
2019-10-10T14:38:19.423821Z 0 [Warning] 'proxies_priv' entry '@ root@localhost' ignored in --skip-name-resolve mode.
2019-10-10T14:38:19.429266Z 0 [Note] InnoDB: Buffer pool(s) load completed at 191010 14:38:19
2019-10-10T14:38:19.429333Z 0 [Warning] 'tables_priv' entry 'user mysql.session@localhost' ignored in --skip-name-resolve mode.
2019-10-10T14:38:19.429356Z 0 [Warning] 'tables_priv' entry 'sys_config mysql.sys@localhost' ignored in --skip-name-resolve mode.
2019-10-10T14:38:19.543454Z 0 [Note] Event Scheduler: Loaded 0 events
2019-10-10T14:38:19.548416Z 0 [Note] /usr/sbin/mysqld: ready for connections.
Version: '5.7.23'  socket: '/var/run/mysqld/mysqld.sock'  port: 3306  MySQL Community Server (GPL)
2019-10-10T20:17:42.850474Z 0 [Note] InnoDB: page_cleaner: 1000ms intended loop took 16298169ms. The settings might not be optimal. (flushed=0 and evicted=0, during the time.)
2019-10-10T20:39:22.358480Z 0 [Note] Giving 2 client threads a chance to die gracefully
2019-10-10T20:39:22.359185Z 0 [Note] Shutting down slave threads
2019-10-10T20:39:24.360980Z 0 [Note] Forcefully disconnecting 0 remaining clients
2019-10-10T20:39:24.361026Z 0 [Note] Event Scheduler: Purging the queue. 0 events
2019-10-10T20:39:24.361296Z 0 [Note] Binlog end
2019-10-10T20:39:24.363811Z 0 [Note] Shutting down plugin 'ngram'
2019-10-10T20:39:24.363832Z 0 [Note] Shutting down plugin 'partition'
2019-10-10T20:39:24.363838Z 0 [Note] Shutting down plugin 'BLACKHOLE'
2019-10-10T20:39:24.363842Z 0 [Note] Shutting down plugin 'ARCHIVE'
2019-10-10T20:39:24.363845Z 0 [Note] Shutting down plugin 'PERFORMANCE_SCHEMA'
2019-10-10T20:39:24.363874Z 0 [Note] Shutting down plugin 'MRG_MYISAM'
2019-10-10T20:39:24.363880Z 0 [Note] Shutting down plugin 'MyISAM'
2019-10-10T20:39:24.363904Z 0 [Note] Shutting down plugin 'INNODB_SYS_VIRTUAL'
2019-10-10T20:39:24.363910Z 0 [Note] Shutting down plugin 'INNODB_SYS_DATAFILES'
2019-10-10T20:39:24.363913Z 0 [Note] Shutting down plugin 'INNODB_SYS_TABLESPACES'
2019-10-10T20:39:24.363916Z 0 [Note] Shutting down plugin 'INNODB_SYS_FOREIGN_COLS'
2019-10-10T20:39:24.363919Z 0 [Note] Shutting down plugin 'INNODB_SYS_FOREIGN'
2019-10-10T20:39:24.363922Z 0 [Note] Shutting down plugin 'INNODB_SYS_FIELDS'
2019-10-10T20:39:24.363925Z 0 [Note] Shutting down plugin 'INNODB_SYS_COLUMNS'
2019-10-10T20:39:24.363928Z 0 [Note] Shutting down plugin 'INNODB_SYS_INDEXES'
2019-10-10T20:39:24.363930Z 0 [Note] Shutting down plugin 'INNODB_SYS_TABLESTATS'
2019-10-10T20:39:24.363933Z 0 [Note] Shutting down plugin 'INNODB_SYS_TABLES'
2019-10-10T20:39:24.363936Z 0 [Note] Shutting down plugin 'INNODB_FT_INDEX_TABLE'
2019-10-10T20:39:24.363939Z 0 [Note] Shutting down plugin 'INNODB_FT_INDEX_CACHE'
2019-10-10T20:39:24.363942Z 0 [Note] Shutting down plugin 'INNODB_FT_CONFIG'
2019-10-10T20:39:24.363944Z 0 [Note] Shutting down plugin 'INNODB_FT_BEING_DELETED'
2019-10-10T20:39:24.363947Z 0 [Note] Shutting down plugin 'INNODB_FT_DELETED'
2019-10-10T20:39:24.363950Z 0 [Note] Shutting down plugin 'INNODB_FT_DEFAULT_STOPWORD'
2019-10-10T20:39:24.363953Z 0 [Note] Shutting down plugin 'INNODB_METRICS'
2019-10-10T20:39:24.363956Z 0 [Note] Shutting down plugin 'INNODB_TEMP_TABLE_INFO'
2019-10-10T20:39:24.363958Z 0 [Note] Shutting down plugin 'INNODB_BUFFER_POOL_STATS'
2019-10-10T20:39:24.363961Z 0 [Note] Shutting down plugin 'INNODB_BUFFER_PAGE_LRU'
2019-10-10T20:39:24.363964Z 0 [Note] Shutting down plugin 'INNODB_BUFFER_PAGE'
2019-10-10T20:39:24.363967Z 0 [Note] Shutting down plugin 'INNODB_CMP_PER_INDEX_RESET'
2019-10-10T20:39:24.363969Z 0 [Note] Shutting down plugin 'INNODB_CMP_PER_INDEX'
2019-10-10T20:39:24.363972Z 0 [Note] Shutting down plugin 'INNODB_CMPMEM_RESET'
2019-10-10T20:39:24.363975Z 0 [Note] Shutting down plugin 'INNODB_CMPMEM'
2019-10-10T20:39:24.363978Z 0 [Note] Shutting down plugin 'INNODB_CMP_RESET'
2019-10-10T20:39:24.363980Z 0 [Note] Shutting down plugin 'INNODB_CMP'
2019-10-10T20:39:24.363983Z 0 [Note] Shutting down plugin 'INNODB_LOCK_WAITS'
2019-10-10T20:39:24.363986Z 0 [Note] Shutting down plugin 'INNODB_LOCKS'
2019-10-10T20:39:24.363989Z 0 [Note] Shutting down plugin 'INNODB_TRX'
2019-10-10T20:39:24.363991Z 0 [Note] Shutting down plugin 'InnoDB'
2019-10-10T20:39:24.364113Z 0 [Note] InnoDB: FTS optimize thread exiting.
2019-10-10T20:39:24.364338Z 0 [Note] InnoDB: Starting shutdown...
2019-10-10T20:39:24.464954Z 0 [Note] InnoDB: Dumping buffer pool(s) to /var/lib/mysql/ib_buffer_pool
2019-10-10T20:39:24.465415Z 0 [Note] InnoDB: Buffer pool(s) dump completed at 191010 20:39:24
2019-10-10T21:17:25.715231Z 0 [Warning] TIMESTAMP with implicit DEFAULT value is deprecated. Please use --explicit_defaults_for_timestamp server option (see documentation for more details).
2019-10-10T21:17:25.715564Z 0 [Note] /usr/sbin/mysqld (mysqld 5.7.23) starting as process 46 ...
2019-10-10T21:17:25.738346Z 0 [Note] InnoDB: PUNCH HOLE support available
2019-10-10T21:17:25.738369Z 0 [Note] InnoDB: Mutexes and rw_locks use GCC atomic builtins
2019-10-10T21:17:25.738374Z 0 [Note] InnoDB: Uses event mutexes
2019-10-10T21:17:25.738378Z 0 [Note] InnoDB: GCC builtin __atomic_thread_fence() is used for memory barrier
2019-10-10T21:17:25.738382Z 0 [Note] InnoDB: Compressed tables use zlib 1.2.3
2019-10-10T21:17:25.738385Z 0 [Note] InnoDB: Using Linux native AIO
2019-10-10T21:17:25.738593Z 0 [Note] InnoDB: Number of pools: 1
2019-10-10T21:17:25.738695Z 0 [Note] InnoDB: Using CPU crc32 instructions
2019-10-10T21:17:25.740186Z 0 [Note] InnoDB: Initializing buffer pool, total size = 32M, instances = 1, chunk size = 32M
2019-10-10T21:17:25.741927Z 0 [Note] InnoDB: Completed initialization of buffer pool
2019-10-10T21:17:25.745459Z 0 [Note] InnoDB: If the mysqld execution user is authorized, page cleaner thread priority can be changed. See the man page of setpriority().
2019-10-10T21:17:25.764972Z 0 [Note] InnoDB: Highest supported file format is Barracuda.
2019-10-10T21:17:25.775778Z 0 [Note] InnoDB: Log scan progressed past the checkpoint lsn 10050528
2019-10-10T21:17:25.775811Z 0 [Note] InnoDB: Doing recovery: scanned up to log sequence number 10051881
2019-10-10T21:17:25.775854Z 0 [Note] InnoDB: Database was not shutdown normally!
2019-10-10T21:17:25.775858Z 0 [Note] InnoDB: Starting crash recovery.
2019-10-10T21:17:25.846399Z 0 [Note] InnoDB: Starting an apply batch of log records to the database...
InnoDB: Progress in percent: 30 31 32 33 34 35 36 37 38 39 40 41 42 43 44 45 46 47 48 49 50 51 52 53 54 55 56 57 58 59 60 61 62 63 64 65 66 67 68 69 70 71 72 73 74 75 76 77 78 79 80 81 82 83 84 85 86 87 88 89 90 91 92 93 94 95 96 97 98 99 
2019-10-10T21:17:25.848003Z 0 [Note] InnoDB: Apply batch completed
2019-10-10T21:17:25.982354Z 0 [Note] InnoDB: Removed temporary tablespace data file: "ibtmp1"
2019-10-10T21:17:25.982380Z 0 [Note] InnoDB: Creating shared tablespace for temporary tables
2019-10-10T21:17:25.982451Z 0 [Note] InnoDB: Setting file './ibtmp1' size to 12 MB. Physically writing the file full; Please wait ...
2019-10-10T21:17:26.036295Z 0 [Note] InnoDB: File './ibtmp1' size is now 12 MB.
2019-10-10T21:17:26.037130Z 0 [Note] InnoDB: 96 redo rollback segment(s) found. 96 redo rollback segment(s) are active.
2019-10-10T21:17:26.037146Z 0 [Note] InnoDB: 32 non-redo rollback segment(s) are active.
2019-10-10T21:17:26.037508Z 0 [Note] InnoDB: Waiting for purge to start
2019-10-10T21:17:26.088568Z 0 [Note] InnoDB: 5.7.23 started; log sequence number 10051881
2019-10-10T21:17:26.088952Z 0 [Note] Plugin 'FEDERATED' is disabled.
2019-10-10T21:17:26.091696Z 0 [Warning] Failed to set up SSL because of the following SSL library error: SSL context is not usable without certificate and private key
2019-10-10T21:17:26.091718Z 0 [Note] Server hostname (bind-address): '*'; port: 3306
2019-10-10T21:17:26.091759Z 0 [Note] IPv6 is available.
2019-10-10T21:17:26.091770Z 0 [Note]   - '::' resolves to '::';
2019-10-10T21:17:26.091778Z 0 [Note] Server socket created on IP: '::'.
2019-10-10T21:17:26.093575Z 0 [Note] InnoDB: Loading buffer pool(s) from /var/lib/mysql/ib_buffer_pool
2019-10-10T21:17:26.098120Z 0 [Warning] 'user' entry 'root@localhost' ignored in --skip-name-resolve mode.
2019-10-10T21:17:26.098171Z 0 [Warning] 'user' entry 'mysql.session@localhost' ignored in --skip-name-resolve mode.
2019-10-10T21:17:26.098192Z 0 [Warning] 'user' entry 'mysql.sys@localhost' ignored in --skip-name-resolve mode.
2019-10-10T21:17:26.098233Z 0 [Warning] 'db' entry 'performance_schema mysql.session@localhost' ignored in --skip-name-resolve mode.
2019-10-10T21:17:26.098244Z 0 [Warning] 'db' entry 'sys mysql.sys@localhost' ignored in --skip-name-resolve mode.
2019-10-10T21:17:26.098264Z 0 [Warning] 'proxies_priv' entry '@ root@localhost' ignored in --skip-name-resolve mode.
2019-10-10T21:17:26.103688Z 0 [Warning] 'tables_priv' entry 'user mysql.session@localhost' ignored in --skip-name-resolve mode.
2019-10-10T21:17:26.103779Z 0 [Warning] 'tables_priv' entry 'sys_config mysql.sys@localhost' ignored in --skip-name-resolve mode.
2019-10-10T21:17:26.143250Z 0 [Note] InnoDB: Buffer pool(s) load completed at 191010 21:17:26
2019-10-10T21:17:26.198791Z 0 [Note] Event Scheduler: Loaded 0 events
2019-10-10T21:17:26.205655Z 0 [Note] /usr/sbin/mysqld: ready for connections.
Version: '5.7.23'  socket: '/var/run/mysqld/mysqld.sock'  port: 3306  MySQL Community Server (GPL)
2019-10-11T03:29:31.615454Z 0 [Note] InnoDB: page_cleaner: 1000ms intended loop took 18117348ms. The settings might not be optimal. (flushed=0 and evicted=0, during the time.)
2019-10-11T16:25:14.600529Z 0 [Note] InnoDB: page_cleaner: 1000ms intended loop took 46523973ms. The settings might not be optimal. (flushed=0 and evicted=0, during the time.)
2019-10-12T03:12:49.807021Z 0 [Note] InnoDB: page_cleaner: 1000ms intended loop took 34054961ms. The settings might not be optimal. (flushed=0 and evicted=0, during the time.)
2019-10-12T03:59:30.230920Z 0 [Note] InnoDB: page_cleaner: 1000ms intended loop took 2060773ms. The settings might not be optimal. (flushed=0 and evicted=0, during the time.)
2019-10-12T16:00:31.515068Z 0 [Note] InnoDB: page_cleaner: 1000ms intended loop took 37781479ms. The settings might not be optimal. (flushed=0 and evicted=0, during the time.)
2019-10-13T04:49:51.732399Z 0 [Note] InnoDB: page_cleaner: 1000ms intended loop took 39389627ms. The settings might not be optimal. (flushed=0 and evicted=0, during the time.)
2019-10-13T07:03:47.961051Z 0 [Note] Giving 0 client threads a chance to die gracefully
2019-10-13T07:03:47.963363Z 0 [Note] Shutting down slave threads
2019-10-13T07:03:47.963394Z 0 [Note] Forcefully disconnecting 0 remaining clients
2019-10-13T07:03:47.963409Z 0 [Note] Event Scheduler: Purging the queue. 0 events
2019-10-13T07:03:47.963502Z 0 [Note] Binlog end
2019-10-13T07:03:47.973441Z 0 [Note] Shutting down plugin 'ngram'
2019-10-13T07:03:47.973474Z 0 [Note] Shutting down plugin 'partition'
2019-10-13T07:03:47.973483Z 0 [Note] Shutting down plugin 'BLACKHOLE'
2019-10-13T07:03:47.973489Z 0 [Note] Shutting down plugin 'ARCHIVE'
2019-10-13T07:03:47.973493Z 0 [Note] Shutting down plugin 'PERFORMANCE_SCHEMA'
2019-10-13T07:03:47.974829Z 0 [Note] Shutting down plugin 'MRG_MYISAM'
2019-10-13T07:03:47.975961Z 0 [Note] Shutting down plugin 'MyISAM'
2019-10-13T07:03:47.975999Z 0 [Note] Shutting down plugin 'INNODB_SYS_VIRTUAL'
2019-10-13T07:03:47.976009Z 0 [Note] Shutting down plugin 'INNODB_SYS_DATAFILES'
2019-10-13T07:03:47.976014Z 0 [Note] Shutting down plugin 'INNODB_SYS_TABLESPACES'
2019-10-13T07:03:47.976019Z 0 [Note] Shutting down plugin 'INNODB_SYS_FOREIGN_COLS'
2019-10-13T07:03:47.976023Z 0 [Note] Shutting down plugin 'INNODB_SYS_FOREIGN'
2019-10-13T07:03:47.976028Z 0 [Note] Shutting down plugin 'INNODB_SYS_FIELDS'
2019-10-13T07:03:47.976032Z 0 [Note] Shutting down plugin 'INNODB_SYS_COLUMNS'
2019-10-13T07:03:47.976036Z 0 [Note] Shutting down plugin 'INNODB_SYS_INDEXES'
2019-10-13T07:03:47.976040Z 0 [Note] Shutting down plugin 'INNODB_SYS_TABLESTATS'
2019-10-13T07:03:47.976045Z 0 [Note] Shutting down plugin 'INNODB_SYS_TABLES'
2019-10-13T07:03:47.976050Z 0 [Note] Shutting down plugin 'INNODB_FT_INDEX_TABLE'
2019-10-13T07:03:47.976054Z 0 [Note] Shutting down plugin 'INNODB_FT_INDEX_CACHE'
2019-10-13T07:03:47.976059Z 0 [Note] Shutting down plugin 'INNODB_FT_CONFIG'
2019-10-13T07:03:47.976064Z 0 [Note] Shutting down plugin 'INNODB_FT_BEING_DELETED'
2019-10-13T07:03:47.976069Z 0 [Note] Shutting down plugin 'INNODB_FT_DELETED'
2019-10-13T07:03:47.976073Z 0 [Note] Shutting down plugin 'INNODB_FT_DEFAULT_STOPWORD'
2019-10-13T07:03:47.976078Z 0 [Note] Shutting down plugin 'INNODB_METRICS'
2019-10-13T07:03:47.976082Z 0 [Note] Shutting down plugin 'INNODB_TEMP_TABLE_INFO'
2019-10-13T07:03:47.976087Z 0 [Note] Shutting down plugin 'INNODB_BUFFER_POOL_STATS'
2019-10-13T07:03:47.976091Z 0 [Note] Shutting down plugin 'INNODB_BUFFER_PAGE_LRU'
2019-10-13T07:03:47.976096Z 0 [Note] Shutting down plugin 'INNODB_BUFFER_PAGE'
2019-10-13T07:03:47.976101Z 0 [Note] Shutting down plugin 'INNODB_CMP_PER_INDEX_RESET'
2019-10-13T07:03:47.976105Z 0 [Note] Shutting down plugin 'INNODB_CMP_PER_INDEX'
2019-10-13T07:03:47.976110Z 0 [Note] Shutting down plugin 'INNODB_CMPMEM_RESET'
2019-10-13T07:03:47.976115Z 0 [Note] Shutting down plugin 'INNODB_CMPMEM'
2019-10-13T07:03:47.976119Z 0 [Note] Shutting down plugin 'INNODB_CMP_RESET'
2019-10-13T07:03:47.976123Z 0 [Note] Shutting down plugin 'INNODB_CMP'
2019-10-13T07:03:47.976128Z 0 [Note] Shutting down plugin 'INNODB_LOCK_WAITS'
2019-10-13T07:03:47.976132Z 0 [Note] Shutting down plugin 'INNODB_LOCKS'
2019-10-13T07:03:47.976137Z 0 [Note] Shutting down plugin 'INNODB_TRX'
2019-10-13T07:03:47.976141Z 0 [Note] Shutting down plugin 'InnoDB'
2019-10-13T07:03:47.977660Z 0 [Note] InnoDB: FTS optimize thread exiting.
2019-10-13T07:03:47.977879Z 0 [Note] InnoDB: Starting shutdown...
2019-10-13T07:03:48.080826Z 0 [Note] InnoDB: Dumping buffer pool(s) to /var/lib/mysql/ib_buffer_pool
2019-10-13T07:03:48.085052Z 0 [Note] InnoDB: Buffer pool(s) dump completed at 191013  7:03:48
2019-10-13T07:03:49.493503Z 0 [Note] InnoDB: Shutdown completed; log sequence number 11649789
2019-10-13T07:03:49.495885Z 0 [Note] InnoDB: Removed temporary tablespace data file: "ibtmp1"
2019-10-13T07:03:49.495935Z 0 [Note] Shutting down plugin 'MEMORY'
2019-10-13T07:03:49.495947Z 0 [Note] Shutting down plugin 'CSV'
2019-10-13T07:03:49.495955Z 0 [Note] Shutting down plugin 'sha256_password'
2019-10-13T07:03:49.495960Z 0 [Note] Shutting down plugin 'mysql_native_password'
2019-10-13T07:03:49.500362Z 0 [Note] Shutting down plugin 'binlog'
2019-10-13T07:03:49.524884Z 0 [Note] /usr/sbin/mysqld: Shutdown complete

2019-10-13T17:15:04.711701Z 0 [Warning] TIMESTAMP with implicit DEFAULT value is deprecated. Please use --explicit_defaults_for_timestamp server option (see documentation for more details).
2019-10-13T17:15:04.718820Z 0 [Note] /usr/sbin/mysqld (mysqld 5.7.23) starting as process 53 ...
2019-10-13T17:15:04.750761Z 0 [Note] InnoDB: PUNCH HOLE support available
2019-10-13T17:15:04.750790Z 0 [Note] InnoDB: Mutexes and rw_locks use GCC atomic builtins
2019-10-13T17:15:04.750794Z 0 [Note] InnoDB: Uses event mutexes
2019-10-13T17:15:04.750798Z 0 [Note] InnoDB: GCC builtin __atomic_thread_fence() is used for memory barrier
2019-10-13T17:15:04.750802Z 0 [Note] InnoDB: Compressed tables use zlib 1.2.3
2019-10-13T17:15:04.750806Z 0 [Note] InnoDB: Using Linux native AIO
2019-10-13T17:15:04.751034Z 0 [Note] InnoDB: Number of pools: 1
2019-10-13T17:15:04.751150Z 0 [Note] InnoDB: Using CPU crc32 instructions
2019-10-13T17:15:04.756940Z 0 [Note] InnoDB: Initializing buffer pool, total size = 32M, instances = 1, chunk size = 32M
2019-10-13T17:15:04.772201Z 0 [Note] InnoDB: Completed initialization of buffer pool
2019-10-13T17:15:04.773596Z 0 [Note] InnoDB: If the mysqld execution user is authorized, page cleaner thread priority can be changed. See the man page of setpriority().
2019-10-13T17:15:04.806321Z 0 [Note] InnoDB: Highest supported file format is Barracuda.
2019-10-13T17:15:04.902357Z 0 [Note] InnoDB: Creating shared tablespace for temporary tables
2019-10-13T17:15:04.902455Z 0 [Note] InnoDB: Setting file './ibtmp1' size to 12 MB. Physically writing the file full; Please wait ...
2019-10-13T17:15:05.005286Z 0 [Note] InnoDB: File './ibtmp1' size is now 12 MB.
2019-10-13T17:15:05.005991Z 0 [Note] InnoDB: 96 redo rollback segment(s) found. 96 redo rollback segment(s) are active.
2019-10-13T17:15:05.006005Z 0 [Note] InnoDB: 32 non-redo rollback segment(s) are active.
2019-10-13T17:15:05.006580Z 0 [Note] InnoDB: Waiting for purge to start
2019-10-13T17:15:05.057185Z 0 [Note] InnoDB: 5.7.23 started; log sequence number 11649789
2019-10-13T17:15:05.057600Z 0 [Note] Plugin 'FEDERATED' is disabled.
2019-10-13T17:15:05.062265Z 0 [Note] InnoDB: Loading buffer pool(s) from /var/lib/mysql/ib_buffer_pool
2019-10-13T17:15:05.088716Z 0 [Warning] Failed to set up SSL because of the following SSL library error: SSL context is not usable without certificate and private key
2019-10-13T17:15:05.088750Z 0 [Note] Server hostname (bind-address): '*'; port: 3306
2019-10-13T17:15:05.091634Z 0 [Note] IPv6 is available.
2019-10-13T17:15:05.091776Z 0 [Note]   - '::' resolves to '::';
2019-10-13T17:15:05.091817Z 0 [Note] Server socket created on IP: '::'.
2019-10-13T17:15:05.502641Z 0 [Warning] 'user' entry 'root@localhost' ignored in --skip-name-resolve mode.
2019-10-13T17:15:05.502778Z 0 [Warning] 'user' entry 'mysql.session@localhost' ignored in --skip-name-resolve mode.
2019-10-13T17:15:05.502812Z 0 [Warning] 'user' entry 'mysql.sys@localhost' ignored in --skip-name-resolve mode.
2019-10-13T17:15:05.503842Z 0 [Warning] 'db' entry 'performance_schema mysql.session@localhost' ignored in --skip-name-resolve mode.
2019-10-13T17:15:05.503871Z 0 [Warning] 'db' entry 'sys mysql.sys@localhost' ignored in --skip-name-resolve mode.
2019-10-13T17:15:05.504430Z 0 [Warning] 'proxies_priv' entry '@ root@localhost' ignored in --skip-name-resolve mode.
2019-10-13T17:15:05.519590Z 0 [Warning] 'tables_priv' entry 'user mysql.session@localhost' ignored in --skip-name-resolve mode.
2019-10-13T17:15:05.519661Z 0 [Warning] 'tables_priv' entry 'sys_config mysql.sys@localhost' ignored in --skip-name-resolve mode.
2019-10-13T17:15:05.621785Z 0 [Note] InnoDB: Buffer pool(s) load completed at 191013 17:15:05
2019-10-13T17:15:05.633306Z 0 [Note] Event Scheduler: Loaded 0 events
2019-10-13T17:15:05.641624Z 0 [Note] /usr/sbin/mysqld: ready for connections.
Version: '5.7.23'  socket: '/var/run/mysqld/mysqld.sock'  port: 3306  MySQL Community Server (GPL)
2019-10-13T17:27:51.257680Z 0 [Note] Giving 1 client threads a chance to die gracefully
2019-10-13T17:27:51.258178Z 0 [Note] Shutting down slave threads
2019-10-13T17:27:53.258910Z 0 [Note] Forcefully disconnecting 0 remaining clients
2019-10-13T17:27:53.258970Z 0 [Note] Event Scheduler: Purging the queue. 0 events
2019-10-13T17:27:53.259098Z 0 [Note] Binlog end
2019-10-13T17:27:53.261338Z 0 [Note] Shutting down plugin 'ngram'
2019-10-13T17:27:53.261366Z 0 [Note] Shutting down plugin 'partition'
2019-10-13T17:27:53.261373Z 0 [Note] Shutting down plugin 'BLACKHOLE'
2019-10-13T17:27:53.261378Z 0 [Note] Shutting down plugin 'ARCHIVE'
2019-10-13T17:27:53.261383Z 0 [Note] Shutting down plugin 'PERFORMANCE_SCHEMA'
2019-10-13T17:27:53.261414Z 0 [Note] Shutting down plugin 'MRG_MYISAM'
2019-10-13T17:27:53.261420Z 0 [Note] Shutting down plugin 'MyISAM'
2019-10-13T17:27:53.261437Z 0 [Note] Shutting down plugin 'INNODB_SYS_VIRTUAL'
2019-10-13T17:27:53.261442Z 0 [Note] Shutting down plugin 'INNODB_SYS_DATAFILES'
2019-10-13T17:27:53.261447Z 0 [Note] Shutting down plugin 'INNODB_SYS_TABLESPACES'
2019-10-13T17:27:53.261451Z 0 [Note] Shutting down plugin 'INNODB_SYS_FOREIGN_COLS'
2019-10-13T17:27:53.261455Z 0 [Note] Shutting down plugin 'INNODB_SYS_FOREIGN'
2019-10-13T17:27:53.261459Z 0 [Note] Shutting down plugin 'INNODB_SYS_FIELDS'
2019-10-13T17:27:53.261464Z 0 [Note] Shutting down plugin 'INNODB_SYS_COLUMNS'
2019-10-13T17:27:53.261468Z 0 [Note] Shutting down plugin 'INNODB_SYS_INDEXES'
2019-10-13T17:27:53.261472Z 0 [Note] Shutting down plugin 'INNODB_SYS_TABLESTATS'
2019-10-13T17:27:53.261476Z 0 [Note] Shutting down plugin 'INNODB_SYS_TABLES'
2019-10-13T17:27:53.261481Z 0 [Note] Shutting down plugin 'INNODB_FT_INDEX_TABLE'
2019-10-13T17:27:53.261485Z 0 [Note] Shutting down plugin 'INNODB_FT_INDEX_CACHE'
2019-10-13T17:27:53.261490Z 0 [Note] Shutting down plugin 'INNODB_FT_CONFIG'
2019-10-13T17:27:53.261494Z 0 [Note] Shutting down plugin 'INNODB_FT_BEING_DELETED'
2019-10-13T17:27:53.261499Z 0 [Note] Shutting down plugin 'INNODB_FT_DELETED'
2019-10-13T17:27:53.261503Z 0 [Note] Shutting down plugin 'INNODB_FT_DEFAULT_STOPWORD'
2019-10-13T17:27:53.261508Z 0 [Note] Shutting down plugin 'INNODB_METRICS'
2019-10-13T17:27:53.261512Z 0 [Note] Shutting down plugin 'INNODB_TEMP_TABLE_INFO'
2019-10-13T17:27:53.261516Z 0 [Note] Shutting down plugin 'INNODB_BUFFER_POOL_STATS'
2019-10-13T17:27:53.261520Z 0 [Note] Shutting down plugin 'INNODB_BUFFER_PAGE_LRU'
2019-10-13T17:27:53.261524Z 0 [Note] Shutting down plugin 'INNODB_BUFFER_PAGE'
2019-10-13T17:27:53.261529Z 0 [Note] Shutting down plugin 'INNODB_CMP_PER_INDEX_RESET'
2019-10-13T17:27:53.261533Z 0 [Note] Shutting down plugin 'INNODB_CMP_PER_INDEX'
2019-10-13T17:27:53.261658Z 0 [Note] Shutting down plugin 'INNODB_CMPMEM_RESET'
2019-10-13T17:27:53.261674Z 0 [Note] Shutting down plugin 'INNODB_CMPMEM'
2019-10-13T17:27:53.261721Z 0 [Note] Shutting down plugin 'INNODB_CMP_RESET'
2019-10-13T17:27:53.261728Z 0 [Note] Shutting down plugin 'INNODB_CMP'
2019-10-13T17:27:53.261732Z 0 [Note] Shutting down plugin 'INNODB_LOCK_WAITS'
2019-10-13T17:27:53.261736Z 0 [Note] Shutting down plugin 'INNODB_LOCKS'
2019-10-13T17:27:53.261741Z 0 [Note] Shutting down plugin 'INNODB_TRX'
2019-10-13T17:27:53.261745Z 0 [Note] Shutting down plugin 'InnoDB'
2019-10-13T17:27:53.261959Z 0 [Note] InnoDB: FTS optimize thread exiting.
2019-10-13T17:27:53.262271Z 0 [Note] InnoDB: Starting shutdown...
2019-10-13T17:27:53.369223Z 0 [Note] InnoDB: Dumping buffer pool(s) to /var/lib/mysql/ib_buffer_pool
2019-10-13T17:27:53.369610Z 0 [Note] InnoDB: Buffer pool(s) dump completed at 191013 17:27:53
2019-10-13T18:16:12.898962Z 0 [Warning] TIMESTAMP with implicit DEFAULT value is deprecated. Please use --explicit_defaults_for_timestamp server option (see documentation for more details).
2019-10-13T18:16:12.899461Z 0 [Note] /usr/sbin/mysqld (mysqld 5.7.23) starting as process 53 ...
2019-10-13T18:16:13.076388Z 0 [Note] InnoDB: PUNCH HOLE support available
2019-10-13T18:16:13.076432Z 0 [Note] InnoDB: Mutexes and rw_locks use GCC atomic builtins
2019-10-13T18:16:13.076441Z 0 [Note] InnoDB: Uses event mutexes
2019-10-13T18:16:13.076447Z 0 [Note] InnoDB: GCC builtin __atomic_thread_fence() is used for memory barrier
2019-10-13T18:16:13.076454Z 0 [Note] InnoDB: Compressed tables use zlib 1.2.3
2019-10-13T18:16:13.076460Z 0 [Note] InnoDB: Using Linux native AIO
2019-10-13T18:16:13.078644Z 0 [Note] InnoDB: Number of pools: 1
2019-10-13T18:16:13.078849Z 0 [Note] InnoDB: Using CPU crc32 instructions
2019-10-13T18:16:13.081518Z 0 [Note] InnoDB: Initializing buffer pool, total size = 32M, instances = 1, chunk size = 32M
2019-10-13T18:16:13.085285Z 0 [Note] InnoDB: Completed initialization of buffer pool
2019-10-13T18:16:13.086880Z 0 [Note] InnoDB: If the mysqld execution user is authorized, page cleaner thread priority can be changed. See the man page of setpriority().
2019-10-13T18:16:13.129271Z 0 [Note] InnoDB: Highest supported file format is Barracuda.
2019-10-13T18:16:13.151367Z 0 [Note] InnoDB: Log scan progressed past the checkpoint lsn 13178564
2019-10-13T18:16:13.151411Z 0 [Note] InnoDB: Doing recovery: scanned up to log sequence number 13178573
2019-10-13T18:16:13.151421Z 0 [Note] InnoDB: Database was not shutdown normally!
2019-10-13T18:16:13.151428Z 0 [Note] InnoDB: Starting crash recovery.
2019-10-13T18:16:13.363773Z 0 [Note] InnoDB: Removed temporary tablespace data file: "ibtmp1"
2019-10-13T18:16:13.363824Z 0 [Note] InnoDB: Creating shared tablespace for temporary tables
2019-10-13T18:16:13.363936Z 0 [Note] InnoDB: Setting file './ibtmp1' size to 12 MB. Physically writing the file full; Please wait ...
2019-10-13T18:16:13.440132Z 0 [Note] InnoDB: File './ibtmp1' size is now 12 MB.
2019-10-13T18:16:13.441349Z 0 [Note] InnoDB: 96 redo rollback segment(s) found. 96 redo rollback segment(s) are active.
2019-10-13T18:16:13.441370Z 0 [Note] InnoDB: 32 non-redo rollback segment(s) are active.
2019-10-13T18:16:13.442109Z 0 [Note] InnoDB: Waiting for purge to start
2019-10-13T18:16:13.503531Z 0 [Note] InnoDB: 5.7.23 started; log sequence number 13178573
2019-10-13T18:16:13.504205Z 0 [Note] Plugin 'FEDERATED' is disabled.
2019-10-13T18:16:13.505823Z 0 [Warning] Failed to set up SSL because of the following SSL library error: SSL context is not usable without certificate and private key
2019-10-13T18:16:13.505849Z 0 [Note] Server hostname (bind-address): '*'; port: 3306
2019-10-13T18:16:13.506316Z 0 [Note] IPv6 is available.
2019-10-13T18:16:13.506348Z 0 [Note]   - '::' resolves to '::';
2019-10-13T18:16:13.506363Z 0 [Note] Server socket created on IP: '::'.
2019-10-13T18:16:13.511529Z 0 [Note] InnoDB: Loading buffer pool(s) from /var/lib/mysql/ib_buffer_pool
2019-10-13T18:16:13.533514Z 0 [Warning] 'user' entry 'root@localhost' ignored in --skip-name-resolve mode.
2019-10-13T18:16:13.533585Z 0 [Warning] 'user' entry 'mysql.session@localhost' ignored in --skip-name-resolve mode.
2019-10-13T18:16:13.533679Z 0 [Warning] 'user' entry 'mysql.sys@localhost' ignored in --skip-name-resolve mode.
2019-10-13T18:16:13.533858Z 0 [Warning] 'db' entry 'performance_schema mysql.session@localhost' ignored in --skip-name-resolve mode.
2019-10-13T18:16:13.533868Z 0 [Warning] 'db' entry 'sys mysql.sys@localhost' ignored in --skip-name-resolve mode.
2019-10-13T18:16:13.533882Z 0 [Warning] 'proxies_priv' entry '@ root@localhost' ignored in --skip-name-resolve mode.
2019-10-13T18:16:13.560748Z 0 [Note] InnoDB: Buffer pool(s) load completed at 191013 18:16:13
2019-10-13T18:16:13.566195Z 0 [Warning] 'tables_priv' entry 'user mysql.session@localhost' ignored in --skip-name-resolve mode.
2019-10-13T18:16:13.566476Z 0 [Warning] 'tables_priv' entry 'sys_config mysql.sys@localhost' ignored in --skip-name-resolve mode.
2019-10-13T18:16:13.592904Z 0 [Note] Event Scheduler: Loaded 0 events
2019-10-13T18:16:13.604880Z 0 [Note] /usr/sbin/mysqld: ready for connections.
Version: '5.7.23'  socket: '/var/run/mysqld/mysqld.sock'  port: 3306  MySQL Community Server (GPL)
2019-10-13T21:15:17.319259Z 0 [Note] InnoDB: page_cleaner: 1000ms intended loop took 9107353ms. The settings might not be optimal. (flushed=0 and evicted=0, during the time.)
2019-10-14T16:01:26.900403Z 0 [Note] InnoDB: page_cleaner: 1000ms intended loop took 66139775ms. The settings might not be optimal. (flushed=0 and evicted=0, during the time.)
2019-10-14T16:25:22.245661Z 0 [Note] Giving 0 client threads a chance to die gracefully
2019-10-14T16:25:22.248395Z 0 [Note] Shutting down slave threads
2019-10-14T16:25:22.248421Z 0 [Note] Forcefully disconnecting 0 remaining clients
2019-10-14T16:25:22.248433Z 0 [Note] Event Scheduler: Purging the queue. 0 events
2019-10-14T16:25:22.248679Z 0 [Note] Binlog end
2019-10-14T16:25:22.251852Z 0 [Note] Shutting down plugin 'ngram'
2019-10-14T16:25:22.251881Z 0 [Note] Shutting down plugin 'partition'
2019-10-14T16:25:22.251886Z 0 [Note] Shutting down plugin 'BLACKHOLE'
2019-10-14T16:25:22.251890Z 0 [Note] Shutting down plugin 'ARCHIVE'
2019-10-14T16:25:22.251893Z 0 [Note] Shutting down plugin 'PERFORMANCE_SCHEMA'
2019-10-14T16:25:22.251915Z 0 [Note] Shutting down plugin 'MRG_MYISAM'
2019-10-14T16:25:22.251919Z 0 [Note] Shutting down plugin 'MyISAM'
2019-10-14T16:25:22.251931Z 0 [Note] Shutting down plugin 'INNODB_SYS_VIRTUAL'
2019-10-14T16:25:22.251935Z 0 [Note] Shutting down plugin 'INNODB_SYS_DATAFILES'
2019-10-14T16:25:22.251937Z 0 [Note] Shutting down plugin 'INNODB_SYS_TABLESPACES'
2019-10-14T16:25:22.251940Z 0 [Note] Shutting down plugin 'INNODB_SYS_FOREIGN_COLS'
2019-10-14T16:25:22.251943Z 0 [Note] Shutting down plugin 'INNODB_SYS_FOREIGN'
2019-10-14T16:25:22.251946Z 0 [Note] Shutting down plugin 'INNODB_SYS_FIELDS'
2019-10-14T16:25:22.251948Z 0 [Note] Shutting down plugin 'INNODB_SYS_COLUMNS'
2019-10-14T16:25:22.251951Z 0 [Note] Shutting down plugin 'INNODB_SYS_INDEXES'
2019-10-14T16:25:22.251954Z 0 [Note] Shutting down plugin 'INNODB_SYS_TABLESTATS'
2019-10-14T16:25:22.251957Z 0 [Note] Shutting down plugin 'INNODB_SYS_TABLES'
2019-10-14T16:25:22.251959Z 0 [Note] Shutting down plugin 'INNODB_FT_INDEX_TABLE'
2019-10-14T16:25:22.251962Z 0 [Note] Shutting down plugin 'INNODB_FT_INDEX_CACHE'
2019-10-14T16:25:22.251965Z 0 [Note] Shutting down plugin 'INNODB_FT_CONFIG'
2019-10-14T16:25:22.251968Z 0 [Note] Shutting down plugin 'INNODB_FT_BEING_DELETED'
2019-10-14T16:25:22.251970Z 0 [Note] Shutting down plugin 'INNODB_FT_DELETED'
2019-10-14T16:25:22.251973Z 0 [Note] Shutting down plugin 'INNODB_FT_DEFAULT_STOPWORD'
2019-10-14T16:25:22.251976Z 0 [Note] Shutting down plugin 'INNODB_METRICS'
2019-10-14T16:25:22.251979Z 0 [Note] Shutting down plugin 'INNODB_TEMP_TABLE_INFO'
2019-10-14T16:25:22.251982Z 0 [Note] Shutting down plugin 'INNODB_BUFFER_POOL_STATS'
2019-10-14T16:25:22.251984Z 0 [Note] Shutting down plugin 'INNODB_BUFFER_PAGE_LRU'
2019-10-14T16:25:22.251987Z 0 [Note] Shutting down plugin 'INNODB_BUFFER_PAGE'
2019-10-14T16:25:22.251990Z 0 [Note] Shutting down plugin 'INNODB_CMP_PER_INDEX_RESET'
2019-10-14T16:25:22.251992Z 0 [Note] Shutting down plugin 'INNODB_CMP_PER_INDEX'
2019-10-14T16:25:22.251995Z 0 [Note] Shutting down plugin 'INNODB_CMPMEM_RESET'
2019-10-14T16:25:22.251997Z 0 [Note] Shutting down plugin 'INNODB_CMPMEM'
2019-10-14T16:25:22.252000Z 0 [Note] Shutting down plugin 'INNODB_CMP_RESET'
2019-10-14T16:25:22.252003Z 0 [Note] Shutting down plugin 'INNODB_CMP'
2019-10-14T16:25:22.252005Z 0 [Note] Shutting down plugin 'INNODB_LOCK_WAITS'
2019-10-14T16:25:22.252008Z 0 [Note] Shutting down plugin 'INNODB_LOCKS'
2019-10-14T16:25:22.252011Z 0 [Note] Shutting down plugin 'INNODB_TRX'
2019-10-14T16:25:22.252014Z 0 [Note] Shutting down plugin 'InnoDB'
2019-10-14T16:25:22.252094Z 0 [Note] InnoDB: FTS optimize thread exiting.
2019-10-14T16:25:22.252639Z 0 [Note] InnoDB: Starting shutdown...
2019-10-14T16:25:22.355332Z 0 [Note] InnoDB: Dumping buffer pool(s) to /var/lib/mysql/ib_buffer_pool
2019-10-14T16:25:22.355752Z 0 [Note] InnoDB: Buffer pool(s) dump completed at 191014 16:25:22
2019-10-14T16:25:24.075369Z 0 [Note] InnoDB: Shutdown completed; log sequence number 14249430
2019-10-14T16:25:24.080937Z 0 [Note] InnoDB: Removed temporary tablespace data file: "ibtmp1"
2019-10-14T16:25:24.080982Z 0 [Note] Shutting down plugin 'MEMORY'
2019-10-14T16:25:24.080991Z 0 [Note] Shutting down plugin 'CSV'
2019-10-14T16:25:24.080999Z 0 [Note] Shutting down plugin 'sha256_password'
2019-10-14T16:25:24.081004Z 0 [Note] Shutting down plugin 'mysql_native_password'
2019-10-14T16:25:24.081332Z 0 [Note] Shutting down plugin 'binlog'
2019-10-14T16:25:24.082113Z 0 [Note] /usr/sbin/mysqld: Shutdown complete

2019-10-14T20:36:01.335691Z 0 [Warning] TIMESTAMP with implicit DEFAULT value is deprecated. Please use --explicit_defaults_for_timestamp server option (see documentation for more details).
2019-10-14T20:36:01.341945Z 0 [Note] /usr/sbin/mysqld (mysqld 5.7.23) starting as process 77 ...
2019-10-14T20:36:01.395319Z 0 [Note] InnoDB: PUNCH HOLE support available
2019-10-14T20:36:01.395364Z 0 [Note] InnoDB: Mutexes and rw_locks use GCC atomic builtins
2019-10-14T20:36:01.395370Z 0 [Note] InnoDB: Uses event mutexes
2019-10-14T20:36:01.395374Z 0 [Note] InnoDB: GCC builtin __atomic_thread_fence() is used for memory barrier
2019-10-14T20:36:01.395378Z 0 [Note] InnoDB: Compressed tables use zlib 1.2.3
2019-10-14T20:36:01.395382Z 0 [Note] InnoDB: Using Linux native AIO
2019-10-14T20:36:01.405696Z 0 [Note] InnoDB: Number of pools: 1
2019-10-14T20:36:01.411180Z 0 [Note] InnoDB: Using CPU crc32 instructions
2019-10-14T20:36:01.416962Z 0 [Note] InnoDB: Initializing buffer pool, total size = 32M, instances = 1, chunk size = 32M
2019-10-14T20:36:01.429091Z 0 [Note] InnoDB: Completed initialization of buffer pool
2019-10-14T20:36:01.431473Z 0 [Note] InnoDB: If the mysqld execution user is authorized, page cleaner thread priority can be changed. See the man page of setpriority().
2019-10-14T20:36:01.459972Z 0 [Note] InnoDB: Highest supported file format is Barracuda.
2019-10-14T20:36:01.570242Z 0 [Note] InnoDB: Creating shared tablespace for temporary tables
2019-10-14T20:36:01.570346Z 0 [Note] InnoDB: Setting file './ibtmp1' size to 12 MB. Physically writing the file full; Please wait ...
2019-10-14T20:36:01.622752Z 0 [Note] InnoDB: File './ibtmp1' size is now 12 MB.
2019-10-14T20:36:01.623353Z 0 [Note] InnoDB: 96 redo rollback segment(s) found. 96 redo rollback segment(s) are active.
2019-10-14T20:36:01.623363Z 0 [Note] InnoDB: 32 non-redo rollback segment(s) are active.
2019-10-14T20:36:01.623848Z 0 [Note] InnoDB: Waiting for purge to start
2019-10-14T20:36:01.674814Z 0 [Note] InnoDB: 5.7.23 started; log sequence number 14249430
2019-10-14T20:36:01.676368Z 0 [Note] Plugin 'FEDERATED' is disabled.
2019-10-14T20:36:01.678491Z 0 [Note] InnoDB: Loading buffer pool(s) from /var/lib/mysql/ib_buffer_pool
2019-10-14T20:36:01.709468Z 0 [Warning] Failed to set up SSL because of the following SSL library error: SSL context is not usable without certificate and private key
2019-10-14T20:36:01.709503Z 0 [Note] Server hostname (bind-address): '*'; port: 3306
2019-10-14T20:36:01.711715Z 0 [Note] IPv6 is available.
2019-10-14T20:36:01.712902Z 0 [Note]   - '::' resolves to '::';
2019-10-14T20:36:01.712949Z 0 [Note] Server socket created on IP: '::'.
2019-10-14T20:36:01.758050Z 0 [Warning] 'user' entry 'root@localhost' ignored in --skip-name-resolve mode.
2019-10-14T20:36:01.758098Z 0 [Warning] 'user' entry 'mysql.session@localhost' ignored in --skip-name-resolve mode.
2019-10-14T20:36:01.758108Z 0 [Warning] 'user' entry 'mysql.sys@localhost' ignored in --skip-name-resolve mode.
2019-10-14T20:36:01.759884Z 0 [Warning] 'db' entry 'performance_schema mysql.session@localhost' ignored in --skip-name-resolve mode.
2019-10-14T20:36:01.759901Z 0 [Warning] 'db' entry 'sys mysql.sys@localhost' ignored in --skip-name-resolve mode.
2019-10-14T20:36:01.760839Z 0 [Warning] 'proxies_priv' entry '@ root@localhost' ignored in --skip-name-resolve mode.
2019-10-14T20:36:01.793889Z 0 [Note] InnoDB: Buffer pool(s) load completed at 191014 20:36:01
2019-10-14T20:36:01.804204Z 0 [Warning] 'tables_priv' entry 'user mysql.session@localhost' ignored in --skip-name-resolve mode.
2019-10-14T20:36:01.804255Z 0 [Warning] 'tables_priv' entry 'sys_config mysql.sys@localhost' ignored in --skip-name-resolve mode.
2019-10-14T20:36:01.907928Z 0 [Note] Event Scheduler: Loaded 0 events
2019-10-14T20:36:01.919386Z 0 [Note] /usr/sbin/mysqld: ready for connections.
Version: '5.7.23'  socket: '/var/run/mysqld/mysqld.sock'  port: 3306  MySQL Community Server (GPL)
2019-10-15T04:36:23.698585Z 0 [Note] InnoDB: page_cleaner: 1000ms intended loop took 22199938ms. The settings might not be optimal. (flushed=0 and evicted=0, during the time.)
2019-10-15T05:20:18.221800Z 0 [Note] InnoDB: page_cleaner: 1000ms intended loop took 1189132ms. The settings might not be optimal. (flushed=0 and evicted=0, during the time.)
2019-10-15T16:06:42.841483Z 0 [Note] InnoDB: page_cleaner: 1000ms intended loop took 35590526ms. The settings might not be optimal. (flushed=0 and evicted=0, during the time.)
2019-10-15T17:57:21.102141Z 0 [Note] Giving 0 client threads a chance to die gracefully
2019-10-15T17:57:21.103875Z 0 [Note] Shutting down slave threads
2019-10-15T17:57:21.104150Z 0 [Note] Forcefully disconnecting 0 remaining clients
2019-10-15T17:57:21.104176Z 0 [Note] Event Scheduler: Purging the queue. 0 events
2019-10-15T17:57:21.104456Z 0 [Note] Binlog end
2019-10-15T17:57:21.111975Z 0 [Note] Shutting down plugin 'ngram'
2019-10-15T17:57:21.112009Z 0 [Note] Shutting down plugin 'partition'
2019-10-15T17:57:21.112016Z 0 [Note] Shutting down plugin 'BLACKHOLE'
2019-10-15T17:57:21.112021Z 0 [Note] Shutting down plugin 'ARCHIVE'
2019-10-15T17:57:21.112025Z 0 [Note] Shutting down plugin 'PERFORMANCE_SCHEMA'
2019-10-15T17:57:21.112639Z 0 [Note] Shutting down plugin 'MRG_MYISAM'
2019-10-15T17:57:21.112669Z 0 [Note] Shutting down plugin 'MyISAM'
2019-10-15T17:57:21.112685Z 0 [Note] Shutting down plugin 'INNODB_SYS_VIRTUAL'
2019-10-15T17:57:21.112691Z 0 [Note] Shutting down plugin 'INNODB_SYS_DATAFILES'
2019-10-15T17:57:21.112695Z 0 [Note] Shutting down plugin 'INNODB_SYS_TABLESPACES'
2019-10-15T17:57:21.112803Z 0 [Note] Shutting down plugin 'INNODB_SYS_FOREIGN_COLS'
2019-10-15T17:57:21.112812Z 0 [Note] Shutting down plugin 'INNODB_SYS_FOREIGN'
2019-10-15T17:57:21.112817Z 0 [Note] Shutting down plugin 'INNODB_SYS_FIELDS'
2019-10-15T17:57:21.112821Z 0 [Note] Shutting down plugin 'INNODB_SYS_COLUMNS'
2019-10-15T17:57:21.112825Z 0 [Note] Shutting down plugin 'INNODB_SYS_INDEXES'
2019-10-15T17:57:21.112829Z 0 [Note] Shutting down plugin 'INNODB_SYS_TABLESTATS'
2019-10-15T17:57:21.112833Z 0 [Note] Shutting down plugin 'INNODB_SYS_TABLES'
2019-10-15T17:57:21.112837Z 0 [Note] Shutting down plugin 'INNODB_FT_INDEX_TABLE'
2019-10-15T17:57:21.112842Z 0 [Note] Shutting down plugin 'INNODB_FT_INDEX_CACHE'
2019-10-15T17:57:21.112846Z 0 [Note] Shutting down plugin 'INNODB_FT_CONFIG'
2019-10-15T17:57:21.112850Z 0 [Note] Shutting down plugin 'INNODB_FT_BEING_DELETED'
2019-10-15T17:57:21.112854Z 0 [Note] Shutting down plugin 'INNODB_FT_DELETED'
2019-10-15T17:57:21.112858Z 0 [Note] Shutting down plugin 'INNODB_FT_DEFAULT_STOPWORD'
2019-10-15T17:57:21.112863Z 0 [Note] Shutting down plugin 'INNODB_METRICS'
2019-10-15T17:57:21.112947Z 0 [Note] Shutting down plugin 'INNODB_TEMP_TABLE_INFO'
2019-10-15T17:57:21.112957Z 0 [Note] Shutting down plugin 'INNODB_BUFFER_POOL_STATS'
2019-10-15T17:57:21.112961Z 0 [Note] Shutting down plugin 'INNODB_BUFFER_PAGE_LRU'
2019-10-15T17:57:21.112965Z 0 [Note] Shutting down plugin 'INNODB_BUFFER_PAGE'
2019-10-15T17:57:21.112969Z 0 [Note] Shutting down plugin 'INNODB_CMP_PER_INDEX_RESET'
2019-10-15T17:57:21.112973Z 0 [Note] Shutting down plugin 'INNODB_CMP_PER_INDEX'
2019-10-15T17:57:21.112977Z 0 [Note] Shutting down plugin 'INNODB_CMPMEM_RESET'
2019-10-15T17:57:21.113114Z 0 [Note] Shutting down plugin 'INNODB_CMPMEM'
2019-10-15T17:57:21.113123Z 0 [Note] Shutting down plugin 'INNODB_CMP_RESET'
2019-10-15T17:57:21.113128Z 0 [Note] Shutting down plugin 'INNODB_CMP'
2019-10-15T17:57:21.113132Z 0 [Note] Shutting down plugin 'INNODB_LOCK_WAITS'
2019-10-15T17:57:21.113137Z 0 [Note] Shutting down plugin 'INNODB_LOCKS'
2019-10-15T17:57:21.113141Z 0 [Note] Shutting down plugin 'INNODB_TRX'
2019-10-15T17:57:21.113145Z 0 [Note] Shutting down plugin 'InnoDB'
2019-10-15T17:57:21.113344Z 0 [Note] InnoDB: FTS optimize thread exiting.
2019-10-15T17:57:21.114070Z 0 [Note] InnoDB: Starting shutdown...
2019-10-15T17:57:21.223739Z 0 [Note] InnoDB: Dumping buffer pool(s) to /var/lib/mysql/ib_buffer_pool
2019-10-15T17:57:21.322718Z 0 [Note] InnoDB: Buffer pool(s) dump completed at 191015 17:57:21
2019-10-15T17:57:22.269712Z 0 [Note] InnoDB: Shutdown completed; log sequence number 15417479
2019-10-15T17:57:22.277918Z 0 [Note] InnoDB: Removed temporary tablespace data file: "ibtmp1"
2019-10-15T17:57:22.278289Z 0 [Note] Shutting down plugin 'MEMORY'
2019-10-15T17:57:22.278314Z 0 [Note] Shutting down plugin 'CSV'
2019-10-15T17:57:22.278323Z 0 [Note] Shutting down plugin 'sha256_password'
2019-10-15T17:57:22.278328Z 0 [Note] Shutting down plugin 'mysql_native_password'
2019-10-15T17:57:22.278847Z 0 [Note] Shutting down plugin 'binlog'
2019-10-15T17:57:22.281775Z 0 [Note] /usr/sbin/mysqld: Shutdown complete

2019-10-17T20:00:14.656314Z 0 [Warning] TIMESTAMP with implicit DEFAULT value is deprecated. Please use --explicit_defaults_for_timestamp server option (see documentation for more details).
2019-10-17T20:00:14.669829Z 0 [Note] /usr/sbin/mysqld (mysqld 5.7.23) starting as process 95 ...
2019-10-17T20:00:14.741067Z 0 [Note] InnoDB: PUNCH HOLE support available
2019-10-17T20:00:14.741123Z 0 [Note] InnoDB: Mutexes and rw_locks use GCC atomic builtins
2019-10-17T20:00:14.741129Z 0 [Note] InnoDB: Uses event mutexes
2019-10-17T20:00:14.741133Z 0 [Note] InnoDB: GCC builtin __atomic_thread_fence() is used for memory barrier
2019-10-17T20:00:14.741137Z 0 [Note] InnoDB: Compressed tables use zlib 1.2.3
2019-10-17T20:00:14.741141Z 0 [Note] InnoDB: Using Linux native AIO
2019-10-17T20:00:14.744336Z 0 [Note] InnoDB: Number of pools: 1
2019-10-17T20:00:14.750058Z 0 [Note] InnoDB: Using CPU crc32 instructions
2019-10-17T20:00:14.753887Z 0 [Note] InnoDB: Initializing buffer pool, total size = 32M, instances = 1, chunk size = 32M
2019-10-17T20:00:14.759390Z 0 [Note] InnoDB: Completed initialization of buffer pool
2019-10-17T20:00:14.768539Z 0 [Note] InnoDB: If the mysqld execution user is authorized, page cleaner thread priority can be changed. See the man page of setpriority().
2019-10-17T20:00:14.798184Z 0 [Note] InnoDB: Highest supported file format is Barracuda.
2019-10-17T20:00:14.915292Z 0 [Note] InnoDB: Creating shared tablespace for temporary tables
2019-10-17T20:00:14.915502Z 0 [Note] InnoDB: Setting file './ibtmp1' size to 12 MB. Physically writing the file full; Please wait ...
2019-10-17T20:00:14.967775Z 0 [Note] InnoDB: File './ibtmp1' size is now 12 MB.
2019-10-17T20:00:14.968526Z 0 [Note] InnoDB: 96 redo rollback segment(s) found. 96 redo rollback segment(s) are active.
2019-10-17T20:00:14.968540Z 0 [Note] InnoDB: 32 non-redo rollback segment(s) are active.
2019-10-17T20:00:14.969102Z 0 [Note] InnoDB: Waiting for purge to start
2019-10-17T20:00:15.019275Z 0 [Note] InnoDB: 5.7.23 started; log sequence number 15417479
2019-10-17T20:00:15.020898Z 0 [Note] Plugin 'FEDERATED' is disabled.
2019-10-17T20:00:15.025259Z 0 [Note] InnoDB: Loading buffer pool(s) from /var/lib/mysql/ib_buffer_pool
2019-10-17T20:00:15.052246Z 0 [Warning] Failed to set up SSL because of the following SSL library error: SSL context is not usable without certificate and private key
2019-10-17T20:00:15.052282Z 0 [Note] Server hostname (bind-address): '*'; port: 3306
2019-10-17T20:00:15.053290Z 0 [Note] IPv6 is available.
2019-10-17T20:00:15.054644Z 0 [Note]   - '::' resolves to '::';
2019-10-17T20:00:15.054683Z 0 [Note] Server socket created on IP: '::'.
2019-10-17T20:00:15.076677Z 0 [Warning] 'user' entry 'root@localhost' ignored in --skip-name-resolve mode.
2019-10-17T20:00:15.076739Z 0 [Warning] 'user' entry 'mysql.session@localhost' ignored in --skip-name-resolve mode.
2019-10-17T20:00:15.076797Z 0 [Warning] 'user' entry 'mysql.sys@localhost' ignored in --skip-name-resolve mode.
2019-10-17T20:00:15.077607Z 0 [Warning] 'db' entry 'performance_schema mysql.session@localhost' ignored in --skip-name-resolve mode.
2019-10-17T20:00:15.077625Z 0 [Warning] 'db' entry 'sys mysql.sys@localhost' ignored in --skip-name-resolve mode.
2019-10-17T20:00:15.078617Z 0 [Warning] 'proxies_priv' entry '@ root@localhost' ignored in --skip-name-resolve mode.
2019-10-17T20:00:15.110054Z 0 [Warning] 'tables_priv' entry 'user mysql.session@localhost' ignored in --skip-name-resolve mode.
2019-10-17T20:00:15.110086Z 0 [Warning] 'tables_priv' entry 'sys_config mysql.sys@localhost' ignored in --skip-name-resolve mode.
2019-10-17T20:00:15.150313Z 0 [Note] InnoDB: Buffer pool(s) load completed at 191017 20:00:15
2019-10-17T20:00:15.207392Z 0 [Note] Event Scheduler: Loaded 0 events
2019-10-17T20:00:15.219756Z 0 [Note] /usr/sbin/mysqld: ready for connections.
Version: '5.7.23'  socket: '/var/run/mysqld/mysqld.sock'  port: 3306  MySQL Community Server (GPL)
2019-10-17T20:07:06.070457Z 0 [Note] Giving 3 client threads a chance to die gracefully
2019-10-17T20:07:06.072932Z 0 [Note] Shutting down slave threads
2019-10-17T20:07:08.074009Z 0 [Note] Forcefully disconnecting 0 remaining clients
2019-10-17T20:07:08.074067Z 0 [Note] Event Scheduler: Purging the queue. 0 events
2019-10-17T20:07:08.074198Z 0 [Note] Binlog end
2019-10-17T20:07:08.076547Z 0 [Note] Shutting down plugin 'ngram'
2019-10-17T20:07:08.076572Z 0 [Note] Shutting down plugin 'partition'
2019-10-17T20:07:08.076579Z 0 [Note] Shutting down plugin 'BLACKHOLE'
2019-10-17T20:07:08.076585Z 0 [Note] Shutting down plugin 'ARCHIVE'
2019-10-17T20:07:08.076590Z 0 [Note] Shutting down plugin 'PERFORMANCE_SCHEMA'
2019-10-17T20:07:08.076622Z 0 [Note] Shutting down plugin 'MRG_MYISAM'
2019-10-17T20:07:08.076628Z 0 [Note] Shutting down plugin 'MyISAM'
2019-10-17T20:07:08.076642Z 0 [Note] Shutting down plugin 'INNODB_SYS_VIRTUAL'
2019-10-17T20:07:08.076649Z 0 [Note] Shutting down plugin 'INNODB_SYS_DATAFILES'
2019-10-17T20:07:08.076653Z 0 [Note] Shutting down plugin 'INNODB_SYS_TABLESPACES'
2019-10-17T20:07:08.076658Z 0 [Note] Shutting down plugin 'INNODB_SYS_FOREIGN_COLS'
2019-10-17T20:07:08.076662Z 0 [Note] Shutting down plugin 'INNODB_SYS_FOREIGN'
2019-10-17T20:07:08.076667Z 0 [Note] Shutting down plugin 'INNODB_SYS_FIELDS'
2019-10-17T20:07:08.076671Z 0 [Note] Shutting down plugin 'INNODB_SYS_COLUMNS'
2019-10-17T20:07:08.076676Z 0 [Note] Shutting down plugin 'INNODB_SYS_INDEXES'
2019-10-17T20:07:08.076680Z 0 [Note] Shutting down plugin 'INNODB_SYS_TABLESTATS'
2019-10-17T20:07:08.076685Z 0 [Note] Shutting down plugin 'INNODB_SYS_TABLES'
2019-10-17T20:07:08.076689Z 0 [Note] Shutting down plugin 'INNODB_FT_INDEX_TABLE'
2019-10-17T20:07:08.076694Z 0 [Note] Shutting down plugin 'INNODB_FT_INDEX_CACHE'
2019-10-17T20:07:08.076698Z 0 [Note] Shutting down plugin 'INNODB_FT_CONFIG'
2019-10-17T20:07:08.076703Z 0 [Note] Shutting down plugin 'INNODB_FT_BEING_DELETED'
2019-10-17T20:07:08.076707Z 0 [Note] Shutting down plugin 'INNODB_FT_DELETED'
2019-10-17T20:07:08.076712Z 0 [Note] Shutting down plugin 'INNODB_FT_DEFAULT_STOPWORD'
2019-10-17T20:07:08.076717Z 0 [Note] Shutting down plugin 'INNODB_METRICS'
2019-10-17T20:07:08.076721Z 0 [Note] Shutting down plugin 'INNODB_TEMP_TABLE_INFO'
2019-10-17T20:07:08.076726Z 0 [Note] Shutting down plugin 'INNODB_BUFFER_POOL_STATS'
2019-10-17T20:07:08.076730Z 0 [Note] Shutting down plugin 'INNODB_BUFFER_PAGE_LRU'
2019-10-17T20:07:08.076735Z 0 [Note] Shutting down plugin 'INNODB_BUFFER_PAGE'
2019-10-17T20:07:08.076739Z 0 [Note] Shutting down plugin 'INNODB_CMP_PER_INDEX_RESET'
2019-10-17T20:07:08.076744Z 0 [Note] Shutting down plugin 'INNODB_CMP_PER_INDEX'
2019-10-17T20:07:08.076760Z 0 [Note] Shutting down plugin 'INNODB_CMPMEM_RESET'
2019-10-17T20:07:08.076765Z 0 [Note] Shutting down plugin 'INNODB_CMPMEM'
2019-10-17T20:07:08.076770Z 0 [Note] Shutting down plugin 'INNODB_CMP_RESET'
2019-10-17T20:07:08.076774Z 0 [Note] Shutting down plugin 'INNODB_CMP'
2019-10-17T20:07:08.076779Z 0 [Note] Shutting down plugin 'INNODB_LOCK_WAITS'
2019-10-17T20:07:08.076784Z 0 [Note] Shutting down plugin 'INNODB_LOCKS'
2019-10-17T20:07:08.076788Z 0 [Note] Shutting down plugin 'INNODB_TRX'
2019-10-17T20:07:08.076793Z 0 [Note] Shutting down plugin 'InnoDB'
2019-10-17T20:07:08.076974Z 0 [Note] InnoDB: FTS optimize thread exiting.
2019-10-17T20:07:08.077231Z 0 [Note] InnoDB: Starting shutdown...
2019-10-17T20:07:08.178489Z 0 [Note] InnoDB: Dumping buffer pool(s) to /var/lib/mysql/ib_buffer_pool
2019-10-17T20:07:08.178916Z 0 [Note] InnoDB: Buffer pool(s) dump completed at 191017 20:07:08
2019-10-17T22:03:11.808366Z 0 [Warning] TIMESTAMP with implicit DEFAULT value is deprecated. Please use --explicit_defaults_for_timestamp server option (see documentation for more details).
2019-10-17T22:03:11.956927Z 0 [Note] /usr/sbin/mysqld (mysqld 5.7.23) starting as process 79 ...
2019-10-17T22:03:12.004441Z 0 [Note] InnoDB: PUNCH HOLE support available
2019-10-17T22:03:12.004491Z 0 [Note] InnoDB: Mutexes and rw_locks use GCC atomic builtins
2019-10-17T22:03:12.004503Z 0 [Note] InnoDB: Uses event mutexes
2019-10-17T22:03:12.004510Z 0 [Note] InnoDB: GCC builtin __atomic_thread_fence() is used for memory barrier
2019-10-17T22:03:12.004517Z 0 [Note] InnoDB: Compressed tables use zlib 1.2.3
2019-10-17T22:03:12.004524Z 0 [Note] InnoDB: Using Linux native AIO
2019-10-17T22:03:12.004932Z 0 [Note] InnoDB: Number of pools: 1
2019-10-17T22:03:12.005103Z 0 [Note] InnoDB: Using CPU crc32 instructions
2019-10-17T22:03:12.084024Z 0 [Note] InnoDB: Initializing buffer pool, total size = 32M, instances = 1, chunk size = 32M
2019-10-17T22:03:12.137477Z 0 [Note] InnoDB: Completed initialization of buffer pool
2019-10-17T22:03:12.151989Z 0 [Note] InnoDB: If the mysqld execution user is authorized, page cleaner thread priority can be changed. See the man page of setpriority().
2019-10-17T22:03:12.221937Z 0 [Note] InnoDB: Highest supported file format is Barracuda.
2019-10-17T22:03:12.223551Z 0 [Note] InnoDB: Log scan progressed past the checkpoint lsn 15564135
2019-10-17T22:03:12.223601Z 0 [Note] InnoDB: Doing recovery: scanned up to log sequence number 15564144
2019-10-17T22:03:12.223613Z 0 [Note] InnoDB: Database was not shutdown normally!
2019-10-17T22:03:12.223621Z 0 [Note] InnoDB: Starting crash recovery.
2019-10-17T22:03:13.024701Z 0 [Note] InnoDB: Removed temporary tablespace data file: "ibtmp1"
2019-10-17T22:03:13.024751Z 0 [Note] InnoDB: Creating shared tablespace for temporary tables
2019-10-17T22:03:13.024846Z 0 [Note] InnoDB: Setting file './ibtmp1' size to 12 MB. Physically writing the file full; Please wait ...
2019-10-17T22:03:13.192114Z 0 [Note] InnoDB: File './ibtmp1' size is now 12 MB.
2019-10-17T22:03:13.194363Z 0 [Note] InnoDB: 96 redo rollback segment(s) found. 96 redo rollback segment(s) are active.
2019-10-17T22:03:13.194405Z 0 [Note] InnoDB: 32 non-redo rollback segment(s) are active.
2019-10-17T22:03:13.195894Z 0 [Note] InnoDB: Waiting for purge to start
2019-10-17T22:03:13.256338Z 0 [Note] InnoDB: 5.7.23 started; log sequence number 15564144
2019-10-17T22:03:13.257195Z 0 [Note] Plugin 'FEDERATED' is disabled.
2019-10-17T22:03:13.260147Z 0 [Warning] Failed to set up SSL because of the following SSL library error: SSL context is not usable without certificate and private key
2019-10-17T22:03:13.260254Z 0 [Note] Server hostname (bind-address): '*'; port: 3306
2019-10-17T22:03:13.260314Z 0 [Note] IPv6 is available.
2019-10-17T22:03:13.260329Z 0 [Note]   - '::' resolves to '::';
2019-10-17T22:03:13.260340Z 0 [Note] Server socket created on IP: '::'.
2019-10-17T22:03:13.273617Z 0 [Note] InnoDB: Loading buffer pool(s) from /var/lib/mysql/ib_buffer_pool
2019-10-17T22:03:13.388947Z 0 [Warning] 'user' entry 'root@localhost' ignored in --skip-name-resolve mode.
2019-10-17T22:03:13.389034Z 0 [Warning] 'user' entry 'mysql.session@localhost' ignored in --skip-name-resolve mode.
2019-10-17T22:03:13.389054Z 0 [Warning] 'user' entry 'mysql.sys@localhost' ignored in --skip-name-resolve mode.
2019-10-17T22:03:13.389101Z 0 [Warning] 'db' entry 'performance_schema mysql.session@localhost' ignored in --skip-name-resolve mode.
2019-10-17T22:03:13.389110Z 0 [Warning] 'db' entry 'sys mysql.sys@localhost' ignored in --skip-name-resolve mode.
2019-10-17T22:03:13.389129Z 0 [Warning] 'proxies_priv' entry '@ root@localhost' ignored in --skip-name-resolve mode.
2019-10-17T22:03:13.394241Z 0 [Warning] 'tables_priv' entry 'user mysql.session@localhost' ignored in --skip-name-resolve mode.
2019-10-17T22:03:13.394267Z 0 [Warning] 'tables_priv' entry 'sys_config mysql.sys@localhost' ignored in --skip-name-resolve mode.
2019-10-17T22:03:13.554510Z 0 [Note] Event Scheduler: Loaded 0 events
2019-10-17T22:03:13.555525Z 0 [Note] InnoDB: Buffer pool(s) load completed at 191017 22:03:13
2019-10-17T22:03:13.555846Z 0 [Note] /usr/sbin/mysqld: ready for connections.
Version: '5.7.23'  socket: '/var/run/mysqld/mysqld.sock'  port: 3306  MySQL Community Server (GPL)
2019-10-17T22:33:28.076933Z 0 [Note] InnoDB: page_cleaner: 1000ms intended loop took 1461836ms. The settings might not be optimal. (flushed=0 and evicted=0, during the time.)
2019-10-18T06:24:12.405853Z 0 [Note] InnoDB: page_cleaner: 1000ms intended loop took 28184894ms. The settings might not be optimal. (flushed=0 and evicted=0, during the time.)
2019-10-18T06:30:52.020383Z 0 [Note] Giving 2 client threads a chance to die gracefully
2019-10-18T06:30:52.024767Z 0 [Note] Shutting down slave threads
2019-10-18T06:30:54.353275Z 0 [Note] Forcefully disconnecting 0 remaining clients
2019-10-18T06:30:54.353521Z 0 [Note] Event Scheduler: Purging the queue. 0 events
2019-10-18T06:30:54.354388Z 0 [Note] Binlog end
2019-10-18T06:30:54.498355Z 0 [Note] Shutting down plugin 'ngram'
2019-10-18T06:30:54.498396Z 0 [Note] Shutting down plugin 'partition'
2019-10-18T06:30:54.498405Z 0 [Note] Shutting down plugin 'BLACKHOLE'
2019-10-18T06:30:54.498412Z 0 [Note] Shutting down plugin 'ARCHIVE'
2019-10-18T06:30:54.498417Z 0 [Note] Shutting down plugin 'PERFORMANCE_SCHEMA'
2019-10-18T06:30:54.498451Z 0 [Note] Shutting down plugin 'MRG_MYISAM'
2019-10-18T06:30:54.498459Z 0 [Note] Shutting down plugin 'MyISAM'
2019-10-18T06:30:54.498476Z 0 [Note] Shutting down plugin 'INNODB_SYS_VIRTUAL'
2019-10-18T06:30:54.498483Z 0 [Note] Shutting down plugin 'INNODB_SYS_DATAFILES'
2019-10-18T06:30:54.498487Z 0 [Note] Shutting down plugin 'INNODB_SYS_TABLESPACES'
2019-10-18T06:30:54.498492Z 0 [Note] Shutting down plugin 'INNODB_SYS_FOREIGN_COLS'
2019-10-18T06:30:54.498497Z 0 [Note] Shutting down plugin 'INNODB_SYS_FOREIGN'
2019-10-18T06:30:54.498502Z 0 [Note] Shutting down plugin 'INNODB_SYS_FIELDS'
2019-10-18T06:30:54.498506Z 0 [Note] Shutting down plugin 'INNODB_SYS_COLUMNS'
2019-10-18T06:30:54.498511Z 0 [Note] Shutting down plugin 'INNODB_SYS_INDEXES'
2019-10-18T06:30:54.498515Z 0 [Note] Shutting down plugin 'INNODB_SYS_TABLESTATS'
2019-10-18T06:30:54.498520Z 0 [Note] Shutting down plugin 'INNODB_SYS_TABLES'
2019-10-18T06:30:54.498525Z 0 [Note] Shutting down plugin 'INNODB_FT_INDEX_TABLE'
2019-10-18T06:30:54.498529Z 0 [Note] Shutting down plugin 'INNODB_FT_INDEX_CACHE'
2019-10-18T06:30:54.498534Z 0 [Note] Shutting down plugin 'INNODB_FT_CONFIG'
2019-10-18T06:30:54.498539Z 0 [Note] Shutting down plugin 'INNODB_FT_BEING_DELETED'
2019-10-18T06:30:54.498543Z 0 [Note] Shutting down plugin 'INNODB_FT_DELETED'
2019-10-18T06:30:54.498548Z 0 [Note] Shutting down plugin 'INNODB_FT_DEFAULT_STOPWORD'
2019-10-18T06:30:54.498552Z 0 [Note] Shutting down plugin 'INNODB_METRICS'
2019-10-18T06:30:54.498556Z 0 [Note] Shutting down plugin 'INNODB_TEMP_TABLE_INFO'
2019-10-18T06:30:54.498561Z 0 [Note] Shutting down plugin 'INNODB_BUFFER_POOL_STATS'
2019-10-18T06:30:54.498566Z 0 [Note] Shutting down plugin 'INNODB_BUFFER_PAGE_LRU'
2019-10-18T06:30:54.498570Z 0 [Note] Shutting down plugin 'INNODB_BUFFER_PAGE'
2019-10-18T06:30:54.498587Z 0 [Note] Shutting down plugin 'INNODB_CMP_PER_INDEX_RESET'
2019-10-18T06:30:54.498592Z 0 [Note] Shutting down plugin 'INNODB_CMP_PER_INDEX'
2019-10-18T06:30:54.498596Z 0 [Note] Shutting down plugin 'INNODB_CMPMEM_RESET'
2019-10-18T06:30:54.498601Z 0 [Note] Shutting down plugin 'INNODB_CMPMEM'
2019-10-18T06:30:54.498605Z 0 [Note] Shutting down plugin 'INNODB_CMP_RESET'
2019-10-18T06:30:54.498609Z 0 [Note] Shutting down plugin 'INNODB_CMP'
2019-10-18T06:30:54.498614Z 0 [Note] Shutting down plugin 'INNODB_LOCK_WAITS'
2019-10-18T06:30:54.498618Z 0 [Note] Shutting down plugin 'INNODB_LOCKS'
2019-10-18T06:30:54.498623Z 0 [Note] Shutting down plugin 'INNODB_TRX'
2019-10-18T06:30:54.498627Z 0 [Note] Shutting down plugin 'InnoDB'
2019-10-18T06:30:54.562396Z 0 [Note] InnoDB: FTS optimize thread exiting.
2019-10-18T06:30:54.562758Z 0 [Note] InnoDB: Starting shutdown...
2019-10-18T06:30:54.673948Z 0 [Note] InnoDB: Dumping buffer pool(s) to /var/lib/mysql/ib_buffer_pool
2019-10-18T06:30:54.675033Z 0 [Note] InnoDB: Buffer pool(s) dump completed at 191018  6:30:54
2019-10-18T06:30:56.316106Z 0 [Note] InnoDB: Shutdown completed; log sequence number 15677018
2019-10-18T06:30:56.360987Z 0 [Note] InnoDB: Removed temporary tablespace data file: "ibtmp1"
2019-10-18T06:30:56.361020Z 0 [Note] Shutting down plugin 'MEMORY'
2019-10-18T06:30:56.361027Z 0 [Note] Shutting down plugin 'CSV'
2019-10-18T06:30:56.361032Z 0 [Note] Shutting down plugin 'sha256_password'
2019-10-18T06:30:56.361035Z 0 [Note] Shutting down plugin 'mysql_native_password'
2019-10-18T06:30:56.361277Z 0 [Note] Shutting down plugin 'binlog'
2019-10-18T06:30:56.361901Z 0 [Note] /usr/sbin/mysqld: Shutdown complete

