2019-09-30T16:50:01.616624Z 0 [Warning] TIMESTAMP with implicit DEFAULT value is deprecated. Please use --explicit_defaults_for_timestamp server option (see documentation for more details).
2019-09-30T16:50:01.642615Z 0 [Note] /usr/sbin/mysqld (mysqld 5.7.23) starting as process 31 ...
2019-09-30T16:50:01.726808Z 0 [Note] InnoDB: PUNCH HOLE support available
2019-09-30T16:50:01.726866Z 0 [Note] InnoDB: Mutexes and rw_locks use GCC atomic builtins
2019-09-30T16:50:01.726877Z 0 [Note] InnoDB: Uses event mutexes
2019-09-30T16:50:01.726885Z 0 [Note] InnoDB: GCC builtin __atomic_thread_fence() is used for memory barrier
2019-09-30T16:50:01.726892Z 0 [Note] InnoDB: Compressed tables use zlib 1.2.3
2019-09-30T16:50:01.726898Z 0 [Note] InnoDB: Using Linux native AIO
2019-09-30T16:50:01.730369Z 0 [Note] InnoDB: Number of pools: 1
2019-09-30T16:50:01.739440Z 0 [Note] InnoDB: Using CPU crc32 instructions
2019-09-30T16:50:01.744466Z 0 [Note] InnoDB: Initializing buffer pool, total size = 32M, instances = 1, chunk size = 32M
2019-09-30T16:50:01.763185Z 0 [Note] InnoDB: Completed initialization of buffer pool
2019-09-30T16:50:01.772467Z 0 [Note] InnoDB: If the mysqld execution user is authorized, page cleaner thread priority can be changed. See the man page of setpriority().
2019-09-30T16:50:01.799366Z 0 [Note] InnoDB: Highest supported file format is Barracuda.
2019-09-30T16:50:01.809102Z 0 [Note] InnoDB: Log scan progressed past the checkpoint lsn 2588963
2019-09-30T16:50:01.809143Z 0 [Note] InnoDB: Doing recovery: scanned up to log sequence number 2591784
2019-09-30T16:50:01.815535Z 0 [Note] InnoDB: Database was not shutdown normally!
2019-09-30T16:50:01.815559Z 0 [Note] InnoDB: Starting crash recovery.
2019-09-30T16:50:03.064018Z 0 [Note] InnoDB: Starting an apply batch of log records to the database...
InnoDB: Progress in percent: 16 17 18 19 20 21 22 23 24 25 26 27 28 29 30 31 32 33 34 35 36 37 38 39 40 41 42 43 44 45 46 47 48 49 50 51 52 53 54 55 56 57 58 59 60 61 62 63 64 65 66 67 68 69 70 71 72 73 74 75 76 77 78 79 80 81 82 83 84 85 86 87 88 89 90 91 92 93 94 95 96 97 98 99 
2019-09-30T16:50:03.076757Z 0 [Note] InnoDB: Apply batch completed
2019-09-30T16:50:03.235783Z 0 [Note] InnoDB: Removed temporary tablespace data file: "ibtmp1"
2019-09-30T16:50:03.235825Z 0 [Note] InnoDB: Creating shared tablespace for temporary tables
2019-09-30T16:50:03.235931Z 0 [Note] InnoDB: Setting file './ibtmp1' size to 12 MB. Physically writing the file full; Please wait ...
2019-09-30T16:50:03.374450Z 0 [Note] InnoDB: File './ibtmp1' size is now 12 MB.
2019-09-30T16:50:03.378681Z 0 [Note] InnoDB: 96 redo rollback segment(s) found. 96 redo rollback segment(s) are active.
2019-09-30T16:50:03.378722Z 0 [Note] InnoDB: 32 non-redo rollback segment(s) are active.
2019-09-30T16:50:03.408339Z 0 [Note] InnoDB: 5.7.23 started; log sequence number 2591784
2019-09-30T16:50:03.409153Z 0 [Note] InnoDB: Loading buffer pool(s) from /var/lib/mysql/ib_buffer_pool
2019-09-30T16:50:03.422349Z 0 [Note] Plugin 'FEDERATED' is disabled.
2019-09-30T16:50:03.474222Z 0 [Note] InnoDB: Buffer pool(s) load completed at 190930 16:50:03
2019-09-30T16:50:03.488355Z 0 [Warning] Failed to set up SSL because of the following SSL library error: SSL context is not usable without certificate and private key
2019-09-30T16:50:03.488389Z 0 [Note] Server hostname (bind-address): '*'; port: 3306
2019-09-30T16:50:03.511726Z 0 [Note] IPv6 is available.
2019-09-30T16:50:03.514087Z 0 [Note]   - '::' resolves to '::';
2019-09-30T16:50:03.514140Z 0 [Note] Server socket created on IP: '::'.
2019-09-30T16:50:03.522647Z 0 [Warning] Insecure configuration for --pid-file: Location '/var/run/mysqld' in the path is accessible to all OS users. Consider choosing a different directory.
2019-09-30T16:50:03.740506Z 0 [ERROR] /usr/sbin/mysqld: Table './mysql/user' is marked as crashed and should be repaired
2019-09-30T16:50:03.741100Z 0 [Warning] Checking table:   './mysql/user'
2019-09-30T16:50:03.741130Z 0 [ERROR] 1 client is using or hasn't closed the table properly
2019-09-30T16:50:03.744640Z 0 [Warning] 'user' entry 'root@localhost' ignored in --skip-name-resolve mode.
2019-09-30T16:50:03.744711Z 0 [Warning] 'user' entry 'mysql.session@localhost' ignored in --skip-name-resolve mode.
2019-09-30T16:50:03.744729Z 0 [Warning] 'user' entry 'mysql.sys@localhost' ignored in --skip-name-resolve mode.
2019-09-30T16:50:03.745192Z 0 [Warning] 'db' entry 'performance_schema mysql.session@localhost' ignored in --skip-name-resolve mode.
2019-09-30T16:50:03.745208Z 0 [Warning] 'db' entry 'sys mysql.sys@localhost' ignored in --skip-name-resolve mode.
2019-09-30T16:50:03.745635Z 0 [Warning] 'proxies_priv' entry '@ root@localhost' ignored in --skip-name-resolve mode.
2019-09-30T16:50:03.765953Z 0 [Warning] 'tables_priv' entry 'user mysql.session@localhost' ignored in --skip-name-resolve mode.
2019-09-30T16:50:03.765992Z 0 [Warning] 'tables_priv' entry 'sys_config mysql.sys@localhost' ignored in --skip-name-resolve mode.
2019-09-30T16:50:04.060719Z 0 [Note] Event Scheduler: Loaded 0 events
2019-09-30T16:50:04.095230Z 0 [Note] /usr/sbin/mysqld: ready for connections.
Version: '5.7.23'  socket: '/var/run/mysqld/mysqld.sock'  port: 3306  MySQL Community Server (GPL)
2019-09-30T16:50:04.732971Z 4 [ERROR] /usr/sbin/mysqld: Table './mysql/proc' is marked as crashed and should be repaired
2019-09-30T16:50:04.733283Z 4 [Warning] Checking table:   './mysql/proc'
2019-09-30T16:50:04.791009Z 6 [Warning] 'user' entry 'root@localhost' ignored in --skip-name-resolve mode.
2019-09-30T16:50:04.791039Z 6 [Warning] 'user' entry 'mysql.session@localhost' ignored in --skip-name-resolve mode.
2019-09-30T16:50:04.791048Z 6 [Warning] 'user' entry 'mysql.sys@localhost' ignored in --skip-name-resolve mode.
2019-09-30T16:50:04.791068Z 6 [Warning] 'db' entry 'performance_schema mysql.session@localhost' ignored in --skip-name-resolve mode.
2019-09-30T16:50:04.791073Z 6 [Warning] 'db' entry 'sys mysql.sys@localhost' ignored in --skip-name-resolve mode.
2019-09-30T16:50:04.791084Z 6 [Warning] 'proxies_priv' entry '@ root@localhost' ignored in --skip-name-resolve mode.
2019-09-30T16:50:04.791234Z 6 [Warning] 'tables_priv' entry 'user mysql.session@localhost' ignored in --skip-name-resolve mode.
2019-09-30T16:50:04.791245Z 6 [Warning] 'tables_priv' entry 'sys_config mysql.sys@localhost' ignored in --skip-name-resolve mode.
2019-09-30T20:26:36.075890Z 0 [Note] InnoDB: page_cleaner: 1000ms intended loop took 5511991ms. The settings might not be optimal. (flushed=0 and evicted=0, during the time.)
2019-09-30T21:10:14.545549Z 0 [Note] InnoDB: page_cleaner: 1000ms intended loop took 2199128ms. The settings might not be optimal. (flushed=6 and evicted=0, during the time.)
2019-10-01T14:44:05.741715Z 0 [Note] InnoDB: page_cleaner: 1000ms intended loop took 58431447ms. The settings might not be optimal. (flushed=0 and evicted=0, during the time.)
2019-10-01T15:35:00.378274Z 0 [Note] InnoDB: page_cleaner: 1000ms intended loop took 2374719ms. The settings might not be optimal. (flushed=0 and evicted=0, during the time.)
2019-10-01T16:57:38.151337Z 0 [Note] InnoDB: page_cleaner: 1000ms intended loop took 1617830ms. The settings might not be optimal. (flushed=0 and evicted=0, during the time.)
2019-10-01T17:49:44.371273Z 0 [Note] Giving 3 client threads a chance to die gracefully
2019-10-01T17:49:44.372184Z 0 [Note] Shutting down slave threads
2019-10-07T20:09:51.304395Z 0 [Warning] TIMESTAMP with implicit DEFAULT value is deprecated. Please use --explicit_defaults_for_timestamp server option (see documentation for more details).
2019-10-07T20:09:51.310339Z 0 [Note] /usr/sbin/mysqld (mysqld 5.7.23) starting as process 49 ...
2019-10-07T20:09:51.357475Z 0 [Note] InnoDB: PUNCH HOLE support available
2019-10-07T20:09:51.357520Z 0 [Note] InnoDB: Mutexes and rw_locks use GCC atomic builtins
2019-10-07T20:09:51.357528Z 0 [Note] InnoDB: Uses event mutexes
2019-10-07T20:09:51.357535Z 0 [Note] InnoDB: GCC builtin __atomic_thread_fence() is used for memory barrier
2019-10-07T20:09:51.357541Z 0 [Note] InnoDB: Compressed tables use zlib 1.2.3
2019-10-07T20:09:51.357547Z 0 [Note] InnoDB: Using Linux native AIO
2019-10-07T20:09:51.357848Z 0 [Note] InnoDB: Number of pools: 1
2019-10-07T20:09:51.357984Z 0 [Note] InnoDB: Using CPU crc32 instructions
2019-10-07T20:09:51.392461Z 0 [Note] InnoDB: Initializing buffer pool, total size = 32M, instances = 1, chunk size = 32M
2019-10-07T20:09:51.425694Z 0 [Note] InnoDB: Completed initialization of buffer pool
2019-10-07T20:09:51.430770Z 0 [Note] InnoDB: If the mysqld execution user is authorized, page cleaner thread priority can be changed. See the man page of setpriority().
2019-10-07T20:09:51.565053Z 0 [Note] InnoDB: Highest supported file format is Barracuda.
2019-10-07T20:09:51.576471Z 0 [Note] InnoDB: Log scan progressed past the checkpoint lsn 17099193
2019-10-07T20:09:51.576522Z 0 [Note] InnoDB: Doing recovery: scanned up to log sequence number 17099202
2019-10-07T20:09:51.576534Z 0 [Note] InnoDB: Database was not shutdown normally!
2019-10-07T20:09:51.576543Z 0 [Note] InnoDB: Starting crash recovery.
2019-10-07T20:09:51.976000Z 0 [Note] InnoDB: Removed temporary tablespace data file: "ibtmp1"
2019-10-07T20:09:51.976032Z 0 [Note] InnoDB: Creating shared tablespace for temporary tables
2019-10-07T20:09:51.976101Z 0 [Note] InnoDB: Setting file './ibtmp1' size to 12 MB. Physically writing the file full; Please wait ...
2019-10-07T20:09:52.038841Z 0 [Note] InnoDB: File './ibtmp1' size is now 12 MB.
2019-10-07T20:09:52.040882Z 0 [Note] InnoDB: 96 redo rollback segment(s) found. 96 redo rollback segment(s) are active.
2019-10-07T20:09:52.041212Z 0 [Note] InnoDB: 32 non-redo rollback segment(s) are active.
2019-10-07T20:09:52.042216Z 0 [Note] InnoDB: Waiting for purge to start
2019-10-07T20:09:52.093872Z 0 [Note] InnoDB: 5.7.23 started; log sequence number 17099202
2019-10-07T20:09:52.094363Z 0 [Note] Plugin 'FEDERATED' is disabled.
2019-10-07T20:09:52.096390Z 0 [Warning] Failed to set up SSL because of the following SSL library error: SSL context is not usable without certificate and private key
2019-10-07T20:09:52.096410Z 0 [Note] Server hostname (bind-address): '*'; port: 3306
2019-10-07T20:09:52.096453Z 0 [Note] IPv6 is available.
2019-10-07T20:09:52.096462Z 0 [Note]   - '::' resolves to '::';
2019-10-07T20:09:52.096468Z 0 [Note] Server socket created on IP: '::'.
2019-10-07T20:09:52.104979Z 0 [Note] InnoDB: Loading buffer pool(s) from /var/lib/mysql/ib_buffer_pool
2019-10-07T20:09:52.111193Z 0 [Warning] 'user' entry 'root@localhost' ignored in --skip-name-resolve mode.
2019-10-07T20:09:52.111249Z 0 [Warning] 'user' entry 'mysql.session@localhost' ignored in --skip-name-resolve mode.
2019-10-07T20:09:52.111259Z 0 [Warning] 'user' entry 'mysql.sys@localhost' ignored in --skip-name-resolve mode.
2019-10-07T20:09:52.111326Z 0 [Warning] 'db' entry 'performance_schema mysql.session@localhost' ignored in --skip-name-resolve mode.
2019-10-07T20:09:52.111335Z 0 [Warning] 'db' entry 'sys mysql.sys@localhost' ignored in --skip-name-resolve mode.
2019-10-07T20:09:52.111348Z 0 [Warning] 'proxies_priv' entry '@ root@localhost' ignored in --skip-name-resolve mode.
2019-10-07T20:09:52.113353Z 0 [Warning] 'tables_priv' entry 'user mysql.session@localhost' ignored in --skip-name-resolve mode.
2019-10-07T20:09:52.113375Z 0 [Warning] 'tables_priv' entry 'sys_config mysql.sys@localhost' ignored in --skip-name-resolve mode.
2019-10-07T20:09:52.115833Z 0 [Note] InnoDB: Buffer pool(s) load completed at 191007 20:09:52
2019-10-07T20:09:52.130125Z 0 [Note] Event Scheduler: Loaded 0 events
2019-10-07T20:09:52.130307Z 0 [Note] /usr/sbin/mysqld: ready for connections.
Version: '5.7.23'  socket: '/var/run/mysqld/mysqld.sock'  port: 3306  MySQL Community Server (GPL)
2019-10-07T20:10:48.097585Z 0 [Note] Giving 0 client threads a chance to die gracefully
2019-10-07T20:10:48.098894Z 0 [Note] Shutting down slave threads
2019-10-07T20:10:48.098922Z 0 [Note] Forcefully disconnecting 0 remaining clients
2019-10-07T20:10:48.098936Z 0 [Note] Event Scheduler: Purging the queue. 0 events
2019-10-07T20:10:48.123953Z 0 [Note] Binlog end
2019-10-07T20:10:48.126361Z 0 [Note] Shutting down plugin 'ngram'
2019-10-07T20:10:48.126402Z 0 [Note] Shutting down plugin 'partition'
2019-10-07T20:10:48.126553Z 0 [Note] Shutting down plugin 'BLACKHOLE'
2019-10-07T20:10:48.126580Z 0 [Note] Shutting down plugin 'ARCHIVE'
2019-10-07T20:10:48.126586Z 0 [Note] Shutting down plugin 'PERFORMANCE_SCHEMA'
2019-10-07T20:10:48.126695Z 0 [Note] Shutting down plugin 'MRG_MYISAM'
2019-10-07T20:10:48.126717Z 0 [Note] Shutting down plugin 'MyISAM'
2019-10-07T20:10:48.126734Z 0 [Note] Shutting down plugin 'INNODB_SYS_VIRTUAL'
2019-10-07T20:10:48.126741Z 0 [Note] Shutting down plugin 'INNODB_SYS_DATAFILES'
2019-10-07T20:10:48.126745Z 0 [Note] Shutting down plugin 'INNODB_SYS_TABLESPACES'
2019-10-07T20:10:48.126750Z 0 [Note] Shutting down plugin 'INNODB_SYS_FOREIGN_COLS'
2019-10-07T20:10:48.126755Z 0 [Note] Shutting down plugin 'INNODB_SYS_FOREIGN'
2019-10-07T20:10:48.126759Z 0 [Note] Shutting down plugin 'INNODB_SYS_FIELDS'
2019-10-07T20:10:48.126763Z 0 [Note] Shutting down plugin 'INNODB_SYS_COLUMNS'
2019-10-07T20:10:48.126768Z 0 [Note] Shutting down plugin 'INNODB_SYS_INDEXES'
2019-10-07T20:10:48.126772Z 0 [Note] Shutting down plugin 'INNODB_SYS_TABLESTATS'
2019-10-07T20:10:48.126777Z 0 [Note] Shutting down plugin 'INNODB_SYS_TABLES'
2019-10-07T20:10:48.126781Z 0 [Note] Shutting down plugin 'INNODB_FT_INDEX_TABLE'
2019-10-07T20:10:48.126786Z 0 [Note] Shutting down plugin 'INNODB_FT_INDEX_CACHE'
2019-10-07T20:10:48.126791Z 0 [Note] Shutting down plugin 'INNODB_FT_CONFIG'
2019-10-07T20:10:48.126795Z 0 [Note] Shutting down plugin 'INNODB_FT_BEING_DELETED'
2019-10-07T20:10:48.126800Z 0 [Note] Shutting down plugin 'INNODB_FT_DELETED'
2019-10-07T20:10:48.126804Z 0 [Note] Shutting down plugin 'INNODB_FT_DEFAULT_STOPWORD'
2019-10-07T20:10:48.126809Z 0 [Note] Shutting down plugin 'INNODB_METRICS'
2019-10-07T20:10:48.126813Z 0 [Note] Shutting down plugin 'INNODB_TEMP_TABLE_INFO'
2019-10-07T20:10:48.126818Z 0 [Note] Shutting down plugin 'INNODB_BUFFER_POOL_STATS'
2019-10-07T20:10:48.126822Z 0 [Note] Shutting down plugin 'INNODB_BUFFER_PAGE_LRU'
2019-10-07T20:10:48.126827Z 0 [Note] Shutting down plugin 'INNODB_BUFFER_PAGE'
2019-10-07T20:10:48.126832Z 0 [Note] Shutting down plugin 'INNODB_CMP_PER_INDEX_RESET'
2019-10-07T20:10:48.126836Z 0 [Note] Shutting down plugin 'INNODB_CMP_PER_INDEX'
2019-10-07T20:10:48.126841Z 0 [Note] Shutting down plugin 'INNODB_CMPMEM_RESET'
2019-10-07T20:10:48.127550Z 0 [Note] Shutting down plugin 'INNODB_CMPMEM'
2019-10-07T20:10:48.127586Z 0 [Note] Shutting down plugin 'INNODB_CMP_RESET'
2019-10-07T20:10:48.127595Z 0 [Note] Shutting down plugin 'INNODB_CMP'
2019-10-07T20:10:48.127600Z 0 [Note] Shutting down plugin 'INNODB_LOCK_WAITS'
2019-10-07T20:10:48.127605Z 0 [Note] Shutting down plugin 'INNODB_LOCKS'
2019-10-07T20:10:48.127609Z 0 [Note] Shutting down plugin 'INNODB_TRX'
2019-10-07T20:10:48.127614Z 0 [Note] Shutting down plugin 'InnoDB'
2019-10-07T20:10:48.127802Z 0 [Note] InnoDB: FTS optimize thread exiting.
2019-10-07T20:10:48.128338Z 0 [Note] InnoDB: Starting shutdown...
2019-10-07T20:10:48.229268Z 0 [Note] InnoDB: Dumping buffer pool(s) to /var/lib/mysql/ib_buffer_pool
2019-10-07T20:10:48.232056Z 0 [Note] InnoDB: Buffer pool(s) dump completed at 191007 20:10:48
