2019-10-08 20:55:08,833 CRIT Supervisor running as root (no user in config file)
2019-10-08 20:55:08,833 INFO Included extra file "/etc/supervisor/conf.d/supervisord.conf" during parsing
2019-10-08 20:55:08,891 INFO RPC interface 'supervisor' initialized
2019-10-08 20:55:08,892 CRIT Server 'unix_http_server' running without any HTTP authentication checking
2019-10-08 20:55:08,893 INFO supervisord started with pid 1
2019-10-08 20:55:09,901 INFO spawned: 'varnishd' with pid 15
2019-10-08 20:55:09,936 INFO spawned: 'php-fpm' with pid 16
2019-10-08 20:55:10,004 INFO spawned: 'varnish-plugins-watcher' with pid 17
2019-10-08 20:55:10,078 INFO spawned: 'nginx' with pid 18
2019-10-08 20:55:10,233 INFO spawned: 'MailHog' with pid 20
2019-10-08 20:55:10,300 INFO spawned: 'mysql' with pid 21
2019-10-08 20:55:10,461 INFO spawned: 'varnish-themes-watcher' with pid 23
2019-10-08 20:55:10,903 INFO success: varnishd entered RUNNING state, process has stayed up for > than 1 seconds (startsecs)
2019-10-08 20:55:10,904 INFO success: php-fpm entered RUNNING state, process has stayed up for > than 1 seconds (startsecs)
2019-10-08 20:55:11,994 INFO success: varnish-plugins-watcher entered RUNNING state, process has stayed up for > than 1 seconds (startsecs)
2019-10-08 20:55:11,996 INFO success: nginx entered RUNNING state, process has stayed up for > than 1 seconds (startsecs)
2019-10-08 20:55:11,996 INFO success: MailHog entered RUNNING state, process has stayed up for > than 1 seconds (startsecs)
2019-10-08 20:55:11,997 INFO success: mysql entered RUNNING state, process has stayed up for > than 1 seconds (startsecs)
2019-10-08 20:55:11,997 INFO success: varnish-themes-watcher entered RUNNING state, process has stayed up for > than 1 seconds (startsecs)
2019-10-09 23:12:58,639 WARN received SIGTERM indicating exit request
2019-10-09 23:12:58,644 INFO waiting for varnishd, php-fpm, varnish-plugins-watcher, nginx, MailHog, mysql, varnish-themes-watcher to die
2019-10-09 23:12:59,645 INFO stopped: varnish-themes-watcher (terminated by SIGTERM)
2019-10-09 23:12:59,800 INFO stopped: mysql (exit status 0)
2019-10-09 23:12:59,810 INFO stopped: MailHog (terminated by SIGTERM)
2019-10-09 23:12:59,831 INFO stopped: nginx (exit status 0)
2019-10-09 23:13:01,134 INFO stopped: varnish-plugins-watcher (terminated by SIGTERM)
2019-10-09 23:13:01,179 INFO reaped unknown pid 30
2019-10-09 23:13:01,238 INFO stopped: php-fpm (exit status 0)
2019-10-09 23:13:02,237 INFO reaped unknown pid 9131
2019-10-09 23:13:02,238 INFO waiting for varnishd to die
2019-10-09 23:13:02,630 INFO stopped: varnishd (exit status 0)
2019-10-09 23:59:55,181 CRIT Supervisor running as root (no user in config file)
2019-10-09 23:59:55,181 INFO Included extra file "/etc/supervisor/conf.d/supervisord.conf" during parsing
2019-10-09 23:59:55,387 INFO RPC interface 'supervisor' initialized
2019-10-09 23:59:55,393 CRIT Server 'unix_http_server' running without any HTTP authentication checking
2019-10-09 23:59:55,394 INFO supervisord started with pid 1
2019-10-09 23:59:56,400 INFO spawned: 'varnishd' with pid 59
2019-10-09 23:59:56,413 INFO spawned: 'php-fpm' with pid 60
2019-10-09 23:59:56,422 INFO spawned: 'varnish-plugins-watcher' with pid 61
2019-10-09 23:59:56,458 INFO spawned: 'nginx' with pid 62
2019-10-09 23:59:56,498 INFO spawned: 'MailHog' with pid 63
2019-10-09 23:59:56,541 INFO spawned: 'mysql' with pid 65
2019-10-09 23:59:56,586 INFO spawned: 'varnish-themes-watcher' with pid 68
2019-10-09 23:59:57,851 INFO success: varnishd entered RUNNING state, process has stayed up for > than 1 seconds (startsecs)
2019-10-09 23:59:57,852 INFO success: php-fpm entered RUNNING state, process has stayed up for > than 1 seconds (startsecs)
2019-10-09 23:59:57,853 INFO success: varnish-plugins-watcher entered RUNNING state, process has stayed up for > than 1 seconds (startsecs)
2019-10-09 23:59:57,856 INFO success: nginx entered RUNNING state, process has stayed up for > than 1 seconds (startsecs)
2019-10-09 23:59:57,857 INFO success: MailHog entered RUNNING state, process has stayed up for > than 1 seconds (startsecs)
2019-10-09 23:59:57,857 INFO success: mysql entered RUNNING state, process has stayed up for > than 1 seconds (startsecs)
2019-10-09 23:59:57,857 INFO success: varnish-themes-watcher entered RUNNING state, process has stayed up for > than 1 seconds (startsecs)
2019-10-10 05:54:21,331 WARN received SIGTERM indicating exit request
2019-10-10 05:54:21,378 INFO waiting for varnishd, php-fpm, varnish-plugins-watcher, nginx, MailHog, mysql, varnish-themes-watcher to die
2019-10-10 05:54:22,380 INFO stopped: varnish-themes-watcher (terminated by SIGTERM)
2019-10-10 05:54:22,598 INFO stopped: mysql (exit status 0)
2019-10-10 05:54:22,600 INFO stopped: MailHog (terminated by SIGTERM)
2019-10-10 05:54:22,607 INFO stopped: nginx (exit status 0)
2019-10-10 05:54:23,616 INFO stopped: varnish-plugins-watcher (terminated by SIGTERM)
2019-10-10 05:54:23,734 INFO stopped: php-fpm (exit status 0)
2019-10-10 05:54:24,739 INFO waiting for varnishd to die
2019-10-10 05:54:25,233 INFO stopped: varnishd (exit status 0)
2019-10-10 14:38:13,432 CRIT Supervisor running as root (no user in config file)
2019-10-10 14:38:13,432 INFO Included extra file "/etc/supervisor/conf.d/supervisord.conf" during parsing
2019-10-10 14:38:13,792 INFO RPC interface 'supervisor' initialized
2019-10-10 14:38:13,793 CRIT Server 'unix_http_server' running without any HTTP authentication checking
2019-10-10 14:38:13,793 INFO supervisord started with pid 1
2019-10-10 14:38:14,804 INFO spawned: 'varnishd' with pid 58
2019-10-10 14:38:14,824 INFO spawned: 'php-fpm' with pid 59
2019-10-10 14:38:14,873 INFO spawned: 'varnish-plugins-watcher' with pid 60
2019-10-10 14:38:15,043 INFO spawned: 'nginx' with pid 62
2019-10-10 14:38:15,168 INFO spawned: 'MailHog' with pid 65
2019-10-10 14:38:15,188 INFO spawned: 'mysql' with pid 67
2019-10-10 14:38:15,219 INFO spawned: 'varnish-themes-watcher' with pid 68
2019-10-10 14:38:15,821 INFO success: varnishd entered RUNNING state, process has stayed up for > than 1 seconds (startsecs)
2019-10-10 14:38:15,822 INFO success: php-fpm entered RUNNING state, process has stayed up for > than 1 seconds (startsecs)
2019-10-10 14:38:15,859 INFO success: varnish-plugins-watcher entered RUNNING state, process has stayed up for > than 1 seconds (startsecs)
2019-10-10 14:38:16,949 INFO success: nginx entered RUNNING state, process has stayed up for > than 1 seconds (startsecs)
2019-10-10 14:38:16,950 INFO success: MailHog entered RUNNING state, process has stayed up for > than 1 seconds (startsecs)
2019-10-10 14:38:16,950 INFO success: mysql entered RUNNING state, process has stayed up for > than 1 seconds (startsecs)
2019-10-10 14:38:16,950 INFO success: varnish-themes-watcher entered RUNNING state, process has stayed up for > than 1 seconds (startsecs)
2019-10-10 20:39:21,328 WARN received SIGTERM indicating exit request
2019-10-10 20:39:21,336 INFO waiting for varnishd, php-fpm, varnish-plugins-watcher, nginx, MailHog, mysql, varnish-themes-watcher to die
2019-10-10 20:39:22,352 INFO stopped: varnish-themes-watcher (terminated by SIGTERM)
2019-10-10 20:39:22,545 INFO stopped: mysql (exit status 0)
2019-10-10 20:39:22,546 INFO stopped: MailHog (terminated by SIGTERM)
2019-10-10 20:39:22,565 INFO stopped: nginx (exit status 0)
2019-10-10 20:39:23,606 INFO stopped: varnish-plugins-watcher (terminated by SIGTERM)
2019-10-10 20:39:23,710 INFO stopped: php-fpm (exit status 0)
2019-10-10 20:39:24,719 INFO waiting for varnishd to die
2019-10-10 20:39:25,289 INFO stopped: varnishd (exit status 0)
2019-10-10 21:17:23,187 CRIT Supervisor running as root (no user in config file)
2019-10-10 21:17:23,187 INFO Included extra file "/etc/supervisor/conf.d/supervisord.conf" during parsing
2019-10-10 21:17:23,241 INFO RPC interface 'supervisor' initialized
2019-10-10 21:17:23,247 CRIT Server 'unix_http_server' running without any HTTP authentication checking
2019-10-10 21:17:23,247 INFO supervisord started with pid 1
2019-10-10 21:17:24,254 INFO spawned: 'varnishd' with pid 25
2019-10-10 21:17:24,294 INFO spawned: 'php-fpm' with pid 26
2019-10-10 21:17:24,351 INFO spawned: 'varnish-plugins-watcher' with pid 27
2019-10-10 21:17:24,402 INFO spawned: 'nginx' with pid 28
2019-10-10 21:17:24,465 INFO spawned: 'MailHog' with pid 29
2019-10-10 21:17:24,524 INFO spawned: 'mysql' with pid 30
2019-10-10 21:17:24,614 INFO spawned: 'varnish-themes-watcher' with pid 31
2019-10-10 21:17:26,051 INFO success: varnishd entered RUNNING state, process has stayed up for > than 1 seconds (startsecs)
2019-10-10 21:17:26,053 INFO success: php-fpm entered RUNNING state, process has stayed up for > than 1 seconds (startsecs)
2019-10-10 21:17:26,053 INFO success: varnish-plugins-watcher entered RUNNING state, process has stayed up for > than 1 seconds (startsecs)
2019-10-10 21:17:26,054 INFO success: nginx entered RUNNING state, process has stayed up for > than 1 seconds (startsecs)
2019-10-10 21:17:26,054 INFO success: MailHog entered RUNNING state, process has stayed up for > than 1 seconds (startsecs)
2019-10-10 21:17:26,054 INFO success: mysql entered RUNNING state, process has stayed up for > than 1 seconds (startsecs)
2019-10-10 21:17:26,055 INFO success: varnish-themes-watcher entered RUNNING state, process has stayed up for > than 1 seconds (startsecs)
2019-10-13 07:03:46,907 WARN received SIGTERM indicating exit request
2019-10-13 07:03:46,918 INFO waiting for varnishd, php-fpm, varnish-plugins-watcher, nginx, MailHog, mysql, varnish-themes-watcher to die
2019-10-13 07:03:47,927 INFO stopped: varnish-themes-watcher (terminated by SIGTERM)
2019-10-13 07:03:48,594 INFO stopped: mysql (exit status 0)
2019-10-13 07:03:48,633 INFO stopped: MailHog (terminated by SIGTERM)
2019-10-13 07:03:48,654 INFO stopped: nginx (exit status 0)
2019-10-13 07:03:49,581 INFO stopped: varnish-plugins-watcher (terminated by SIGTERM)
2019-10-13 07:03:49,581 INFO reaped unknown pid 46
2019-10-13 07:03:49,877 INFO stopped: php-fpm (exit status 0)
2019-10-13 07:03:50,525 INFO reaped unknown pid 24379
2019-10-13 07:03:50,525 INFO waiting for varnishd to die
2019-10-13 07:03:50,535 INFO reaped unknown pid 24380
2019-10-13 07:03:51,183 INFO stopped: varnishd (exit status 0)
2019-10-13 17:14:58,543 CRIT Supervisor running as root (no user in config file)
2019-10-13 17:14:58,543 INFO Included extra file "/etc/supervisor/conf.d/supervisord.conf" during parsing
2019-10-13 17:14:58,642 INFO RPC interface 'supervisor' initialized
2019-10-13 17:14:58,648 CRIT Server 'unix_http_server' running without any HTTP authentication checking
2019-10-13 17:14:58,648 INFO supervisord started with pid 1
2019-10-13 17:15:00,167 INFO spawned: 'varnishd' with pid 26
2019-10-13 17:15:00,243 INFO spawned: 'php-fpm' with pid 28
2019-10-13 17:15:00,267 INFO spawned: 'varnish-plugins-watcher' with pid 29
2019-10-13 17:15:00,375 INFO spawned: 'nginx' with pid 30
2019-10-13 17:15:00,429 INFO spawned: 'MailHog' with pid 31
2019-10-13 17:15:00,497 INFO spawned: 'mysql' with pid 32
2019-10-13 17:15:00,529 INFO spawned: 'varnish-themes-watcher' with pid 34
2019-10-13 17:15:01,248 INFO success: varnishd entered RUNNING state, process has stayed up for > than 1 seconds (startsecs)
2019-10-13 17:15:01,249 INFO success: php-fpm entered RUNNING state, process has stayed up for > than 1 seconds (startsecs)
2019-10-13 17:15:01,249 INFO success: varnish-plugins-watcher entered RUNNING state, process has stayed up for > than 1 seconds (startsecs)
2019-10-13 17:15:01,301 INFO success: nginx entered RUNNING state, process has stayed up for > than 1 seconds (startsecs)
2019-10-13 17:15:01,456 INFO success: MailHog entered RUNNING state, process has stayed up for > than 1 seconds (startsecs)
2019-10-13 17:15:01,457 INFO success: mysql entered RUNNING state, process has stayed up for > than 1 seconds (startsecs)
2019-10-13 17:15:01,783 INFO success: varnish-themes-watcher entered RUNNING state, process has stayed up for > than 1 seconds (startsecs)
2019-10-13 17:27:50,246 WARN received SIGTERM indicating exit request
2019-10-13 17:27:50,250 INFO waiting for varnishd, php-fpm, varnish-plugins-watcher, nginx, MailHog, mysql, varnish-themes-watcher to die
2019-10-13 17:27:51,253 INFO stopped: varnish-themes-watcher (terminated by SIGTERM)
2019-10-13 17:27:51,342 INFO stopped: mysql (exit status 0)
2019-10-13 17:27:51,346 INFO stopped: MailHog (terminated by SIGTERM)
2019-10-13 17:27:51,359 INFO stopped: nginx (exit status 0)
2019-10-13 17:27:52,363 INFO stopped: varnish-plugins-watcher (terminated by SIGTERM)
2019-10-13 17:27:52,409 INFO stopped: php-fpm (exit status 0)
2019-10-13 17:27:52,563 INFO reaped unknown pid 1028
2019-10-13 17:27:53,243 INFO reaped unknown pid 1030
2019-10-13 17:27:53,425 INFO waiting for varnishd to die
2019-10-13 17:27:53,786 INFO stopped: varnishd (exit status 0)
2019-10-13 18:16:07,434 CRIT Supervisor running as root (no user in config file)
2019-10-13 18:16:07,435 INFO Included extra file "/etc/supervisor/conf.d/supervisord.conf" during parsing
2019-10-13 18:16:07,726 INFO RPC interface 'supervisor' initialized
2019-10-13 18:16:07,728 CRIT Server 'unix_http_server' running without any HTTP authentication checking
2019-10-13 18:16:07,728 INFO supervisord started with pid 1
2019-10-13 18:16:08,744 INFO spawned: 'varnishd' with pid 29
2019-10-13 18:16:08,859 INFO spawned: 'php-fpm' with pid 30
2019-10-13 18:16:08,989 INFO spawned: 'varnish-plugins-watcher' with pid 31
2019-10-13 18:16:09,468 INFO spawned: 'nginx' with pid 37
2019-10-13 18:16:09,518 INFO spawned: 'MailHog' with pid 38
2019-10-13 18:16:09,630 INFO spawned: 'mysql' with pid 41
2019-10-13 18:16:09,758 INFO spawned: 'varnish-themes-watcher' with pid 42
2019-10-13 18:16:09,770 INFO success: varnishd entered RUNNING state, process has stayed up for > than 1 seconds (startsecs)
2019-10-13 18:16:09,795 INFO success: php-fpm entered RUNNING state, process has stayed up for > than 1 seconds (startsecs)
2019-10-13 18:16:10,167 INFO success: varnish-plugins-watcher entered RUNNING state, process has stayed up for > than 1 seconds (startsecs)
2019-10-13 18:16:10,168 INFO success: nginx entered RUNNING state, process has stayed up for > than 1 seconds (startsecs)
2019-10-13 18:16:10,692 INFO success: MailHog entered RUNNING state, process has stayed up for > than 1 seconds (startsecs)
2019-10-13 18:16:10,693 INFO success: mysql entered RUNNING state, process has stayed up for > than 1 seconds (startsecs)
2019-10-13 18:16:10,693 INFO success: varnish-themes-watcher entered RUNNING state, process has stayed up for > than 1 seconds (startsecs)
2019-10-14 16:25:21,220 WARN received SIGTERM indicating exit request
2019-10-14 16:25:21,230 INFO waiting for varnishd, php-fpm, varnish-plugins-watcher, nginx, MailHog, mysql, varnish-themes-watcher to die
2019-10-14 16:25:22,235 INFO stopped: varnish-themes-watcher (terminated by SIGTERM)
2019-10-14 16:25:22,267 INFO stopped: mysql (exit status 0)
2019-10-14 16:25:22,270 INFO stopped: MailHog (terminated by SIGTERM)
2019-10-14 16:25:22,276 INFO stopped: nginx (exit status 0)
2019-10-14 16:25:23,279 INFO stopped: varnish-plugins-watcher (terminated by SIGTERM)
2019-10-14 16:25:23,328 INFO stopped: php-fpm (exit status 0)
2019-10-14 16:25:24,027 INFO reaped unknown pid 3941
2019-10-14 16:25:24,129 INFO reaped unknown pid 53
2019-10-14 16:25:24,333 INFO waiting for varnishd to die
2019-10-14 16:25:24,778 INFO stopped: varnishd (exit status 0)
2019-10-14 20:35:59,032 CRIT Supervisor running as root (no user in config file)
2019-10-14 20:35:59,033 INFO Included extra file "/etc/supervisor/conf.d/supervisord.conf" during parsing
2019-10-14 20:35:59,115 INFO RPC interface 'supervisor' initialized
2019-10-14 20:35:59,122 CRIT Server 'unix_http_server' running without any HTTP authentication checking
2019-10-14 20:35:59,123 INFO supervisord started with pid 1
2019-10-14 20:36:00,129 INFO spawned: 'varnishd' with pid 55
2019-10-14 20:36:00,135 INFO spawned: 'php-fpm' with pid 56
2019-10-14 20:36:00,144 INFO spawned: 'varnish-plugins-watcher' with pid 57
2019-10-14 20:36:00,159 INFO spawned: 'nginx' with pid 58
2019-10-14 20:36:00,183 INFO spawned: 'MailHog' with pid 59
2019-10-14 20:36:00,235 INFO spawned: 'mysql' with pid 60
2019-10-14 20:36:00,258 INFO spawned: 'varnish-themes-watcher' with pid 62
2019-10-14 20:36:01,536 INFO success: varnishd entered RUNNING state, process has stayed up for > than 1 seconds (startsecs)
2019-10-14 20:36:01,537 INFO success: php-fpm entered RUNNING state, process has stayed up for > than 1 seconds (startsecs)
2019-10-14 20:36:01,537 INFO success: varnish-plugins-watcher entered RUNNING state, process has stayed up for > than 1 seconds (startsecs)
2019-10-14 20:36:01,537 INFO success: nginx entered RUNNING state, process has stayed up for > than 1 seconds (startsecs)
2019-10-14 20:36:01,537 INFO success: MailHog entered RUNNING state, process has stayed up for > than 1 seconds (startsecs)
2019-10-14 20:36:01,538 INFO success: mysql entered RUNNING state, process has stayed up for > than 1 seconds (startsecs)
2019-10-14 20:36:01,538 INFO success: varnish-themes-watcher entered RUNNING state, process has stayed up for > than 1 seconds (startsecs)
2019-10-15 17:57:21,010 WARN received SIGTERM indicating exit request
2019-10-15 17:57:21,019 INFO waiting for varnishd, php-fpm, varnish-plugins-watcher, nginx, MailHog, mysql, varnish-themes-watcher to die
2019-10-15 17:57:21,053 INFO stopped: varnish-themes-watcher (terminated by SIGTERM)
2019-10-15 17:57:21,054 INFO reaped unknown pid 14679
2019-10-15 17:57:21,129 INFO stopped: mysql (exit status 0)
2019-10-15 17:57:21,133 INFO stopped: MailHog (terminated by SIGTERM)
2019-10-15 17:57:21,146 INFO stopped: nginx (exit status 0)
2019-10-15 17:57:21,337 INFO stopped: varnish-plugins-watcher (terminated by SIGTERM)
2019-10-15 17:57:21,337 INFO reaped unknown pid 14681
2019-10-15 17:57:21,497 INFO stopped: php-fpm (exit status 0)
2019-10-15 17:57:22,330 INFO reaped unknown pid 77
2019-10-15 17:57:22,949 INFO stopped: varnishd (exit status 0)
2019-10-17 20:00:07,427 CRIT Supervisor running as root (no user in config file)
2019-10-17 20:00:07,428 INFO Included extra file "/etc/supervisor/conf.d/supervisord.conf" during parsing
2019-10-17 20:00:07,831 INFO RPC interface 'supervisor' initialized
2019-10-17 20:00:07,832 CRIT Server 'unix_http_server' running without any HTTP authentication checking
2019-10-17 20:00:07,832 INFO supervisord started with pid 1
2019-10-17 20:00:08,869 INFO spawned: 'varnishd' with pid 59
2019-10-17 20:00:09,133 INFO spawned: 'php-fpm' with pid 62
2019-10-17 20:00:09,178 INFO spawned: 'varnish-plugins-watcher' with pid 63
2019-10-17 20:00:09,408 INFO spawned: 'nginx' with pid 64
2019-10-17 20:00:09,451 INFO spawned: 'MailHog' with pid 65
2019-10-17 20:00:09,524 INFO spawned: 'mysql' with pid 66
2019-10-17 20:00:09,584 INFO spawned: 'varnish-themes-watcher' with pid 67
2019-10-17 20:00:10,150 INFO success: varnishd entered RUNNING state, process has stayed up for > than 1 seconds (startsecs)
2019-10-17 20:00:10,150 INFO success: php-fpm entered RUNNING state, process has stayed up for > than 1 seconds (startsecs)
2019-10-17 20:00:10,150 INFO success: varnish-plugins-watcher entered RUNNING state, process has stayed up for > than 1 seconds (startsecs)
2019-10-17 20:00:10,201 INFO success: nginx entered RUNNING state, process has stayed up for > than 1 seconds (startsecs)
2019-10-17 20:00:10,543 INFO success: MailHog entered RUNNING state, process has stayed up for > than 1 seconds (startsecs)
2019-10-17 20:00:10,543 INFO success: mysql entered RUNNING state, process has stayed up for > than 1 seconds (startsecs)
2019-10-17 20:00:10,640 INFO success: varnish-themes-watcher entered RUNNING state, process has stayed up for > than 1 seconds (startsecs)
2019-10-17 20:07:05,931 WARN received SIGTERM indicating exit request
2019-10-17 20:07:05,938 INFO waiting for varnishd, php-fpm, varnish-plugins-watcher, nginx, MailHog, mysql, varnish-themes-watcher to die
2019-10-17 20:07:06,051 INFO stopped: varnish-themes-watcher (terminated by SIGTERM)
2019-10-17 20:07:06,053 INFO reaped unknown pid 726
2019-10-17 20:07:06,195 INFO stopped: mysql (exit status 0)
2019-10-17 20:07:06,197 INFO stopped: MailHog (terminated by SIGTERM)
2019-10-17 20:07:06,205 INFO stopped: nginx (exit status 0)
2019-10-17 20:07:07,209 INFO stopped: varnish-plugins-watcher (terminated by SIGTERM)
2019-10-17 20:07:07,343 INFO stopped: php-fpm (exit status 0)
2019-10-17 20:07:08,596 INFO stopped: varnishd (exit status 0)
2019-10-17 22:03:08,375 CRIT Supervisor running as root (no user in config file)
2019-10-17 22:03:08,376 INFO Included extra file "/etc/supervisor/conf.d/supervisord.conf" during parsing
2019-10-17 22:03:08,548 INFO RPC interface 'supervisor' initialized
2019-10-17 22:03:08,549 CRIT Server 'unix_http_server' running without any HTTP authentication checking
2019-10-17 22:03:08,549 INFO supervisord started with pid 1
2019-10-17 22:03:09,555 INFO spawned: 'varnishd' with pid 55
2019-10-17 22:03:09,564 INFO spawned: 'php-fpm' with pid 56
2019-10-17 22:03:09,577 INFO spawned: 'varnish-plugins-watcher' with pid 57
2019-10-17 22:03:09,600 INFO spawned: 'nginx' with pid 58
2019-10-17 22:03:09,635 INFO spawned: 'MailHog' with pid 59
2019-10-17 22:03:09,662 INFO spawned: 'mysql' with pid 62
2019-10-17 22:03:09,684 INFO spawned: 'varnish-themes-watcher' with pid 64
2019-10-17 22:03:10,835 INFO success: varnishd entered RUNNING state, process has stayed up for > than 1 seconds (startsecs)
2019-10-17 22:03:10,835 INFO success: php-fpm entered RUNNING state, process has stayed up for > than 1 seconds (startsecs)
2019-10-17 22:03:10,836 INFO success: varnish-plugins-watcher entered RUNNING state, process has stayed up for > than 1 seconds (startsecs)
2019-10-17 22:03:10,837 INFO success: nginx entered RUNNING state, process has stayed up for > than 1 seconds (startsecs)
2019-10-17 22:03:10,837 INFO success: MailHog entered RUNNING state, process has stayed up for > than 1 seconds (startsecs)
2019-10-17 22:03:10,838 INFO success: mysql entered RUNNING state, process has stayed up for > than 1 seconds (startsecs)
2019-10-17 22:03:10,839 INFO success: varnish-themes-watcher entered RUNNING state, process has stayed up for > than 1 seconds (startsecs)
2019-10-18 06:30:51,127 WARN received SIGTERM indicating exit request
2019-10-18 06:30:51,140 INFO waiting for varnishd, php-fpm, varnish-plugins-watcher, nginx, MailHog, mysql, varnish-themes-watcher to die
2019-10-18 06:30:51,920 INFO stopped: varnish-themes-watcher (terminated by SIGTERM)
2019-10-18 06:30:51,993 INFO reaped unknown pid 1087
2019-10-18 06:30:52,542 INFO stopped: mysql (exit status 0)
2019-10-18 06:30:52,547 INFO stopped: MailHog (terminated by SIGTERM)
2019-10-18 06:30:52,579 INFO stopped: nginx (exit status 0)
2019-10-18 06:30:53,599 INFO stopped: varnish-plugins-watcher (terminated by SIGTERM)
2019-10-18 06:30:54,673 INFO waiting for varnishd, php-fpm to die
2019-10-18 06:30:54,678 INFO stopped: php-fpm (exit status 0)
2019-10-18 06:30:56,257 INFO reaped unknown pid 1120
2019-10-18 06:30:57,130 INFO stopped: varnishd (exit status 0)
